Log file open, 11/29/17 13:15:35
LogWindows: Failed to load 'aqProf.dll' (GetLastError=126)
LogWindows: File 'aqProf.dll' does not exist
LogWindows: Failed to load 'VSPerf140.dll' (GetLastError=126)
LogWindows: File 'VSPerf140.dll' does not exist
LogWindows: Failed to load 'VtuneApi.dll' (GetLastError=126)
LogWindows: File 'VtuneApi.dll' does not exist
LogWindows: Failed to load 'VtuneApi32e.dll' (GetLastError=126)
LogWindows: File 'VtuneApi32e.dll' does not exist
LogInit: Display: Running engine for game: SwordGen
LogPlatformFile: Not using cached read wrapper
LogInit: Display: RandInit(1589049932) SRandInit(1589049932).
LogInit: Read version file with build ID '3709383'
LogInit: Overriding engine version to CL 3754814, compatible CL 3709383
LogInit: Registered custom module enumerator with build ID '3709383'
LogTaskGraph: Started task graph with 5 named threads and 14 total threads with 3 sets of task threads.
LogStats: Stats thread started at 0.185344
LogD3D11RHI: Aftermath initialized
LogModuleManager: Display: Found up-to-date module file ../../../Engine/Plugins/2D/Paper2D/Binaries/Win64/UE4Editor-Paper2D.dll (API version 3709383).
LogModuleManager: Display: Found up-to-date module file ../../../Engine/Plugins/2D/Paper2D/Binaries/Win64/UE4Editor-Paper2DEditor.dll (API version 3709383).
LogModuleManager: Display: Found up-to-date module file ../../../Engine/Plugins/2D/Paper2D/Binaries/Win64/UE4Editor-PaperSpriteSheetImporter.dll (API version 3709383).
LogModuleManager: Display: Found up-to-date module file ../../../Engine/Plugins/2D/Paper2D/Binaries/Win64/UE4Editor-PaperTiledImporter.dll (API version 3709383).
LogModuleManager: Display: Found up-to-date module file ../../../Engine/Plugins/2D/Paper2D/Binaries/Win64/UE4Editor-SmartSnapping.dll (API version 3709383).
LogModuleManager: Display: Found up-to-date module file ../../../Engine/Plugins/Blendables/LightPropagationVolume/Binaries/Win64/UE4Editor-LightPropagationVolumeRuntime.dll (API version 3709383).
LogModuleManager: Display: Found up-to-date module file ../../../Engine/Plugins/Blendables/LightPropagationVolume/Binaries/Win64/UE4Editor-LightPropagationVolumeEditor.dll (API version 3709383).
LogModuleManager: Display: Found up-to-date module file ../../../Engine/Plugins/Developer/GitSourceControl/Binaries/Win64/UE4Editor-GitSourceControl.dll (API version 3709383).
LogModuleManager: Display: Found up-to-date module file ../../../Engine/Plugins/Developer/PerforceSourceControl/Binaries/Win64/UE4Editor-PerforceSourceControl.dll (API version 3709383).
LogModuleManager: Display: Found up-to-date module file ../../../Engine/Plugins/Developer/SubversionSourceControl/Binaries/Win64/UE4Editor-SubversionSourceControl.dll (API version 3709383).
LogModuleManager: Display: Found up-to-date module file ../../../Engine/Plugins/Developer/UObjectPlugin/Binaries/Win64/UE4Editor-UObjectPlugin.dll (API version 3709383).
LogModuleManager: Display: Found up-to-date module file ../../../Engine/Plugins/Developer/VisualStudioCodeSourceCodeAccess/Binaries/Win64/UE4Editor-VisualStudioCodeSourceCodeAccess.dll (API version 3709383).
LogModuleManager: Display: Found up-to-date module file ../../../Engine/Plugins/Developer/VisualStudioSourceCodeAccess/Binaries/Win64/UE4Editor-VisualStudioSourceCodeAccess.dll (API version 3709383).
LogModuleManager: Display: Found up-to-date module file ../../../Engine/Plugins/Editor/AssetManagerEditor/Binaries/Win64/UE4Editor-AssetManagerEditor.dll (API version 3709383).
LogModuleManager: Display: Found up-to-date module file ../../../Engine/Plugins/Editor/AudioCapture/Binaries/Win64/UE4Editor-AudioCapture.dll (API version 3709383).
LogModuleManager: Display: Found up-to-date module file ../../../Engine/Plugins/Editor/FacialAnimation/Binaries/Win64/UE4Editor-FacialAnimation.dll (API version 3709383).
LogModuleManager: Display: Found up-to-date module file ../../../Engine/Plugins/Editor/FacialAnimation/Binaries/Win64/UE4Editor-FacialAnimationEditor.dll (API version 3709383).
LogModuleManager: Display: Found up-to-date module file ../../../Engine/Plugins/Editor/GameplayTagsEditor/Binaries/Win64/UE4Editor-GameplayTagsEditor.dll (API version 3709383).
LogModuleManager: Display: Found up-to-date module file ../../../Engine/Plugins/Editor/MobileLauncherProfileWizard/Binaries/Win64/UE4Editor-MobileLauncherProfileWizard.dll (API version 3709383).
LogModuleManager: Display: Found up-to-date module file ../../../Engine/Plugins/Editor/PluginBrowser/Binaries/Win64/UE4Editor-PluginBrowser.dll (API version 3709383).
LogModuleManager: Display: Found up-to-date module file ../../../Engine/Plugins/Editor/SpeedTreeImporter/Binaries/Win64/UE4Editor-SpeedTreeImporter.dll (API version 3709383).
LogModuleManager: Display: Found up-to-date module file ../../../Engine/Plugins/Experimental/AlembicImporter/Binaries/Win64/UE4Editor-AlembicImporter.dll (API version 3709383).
LogModuleManager: Display: Found up-to-date module file ../../../Engine/Plugins/Experimental/AlembicImporter/Binaries/Win64/UE4Editor-AlembicLibrary.dll (API version 3709383).
LogModuleManager: Display: Found up-to-date module file ../../../Engine/Plugins/Experimental/CharacterAI/Binaries/Win64/UE4Editor-CharacterAI.dll (API version 3709383).
LogModuleManager: Display: Found up-to-date module file ../../../Engine/Plugins/Experimental/HTML5Networking/Binaries/Win64/UE4Editor-HTML5Networking.dll (API version 3709383).
LogModuleManager: Display: Found up-to-date module file ../../../Engine/Plugins/Media/AndroidMedia/Binaries/Win64/UE4Editor-AndroidMediaEditor.dll (API version 3709383).
LogModuleManager: Display: Found up-to-date module file ../../../Engine/Plugins/Media/AndroidMedia/Binaries/Win64/UE4Editor-AndroidMediaFactory.dll (API version 3709383).
LogModuleManager: Display: Found up-to-date module file ../../../Engine/Plugins/Media/AvfMedia/Binaries/Win64/UE4Editor-AvfMediaEditor.dll (API version 3709383).
LogModuleManager: Display: Found up-to-date module file ../../../Engine/Plugins/Media/AvfMedia/Binaries/Win64/UE4Editor-AvfMediaFactory.dll (API version 3709383).
LogModuleManager: Display: Found up-to-date module file ../../../Engine/Plugins/Media/AvfMedia/Binaries/Win64/UE4Editor-AvfMediaFactory.dll (API version 3709383).
LogModuleManager: Display: Found up-to-date module file ../../../Engine/Plugins/Media/ImgMedia/Binaries/Win64/UE4Editor-ImgMedia.dll (API version 3709383).
LogModuleManager: Display: Found up-to-date module file ../../../Engine/Plugins/Media/ImgMedia/Binaries/Win64/UE4Editor-ImgMediaEditor.dll (API version 3709383).
LogModuleManager: Display: Found up-to-date module file ../../../Engine/Plugins/Media/ImgMedia/Binaries/Win64/UE4Editor-ImgMediaFactory.dll (API version 3709383).
LogModuleManager: Display: Found up-to-date module file ../../../Engine/Plugins/Media/ImgMedia/Binaries/Win64/UE4Editor-ImgMediaFactory.dll (API version 3709383).
LogModuleManager: Display: Found up-to-date module file ../../../Engine/Plugins/Media/ImgMedia/Binaries/Win64/UE4Editor-OpenExrWrapper.dll (API version 3709383).
LogModuleManager: Display: Found up-to-date module file ../../../Engine/Plugins/Media/MediaCompositing/Binaries/Win64/UE4Editor-MediaCompositing.dll (API version 3709383).
LogModuleManager: Display: Found up-to-date module file ../../../Engine/Plugins/Media/MediaCompositing/Binaries/Win64/UE4Editor-MediaCompositingEditor.dll (API version 3709383).
LogModuleManager: Display: Found up-to-date module file ../../../Engine/Plugins/Media/MediaPlayerEditor/Binaries/Win64/UE4Editor-MediaPlayerEditor.dll (API version 3709383).
LogModuleManager: Display: Found up-to-date module file ../../../Engine/Plugins/Media/WmfMedia/Binaries/Win64/UE4Editor-WmfMedia.dll (API version 3709383).
LogModuleManager: Display: Found up-to-date module file ../../../Engine/Plugins/Media/WmfMedia/Binaries/Win64/UE4Editor-WmfMediaEditor.dll (API version 3709383).
LogModuleManager: Display: Found up-to-date module file ../../../Engine/Plugins/Media/WmfMedia/Binaries/Win64/UE4Editor-WmfMediaFactory.dll (API version 3709383).
LogModuleManager: Display: Found up-to-date module file ../../../Engine/Plugins/Media/WmfMedia/Binaries/Win64/UE4Editor-WmfMediaFactory.dll (API version 3709383).
LogModuleManager: Display: Found up-to-date module file ../../../Engine/Plugins/Messaging/TcpMessaging/Binaries/Win64/UE4Editor-TcpMessaging.dll (API version 3709383).
LogModuleManager: Display: Found up-to-date module file ../../../Engine/Plugins/Messaging/UdpMessaging/Binaries/Win64/UE4Editor-UdpMessaging.dll (API version 3709383).
LogModuleManager: Display: Found up-to-date module file ../../../Engine/Plugins/MovieScene/ActorSequence/Binaries/Win64/UE4Editor-ActorSequence.dll (API version 3709383).
LogModuleManager: Display: Found up-to-date module file ../../../Engine/Plugins/MovieScene/LevelSequenceEditor/Binaries/Win64/UE4Editor-LevelSequenceEditor.dll (API version 3709383).
LogModuleManager: Display: Found up-to-date module file ../../../Engine/Plugins/MovieScene/MatineeToLevelSequence/Binaries/Win64/UE4Editor-MatineeToLevelSequence.dll (API version 3709383).
LogModuleManager: Display: Found up-to-date module file ../../../Engine/Plugins/Online/OnlineSubsystem/Binaries/Win64/UE4Editor-OnlineSubsystem.dll (API version 3709383).
LogModuleManager: Display: Found up-to-date module file ../../../Engine/Plugins/Runtime/AndroidPermission/Binaries/Win64/UE4Editor-AndroidPermission.dll (API version 3709383).
LogModuleManager: Display: Found up-to-date module file ../../../Engine/Plugins/Online/OnlineSubsystemNull/Binaries/Win64/UE4Editor-OnlineSubsystemNull.dll (API version 3709383).
LogModuleManager: Display: Found up-to-date module file ../../../Engine/Plugins/Online/OnlineSubsystemUtils/Binaries/Win64/UE4Editor-OnlineSubsystemUtils.dll (API version 3709383).
LogModuleManager: Display: Found up-to-date module file ../../../Engine/Plugins/Online/OnlineSubsystemUtils/Binaries/Win64/UE4Editor-OnlineBlueprintSupport.dll (API version 3709383).
LogModuleManager: Display: Found up-to-date module file ../../../Engine/Plugins/Runtime/AndroidDeviceProfileSelector/Binaries/Win64/UE4Editor-AndroidDeviceProfileSelector.dll (API version 3709383).
LogModuleManager: Display: Found up-to-date module file ../../../Engine/Plugins/Runtime/AppleARKit/Binaries/Win64/UE4Editor-AppleARKit.dll (API version 3709383).
LogModuleManager: Display: Found up-to-date module file ../../../Engine/Plugins/Runtime/ArchVisCharacter/Binaries/Win64/UE4Editor-ArchVisCharacter.dll (API version 3709383).
LogModuleManager: Display: Found up-to-date module file ../../../Engine/Plugins/Runtime/CableComponent/Binaries/Win64/UE4Editor-CableComponent.dll (API version 3709383).
LogModuleManager: Display: Found up-to-date module file ../../../Engine/Plugins/Runtime/CustomMeshComponent/Binaries/Win64/UE4Editor-CustomMeshComponent.dll (API version 3709383).
LogModuleManager: Display: Found up-to-date module file ../../../Engine/Plugins/Runtime/ExampleDeviceProfileSelector/Binaries/Win64/UE4Editor-ExampleDeviceProfileSelector.dll (API version 3709383).
LogModuleManager: Display: Found up-to-date module file ../../../Engine/Plugins/Runtime/ImmediatePhysics/Binaries/Win64/UE4Editor-ImmediatePhysics.dll (API version 3709383).
LogModuleManager: Display: Found up-to-date module file ../../../Engine/Plugins/Runtime/ImmediatePhysics/Binaries/Win64/UE4Editor-ImmediatePhysicsEditor.dll (API version 3709383).
LogModuleManager: Display: Found up-to-date module file ../../../Engine/Plugins/Runtime/LocationServicesBPLibrary/Binaries/Win64/UE4Editor-LocationServicesBPLibrary.dll (API version 3709383).
LogModuleManager: Display: Found up-to-date module file ../../../Engine/Plugins/Runtime/MobilePatchingUtils/Binaries/Win64/UE4Editor-MobilePatchingUtils.dll (API version 3709383).
LogModuleManager: Display: Found up-to-date module file ../../../Engine/Plugins/Runtime/Oculus/OculusVR/Binaries/Win64/UE4Editor-OculusHMD.dll (API version 3709383).
LogModuleManager: Display: Found up-to-date module file ../../../Engine/Plugins/Runtime/Oculus/OculusVR/Binaries/Win64/UE4Editor-OculusInput.dll (API version 3709383).
LogModuleManager: Display: Found up-to-date module file ../../../Engine/Plugins/Runtime/Oculus/OculusVR/Binaries/Win64/UE4Editor-OculusEditor.dll (API version 3709383).
LogModuleManager: Display: Found up-to-date module file ../../../Engine/Plugins/Runtime/PhysXVehicles/Binaries/Win64/UE4Editor-PhysXVehicles.dll (API version 3709383).
LogModuleManager: Display: Found up-to-date module file ../../../Engine/Plugins/Runtime/PhysXVehicles/Binaries/Win64/UE4Editor-PhysXVehiclesEditor.dll (API version 3709383).
LogModuleManager: Display: Found up-to-date module file ../../../Engine/Plugins/Runtime/ProceduralMeshComponent/Binaries/Win64/UE4Editor-ProceduralMeshComponent.dll (API version 3709383).
LogModuleManager: Display: Found up-to-date module file ../../../Engine/Plugins/Runtime/ProceduralMeshComponent/Binaries/Win64/UE4Editor-ProceduralMeshComponentEditor.dll (API version 3709383).
LogModuleManager: Display: Found up-to-date module file ../../../Engine/Plugins/Runtime/RuntimePhysXCooking/Binaries/Win64/UE4Editor-RuntimePhysXCooking.dll (API version 3709383).
LogModuleManager: Display: Found up-to-date module file ../../../Engine/Plugins/Runtime/Steam/SteamVR/Binaries/Win64/UE4Editor-SteamVR.dll (API version 3709383).
LogModuleManager: Display: Found up-to-date module file ../../../Engine/Plugins/Runtime/Steam/SteamVR/Binaries/Win64/UE4Editor-SteamVRController.dll (API version 3709383).
LogModuleManager: Display: Found up-to-date module file ../../../Engine/Plugins/Runtime/WindowsMoviePlayer/Binaries/Win64/UE4Editor-WindowsMoviePlayer.dll (API version 3709383).
LogPluginManager: Mounting plugin Paper2D
LogPluginManager: Mounting plugin LightPropagationVolume
LogPluginManager: Mounting plugin CodeLiteSourceCodeAccess
LogPluginManager: Mounting plugin GitSourceControl
LogPluginManager: Mounting plugin KDevelopSourceCodeAccess
LogPluginManager: Mounting plugin NullSourceCodeAccess
LogPluginManager: Mounting plugin PerforceSourceControl
LogPluginManager: Mounting plugin SubversionSourceControl
LogPluginManager: Mounting plugin UObjectPlugin
LogPluginManager: Mounting plugin VisualStudioCodeSourceCodeAccess
LogPluginManager: Mounting plugin VisualStudioSourceCodeAccess
LogPluginManager: Mounting plugin XCodeSourceCodeAccess
LogPluginManager: Mounting plugin AssetManagerEditor
LogPluginManager: Mounting plugin AudioCapture
LogPluginManager: Mounting plugin FacialAnimation
LogPluginManager: Mounting plugin GameplayTagsEditor
LogPluginManager: Mounting plugin MobileLauncherProfileWizard
LogPluginManager: Mounting plugin PluginBrowser
LogPluginManager: Mounting plugin SpeedTreeImporter
LogPluginManager: Mounting plugin AlembicImporter
LogPluginManager: Mounting plugin CharacterAI
LogPluginManager: Mounting plugin HTML5Networking
LogPluginManager: Mounting plugin AndroidMedia
LogPluginManager: Mounting plugin AvfMedia
LogPluginManager: Mounting plugin ImgMedia
LogPluginManager: Mounting plugin MediaCompositing
LogPluginManager: Mounting plugin MediaPlayerEditor
LogPluginManager: Mounting plugin WmfMedia
LogPluginManager: Mounting plugin TcpMessaging
LogPluginManager: Mounting plugin UdpMessaging
LogPluginManager: Mounting plugin ActorSequence
LogPluginManager: Mounting plugin LevelSequenceEditor
LogPluginManager: Mounting plugin MatineeToLevelSequence
LogPluginManager: Mounting plugin OnlineSubsystemGooglePlay
LogPluginManager: Mounting plugin OnlineSubsystemIOS
LogPluginManager: Mounting plugin OnlineSubsystem
LogPluginManager: Mounting plugin OnlineSubsystemNull
LogPluginManager: Mounting plugin OnlineSubsystemUtils
LogPluginManager: Mounting plugin AndroidDeviceProfileSelector
LogPluginManager: Mounting plugin AndroidMoviePlayer
LogPluginManager: Mounting plugin AndroidPermission
LogPluginManager: Mounting plugin AppleARKit
LogPluginManager: Mounting plugin AppleMoviePlayer
LogPluginManager: Mounting plugin ArchVisCharacter
LogPluginManager: Mounting plugin CableComponent
LogPluginManager: Mounting plugin CustomMeshComponent
LogPluginManager: Mounting plugin ExampleDeviceProfileSelector
LogPluginManager: Mounting plugin GoogleCloudMessaging
LogPluginManager: Mounting plugin ImmediatePhysics
LogPluginManager: Mounting plugin IOSDeviceProfileSelector
LogPluginManager: Mounting plugin LinuxDeviceProfileSelector
LogPluginManager: Mounting plugin LocationServicesBPLibrary
LogPluginManager: Mounting plugin MobilePatchingUtils
LogPluginManager: Mounting plugin OculusVR
LogPluginManager: Plugin shader directory ../../../Engine/Plugins/Runtime/Oculus/OculusVR/Shaders found
LogPluginManager: Mapping shader source directory ../../../Engine/Plugins/Runtime/Oculus/OculusVR/Shaders to virtual directory /Plugin/OculusVR
LogPluginManager: Mounting plugin PhysXVehicles
LogPluginManager: Mounting plugin ProceduralMeshComponent
LogPluginManager: Mounting plugin RuntimePhysXCooking
LogPluginManager: Mounting plugin SteamVR
LogPluginManager: Mounting plugin WindowsMoviePlayer
LogInit: Using libcurl 7.47.1
LogInit:  - built for x86_64-pc-win32
LogInit:  - supports SSL with OpenSSL/1.0.2g
LogInit:  - supports HTTP deflate (compression) using libz 1.2.8
LogInit:  - other features:
LogInit:      CURL_VERSION_SSL
LogInit:      CURL_VERSION_LIBZ
LogInit:      CURL_VERSION_IPV6
LogInit:      CURL_VERSION_ASYNCHDNS
LogInit:      CURL_VERSION_LARGEFILE
LogInit:      CURL_VERSION_IDN
LogInit:  CurlRequestOptions (configurable via config and command line):
LogInit:  - bVerifyPeer = false  - Libcurl will NOT verify peer certificate
LogInit:  - bUseHttpProxy = false  - Libcurl will NOT use HTTP proxy
LogInit:  - bDontReuseConnections = false  - Libcurl will reuse connections
LogInit:  - CertBundlePath = nullptr  - Libcurl will use whatever was configured at build time.
LogInit: Build: ++UE4+Release-4.18-CL-3754814
LogInit: Engine Version: 4.18.1-3754814+++UE4+Release-4.18
LogInit: Compatible Engine Version: 4.18.0-3709383+++UE4+Release-4.18
LogInit: Net CL: 3709383
LogDevObjectVersion: Number of dev versions registered: 16
LogDevObjectVersion:   Dev-Blueprints (B0D832E4-1F89-4F0D-ACCF-7EB736FD4AA2): 10
LogDevObjectVersion:   Dev-Build (E1C64328-A22C-4D53-A36C-8E866417BD8C): 0
LogDevObjectVersion:   Dev-Core (375EC13C-06E4-48FB-B500-84F0262A717E): 2
LogDevObjectVersion:   Dev-Editor (E4B068ED-F494-42E9-A231-DA0B2E46BB41): 20
LogDevObjectVersion:   Dev-Framework (CFFC743F-43B0-4480-9391-14DF171D2073): 30
LogDevObjectVersion:   Dev-Mobile (B02B49B5-BB20-44E9-A304-32B752E40360): 0
LogDevObjectVersion:   Dev-Networking (A4E4105C-59A1-49B5-A7C5-40C4547EDFEE): 0
LogDevObjectVersion:   Dev-Online (39C831C9-5AE6-47DC-9A44-9C173E1C8E7C): 0
LogDevObjectVersion:   Dev-Physics (78F01B33-EBEA-4F98-B9B4-84EACCB95AA2): 0
LogDevObjectVersion:   Dev-Platform (6631380F-2D4D-43E0-8009-CF276956A95A): 0
LogDevObjectVersion:   Dev-Rendering (12F88B9F-8875-4AFC-A67C-D90C383ABD29): 20
LogDevObjectVersion:   Dev-Sequencer (7B5AE74C-D270-4C10-A958-57980B212A5A): 4
LogDevObjectVersion:   Dev-VR (D7296918-1DD6-4BDD-9DE2-64A83CC13884): 0
LogDevObjectVersion:   Dev-LoadTimes (C2A15278-BFE7-4AFE-6C17-90FF531DF755): 1
LogDevObjectVersion:   Private-Geometry (6EACA3D4-40EC-4CC1-B786-8BED09428FC5): 1
LogDevObjectVersion:   Dev-AnimPhys (29E575DD-E0A3-4627-9D10-D276232CDCEA): 12
LogInit: Compiled (64-bit): Nov 14 2017 02:05:55
LogInit: Compiled with Visual C++: 19.00.24215.01
LogInit: Build Configuration: Development
LogInit: Branch Name: ++UE4+Release-4.18
LogInit: Command line:  
LogInit: Base directory: C:/Program Files/Epic Games/UE_4.18/Engine/Binaries/Win64/
LogInit: Installed Engine Build: 1
LogInit: Presizing for max 8388607 objects, including 0 objects not considered by GC, pre-allocating 0 bytes for permanent pool.
LogInit: Object subsystem initialized
[2017.11.29-18.15.37:031][  0]LogInit: Selected Device Profile: [Windows]
[2017.11.29-18.15.37:031][  0]LogInit: Applying CVar settings loaded from the selected device profile: [Windows]
[2017.11.29-18.15.37:045][  0]LogInit: Computer: UOSL17-12TJHC2
[2017.11.29-18.15.37:045][  0]LogInit: User: 100555259
[2017.11.29-18.15.37:045][  0]LogInit: CPU Page size=4096, Cores=4
[2017.11.29-18.15.37:045][  0]LogInit: High frequency timer resolution =2.531247 MHz
[2017.11.29-18.15.37:045][  0]LogMemory: Memory total: Physical=7.7GB (8GB approx)
[2017.11.29-18.15.37:045][  0]LogMemory: Platform Memory Stats for Windows
[2017.11.29-18.15.37:045][  0]LogMemory: Process Physical Memory: 272.02 MB used, 272.02 MB peak
[2017.11.29-18.15.37:045][  0]LogMemory: Process Virtual Memory: 273.70 MB used, 273.70 MB peak
[2017.11.29-18.15.37:045][  0]LogMemory: Physical Memory: 5377.65 MB used,  2476.63 MB free, 7854.29 MB total
[2017.11.29-18.15.37:045][  0]LogMemory: Virtual Memory: 648.00 MB used,  2476.63 MB free, 134217728.00 MB total
[2017.11.29-18.15.37:393][  0]LogInit: Using OS detected language (en-US).
[2017.11.29-18.15.37:393][  0]LogInit: Using OS detected locale (en-US).
[2017.11.29-18.15.37:396][  0]LogTextLocalizationManager: No specific localization for 'en-US' exists, so the 'en' localization will be used.
[2017.11.29-18.15.46:415][  0]LogD3D11RHI: D3D11 adapters:
[2017.11.29-18.15.46:423][  0]LogD3D11RHI:    0. 'Intel(R) HD Graphics 530' (Feature Level 11_0)
[2017.11.29-18.15.46:423][  0]LogD3D11RHI:       128/0/3927 MB DedicatedVideo/DedicatedSystem/SharedSystem, Outputs:1, VendorId:0x8086
[2017.11.29-18.15.46:465][  0]LogD3D11RHI:    1. 'AMD Radeon (TM) R9 M360' (Feature Level 11_0)
[2017.11.29-18.15.46:465][  0]LogD3D11RHI:       2028/0/3927 MB DedicatedVideo/DedicatedSystem/SharedSystem, Outputs:0, VendorId:0x1002
[2017.11.29-18.15.46:467][  0]LogD3D11RHI:    2. 'Microsoft Basic Render Driver' (Feature Level 11_0)
[2017.11.29-18.15.46:467][  0]LogD3D11RHI:       0/0/3927 MB DedicatedVideo/DedicatedSystem/SharedSystem, Outputs:0, VendorId:0x1414
[2017.11.29-18.15.46:467][  0]LogD3D11RHI: Chosen D3D11 Adapter: 1
[2017.11.29-18.15.46:477][  0]LogD3D11RHI: Creating new Direct3DDevice
[2017.11.29-18.15.46:477][  0]LogD3D11RHI:     GPU DeviceId: 0x682b (for the marketing name, search the web for "GPU Device Id")
[2017.11.29-18.15.46:477][  0]LogWindows: EnumDisplayDevices:
[2017.11.29-18.15.46:477][  0]LogWindows:    0. 'Intel(R) HD Graphics 530' (P:1 D:1)
[2017.11.29-18.15.46:477][  0]LogWindows:    1. 'Intel(R) HD Graphics 530' (P:0 D:0)
[2017.11.29-18.15.46:477][  0]LogWindows:    2. 'Intel(R) HD Graphics 530' (P:0 D:0)
[2017.11.29-18.15.46:477][  0]LogWindows:    3. 'AMD Radeon (TM) R9 M360' (P:0 D:0)
[2017.11.29-18.15.46:478][  0]LogWindows:    4. 'LANDesk Remote Control Mirror Driver' (P:0 D:0)
[2017.11.29-18.15.46:478][  0]LogWindows: DebugString: PrimaryIsNotTheChoosenAdapter PrimaryIsNotTheChoosenAdapter PrimaryIsNotTheChoosenAdapter GetVideoDriverDetailsInvalid PrimaryIsNotTheChoosenAdapter 
[2017.11.29-18.15.46:478][  0]LogD3D11RHI:     Adapter Name: AMD Radeon (TM) R9 M360
[2017.11.29-18.15.46:478][  0]LogD3D11RHI:   Driver Version: Crimson ReLive 17.7.2 (internal:22.19.662.4, unified:22.19.662.4)
[2017.11.29-18.15.46:478][  0]LogD3D11RHI:      Driver Date: 7-20-2017
[2017.11.29-18.15.46:478][  0]LogRHI: Texture pool is 1419 MB (70% of 2028 MB)
[2017.11.29-18.15.46:499][  0]LogD3D11RHI: Async texture creation enabled
[2017.11.29-18.15.46:514][  0]LogD3D11RHI: GPU Timing Frequency: 27.000000 (Debug: 2 1)
[2017.11.29-18.15.46:515][  0]LogShaderCompilers: Guid format shader working directory is -17 characters bigger than the processId version (../../../../../../Users/100555259/Documents/TowerScape/UE4SwordGen/Intermediate/Shaders/WorkingDirectory/13720/).
[2017.11.29-18.15.46:515][  0]LogShaderCompilers: Cleaned the shader compiler working directory 'C:/Users/100555259/AppData/Local/Temp/UnrealShaderWorkingDir/C13DF29F432C54C94F6F5AA8A916BF4B/'.
[2017.11.29-18.15.46:515][  0]LogShaderCompilers: Display: Using Local Shader Compiler.
[2017.11.29-18.15.50:715][  0]LogTemp: Display: Loaded TP AllDesktopTargetPlatform
[2017.11.29-18.15.50:777][  0]LogTemp: Display: Loaded TP MacClientTargetPlatform
[2017.11.29-18.15.50:847][  0]LogTemp: Display: Loaded TP MacNoEditorTargetPlatform
[2017.11.29-18.15.50:912][  0]LogTemp: Display: Loaded TP MacServerTargetPlatform
[2017.11.29-18.15.50:987][  0]LogTemp: Display: Loaded TP MacTargetPlatform
[2017.11.29-18.15.51:051][  0]LogTemp: Display: Loaded TP WindowsClientTargetPlatform
[2017.11.29-18.15.51:112][  0]LogTemp: Display: Loaded TP WindowsNoEditorTargetPlatform
[2017.11.29-18.15.51:175][  0]LogTemp: Display: Loaded TP WindowsServerTargetPlatform
[2017.11.29-18.15.51:232][  0]LogTemp: Display: Loaded TP WindowsTargetPlatform
[2017.11.29-18.15.51:295][  0]LogTemp: Display: Loaded TP Android_ASTCTargetPlatform
[2017.11.29-18.15.51:367][  0]LogTemp: Display: Loaded TP Android_ATCTargetPlatform
[2017.11.29-18.15.51:446][  0]LogTemp: Display: Loaded TP Android_DXTTargetPlatform
[2017.11.29-18.15.51:507][  0]LogTemp: Display: Loaded TP Android_ETC1TargetPlatform
[2017.11.29-18.15.51:572][  0]LogTemp: Display: Loaded TP Android_ETC2TargetPlatform
[2017.11.29-18.15.51:700][  0]LogTemp: Display: Loaded TP Android_MultiTargetPlatform
[2017.11.29-18.15.51:700][  0]LogTemp: Display: Loaded TP Android_PVRTCTargetPlatform
[2017.11.29-18.15.51:894][  0]LogTemp: Display: Loaded TP AndroidTargetPlatform
[2017.11.29-18.15.51:954][  0]LogTemp: Display: Loaded TP HTML5TargetPlatform
[2017.11.29-18.15.52:097][  0]LogTemp: Display: Loaded TP IOSTargetPlatform
[2017.11.29-18.15.52:131][  0]LogTemp: Display: Loaded TP TVOSTargetPlatform
[2017.11.29-18.15.52:198][  0]LogTemp: Display: Loaded TP LinuxClientTargetPlatform
[2017.11.29-18.15.52:257][  0]LogTemp: Display: Loaded TP LinuxNoEditorTargetPlatform
[2017.11.29-18.15.52:317][  0]LogTemp: Display: Loaded TP LinuxServerTargetPlatform
[2017.11.29-18.15.52:391][  0]LogTemp: Display: Loaded TP LinuxTargetPlatform
[2017.11.29-18.15.52:391][  0]LogTargetPlatformManager: Display: Building Assets For Windows
[2017.11.29-18.15.53:094][  0]LogDerivedDataCache: Display: Max Cache Size: 512 MB
[2017.11.29-18.15.53:155][  0]LogDerivedDataCache: Loaded boot cache 0.06s 79MB C:/Users/100555259/AppData/Local/UnrealEngine/4.18/DerivedDataCache/Boot.ddc.
[2017.11.29-18.15.53:155][  0]LogDerivedDataCache: Display: Loaded Boot cache: C:/Users/100555259/AppData/Local/UnrealEngine/4.18/DerivedDataCache/Boot.ddc
[2017.11.29-18.15.53:155][  0]LogDerivedDataCache: FDerivedDataBackendGraph:  Pak pak cache file ../../../../../../Users/100555259/Documents/TowerScape/UE4SwordGen/DerivedDataCache/DDC.ddp not found, will not use a pak cache.
[2017.11.29-18.15.53:155][  0]LogDerivedDataCache: Unable to find inner node Pak for hierarchical cache Hierarchy.
[2017.11.29-18.15.53:155][  0]LogDerivedDataCache: FDerivedDataBackendGraph:  CompressedPak pak cache file ../../../../../../Users/100555259/Documents/TowerScape/UE4SwordGen/DerivedDataCache/Compressed.ddp not found, will not use a pak cache.
[2017.11.29-18.15.53:155][  0]LogDerivedDataCache: Unable to find inner node CompressedPak for hierarchical cache Hierarchy.
[2017.11.29-18.15.53:173][  0]LogDerivedDataCache: Display: Pak cache opened for reading ../../../Engine/DerivedDataCache/Compressed.ddp.
[2017.11.29-18.15.53:186][  0]LogDerivedDataCache: Using Local data cache path C:/Users/100555259/AppData/Local/UnrealEngine/Common/DerivedDataCache: Writable
[2017.11.29-18.15.53:208][  0]LogMaterial: Verifying Global Shaders for PCD3D_SM5
[2017.11.29-18.15.53:209][  0]LogSlate: Using Freetype 2.6.0
[2017.11.29-18.15.53:209][  0]LogSlate: SlateFontCache - WITH_FREETYPE: 1, WITH_HARFBUZZ: 1
[2017.11.29-18.15.53:209][  0]LogSlate: SlateFontCache - WITH_FREETYPE: 1, WITH_HARFBUZZ: 1
[2017.11.29-18.15.53:637][  0]LogInit: Selected Device Profile: [Windows]
[2017.11.29-18.15.54:811][  0]LogSimplygon: Simplygon DLL not present - disabling.
[2017.11.29-18.15.54:864][  0]LogMeshReduction: Using SimplygonSwarm for distributed automatic mesh merging
[2017.11.29-18.15.54:864][  0]LogMeshReduction: Using QuadricMeshReduction for automatic static mesh reduction
[2017.11.29-18.15.54:864][  0]LogMeshReduction: No automatic skeletal mesh reduction module available
[2017.11.29-18.15.54:864][  0]LogMeshReduction: No automatic mesh merging module available
[2017.11.29-18.15.54:864][  0]LogMeshMerging: No automatic mesh merging module available
[2017.11.29-18.15.55:183][  0]LogNetVersion: SwordGen , NetCL: 3709383, EngineNetVer: 2, GameNetVer: 0 (Checksum: 3122522569)
[2017.11.29-18.15.56:395][  0]LogAssetRegistry: FAssetRegistry took 0.0269 seconds to start up
[2017.11.29-18.15.58:321][  0]LogPackageLocalizationCache: Processed 7 localized package path(s) for 2 prioritized culture(s) in 0.095536 seconds
[2017.11.29-18.15.58:328][  0]LogUObjectArray: 35900 objects as part of root set at end of initial load.
[2017.11.29-18.15.58:328][  0]LogUObjectAllocator: 7372024 out of 0 bytes used by permanent object pool.
[2017.11.29-18.15.58:328][  0]LogUObjectArray: CloseDisregardForGC: 0/0 objects in disregard for GC pool
[2017.11.29-18.15.58:394][  0]LogInit: WinSock: version 1.1 (2.2), MaxSocks=32767, MaxUdp=65467
[2017.11.29-18.16.27:979][  0]LogTcpMessaging: Initializing TcpMessaging bridge
[2017.11.29-18.16.28:031][  0]LogUdpMessaging: Initializing bridge on interface 0.0.0.0:0 to multicast group 230.0.0.1:6666.
[2017.11.29-18.16.29:176][  0]LogMaterial: Uniform references updated for custom material expression Custom.
[2017.11.29-18.16.30:371][  0]SourceControl: Source control is disabled
[2017.11.29-18.16.30:371][  0]SourceControl: Source control is disabled
[2017.11.29-18.16.30:437][  0]SourceControl: Source control is disabled
[2017.11.29-18.16.30:501][  0]SourceControl: Source control is disabled
[2017.11.29-18.16.31:632][  0]LogAndroidPermission: UAndroidPermissionCallbackProxy::GetInstance
[2017.11.29-18.16.31:944][  0]LogOcInput: OculusInput pre-init called
[2017.11.29-18.16.32:454][  0]LogEngine: Initializing Engine...
[2017.11.29-18.16.32:457][  0]LogHMD: Failed to initialize OpenVR with code 110
[2017.11.29-18.16.33:982][  0]LogStats: UGameplayTagsManager::ConstructGameplayTagTree: Construct from data asset -  0.000 s
[2017.11.29-18.16.33:982][  0]LogStats: UGameplayTagsManager::ConstructGameplayTagTree: GameplayTagTreeChangedEvent.Broadcast -  0.000 s
[2017.11.29-18.16.34:127][  0]LogAIModule: Creating AISystem for world Untitled
[2017.11.29-18.16.34:134][  0]LogInit: XAudio2 using 'Speakers / Headphones (Realtek Audio)' : 2 channels at 48 kHz using 32 bits per sample (channel mask 0x3)
[2017.11.29-18.16.34:273][  0]LogInit: FAudioDevice initialized.
[2017.11.29-18.16.34:448][  0]LogDerivedDataCache: Saved boot cache 0.18s 79MB C:/Users/100555259/AppData/Local/UnrealEngine/4.18/DerivedDataCache/Boot.ddc.
[2017.11.29-18.16.34:464][  0]LogInit: Texture streaming: Enabled
[2017.11.29-18.16.34:651][  0]LogEngineSessionManager: EngineSessionManager initialized
[2017.11.29-18.16.34:667][  0]LogEngineSessionManager: EngineSessionManager sent abnormal shutdown report. Type=Crashed, SessionId={55216BE2-44C5-C621-4674-B9954191F44D}
[2017.11.29-18.16.34:820][  0]LogInit: Transaction tracking system initialized
[2017.11.29-18.16.35:635][  0]BlueprintLog: New page: Editor Load
[2017.11.29-18.16.37:112][  0]LocalizationService: Localization service is disabled
[2017.11.29-18.16.38:435][  0]LogConsoleResponse: Display: 
[2017.11.29-18.16.39:750][  0]LogCook: Display: Max memory allowance for cook 16384mb min free memory 0mb
[2017.11.29-18.16.39:750][  0]LogCook: Display: Mobile HDR setting 1
[2017.11.29-18.16.39:750][  0]LogGameplayTags: Display: UGameplayTagsManager::DoneAddingNativeTags. DelegateIsBound: 0
[2017.11.29-18.16.40:622][  0]LogFileCache: Scanning file cache for directory 'C:/Users/100555259/Documents/TowerScape/UE4SwordGen/Content/' took 0.03s
[2017.11.29-18.16.41:560][  0]SourceControl: Source control is disabled
[2017.11.29-18.16.41:560][  0]Cmd: MAP LOAD FILE="../../../../../../Users/100555259/Documents/TowerScape/UE4SwordGen/Content/map.umap" TEMPLATE=0 SHOWPROGRESS=1 FEATURELEVEL=3
[2017.11.29-18.16.41:596][  0]LightingResults: New page: Lighting Build
[2017.11.29-18.16.41:644][  0]MapCheck: New page: Map Check
[2017.11.29-18.16.41:644][  0]LightingResults: New page: Lighting Build
[2017.11.29-18.16.42:398][  0]LogAIModule: Creating AISystem for world map
[2017.11.29-18.16.42:417][  0]LogEditorServer: Finished looking for orphan Actors (0.000 secs)
[2017.11.29-18.16.42:440][  0]Cmd: MAP CHECKDEP NOCLEARLOG
[2017.11.29-18.16.42:493][  0]MapCheck: Map check complete: 0 Error(s), 0 Warning(s), took 52.926ms to complete.
[2017.11.29-18.16.42:493][  0]LogFileHelpers: Loading map 'map' took 0.933
[2017.11.29-18.16.42:767][  0]LogCollectionManager: Loaded 0 collections in 0.002366 seconds
[2017.11.29-18.16.42:852][  0]LogFileCache: Scanning file cache for directory 'C:/Users/100555259/Documents/TowerScape/UE4SwordGen/Saved/Collections/' took 0.01s
[2017.11.29-18.16.42:852][  0]LogFileCache: Scanning file cache for directory 'C:/Users/100555259/Documents/TowerScape/UE4SwordGen/Content/Developers/100555259/Collections/' took 0.01s
[2017.11.29-18.16.42:852][  0]LogFileCache: Scanning file cache for directory 'C:/Users/100555259/Documents/TowerScape/UE4SwordGen/Content/Collections/' took 0.01s
[2017.11.29-18.16.42:852][  0]LogCollectionManager: Rebuilt the GUID cache for 0 collections in 0.000000 seconds
[2017.11.29-18.16.42:863][  0]LogContentBrowser: Native class hierarchy populated in 0.0102 seconds. Added 2363 classes and 519 folders.
[2017.11.29-18.16.42:940][  0]LogContentBrowser: Native class hierarchy updated for 'WidgetCarousel' in 0.0003 seconds. Added 0 classes and 0 folders.
[2017.11.29-18.16.43:916][  0]LogContentBrowser: Native class hierarchy updated for 'AddContentDialog' in 0.0003 seconds. Added 0 classes and 0 folders.
[2017.11.29-18.16.43:991][  0]LogContentBrowser: Native class hierarchy updated for 'SceneOutliner' in 0.0002 seconds. Added 1 classes and 2 folders.
[2017.11.29-18.16.44:011][  0]LogSlate: Took 0.000176 seconds to synchronously load lazily loaded font '../../../Engine/Content/Slate/Fonts/Roboto-Regular.ttf' (155K)
[2017.11.29-18.16.44:013][  0]LogSlate: Took 0.000186 seconds to synchronously load lazily loaded font '../../../Engine/Content/Slate/Fonts/Roboto-Bold.ttf' (160K)
[2017.11.29-18.16.44:032][  0]LogSlate: Took 0.013882 seconds to synchronously load lazily loaded font '../../../Engine/Content/Editor/Slate/Fonts/FontAwesome.ttf' (139K)
[2017.11.29-18.16.44:286][  0]LogRenderer: Reallocating scene render targets to support 1208x576 Format 10 NumSamples 1 (Frame:1).
[2017.11.29-18.16.44:417][  0]LogSlate: Took 0.075759 seconds to synchronously load lazily loaded font '../../../Engine/Content/Slate/Fonts/Roboto-Light.ttf' (159K)
[2017.11.29-18.16.44:632][  0]LogContentBrowser: Native class hierarchy updated for 'HierarchicalLODOutliner' in 0.0002 seconds. Added 1 classes and 2 folders.
[2017.11.29-18.16.44:632][  0]LogLoad: (Engine Initialization) Total time: 73.53 seconds
[2017.11.29-18.16.44:632][  0]LogLoad: (Engine Initialization) Total Blueprint compile time: 0.00 seconds
[2017.11.29-18.16.44:632][  0]LogExternalProfiler: No external profilers were discovered.  External profiling features will not be available.
[2017.11.29-18.16.44:645][  0]LogWindowsTextInputMethodSystem: Display: IME system now deactivated.
[2017.11.29-18.16.44:697][  0]LogContentStreaming: Texture pool size now 1000 MB
[2017.11.29-18.16.44:772][  1]LogFileCache: Retrieving MD5 hashes for directory 'C:/Users/100555259/Documents/TowerScape/UE4SwordGen/Content/' took 0.12s
[2017.11.29-18.16.44:785][  1]LogAssetRegistry: Asset discovery search completed in 48.4121 seconds
[2017.11.29-18.16.44:787][  1]LogCollectionManager: Rebuilt the object cache for 0 collections in 0.000000 seconds (found 0 objects)
[2017.11.29-18.16.44:787][  1]LogCollectionManager: Fixed up redirectors for 0 collections in 0.000069 seconds (updated 0 objects)
[2017.11.29-18.16.45:697][ 52]LogSlate: Took 0.000165 seconds to synchronously load lazily loaded font '../../../Engine/Content/Slate/Fonts/Roboto-Light.ttf' (159K)
[2017.11.29-18.16.48:632][219]LogSlate: Took 0.000215 seconds to synchronously load lazily loaded font '../../../Engine/Content/Slate/Fonts/Roboto-Light.ttf' (159K)
[2017.11.29-18.16.49:227][219]LogContentBrowser: Native class hierarchy updated for 'BlueprintGraph' in 0.0006 seconds. Added 116 classes and 0 folders.
[2017.11.29-18.16.50:175][219]LogSlate: Took 0.014747 seconds to synchronously load lazily loaded font '../../../Engine/Content/Editor/Slate/Fonts/Roboto-BoldCondensed.ttf' (158K)
[2017.11.29-18.16.52:322][292]LogSlate: Took 0.080066 seconds to synchronously load lazily loaded font '../../../Engine/Content/Editor/Slate/Fonts/Roboto-Italic.ttf' (157K)
[2017.11.29-18.17.20:697][ 24]MapCheck: New page: Map Check
[2017.11.29-18.17.20:717][ 24]LightingResults: New page: Lighting Build - Nov 29, 2017, 8:17:20 AM
[2017.11.29-18.17.20:846][ 24]LogSwarmInterface: [OpenConnection] Registering TCP channel ...
[2017.11.29-18.17.20:998][ 24]LogSwarmInterface: [OpenConnection] Connecting to agent ...
[2017.11.29-18.17.21:016][ 24]LogSwarmInterface: [TryOpenConnection] Testing the Agent
[2017.11.29-18.17.22:124][ 24]LogSwarmInterface: [TryOpenConnection] Opening Connection to Agent
[2017.11.29-18.17.22:124][ 24]LogSwarmInterface: [TryOpenConnection] Local Process ID is 13720
[2017.11.29-18.17.27:712][ 24]LogStaticLightingSystem: Warning: No importance volume found, so the scene bounding box was used.  You can optimize your scene's quality and lighting build times by adding importance volumes.
[2017.11.29-18.17.27:712][ 24]LogStaticLightingSystem: Running Lightmass w/ ImmediateImport mode ENABLED
[2017.11.29-18.17.27:712][ 24]LogStaticLightingSystem: Running Lightmass w/ ImmediateProcess mode ENABLED
[2017.11.29-18.17.27:712][ 24]LogStaticLightingSystem: Running Lightmass w/ Sorting mode ENABLED
[2017.11.29-18.17.27:712][ 24]LogStaticLightingSystem: Running Lightmass w/ Mapping paddings ENABLED
[2017.11.29-18.17.27:712][ 24]LogStaticLightingSystem: Running Lightmass w/ Mapping debug paddings DISABLED
[2017.11.29-18.17.28:265][ 24]LogEditorBuildUtils: Build time 0:07
[2017.11.29-18.17.30:751][112]LogD3D11RHI: Error: Result failed 
 at D:\Build\++UE4+Release-4.18+Compile\Sync\Engine\Source\Runtime\Windows\D3D11RHI\Private\D3D11Viewport.cpp:289 
 with error DXGI_ERROR_DEVICE_REMOVED DXGI_ERROR_DRIVER_INTERNAL_ERROR
[2017.11.29-18.17.30:751][112]LogWindows: Windows GetLastError: The operation completed successfully. (0)
[2017.11.29-18.17.31:861][112]Job is a success!
[2017.11.29-18.17.31:861][112]LogWindows: Windows GetLastError: The operation completed successfully. (0)
[2017.11.29-18.17.31:861][112]LogWindows: Error: === Critical error: ===
[2017.11.29-18.17.31:861][112]LogWindows: Error: 
[2017.11.29-18.17.31:861][112]LogWindows: Error: Fatal error: [File:D:\Build\++UE4+Release-4.18+Compile\Sync\Engine\Source\Runtime\RenderCore\Private\RenderingThread.cpp] [Line: 813] 
[2017.11.29-18.17.31:861][112]LogWindows: Error: Rendering thread exception:
[2017.11.29-18.17.31:861][112]LogWindows: Error: Fatal error: [File:D:\Build\++UE4+Release-4.18+Compile\Sync\Engine\Source\Runtime\Windows\D3D11RHI\Private\D3D11Util.cpp] [Line: 182] 
[2017.11.29-18.17.31:861][112]LogWindows: Error: Unreal Engine is exiting due to D3D device being lost. (Error: 0x887A0020 - 'INTERNAL_ERROR')
[2017.11.29-18.17.31:861][112]LogWindows: Error: 
[2017.11.29-18.17.31:861][112]LogWindows: Error: 
[2017.11.29-18.17.31:861][112]LogWindows: Error: [Callstack] 0x00000000889B9E08 KERNELBASE.dll!UnknownFunction []
[2017.11.29-18.17.31:861][112]LogWindows: Error: [Callstack] 0x00000000682776D4 UE4Editor-ApplicationCore.dll!UnknownFunction []
[2017.11.29-18.17.31:861][112]LogWindows: Error: [Callstack] 0x000000004E48330B UE4Editor-Core.dll!UnknownFunction []
[2017.11.29-18.17.31:861][112]LogWindows: Error: [Callstack] 0x000000004E4147F9 UE4Editor-Core.dll!UnknownFunction []
[2017.11.29-18.17.31:861][112]LogWindows: Error: [Callstack] 0x00000000452F79FF UE4Editor-D3D11RHI.dll!UnknownFunction []
[2017.11.29-18.17.31:861][112]LogWindows: Error: [Callstack] 0x00000000452FBBC0 UE4Editor-D3D11RHI.dll!UnknownFunction []
[2017.11.29-18.17.31:861][112]LogWindows: Error: [Callstack] 0x00000000452DB3FA UE4Editor-D3D11RHI.dll!UnknownFunction []
[2017.11.29-18.17.31:861][112]LogWindows: Error: [Callstack] 0x00000000452DB35E UE4Editor-D3D11RHI.dll!UnknownFunction []
[2017.11.29-18.17.31:861][112]LogWindows: Error: [Callstack] 0x00000000452E83E8 UE4Editor-D3D11RHI.dll!UnknownFunction []
[2017.11.29-18.17.31:861][112]LogWindows: Error: [Callstack] 0x00000000678CC4A7 UE4Editor-RHI.dll!UnknownFunction []
[2017.11.29-18.17.31:861][112]LogWindows: Error: [Callstack] 0x0000000044F00C70 UE4Editor-SlateRHIRenderer.dll!UnknownFunction []
[2017.11.29-18.17.31:861][112]LogWindows: Error: [Callstack] 0x0000000044F0618E UE4Editor-SlateRHIRenderer.dll!UnknownFunction []
[2017.11.29-18.17.31:861][112]LogWindows: Error: [Callstack] 0x000000004E2E4845 UE4Editor-Core.dll!UnknownFunction []
[2017.11.29-18.17.31:861][112]LogWindows: Error: [Callstack] 0x000000004E2E4E2A UE4Editor-Core.dll!UnknownFunction []
[2017.11.29-18.17.31:861][112]LogWindows: Error: [Callstack] 0x000000006D8F22C4 UE4Editor-RenderCore.dll!UnknownFunction []
[2017.11.29-18.17.31:861][112]LogWindows: Error: [Callstack] 0x000000006D8F32F6 UE4Editor-RenderCore.dll!UnknownFunction []
[2017.11.29-18.17.31:861][112]LogWindows: Error: [Callstack] 0x000000004E68092C UE4Editor-Core.dll!UnknownFunction []
[2017.11.29-18.17.31:861][112]LogWindows: Error: [Callstack] 0x000000004E672563 UE4Editor-Core.dll!UnknownFunction []
[2017.11.29-18.17.31:861][112]LogWindows: Error: [Callstack] 0x000000008BA42774 KERNEL32.DLL!UnknownFunction []
[2017.11.29-18.17.31:861][112]LogWindows: Error: [Callstack] 0x000000008C3A0D51 ntdll.dll!UnknownFunction []
[2017.11.29-18.17.31:861][112]LogWindows: Error: [Callstack] 0x000000008C3A0D51 ntdll.dll!UnknownFunction []
[2017.11.29-18.17.31:861][112]LogWindows: Error: 
[2017.11.29-18.17.31:861][112]LogWindows: Error: 
[2017.11.29-18.17.31:861][112]LogWindows: Error: 
[2017.11.29-18.17.31:861][112]LogWindows: Error: 
[2017.11.29-18.17.31:880][112]LogExit: Executing StaticShutdownAfterError
[2017.11.29-18.17.31:884][112]LogWindows: FPlatformMisc::RequestExit(1)
[2017.11.29-18.17.31:884][112]Log file closed, 11/29/17 13:17:31
