Log file open, 11/27/17 13:13:17
LogWindows: Failed to load 'aqProf.dll' (GetLastError=126)
LogWindows: File 'aqProf.dll' does not exist
LogWindows: Failed to load 'VtuneApi.dll' (GetLastError=126)
LogWindows: File 'VtuneApi.dll' does not exist
LogWindows: Failed to load 'VtuneApi32e.dll' (GetLastError=126)
LogWindows: File 'VtuneApi32e.dll' does not exist
LogInit: Display: Running engine for game: SwordGen
LogPlatformFile: Not using cached read wrapper
LogInit: Display: RandInit(1026328195) SRandInit(1026328195).
LogInit: Read version file with build ID '3709383'
LogInit: Overriding engine version to CL 3754814, compatible CL 3709383
LogInit: Registered custom module enumerator with build ID '3709383'
LogTaskGraph: Started task graph with 5 named threads and 14 total threads with 3 sets of task threads.
LogStats: Stats thread started at 0.163645
LogD3D11RHI: Aftermath initialized
LogModuleManager: Display: Found up-to-date module file ../../../Engine/Plugins/2D/Paper2D/Binaries/Win64/UE4Editor-Paper2D.dll (API version 3709383).
LogModuleManager: Display: Found up-to-date module file ../../../Engine/Plugins/2D/Paper2D/Binaries/Win64/UE4Editor-Paper2DEditor.dll (API version 3709383).
LogModuleManager: Display: Found up-to-date module file ../../../Engine/Plugins/2D/Paper2D/Binaries/Win64/UE4Editor-PaperSpriteSheetImporter.dll (API version 3709383).
LogModuleManager: Display: Found up-to-date module file ../../../Engine/Plugins/2D/Paper2D/Binaries/Win64/UE4Editor-PaperTiledImporter.dll (API version 3709383).
LogModuleManager: Display: Found up-to-date module file ../../../Engine/Plugins/2D/Paper2D/Binaries/Win64/UE4Editor-SmartSnapping.dll (API version 3709383).
LogModuleManager: Display: Found up-to-date module file ../../../Engine/Plugins/Blendables/LightPropagationVolume/Binaries/Win64/UE4Editor-LightPropagationVolumeRuntime.dll (API version 3709383).
LogModuleManager: Display: Found up-to-date module file ../../../Engine/Plugins/Blendables/LightPropagationVolume/Binaries/Win64/UE4Editor-LightPropagationVolumeEditor.dll (API version 3709383).
LogModuleManager: Display: Found up-to-date module file ../../../Engine/Plugins/Developer/GitSourceControl/Binaries/Win64/UE4Editor-GitSourceControl.dll (API version 3709383).
LogModuleManager: Display: Found up-to-date module file ../../../Engine/Plugins/Developer/PerforceSourceControl/Binaries/Win64/UE4Editor-PerforceSourceControl.dll (API version 3709383).
LogModuleManager: Display: Found up-to-date module file ../../../Engine/Plugins/Developer/SubversionSourceControl/Binaries/Win64/UE4Editor-SubversionSourceControl.dll (API version 3709383).
LogModuleManager: Display: Found up-to-date module file ../../../Engine/Plugins/Developer/UObjectPlugin/Binaries/Win64/UE4Editor-UObjectPlugin.dll (API version 3709383).
LogModuleManager: Display: Found up-to-date module file ../../../Engine/Plugins/Developer/VisualStudioCodeSourceCodeAccess/Binaries/Win64/UE4Editor-VisualStudioCodeSourceCodeAccess.dll (API version 3709383).
LogModuleManager: Display: Found up-to-date module file ../../../Engine/Plugins/Developer/VisualStudioSourceCodeAccess/Binaries/Win64/UE4Editor-VisualStudioSourceCodeAccess.dll (API version 3709383).
LogModuleManager: Display: Found up-to-date module file ../../../Engine/Plugins/Editor/AssetManagerEditor/Binaries/Win64/UE4Editor-AssetManagerEditor.dll (API version 3709383).
LogModuleManager: Display: Found up-to-date module file ../../../Engine/Plugins/Editor/AudioCapture/Binaries/Win64/UE4Editor-AudioCapture.dll (API version 3709383).
LogModuleManager: Display: Found up-to-date module file ../../../Engine/Plugins/Editor/FacialAnimation/Binaries/Win64/UE4Editor-FacialAnimation.dll (API version 3709383).
LogModuleManager: Display: Found up-to-date module file ../../../Engine/Plugins/Editor/FacialAnimation/Binaries/Win64/UE4Editor-FacialAnimationEditor.dll (API version 3709383).
LogModuleManager: Display: Found up-to-date module file ../../../Engine/Plugins/Editor/GameplayTagsEditor/Binaries/Win64/UE4Editor-GameplayTagsEditor.dll (API version 3709383).
LogModuleManager: Display: Found up-to-date module file ../../../Engine/Plugins/Editor/MobileLauncherProfileWizard/Binaries/Win64/UE4Editor-MobileLauncherProfileWizard.dll (API version 3709383).
LogModuleManager: Display: Found up-to-date module file ../../../Engine/Plugins/Editor/PluginBrowser/Binaries/Win64/UE4Editor-PluginBrowser.dll (API version 3709383).
LogModuleManager: Display: Found up-to-date module file ../../../Engine/Plugins/Editor/SpeedTreeImporter/Binaries/Win64/UE4Editor-SpeedTreeImporter.dll (API version 3709383).
LogModuleManager: Display: Found up-to-date module file ../../../Engine/Plugins/Experimental/AlembicImporter/Binaries/Win64/UE4Editor-AlembicImporter.dll (API version 3709383).
LogModuleManager: Display: Found up-to-date module file ../../../Engine/Plugins/Experimental/AlembicImporter/Binaries/Win64/UE4Editor-AlembicLibrary.dll (API version 3709383).
LogModuleManager: Display: Found up-to-date module file ../../../Engine/Plugins/Experimental/CharacterAI/Binaries/Win64/UE4Editor-CharacterAI.dll (API version 3709383).
LogModuleManager: Display: Found up-to-date module file ../../../Engine/Plugins/Experimental/HTML5Networking/Binaries/Win64/UE4Editor-HTML5Networking.dll (API version 3709383).
LogModuleManager: Display: Found up-to-date module file ../../../Engine/Plugins/Media/AndroidMedia/Binaries/Win64/UE4Editor-AndroidMediaEditor.dll (API version 3709383).
LogModuleManager: Display: Found up-to-date module file ../../../Engine/Plugins/Media/AndroidMedia/Binaries/Win64/UE4Editor-AndroidMediaFactory.dll (API version 3709383).
LogModuleManager: Display: Found up-to-date module file ../../../Engine/Plugins/Media/AvfMedia/Binaries/Win64/UE4Editor-AvfMediaEditor.dll (API version 3709383).
LogModuleManager: Display: Found up-to-date module file ../../../Engine/Plugins/Media/AvfMedia/Binaries/Win64/UE4Editor-AvfMediaFactory.dll (API version 3709383).
LogModuleManager: Display: Found up-to-date module file ../../../Engine/Plugins/Media/AvfMedia/Binaries/Win64/UE4Editor-AvfMediaFactory.dll (API version 3709383).
LogModuleManager: Display: Found up-to-date module file ../../../Engine/Plugins/Media/ImgMedia/Binaries/Win64/UE4Editor-ImgMedia.dll (API version 3709383).
LogModuleManager: Display: Found up-to-date module file ../../../Engine/Plugins/Media/ImgMedia/Binaries/Win64/UE4Editor-ImgMediaEditor.dll (API version 3709383).
LogModuleManager: Display: Found up-to-date module file ../../../Engine/Plugins/Media/ImgMedia/Binaries/Win64/UE4Editor-ImgMediaFactory.dll (API version 3709383).
LogModuleManager: Display: Found up-to-date module file ../../../Engine/Plugins/Media/ImgMedia/Binaries/Win64/UE4Editor-ImgMediaFactory.dll (API version 3709383).
LogModuleManager: Display: Found up-to-date module file ../../../Engine/Plugins/Media/ImgMedia/Binaries/Win64/UE4Editor-OpenExrWrapper.dll (API version 3709383).
LogModuleManager: Display: Found up-to-date module file ../../../Engine/Plugins/Media/MediaCompositing/Binaries/Win64/UE4Editor-MediaCompositing.dll (API version 3709383).
LogModuleManager: Display: Found up-to-date module file ../../../Engine/Plugins/Media/MediaCompositing/Binaries/Win64/UE4Editor-MediaCompositingEditor.dll (API version 3709383).
LogModuleManager: Display: Found up-to-date module file ../../../Engine/Plugins/Media/MediaPlayerEditor/Binaries/Win64/UE4Editor-MediaPlayerEditor.dll (API version 3709383).
LogModuleManager: Display: Found up-to-date module file ../../../Engine/Plugins/Media/WmfMedia/Binaries/Win64/UE4Editor-WmfMedia.dll (API version 3709383).
LogModuleManager: Display: Found up-to-date module file ../../../Engine/Plugins/Media/WmfMedia/Binaries/Win64/UE4Editor-WmfMediaEditor.dll (API version 3709383).
LogModuleManager: Display: Found up-to-date module file ../../../Engine/Plugins/Media/WmfMedia/Binaries/Win64/UE4Editor-WmfMediaFactory.dll (API version 3709383).
LogModuleManager: Display: Found up-to-date module file ../../../Engine/Plugins/Media/WmfMedia/Binaries/Win64/UE4Editor-WmfMediaFactory.dll (API version 3709383).
LogModuleManager: Display: Found up-to-date module file ../../../Engine/Plugins/Messaging/TcpMessaging/Binaries/Win64/UE4Editor-TcpMessaging.dll (API version 3709383).
LogModuleManager: Display: Found up-to-date module file ../../../Engine/Plugins/Messaging/UdpMessaging/Binaries/Win64/UE4Editor-UdpMessaging.dll (API version 3709383).
LogModuleManager: Display: Found up-to-date module file ../../../Engine/Plugins/MovieScene/ActorSequence/Binaries/Win64/UE4Editor-ActorSequence.dll (API version 3709383).
LogModuleManager: Display: Found up-to-date module file ../../../Engine/Plugins/MovieScene/LevelSequenceEditor/Binaries/Win64/UE4Editor-LevelSequenceEditor.dll (API version 3709383).
LogModuleManager: Display: Found up-to-date module file ../../../Engine/Plugins/MovieScene/MatineeToLevelSequence/Binaries/Win64/UE4Editor-MatineeToLevelSequence.dll (API version 3709383).
LogModuleManager: Display: Found up-to-date module file ../../../Engine/Plugins/Online/OnlineSubsystem/Binaries/Win64/UE4Editor-OnlineSubsystem.dll (API version 3709383).
LogModuleManager: Display: Found up-to-date module file ../../../Engine/Plugins/Runtime/AndroidPermission/Binaries/Win64/UE4Editor-AndroidPermission.dll (API version 3709383).
LogModuleManager: Display: Found up-to-date module file ../../../Engine/Plugins/Online/OnlineSubsystemNull/Binaries/Win64/UE4Editor-OnlineSubsystemNull.dll (API version 3709383).
LogModuleManager: Display: Found up-to-date module file ../../../Engine/Plugins/Online/OnlineSubsystemUtils/Binaries/Win64/UE4Editor-OnlineSubsystemUtils.dll (API version 3709383).
LogModuleManager: Display: Found up-to-date module file ../../../Engine/Plugins/Online/OnlineSubsystemUtils/Binaries/Win64/UE4Editor-OnlineBlueprintSupport.dll (API version 3709383).
LogModuleManager: Display: Found up-to-date module file ../../../Engine/Plugins/Runtime/AndroidDeviceProfileSelector/Binaries/Win64/UE4Editor-AndroidDeviceProfileSelector.dll (API version 3709383).
LogModuleManager: Display: Found up-to-date module file ../../../Engine/Plugins/Runtime/AppleARKit/Binaries/Win64/UE4Editor-AppleARKit.dll (API version 3709383).
LogModuleManager: Display: Found up-to-date module file ../../../Engine/Plugins/Runtime/ArchVisCharacter/Binaries/Win64/UE4Editor-ArchVisCharacter.dll (API version 3709383).
LogModuleManager: Display: Found up-to-date module file ../../../Engine/Plugins/Runtime/CableComponent/Binaries/Win64/UE4Editor-CableComponent.dll (API version 3709383).
LogModuleManager: Display: Found up-to-date module file ../../../Engine/Plugins/Runtime/CustomMeshComponent/Binaries/Win64/UE4Editor-CustomMeshComponent.dll (API version 3709383).
LogModuleManager: Display: Found up-to-date module file ../../../Engine/Plugins/Runtime/ExampleDeviceProfileSelector/Binaries/Win64/UE4Editor-ExampleDeviceProfileSelector.dll (API version 3709383).
LogModuleManager: Display: Found up-to-date module file ../../../Engine/Plugins/Runtime/ImmediatePhysics/Binaries/Win64/UE4Editor-ImmediatePhysics.dll (API version 3709383).
LogModuleManager: Display: Found up-to-date module file ../../../Engine/Plugins/Runtime/ImmediatePhysics/Binaries/Win64/UE4Editor-ImmediatePhysicsEditor.dll (API version 3709383).
LogModuleManager: Display: Found up-to-date module file ../../../Engine/Plugins/Runtime/LocationServicesBPLibrary/Binaries/Win64/UE4Editor-LocationServicesBPLibrary.dll (API version 3709383).
LogModuleManager: Display: Found up-to-date module file ../../../Engine/Plugins/Runtime/MobilePatchingUtils/Binaries/Win64/UE4Editor-MobilePatchingUtils.dll (API version 3709383).
LogModuleManager: Display: Found up-to-date module file ../../../Engine/Plugins/Runtime/Oculus/OculusVR/Binaries/Win64/UE4Editor-OculusHMD.dll (API version 3709383).
LogModuleManager: Display: Found up-to-date module file ../../../Engine/Plugins/Runtime/Oculus/OculusVR/Binaries/Win64/UE4Editor-OculusInput.dll (API version 3709383).
LogModuleManager: Display: Found up-to-date module file ../../../Engine/Plugins/Runtime/Oculus/OculusVR/Binaries/Win64/UE4Editor-OculusEditor.dll (API version 3709383).
LogModuleManager: Display: Found up-to-date module file ../../../Engine/Plugins/Runtime/PhysXVehicles/Binaries/Win64/UE4Editor-PhysXVehicles.dll (API version 3709383).
LogModuleManager: Display: Found up-to-date module file ../../../Engine/Plugins/Runtime/PhysXVehicles/Binaries/Win64/UE4Editor-PhysXVehiclesEditor.dll (API version 3709383).
LogModuleManager: Display: Found up-to-date module file ../../../Engine/Plugins/Runtime/ProceduralMeshComponent/Binaries/Win64/UE4Editor-ProceduralMeshComponent.dll (API version 3709383).
LogModuleManager: Display: Found up-to-date module file ../../../Engine/Plugins/Runtime/ProceduralMeshComponent/Binaries/Win64/UE4Editor-ProceduralMeshComponentEditor.dll (API version 3709383).
LogModuleManager: Display: Found up-to-date module file ../../../Engine/Plugins/Runtime/RuntimePhysXCooking/Binaries/Win64/UE4Editor-RuntimePhysXCooking.dll (API version 3709383).
LogModuleManager: Display: Found up-to-date module file ../../../Engine/Plugins/Runtime/Steam/SteamVR/Binaries/Win64/UE4Editor-SteamVR.dll (API version 3709383).
LogModuleManager: Display: Found up-to-date module file ../../../Engine/Plugins/Runtime/Steam/SteamVR/Binaries/Win64/UE4Editor-SteamVRController.dll (API version 3709383).
LogModuleManager: Display: Found up-to-date module file ../../../Engine/Plugins/Runtime/WindowsMoviePlayer/Binaries/Win64/UE4Editor-WindowsMoviePlayer.dll (API version 3709383).
LogPluginManager: Mounting plugin Paper2D
LogPluginManager: Mounting plugin LightPropagationVolume
LogPluginManager: Mounting plugin CodeLiteSourceCodeAccess
LogPluginManager: Mounting plugin GitSourceControl
LogPluginManager: Mounting plugin KDevelopSourceCodeAccess
LogPluginManager: Mounting plugin NullSourceCodeAccess
LogPluginManager: Mounting plugin PerforceSourceControl
LogPluginManager: Mounting plugin SubversionSourceControl
LogPluginManager: Mounting plugin UObjectPlugin
LogPluginManager: Mounting plugin VisualStudioCodeSourceCodeAccess
LogPluginManager: Mounting plugin VisualStudioSourceCodeAccess
LogPluginManager: Mounting plugin XCodeSourceCodeAccess
LogPluginManager: Mounting plugin AssetManagerEditor
LogPluginManager: Mounting plugin AudioCapture
LogPluginManager: Mounting plugin FacialAnimation
LogPluginManager: Mounting plugin GameplayTagsEditor
LogPluginManager: Mounting plugin MobileLauncherProfileWizard
LogPluginManager: Mounting plugin PluginBrowser
LogPluginManager: Mounting plugin SpeedTreeImporter
LogPluginManager: Mounting plugin AlembicImporter
LogPluginManager: Mounting plugin CharacterAI
LogPluginManager: Mounting plugin HTML5Networking
LogPluginManager: Mounting plugin AndroidMedia
LogPluginManager: Mounting plugin AvfMedia
LogPluginManager: Mounting plugin ImgMedia
LogPluginManager: Mounting plugin MediaCompositing
LogPluginManager: Mounting plugin MediaPlayerEditor
LogPluginManager: Mounting plugin WmfMedia
LogPluginManager: Mounting plugin TcpMessaging
LogPluginManager: Mounting plugin UdpMessaging
LogPluginManager: Mounting plugin ActorSequence
LogPluginManager: Mounting plugin LevelSequenceEditor
LogPluginManager: Mounting plugin MatineeToLevelSequence
LogPluginManager: Mounting plugin OnlineSubsystemGooglePlay
LogPluginManager: Mounting plugin OnlineSubsystemIOS
LogPluginManager: Mounting plugin OnlineSubsystem
LogPluginManager: Mounting plugin OnlineSubsystemNull
LogPluginManager: Mounting plugin OnlineSubsystemUtils
LogPluginManager: Mounting plugin AndroidDeviceProfileSelector
LogPluginManager: Mounting plugin AndroidMoviePlayer
LogPluginManager: Mounting plugin AndroidPermission
LogPluginManager: Mounting plugin AppleARKit
LogPluginManager: Mounting plugin AppleMoviePlayer
LogPluginManager: Mounting plugin ArchVisCharacter
LogPluginManager: Mounting plugin CableComponent
LogPluginManager: Mounting plugin CustomMeshComponent
LogPluginManager: Mounting plugin ExampleDeviceProfileSelector
LogPluginManager: Mounting plugin GoogleCloudMessaging
LogPluginManager: Mounting plugin ImmediatePhysics
LogPluginManager: Mounting plugin IOSDeviceProfileSelector
LogPluginManager: Mounting plugin LinuxDeviceProfileSelector
LogPluginManager: Mounting plugin LocationServicesBPLibrary
LogPluginManager: Mounting plugin MobilePatchingUtils
LogPluginManager: Mounting plugin OculusVR
LogPluginManager: Plugin shader directory ../../../Engine/Plugins/Runtime/Oculus/OculusVR/Shaders found
LogPluginManager: Mapping shader source directory ../../../Engine/Plugins/Runtime/Oculus/OculusVR/Shaders to virtual directory /Plugin/OculusVR
LogPluginManager: Mounting plugin PhysXVehicles
LogPluginManager: Mounting plugin ProceduralMeshComponent
LogPluginManager: Mounting plugin RuntimePhysXCooking
LogPluginManager: Mounting plugin SteamVR
LogPluginManager: Mounting plugin WindowsMoviePlayer
LogInit: Using libcurl 7.47.1
LogInit:  - built for x86_64-pc-win32
LogInit:  - supports SSL with OpenSSL/1.0.2g
LogInit:  - supports HTTP deflate (compression) using libz 1.2.8
LogInit:  - other features:
LogInit:      CURL_VERSION_SSL
LogInit:      CURL_VERSION_LIBZ
LogInit:      CURL_VERSION_IPV6
LogInit:      CURL_VERSION_ASYNCHDNS
LogInit:      CURL_VERSION_LARGEFILE
LogInit:      CURL_VERSION_IDN
LogInit:  CurlRequestOptions (configurable via config and command line):
LogInit:  - bVerifyPeer = false  - Libcurl will NOT verify peer certificate
LogInit:  - bUseHttpProxy = false  - Libcurl will NOT use HTTP proxy
LogInit:  - bDontReuseConnections = false  - Libcurl will reuse connections
LogInit:  - CertBundlePath = nullptr  - Libcurl will use whatever was configured at build time.
LogInit: Build: ++UE4+Release-4.18-CL-3754814
LogInit: Engine Version: 4.18.1-3754814+++UE4+Release-4.18
LogInit: Compatible Engine Version: 4.18.0-3709383+++UE4+Release-4.18
LogInit: Net CL: 3709383
LogDevObjectVersion: Number of dev versions registered: 16
LogDevObjectVersion:   Dev-Blueprints (B0D832E4-1F89-4F0D-ACCF-7EB736FD4AA2): 10
LogDevObjectVersion:   Dev-Build (E1C64328-A22C-4D53-A36C-8E866417BD8C): 0
LogDevObjectVersion:   Dev-Core (375EC13C-06E4-48FB-B500-84F0262A717E): 2
LogDevObjectVersion:   Dev-Editor (E4B068ED-F494-42E9-A231-DA0B2E46BB41): 20
LogDevObjectVersion:   Dev-Framework (CFFC743F-43B0-4480-9391-14DF171D2073): 30
LogDevObjectVersion:   Dev-Mobile (B02B49B5-BB20-44E9-A304-32B752E40360): 0
LogDevObjectVersion:   Dev-Networking (A4E4105C-59A1-49B5-A7C5-40C4547EDFEE): 0
LogDevObjectVersion:   Dev-Online (39C831C9-5AE6-47DC-9A44-9C173E1C8E7C): 0
LogDevObjectVersion:   Dev-Physics (78F01B33-EBEA-4F98-B9B4-84EACCB95AA2): 0
LogDevObjectVersion:   Dev-Platform (6631380F-2D4D-43E0-8009-CF276956A95A): 0
LogDevObjectVersion:   Dev-Rendering (12F88B9F-8875-4AFC-A67C-D90C383ABD29): 20
LogDevObjectVersion:   Dev-Sequencer (7B5AE74C-D270-4C10-A958-57980B212A5A): 4
LogDevObjectVersion:   Dev-VR (D7296918-1DD6-4BDD-9DE2-64A83CC13884): 0
LogDevObjectVersion:   Dev-LoadTimes (C2A15278-BFE7-4AFE-6C17-90FF531DF755): 1
LogDevObjectVersion:   Private-Geometry (6EACA3D4-40EC-4CC1-B786-8BED09428FC5): 1
LogDevObjectVersion:   Dev-AnimPhys (29E575DD-E0A3-4627-9D10-D276232CDCEA): 12
LogInit: Compiled (64-bit): Nov 14 2017 02:05:55
LogInit: Compiled with Visual C++: 19.00.24215.01
LogInit: Build Configuration: Development
LogInit: Branch Name: ++UE4+Release-4.18
LogInit: Command line: -EpicPortal 
LogInit: Base directory: D:/Epic Games/UE_4.18/Engine/Binaries/Win64/
LogInit: Installed Engine Build: 1
LogInit: Presizing for max 8388607 objects, including 0 objects not considered by GC, pre-allocating 0 bytes for permanent pool.
LogInit: Object subsystem initialized
[2017.11.27-18.13.19:454][  0]LogInit: Selected Device Profile: [Windows]
[2017.11.27-18.13.19:454][  0]LogInit: Applying CVar settings loaded from the selected device profile: [Windows]
[2017.11.27-18.13.19:461][  0]LogInit: Computer: SOLACE
[2017.11.27-18.13.19:462][  0]LogInit: User: James
[2017.11.27-18.13.19:462][  0]LogInit: CPU Page size=4096, Cores=4
[2017.11.27-18.13.19:462][  0]LogInit: High frequency timer resolution =3.320331 MHz
[2017.11.27-18.13.19:462][  0]LogMemory: Memory total: Physical=23.9GB (24GB approx)
[2017.11.27-18.13.19:462][  0]LogMemory: Platform Memory Stats for Windows
[2017.11.27-18.13.19:462][  0]LogMemory: Process Physical Memory: 271.99 MB used, 271.99 MB peak
[2017.11.27-18.13.19:462][  0]LogMemory: Process Virtual Memory: 263.70 MB used, 263.70 MB peak
[2017.11.27-18.13.19:462][  0]LogMemory: Physical Memory: 5856.44 MB used,  18614.63 MB free, 24471.07 MB total
[2017.11.27-18.13.19:462][  0]LogMemory: Virtual Memory: 623.29 MB used,  18614.63 MB free, 134217728.00 MB total
[2017.11.27-18.13.19:565][  0]LogInit: Using OS detected language (en-US).
[2017.11.27-18.13.19:565][  0]LogInit: Using OS detected locale (en-US).
[2017.11.27-18.13.19:568][  0]LogTextLocalizationManager: No specific localization for 'en-US' exists, so the 'en' localization will be used.
[2017.11.27-18.13.19:899][  0]LogInit: Setting process to per monitor DPI aware
[2017.11.27-18.13.20:203][  0]LogD3D11RHI: D3D11 adapters:
[2017.11.27-18.13.20:237][  0]LogD3D11RHI:    0. 'NVIDIA GeForce GTX 670' (Feature Level 11_0)
[2017.11.27-18.13.20:237][  0]LogD3D11RHI:       2017/0/12235 MB DedicatedVideo/DedicatedSystem/SharedSystem, Outputs:2, VendorId:0x10de
[2017.11.27-18.13.20:241][  0]LogD3D11RHI:    1. 'Intel(R) HD Graphics 4000' (Feature Level 11_0)
[2017.11.27-18.13.20:241][  0]LogD3D11RHI:       32/0/1760 MB DedicatedVideo/DedicatedSystem/SharedSystem, Outputs:0, VendorId:0x8086
[2017.11.27-18.13.20:242][  0]LogD3D11RHI:    2. 'Microsoft Basic Render Driver' (Feature Level 11_0)
[2017.11.27-18.13.20:242][  0]LogD3D11RHI:       0/0/12235 MB DedicatedVideo/DedicatedSystem/SharedSystem, Outputs:0, VendorId:0x1414
[2017.11.27-18.13.20:242][  0]LogD3D11RHI: Chosen D3D11 Adapter: 0
[2017.11.27-18.13.20:247][  0]LogD3D11RHI: Creating new Direct3DDevice
[2017.11.27-18.13.20:247][  0]LogD3D11RHI:     GPU DeviceId: 0x1189 (for the marketing name, search the web for "GPU Device Id")
[2017.11.27-18.13.20:247][  0]LogWindows: EnumDisplayDevices:
[2017.11.27-18.13.20:247][  0]LogWindows:    0. 'NVIDIA GeForce GTX 670' (P:1 D:1)
[2017.11.27-18.13.20:248][  0]LogWindows:    1. 'NVIDIA GeForce GTX 670' (P:0 D:1)
[2017.11.27-18.13.20:248][  0]LogWindows:    2. 'NVIDIA GeForce GTX 670' (P:0 D:0)
[2017.11.27-18.13.20:248][  0]LogWindows:    3. 'NVIDIA GeForce GTX 670' (P:0 D:0)
[2017.11.27-18.13.20:248][  0]LogWindows:    4. 'Intel(R) HD Graphics 4000' (P:0 D:0)
[2017.11.27-18.13.20:248][  0]LogWindows:    5. 'Intel(R) HD Graphics 4000' (P:0 D:0)
[2017.11.27-18.13.20:248][  0]LogWindows:    6. 'Intel(R) HD Graphics 4000' (P:0 D:0)
[2017.11.27-18.13.20:248][  0]LogWindows: DebugString: PrimaryIsNotTheChoosenAdapter PrimaryIsNotTheChoosenAdapter PrimaryIsNotTheChoosenAdapter FoundDriverCount:4 
[2017.11.27-18.13.20:248][  0]LogD3D11RHI:     Adapter Name: NVIDIA GeForce GTX 670
[2017.11.27-18.13.20:248][  0]LogD3D11RHI:   Driver Version: 388.31 (internal:23.21.13.8831, unified:388.31)
[2017.11.27-18.13.20:248][  0]LogD3D11RHI:      Driver Date: 11-14-2017
[2017.11.27-18.13.20:249][  0]LogRHI: Texture pool is 1412 MB (70% of 2017 MB)
[2017.11.27-18.13.20:270][  0]LogD3D11RHI: Async texture creation enabled
[2017.11.27-18.13.20:286][  0]LogD3D11RHI: GPU Timing Frequency: 1000.000000 (Debug: 2 2)
[2017.11.27-18.13.20:338][  0]LogShaderCompilers: Guid format shader working directory is -3 characters bigger than the processId version (C:/Users/James/Documents/Unreal Projects/SwordGen/Intermediate/Shaders/WorkingDirectory/7012/).
[2017.11.27-18.13.20:338][  0]LogShaderCompilers: Cleaned the shader compiler working directory 'C:/Users/James/AppData/Local/Temp/UnrealShaderWorkingDir/EB4B6C2E498FA2FBC6FE5CA447A73703/'.
[2017.11.27-18.13.20:338][  0]LogShaderCompilers: Display: Using Local Shader Compiler.
[2017.11.27-18.13.21:064][  0]LogTemp: Display: Loaded TP AllDesktopTargetPlatform
[2017.11.27-18.13.21:101][  0]LogTemp: Display: Loaded TP MacClientTargetPlatform
[2017.11.27-18.13.21:139][  0]LogTemp: Display: Loaded TP MacNoEditorTargetPlatform
[2017.11.27-18.13.21:178][  0]LogTemp: Display: Loaded TP MacServerTargetPlatform
[2017.11.27-18.13.21:215][  0]LogTemp: Display: Loaded TP MacTargetPlatform
[2017.11.27-18.13.21:253][  0]LogTemp: Display: Loaded TP WindowsClientTargetPlatform
[2017.11.27-18.13.21:291][  0]LogTemp: Display: Loaded TP WindowsNoEditorTargetPlatform
[2017.11.27-18.13.21:328][  0]LogTemp: Display: Loaded TP WindowsServerTargetPlatform
[2017.11.27-18.13.21:360][  0]LogTemp: Display: Loaded TP WindowsTargetPlatform
[2017.11.27-18.13.21:396][  0]LogTemp: Display: Loaded TP Android_ASTCTargetPlatform
[2017.11.27-18.13.21:431][  0]LogTemp: Display: Loaded TP Android_ATCTargetPlatform
[2017.11.27-18.13.21:467][  0]LogTemp: Display: Loaded TP Android_DXTTargetPlatform
[2017.11.27-18.13.21:502][  0]LogTemp: Display: Loaded TP Android_ETC1TargetPlatform
[2017.11.27-18.13.21:537][  0]LogTemp: Display: Loaded TP Android_ETC2TargetPlatform
[2017.11.27-18.13.21:610][  0]LogTemp: Display: Loaded TP Android_MultiTargetPlatform
[2017.11.27-18.13.21:610][  0]LogTemp: Display: Loaded TP Android_PVRTCTargetPlatform
[2017.11.27-18.13.21:647][  0]LogTemp: Display: Loaded TP AndroidTargetPlatform
[2017.11.27-18.13.21:674][  0]LogTemp: Display: Loaded TP HTML5TargetPlatform
[2017.11.27-18.13.21:744][  0]LogTemp: Display: Loaded TP IOSTargetPlatform
[2017.11.27-18.13.21:764][  0]LogTemp: Display: Loaded TP TVOSTargetPlatform
[2017.11.27-18.13.21:800][  0]LogTemp: Display: Loaded TP LinuxClientTargetPlatform
[2017.11.27-18.13.21:867][  0]LogTemp: Display: Loaded TP LinuxNoEditorTargetPlatform
[2017.11.27-18.13.21:905][  0]LogTemp: Display: Loaded TP LinuxServerTargetPlatform
[2017.11.27-18.13.21:941][  0]LogTemp: Display: Loaded TP LinuxTargetPlatform
[2017.11.27-18.13.21:941][  0]LogTargetPlatformManager: Display: Building Assets For Windows
[2017.11.27-18.13.22:681][  0]LogDerivedDataCache: Display: Max Cache Size: 512 MB
[2017.11.27-18.13.22:768][  0]LogDerivedDataCache: Loaded boot cache 0.09s 78MB C:/Users/James/AppData/Local/UnrealEngine/4.18/DerivedDataCache/Boot.ddc.
[2017.11.27-18.13.22:768][  0]LogDerivedDataCache: Display: Loaded Boot cache: C:/Users/James/AppData/Local/UnrealEngine/4.18/DerivedDataCache/Boot.ddc
[2017.11.27-18.13.22:768][  0]LogDerivedDataCache: FDerivedDataBackendGraph:  Pak pak cache file C:/Users/James/Documents/Unreal Projects/SwordGen/DerivedDataCache/DDC.ddp not found, will not use a pak cache.
[2017.11.27-18.13.22:768][  0]LogDerivedDataCache: Unable to find inner node Pak for hierarchical cache Hierarchy.
[2017.11.27-18.13.22:769][  0]LogDerivedDataCache: FDerivedDataBackendGraph:  CompressedPak pak cache file C:/Users/James/Documents/Unreal Projects/SwordGen/DerivedDataCache/Compressed.ddp not found, will not use a pak cache.
[2017.11.27-18.13.22:769][  0]LogDerivedDataCache: Unable to find inner node CompressedPak for hierarchical cache Hierarchy.
[2017.11.27-18.13.22:782][  0]LogDerivedDataCache: Display: Pak cache opened for reading ../../../Engine/DerivedDataCache/Compressed.ddp.
[2017.11.27-18.13.22:795][  0]LogDerivedDataCache: Using Local data cache path C:/Users/James/AppData/Local/UnrealEngine/Common/DerivedDataCache: Writable
[2017.11.27-18.13.22:806][  0]LogMaterial: Verifying Global Shaders for PCD3D_SM5
[2017.11.27-18.13.22:807][  0]LogSlate: Using Freetype 2.6.0
[2017.11.27-18.13.22:808][  0]LogSlate: SlateFontCache - WITH_FREETYPE: 1, WITH_HARFBUZZ: 1
[2017.11.27-18.13.22:808][  0]LogSlate: SlateFontCache - WITH_FREETYPE: 1, WITH_HARFBUZZ: 1
[2017.11.27-18.13.23:173][  0]LogInit: Selected Device Profile: [Windows]
[2017.11.27-18.13.23:436][  0]LogSimplygon: Simplygon DLL not present - disabling.
[2017.11.27-18.13.23:466][  0]LogMeshReduction: Using SimplygonSwarm for distributed automatic mesh merging
[2017.11.27-18.13.23:466][  0]LogMeshReduction: Using QuadricMeshReduction for automatic static mesh reduction
[2017.11.27-18.13.23:466][  0]LogMeshReduction: No automatic skeletal mesh reduction module available
[2017.11.27-18.13.23:466][  0]LogMeshReduction: No automatic mesh merging module available
[2017.11.27-18.13.23:466][  0]LogMeshMerging: No automatic mesh merging module available
[2017.11.27-18.13.23:501][  0]LogNetVersion: SwordGen , NetCL: 3709383, EngineNetVer: 2, GameNetVer: 0 (Checksum: 3122522569)
[2017.11.27-18.13.23:663][  0]LogAssetRegistry: FAssetRegistry took 0.0256 seconds to start up
[2017.11.27-18.13.24:123][  0]LogPackageLocalizationCache: Processed 7 localized package path(s) for 2 prioritized culture(s) in 0.063452 seconds
[2017.11.27-18.13.24:128][  0]LogUObjectArray: 35900 objects as part of root set at end of initial load.
[2017.11.27-18.13.24:128][  0]LogUObjectAllocator: 7372016 out of 0 bytes used by permanent object pool.
[2017.11.27-18.13.24:128][  0]LogUObjectArray: CloseDisregardForGC: 0/0 objects in disregard for GC pool
[2017.11.27-18.13.24:165][  0]LogInit: WinSock: version 1.1 (2.2), MaxSocks=32767, MaxUdp=65467
[2017.11.27-18.13.26:289][  0]LogTcpMessaging: Initializing TcpMessaging bridge
[2017.11.27-18.13.26:333][  0]LogUdpMessaging: Initializing bridge on interface 0.0.0.0:0 to multicast group 230.0.0.1:6666.
[2017.11.27-18.13.26:892][  0]LogMaterial: Uniform references updated for custom material expression Custom.
[2017.11.27-18.13.27:227][  0]SourceControl: Source control is disabled
[2017.11.27-18.13.27:227][  0]SourceControl: Source control is disabled
[2017.11.27-18.13.27:271][  0]SourceControl: Source control is disabled
[2017.11.27-18.13.27:313][  0]SourceControl: Source control is disabled
[2017.11.27-18.13.27:971][  0]LogAndroidPermission: UAndroidPermissionCallbackProxy::GetInstance
[2017.11.27-18.13.28:191][  0]LogOcInput: OculusInput pre-init called
[2017.11.27-18.13.28:421][  0]LogEngine: Initializing Engine...
[2017.11.27-18.13.28:423][  0]LogHMD: Failed to initialize OpenVR with code 110
[2017.11.27-18.13.28:606][  0]LogStats: UGameplayTagsManager::ConstructGameplayTagTree: Construct from data asset -  0.000 s
[2017.11.27-18.13.28:606][  0]LogStats: UGameplayTagsManager::ConstructGameplayTagTree: GameplayTagTreeChangedEvent.Broadcast -  0.000 s
[2017.11.27-18.13.28:698][  0]LogAIModule: Creating AISystem for world Untitled
[2017.11.27-18.13.28:710][  0]LogInit: XAudio2 using 'Headphones (Astro MixAmp Pro Game)' : 6 channels at 48 kHz using 16 bits per sample (channel mask 0x60f)
[2017.11.27-18.13.28:727][  0]LogInit: FAudioDevice initialized.
[2017.11.27-18.13.28:828][  0]LogDerivedDataCache: Saved boot cache 0.10s 78MB C:/Users/James/AppData/Local/UnrealEngine/4.18/DerivedDataCache/Boot.ddc.
[2017.11.27-18.13.28:836][  0]LogInit: Texture streaming: Enabled
[2017.11.27-18.13.28:909][  0]LogEngineSessionManager: EngineSessionManager initialized
[2017.11.27-18.13.29:001][  0]LogInit: Transaction tracking system initialized
[2017.11.27-18.13.29:226][  0]BlueprintLog: New page: Editor Load
[2017.11.27-18.13.29:896][  0]LocalizationService: Localization service is disabled
[2017.11.27-18.13.30:441][  0]LogConsoleResponse: Display: 
[2017.11.27-18.13.30:606][  0]LogFileCache: Scanning file cache for directory 'C:/Users/James/Documents/Unreal Projects/SwordGen/Content/' took 0.01s
[2017.11.27-18.13.30:606][  0]LogCook: Display: Max memory allowance for cook 16384mb min free memory 0mb
[2017.11.27-18.13.30:606][  0]LogCook: Display: Mobile HDR setting 1
[2017.11.27-18.13.30:606][  0]LogGameplayTags: Display: UGameplayTagsManager::DoneAddingNativeTags. DelegateIsBound: 0
[2017.11.27-18.13.31:525][  0]SourceControl: Source control is disabled
[2017.11.27-18.13.31:525][  0]Cmd: MAP LOAD FILE="../../../Engine/Content/Maps/Templates/Template_Default.umap" TEMPLATE=1 SHOWPROGRESS=1 FEATURELEVEL=3
[2017.11.27-18.13.31:525][  0]LightingResults: New page: Lighting Build
[2017.11.27-18.13.31:555][  0]MapCheck: New page: Map Check
[2017.11.27-18.13.31:555][  0]LightingResults: New page: Lighting Build
[2017.11.27-18.13.31:743][  0]LogAIModule: Creating AISystem for world Untitled_1
[2017.11.27-18.13.31:748][  0]LogEditorServer: Finished looking for orphan Actors (0.000 secs)
[2017.11.27-18.13.31:757][  0]Cmd: MAP CHECKDEP NOCLEARLOG
[2017.11.27-18.13.31:799][  0]MapCheck: Map check complete: 0 Error(s), 0 Warning(s), took 41.71ms to complete.
[2017.11.27-18.13.31:799][  0]LogFileHelpers: Loading map 'Template_Default' took 0.274
[2017.11.27-18.13.33:002][  0]LogCollectionManager: Loaded 0 collections in 0.001510 seconds
[2017.11.27-18.13.33:277][  0]LogFileCache: Scanning file cache for directory 'C:/Users/James/Documents/Unreal Projects/SwordGen/Saved/Collections/' took 0.01s
[2017.11.27-18.13.33:277][  0]LogFileCache: Scanning file cache for directory 'C:/Users/James/Documents/Unreal Projects/SwordGen/Content/Developers/James/Collections/' took 0.01s
[2017.11.27-18.13.33:277][  0]LogFileCache: Scanning file cache for directory 'C:/Users/James/Documents/Unreal Projects/SwordGen/Content/Collections/' took 0.01s
[2017.11.27-18.13.33:277][  0]LogCollectionManager: Rebuilt the GUID cache for 0 collections in 0.000000 seconds
[2017.11.27-18.13.33:287][  0]LogContentBrowser: Native class hierarchy populated in 0.0072 seconds. Added 2363 classes and 519 folders.
[2017.11.27-18.13.33:434][  0]LogContentBrowser: Native class hierarchy updated for 'WidgetCarousel' in 0.0002 seconds. Added 0 classes and 0 folders.
[2017.11.27-18.13.35:582][  0]LogContentBrowser: Native class hierarchy updated for 'AddContentDialog' in 0.0002 seconds. Added 0 classes and 0 folders.
[2017.11.27-18.13.35:841][  0]LogContentBrowser: Native class hierarchy updated for 'SceneOutliner' in 0.0003 seconds. Added 1 classes and 2 folders.
[2017.11.27-18.13.37:204][  0]LogSlate: Took 0.000285 seconds to synchronously load lazily loaded font '../../../Engine/Content/Slate/Fonts/Roboto-Regular.ttf' (155K)
[2017.11.27-18.13.37:228][  0]LogSlate: Took 0.000267 seconds to synchronously load lazily loaded font '../../../Engine/Content/Slate/Fonts/Roboto-Bold.ttf' (160K)
[2017.11.27-18.13.37:313][  0]LogSlate: Took 0.029952 seconds to synchronously load lazily loaded font '../../../Engine/Content/Editor/Slate/Fonts/FontAwesome.ttf' (139K)
[2017.11.27-18.13.37:607][  0]LogRenderer: Reallocating scene render targets to support 1208x576 Format 10 NumSamples 1 (Frame:1).
[2017.11.27-18.13.38:057][  0]LogContentBrowser: Native class hierarchy updated for 'HierarchicalLODOutliner' in 0.0003 seconds. Added 1 classes and 2 folders.
[2017.11.27-18.13.38:057][  0]LogLoad: (Engine Initialization) Total time: 20.93 seconds
[2017.11.27-18.13.38:057][  0]LogLoad: (Engine Initialization) Total Blueprint compile time: 0.00 seconds
[2017.11.27-18.13.38:057][  0]LogExternalProfiler: Found external profiler: VSPerf
[2017.11.27-18.13.38:057][  0]LogExternalProfiler: Using external profiler: VSPerf
[2017.11.27-18.13.38:066][  0]LogWindowsTextInputMethodSystem: Display: IME system now deactivated.
[2017.11.27-18.13.38:120][  0]LogContentStreaming: Texture pool size now 1000 MB
[2017.11.27-18.13.40:900][314]LogAssetRegistry: Asset discovery search completed in 17.2580 seconds
[2017.11.27-18.13.40:901][314]LogCollectionManager: Rebuilt the object cache for 0 collections in 0.000000 seconds (found 0 objects)
[2017.11.27-18.13.40:901][314]LogCollectionManager: Fixed up redirectors for 0 collections in 0.000039 seconds (updated 0 objects)
[2017.11.27-18.14.16:263][768]LogEditorActor: Deleted Actor: AtmosphericFog
[2017.11.27-18.14.16:316][768]LogEditorActor: Deleted 1 Actors (0.153 secs)
[2017.11.27-18.14.17:338][851]LogEditorActor: Deleted Actor: StaticMeshActor
[2017.11.27-18.14.17:347][851]LogEditorActor: Deleted 1 Actors (0.011 secs)
[2017.11.27-18.14.28:567][165]LogEditorActor: Deleted Actor: BP_Sky_Sphere_C
[2017.11.27-18.14.28:574][165]LogEditorActor: Deleted 1 Actors (0.007 secs)
[2017.11.27-18.14.32:242][605]Cmd: TRANSACTION UNDO
[2017.11.27-18.14.32:242][605]LogEditorTransaction: Undo Delete selection
[2017.11.27-18.14.32:260][605]LogSlate: Took 0.000243 seconds to synchronously load lazily loaded font '../../../Engine/Content/Slate/Fonts/Roboto-Light.ttf' (159K)
[2017.11.27-18.14.37:628][228]LogEditorActor: Deleted Actor: SphereReflectionCapture
[2017.11.27-18.14.37:635][228]LogEditorActor: Deleted 1 Actors (0.008 secs)
[2017.11.27-18.14.46:863][308]LogSlate: Took 0.000202 seconds to synchronously load lazily loaded font '../../../Engine/Content/Slate/Fonts/Roboto-Light.ttf' (159K)
[2017.11.27-18.15.27:732][308]LogSlate: Took 0.000224 seconds to synchronously load lazily loaded font '../../../Engine/Content/Slate/Fonts/Roboto-Light.ttf' (159K)
[2017.11.27-18.15.32:914][843]LogContentBrowser: Native class hierarchy updated for 'BlueprintGraph' in 0.0006 seconds. Added 116 classes and 0 folders.
[2017.11.27-18.15.33:768][843]LogSlate: Took 0.000198 seconds to synchronously load lazily loaded font '../../../Engine/Content/Slate/Fonts/Roboto-Regular.ttf' (155K)
[2017.11.27-18.15.34:334][843]LogRenderer: Reallocating scene render targets to support 1208x744 Format 10 NumSamples 1 (Frame:1).
[2017.11.27-18.18.41:688][857]LogSlate: Took 0.016705 seconds to synchronously load lazily loaded font '../../../Engine/Content/Editor/Slate/Fonts/Roboto-BoldCondensedItalic.ttf' (160K)
[2017.11.27-18.20.22:260][  8]LogSlate: Took 0.283258 seconds to synchronously load lazily loaded font '../../../Engine/Content/Editor/Slate/Fonts/Roboto-BoldCondensed.ttf' (158K)
[2017.11.27-18.23.56:996][983]LogSlate: Took 0.041730 seconds to synchronously load lazily loaded font '../../../Engine/Content/Editor/Slate/Fonts/Roboto-Italic.ttf' (157K)
[2017.11.27-18.26.24:320][334]Cmd: OBJ SAVEPACKAGE PACKAGE="/Temp/Untitled_1" FILE="C:/Users/James/Documents/Unreal Projects/SwordGen/Saved/Autosaves/Temp/Untitled_1_Auto1.umap" SILENT=true AUTOSAVING=true KEEPDIRTY=false
[2017.11.27-18.26.24:367][334]LogSavePackage: Save=46.46ms
[2017.11.27-18.26.24:367][334]LogSavePackage: Moving 'C:/Users/James/Documents/Unreal Projects/SwordGen/Saved/Untitled_1_Auto11F9D910E48C817C19B6F65A25F1172BD.tmp' to 'C:/Users/James/Documents/Unreal Projects/SwordGen/Saved/Autosaves/Temp/Untitled_1_Auto1.umap'
[2017.11.27-18.26.24:369][334]LogSavePackage: Display: Finished SavePackage C:/Users/James/Documents/Unreal Projects/SwordGen/Saved/Autosaves/Temp/Untitled_1_Auto1.umap
[2017.11.27-18.26.24:372][334]LogFileHelpers: Editor autosave (incl. sublevels) for '/Temp/Untitled_1' took 0.142
[2017.11.27-18.26.24:372][334]LogFileHelpers: Editor autosave (incl. sublevels) for all levels took 0.142
[2017.11.27-18.26.24:374][334]OBJ SavePackage: Generating thumbnails for [0] asset(s) in package [/Game/SwordGen] ([1] browsable assets)...
[2017.11.27-18.26.24:374][334]OBJ SavePackage: Finished generating thumbnails for package [/Game/SwordGen]
[2017.11.27-18.26.24:374][334]Cmd: OBJ SAVEPACKAGE PACKAGE="/Game/SwordGen" FILE="C:/Users/James/Documents/Unreal Projects/SwordGen/Saved/Autosaves/Game/SwordGen_Auto1.uasset" SILENT=false AUTOSAVING=true
[2017.11.27-18.26.24:397][334]LogSavePackage: Save=21.70ms
[2017.11.27-18.26.24:397][334]LogSavePackage: Moving 'C:/Users/James/Documents/Unreal Projects/SwordGen/Saved/SwordGen_Auto11A2F914B4F58E7D8CDFB63A0C388C4E6.tmp' to 'C:/Users/James/Documents/Unreal Projects/SwordGen/Saved/Autosaves/Game/SwordGen_Auto1.uasset'
[2017.11.27-18.26.24:399][334]LogSavePackage: Display: Finished SavePackage C:/Users/James/Documents/Unreal Projects/SwordGen/Saved/Autosaves/Game/SwordGen_Auto1.uasset
[2017.11.27-18.26.24:400][334]OBJ SavePackage: Generating thumbnails for [1] asset(s) in package [/Game/NewMaterial] ([1] browsable assets)...
[2017.11.27-18.26.24:417][334]OBJ SavePackage:     Rendered thumbnail for [Material /Game/NewMaterial.NewMaterial]
[2017.11.27-18.26.24:417][334]OBJ SavePackage: Finished generating thumbnails for package [/Game/NewMaterial]
[2017.11.27-18.26.24:417][334]Cmd: OBJ SAVEPACKAGE PACKAGE="/Game/NewMaterial" FILE="C:/Users/James/Documents/Unreal Projects/SwordGen/Saved/Autosaves/Game/NewMaterial_Auto1.uasset" SILENT=false AUTOSAVING=true
[2017.11.27-18.26.24:443][334]LogSavePackage: Save=24.49ms
[2017.11.27-18.26.24:443][334]LogSavePackage: Moving 'C:/Users/James/Documents/Unreal Projects/SwordGen/Saved/NewMaterial_Auto123A2397043F939AC293EE9A1935C4E0A.tmp' to 'C:/Users/James/Documents/Unreal Projects/SwordGen/Saved/Autosaves/Game/NewMaterial_Auto1.uasset'
[2017.11.27-18.26.24:445][334]LogSavePackage: Display: Finished SavePackage C:/Users/James/Documents/Unreal Projects/SwordGen/Saved/Autosaves/Game/NewMaterial_Auto1.uasset
[2017.11.27-18.26.24:445][334]LogFileHelpers: Auto-saving content packages took 0.072
[2017.11.27-18.26.38:398][945]Cmd: OBJ SAVEPACKAGE PACKAGE="/Game/SwordMat" FILE="C:/Users/James/Documents/Unreal Projects/SwordGen/Content/SwordMat.uasset" SILENT=true
[2017.11.27-18.26.38:407][945]LogSavePackage: Save=8.38ms
[2017.11.27-18.26.38:407][945]LogSavePackage: Moving 'C:/Users/James/Documents/Unreal Projects/SwordGen/Saved/SwordMat9A4FF1A04B9B79B2B1E3718CDF6A9D3D.tmp' to 'C:/Users/James/Documents/Unreal Projects/SwordGen/Content/SwordMat.uasset'
[2017.11.27-18.26.38:415][945]LogSavePackage: Display: Finished SavePackage C:/Users/James/Documents/Unreal Projects/SwordGen/Content/SwordMat.uasset
[2017.11.27-18.26.41:171][252]LogContentBrowser: Native class hierarchy updated for 'MaterialEditor' in 0.0003 seconds. Added 1 classes and 0 folders.
[2017.11.27-18.26.41:199][252]LogMaterial: Missing cached shader map for material SwordMat, compiling. 
[2017.11.27-18.26.41:709][252]LogMaterial: Missing cached shader map for material SwordMat, compiling. 
[2017.11.27-18.26.45:829][678]MaterialEditorStats: Base pass shader: 99 instructions
[2017.11.27-18.26.45:829][678]MaterialEditorStats: Base pass shader with Volumetric Lightmap: 172 instructions
[2017.11.27-18.26.45:829][678]MaterialEditorStats: Vertex shader: 29 instructions
[2017.11.27-18.26.45:829][678]MaterialEditorStats: Texture samplers: 2/16
[2017.11.27-18.27.49:486][176]LogMaterial: Missing cached shader map for material SwordMat, compiling. 
[2017.11.27-18.27.52:569][488]MaterialEditorStats: Base pass shader: 99 instructions
[2017.11.27-18.27.52:569][488]MaterialEditorStats: Base pass shader with Volumetric Lightmap: 172 instructions
[2017.11.27-18.27.52:569][488]MaterialEditorStats: Vertex shader: 29 instructions
[2017.11.27-18.27.52:569][488]MaterialEditorStats: Texture samplers: 2/16
[2017.11.27-18.27.56:178][913]LogMaterial: Missing cached shader map for material SwordMat, compiling. 
[2017.11.27-18.28.05:787][ 45]MaterialEditorStats: Base pass shader: 99 instructions
[2017.11.27-18.28.05:787][ 45]MaterialEditorStats: Base pass shader with Volumetric Lightmap: 172 instructions
[2017.11.27-18.28.05:787][ 45]MaterialEditorStats: Vertex shader: 29 instructions
[2017.11.27-18.28.05:787][ 45]MaterialEditorStats: Texture samplers: 2/16
[2017.11.27-18.28.23:291][113]LogMaterial: Missing cached shader map for material SwordMat, compiling. 
[2017.11.27-18.28.26:544][436]MaterialEditorStats: Base pass shader: 99 instructions
[2017.11.27-18.28.26:544][436]MaterialEditorStats: Base pass shader with Volumetric Lightmap: 172 instructions
[2017.11.27-18.28.26:544][436]MaterialEditorStats: Vertex shader: 29 instructions
[2017.11.27-18.28.26:544][436]MaterialEditorStats: Texture samplers: 2/16
[2017.11.27-18.28.43:791][447]LogMaterial: Missing cached shader map for material SwordMat, compiling. 
[2017.11.27-18.28.50:893][269]LogMaterial: Missing cached shader map for material SwordMat, compiling. 
[2017.11.27-18.28.50:905][269]LogMaterial: Missing cached shader map for material FMatExpressionPreview MaterialExpressionCustom_0, compiling. 
[2017.11.27-18.28.53:816][575]MaterialEditorStats: Base pass shader: 99 instructions
[2017.11.27-18.28.53:816][575]MaterialEditorStats: Base pass shader with Volumetric Lightmap: 172 instructions
[2017.11.27-18.28.53:816][575]MaterialEditorStats: Vertex shader: 29 instructions
[2017.11.27-18.28.53:816][575]MaterialEditorStats: Texture samplers: 2/16
[2017.11.27-18.29.04:543][815]LogMaterial: Missing cached shader map for material SwordMat, compiling. 
[2017.11.27-18.29.14:816][ 15]LogMaterial: Missing cached shader map for material SwordMat, compiling. 
[2017.11.27-18.29.17:526][311]MaterialEditorStats: Base pass shader: 99 instructions
[2017.11.27-18.29.17:526][311]MaterialEditorStats: Base pass shader with Volumetric Lightmap: 172 instructions
[2017.11.27-18.29.17:526][311]MaterialEditorStats: Vertex shader: 29 instructions
[2017.11.27-18.29.17:526][311]MaterialEditorStats: Texture samplers: 2/16
[2017.11.27-18.29.22:318][880]LogMaterial: Missing cached shader map for material SwordMat, compiling. 
[2017.11.27-18.29.25:673][165]MaterialEditorStats: Base pass shader: 99 instructions
[2017.11.27-18.29.25:673][165]MaterialEditorStats: Base pass shader with Volumetric Lightmap: 172 instructions
[2017.11.27-18.29.25:673][165]MaterialEditorStats: Vertex shader: 29 instructions
[2017.11.27-18.29.25:673][165]MaterialEditorStats: Texture samplers: 2/16
[2017.11.27-18.32.17:602][115]LogMaterial: Missing cached shader map for material SwordMat, compiling. 
[2017.11.27-18.32.17:614][115]LogMaterial: Missing cached shader map for material FMatExpressionPreview MaterialExpressionVectorParameter_0, compiling. 
[2017.11.27-18.32.20:186][384]MaterialEditorStats: Base pass shader: 99 instructions
[2017.11.27-18.32.20:186][384]MaterialEditorStats: Base pass shader with Volumetric Lightmap: 172 instructions
[2017.11.27-18.32.20:186][384]MaterialEditorStats: Vertex shader: 29 instructions
[2017.11.27-18.32.20:186][384]MaterialEditorStats: Texture samplers: 2/16
[2017.11.27-18.32.33:282][832]LogMaterial: Missing cached shader map for material SwordMat, compiling. 
[2017.11.27-18.32.33:297][832]LogMaterial: Missing cached shader map for material FMatExpressionPreview MaterialExpressionVectorParameter_0, compiling. 
[2017.11.27-18.32.34:816][984]LogMaterial: Missing cached shader map for material SwordMat, compiling. 
[2017.11.27-18.32.34:834][984]LogMaterial: Missing cached shader map for material FMatExpressionPreview MaterialExpressionVectorParameter_0, compiling. 
[2017.11.27-18.32.37:394][250]MaterialEditorStats: Base pass shader: 99 instructions
[2017.11.27-18.32.37:394][250]MaterialEditorStats: Base pass shader with Volumetric Lightmap: 172 instructions
[2017.11.27-18.32.37:394][250]MaterialEditorStats: Vertex shader: 29 instructions
[2017.11.27-18.32.37:394][250]MaterialEditorStats: Texture samplers: 2/16
[2017.11.27-18.32.56:767][530]LogMaterial: Missing cached shader map for material SwordMat, compiling. 
[2017.11.27-18.32.56:783][530]LogMaterial: Missing cached shader map for material FMatExpressionPreview MaterialExpressionVectorParameter_0, compiling. 
[2017.11.27-18.32.58:419][698]LogMaterial: Missing cached shader map for material SwordMat, compiling. 
[2017.11.27-18.32.58:442][698]LogMaterial: Missing cached shader map for material FMatExpressionPreview MaterialExpressionVectorParameter_0, compiling. 
[2017.11.27-18.33.00:028][854]LogMaterial: Missing cached shader map for material SwordMat, compiling. 
[2017.11.27-18.33.00:044][854]LogMaterial: Missing cached shader map for material FMatExpressionPreview MaterialExpressionVectorParameter_0, compiling. 
[2017.11.27-18.33.03:193][181]MaterialEditorStats: Base pass shader: 99 instructions
[2017.11.27-18.33.03:193][181]MaterialEditorStats: Base pass shader with Volumetric Lightmap: 172 instructions
[2017.11.27-18.33.03:193][181]MaterialEditorStats: Vertex shader: 29 instructions
[2017.11.27-18.33.03:193][181]MaterialEditorStats: Texture samplers: 2/16
[2017.11.27-18.33.17:163][778]LogMaterial: Missing cached shader map for material SwordMat, compiling. 
[2017.11.27-18.33.17:178][778]LogMaterial: Missing cached shader map for material FMatExpressionPreview MaterialExpressionVectorParameter_0, compiling. 
[2017.11.27-18.33.19:774][ 44]MaterialEditorStats: Base pass shader: 99 instructions
[2017.11.27-18.33.19:775][ 44]MaterialEditorStats: Base pass shader with Volumetric Lightmap: 172 instructions
[2017.11.27-18.33.19:775][ 44]MaterialEditorStats: Vertex shader: 29 instructions
[2017.11.27-18.33.19:775][ 44]MaterialEditorStats: Texture samplers: 2/16
[2017.11.27-18.33.27:088][870]LogMaterial: Missing cached shader map for material SwordMat, compiling. 
[2017.11.27-18.33.27:104][870]LogMaterial: Missing cached shader map for material FMatExpressionPreview MaterialExpressionVectorParameter_0, compiling. 
[2017.11.27-18.33.28:672][ 30]LogMaterial: Missing cached shader map for material SwordMat, compiling. 
[2017.11.27-18.33.28:691][ 30]LogMaterial: Missing cached shader map for material FMatExpressionPreview MaterialExpressionVectorParameter_0, compiling. 
[2017.11.27-18.33.31:356][307]MaterialEditorStats: Base pass shader: 99 instructions
[2017.11.27-18.33.31:356][307]MaterialEditorStats: Base pass shader with Volumetric Lightmap: 172 instructions
[2017.11.27-18.33.31:356][307]MaterialEditorStats: Vertex shader: 29 instructions
[2017.11.27-18.33.31:356][307]MaterialEditorStats: Texture samplers: 2/16
[2017.11.27-18.33.37:628][ 31]LogMaterial: Missing cached shader map for material SwordMat, compiling. 
[2017.11.27-18.33.37:666][ 31]LogMaterial: Missing cached shader map for material FMatExpressionPreview MaterialExpressionVectorParameter_0, compiling. 
[2017.11.27-18.33.37:669][ 31]LogMaterial: Missing cached shader map for material FMatExpressionPreview MaterialExpressionVectorParameter_1, compiling. 
[2017.11.27-18.33.40:397][322]MaterialEditorStats: Base pass shader: 99 instructions
[2017.11.27-18.33.40:397][322]MaterialEditorStats: Base pass shader with Volumetric Lightmap: 172 instructions
[2017.11.27-18.33.40:397][322]MaterialEditorStats: Vertex shader: 29 instructions
[2017.11.27-18.33.40:397][322]MaterialEditorStats: Texture samplers: 2/16
[2017.11.27-18.33.42:331][545]LogMaterial: Missing cached shader map for material SwordMat, compiling. 
[2017.11.27-18.33.42:368][545]LogMaterial: Missing cached shader map for material FMatExpressionPreview MaterialExpressionVectorParameter_1, compiling. 
[2017.11.27-18.33.42:371][545]LogMaterial: Missing cached shader map for material FMatExpressionPreview MaterialExpressionVectorParameter_2, compiling. 
[2017.11.27-18.33.44:766][798]MaterialEditorStats: Base pass shader: 99 instructions
[2017.11.27-18.33.44:766][798]MaterialEditorStats: Base pass shader with Volumetric Lightmap: 172 instructions
[2017.11.27-18.33.44:766][798]MaterialEditorStats: Vertex shader: 29 instructions
[2017.11.27-18.33.44:766][798]MaterialEditorStats: Texture samplers: 2/16
[2017.11.27-18.34.14:208][107]LogMaterial: Missing cached shader map for material SwordMat, compiling. 
[2017.11.27-18.34.14:223][107]LogMaterial: Missing cached shader map for material FMatExpressionPreview MaterialExpressionVectorParameter_1, compiling. 
[2017.11.27-18.34.14:252][107]LogMaterial: Missing cached shader map for material FMatExpressionPreview MaterialExpressionVectorParameter_2, compiling. 
[2017.11.27-18.34.15:116][190]LogMaterial: Missing cached shader map for material SwordMat, compiling. 
[2017.11.27-18.34.15:133][190]LogMaterial: Missing cached shader map for material FMatExpressionPreview MaterialExpressionVectorParameter_1, compiling. 
[2017.11.27-18.34.15:198][194]LogMaterial: Missing cached shader map for material SwordMat, compiling. 
[2017.11.27-18.34.15:215][194]LogMaterial: Missing cached shader map for material FMatExpressionPreview MaterialExpressionVectorParameter_1, compiling. 
[2017.11.27-18.34.18:365][498]MaterialEditorStats: Base pass shader: 99 instructions
[2017.11.27-18.34.18:365][498]MaterialEditorStats: Base pass shader with Volumetric Lightmap: 172 instructions
[2017.11.27-18.34.18:365][498]MaterialEditorStats: Vertex shader: 29 instructions
[2017.11.27-18.34.18:365][498]MaterialEditorStats: Texture samplers: 2/16
[2017.11.27-18.34.19:675][638]LogMaterial: Missing cached shader map for material SwordMat, compiling. 
[2017.11.27-18.34.19:689][638]LogMaterial: Missing cached shader map for material FMatExpressionPreview MaterialExpressionVectorParameter_2, compiling. 
[2017.11.27-18.34.20:805][745]LogMaterial: Missing cached shader map for material SwordMat, compiling. 
[2017.11.27-18.34.20:825][745]LogMaterial: Missing cached shader map for material FMatExpressionPreview MaterialExpressionVectorParameter_2, compiling. 
[2017.11.27-18.34.20:921][752]LogMaterial: Missing cached shader map for material SwordMat, compiling. 
[2017.11.27-18.34.20:940][752]LogMaterial: Missing cached shader map for material FMatExpressionPreview MaterialExpressionVectorParameter_2, compiling. 
[2017.11.27-18.34.23:937][ 59]MaterialEditorStats: Base pass shader: 99 instructions
[2017.11.27-18.34.23:937][ 59]MaterialEditorStats: Base pass shader with Volumetric Lightmap: 172 instructions
[2017.11.27-18.34.23:937][ 59]MaterialEditorStats: Vertex shader: 29 instructions
[2017.11.27-18.34.23:937][ 59]MaterialEditorStats: Texture samplers: 2/16
[2017.11.27-18.36.59:810][312]LogMaterial: Missing cached shader map for material SwordMat, compiling. 
[2017.11.27-18.36.59:822][312]LogMaterial: Missing cached shader map for material FMatExpressionPreview MaterialExpressionCustom_1, compiling. 
[2017.11.27-18.37.02:696][613]MaterialEditorStats: Base pass shader: 99 instructions
[2017.11.27-18.37.02:696][613]MaterialEditorStats: Base pass shader with Volumetric Lightmap: 172 instructions
[2017.11.27-18.37.02:696][613]MaterialEditorStats: Vertex shader: 29 instructions
[2017.11.27-18.37.02:696][613]MaterialEditorStats: Texture samplers: 2/16
[2017.11.27-18.37.18:956][423]LogMaterial: Missing cached shader map for material PreviewMaterial_0, compiling. 
[2017.11.27-18.37.18:960][423]LogMaterial: Missing cached shader map for material SwordMat, compiling. 
[2017.11.27-18.37.22:293][766]LogMaterial: Missing cached shader map for material SwordMat, compiling. 
[2017.11.27-18.37.29:590][548]MaterialEditorStats: Base pass shader: 99 instructions
[2017.11.27-18.37.29:590][548]MaterialEditorStats: Base pass shader with Volumetric Lightmap: 172 instructions
[2017.11.27-18.37.29:590][548]MaterialEditorStats: Vertex shader: 29 instructions
[2017.11.27-18.37.29:590][548]MaterialEditorStats: Texture samplers: 2/16
[2017.11.27-18.37.33:438][831]LogMaterial: Missing cached shader map for material SwordMat, compiling. 
[2017.11.27-18.37.38:251][298]MaterialEditorStats: Base pass shader: 99 instructions
[2017.11.27-18.37.38:251][298]MaterialEditorStats: Base pass shader with Volumetric Lightmap: 172 instructions
[2017.11.27-18.37.38:251][298]MaterialEditorStats: Vertex shader: 29 instructions
[2017.11.27-18.37.38:251][298]MaterialEditorStats: Texture samplers: 2/16
[2017.11.27-18.38.01:880][571]LogFileHelpers: Editor autosave (incl. sublevels) for '/Temp/Untitled_1' took 0.024
[2017.11.27-18.38.01:882][571]OBJ SavePackage: Generating thumbnails for [0] asset(s) in package [/Game/SwordGen] ([1] browsable assets)...
[2017.11.27-18.38.01:882][571]OBJ SavePackage: Finished generating thumbnails for package [/Game/SwordGen]
[2017.11.27-18.38.01:882][571]Cmd: OBJ SAVEPACKAGE PACKAGE="/Game/SwordGen" FILE="C:/Users/James/Documents/Unreal Projects/SwordGen/Saved/Autosaves/Game/SwordGen_Auto2.uasset" SILENT=false AUTOSAVING=true
[2017.11.27-18.38.01:899][571]LogSavePackage: Save=12.10ms
[2017.11.27-18.38.01:899][571]LogSavePackage: Moving 'C:/Users/James/Documents/Unreal Projects/SwordGen/Saved/SwordGen_Auto2FA445A1A4D02D6A01C2BB79BBB3BE80A.tmp' to 'C:/Users/James/Documents/Unreal Projects/SwordGen/Saved/Autosaves/Game/SwordGen_Auto2.uasset'
[2017.11.27-18.38.01:901][571]LogSavePackage: Display: Finished SavePackage C:/Users/James/Documents/Unreal Projects/SwordGen/Saved/Autosaves/Game/SwordGen_Auto2.uasset
[2017.11.27-18.38.01:901][571]LogFileHelpers: Auto-saving content packages took 0.021
[2017.11.27-18.38.42:237][  8]LogMaterial: Missing cached shader map for material SwordMat, compiling. 
[2017.11.27-18.38.42:292][  9]LogMaterial: Missing cached shader map for material Material_0, compiling. 
[2017.11.27-18.38.46:204][388]MaterialEditorStats: Base pass shader: 99 instructions
[2017.11.27-18.38.46:204][388]MaterialEditorStats: Base pass shader with Volumetric Lightmap: 172 instructions
[2017.11.27-18.38.46:204][388]MaterialEditorStats: Vertex shader: 29 instructions
[2017.11.27-18.38.46:204][388]MaterialEditorStats: Texture samplers: 2/16
[2017.11.27-18.38.57:328][618]LogMaterial: Missing cached shader map for material SwordMat, compiling. 
[2017.11.27-18.39.08:939][881]MaterialEditorStats: Base pass shader: 99 instructions
[2017.11.27-18.39.08:939][881]MaterialEditorStats: Base pass shader with Volumetric Lightmap: 172 instructions
[2017.11.27-18.39.08:939][881]MaterialEditorStats: Vertex shader: 29 instructions
[2017.11.27-18.39.08:939][881]MaterialEditorStats: Texture samplers: 2/16
[2017.11.27-18.51.18:898][904]LogMaterial: Missing cached shader map for material SwordMat, compiling. 
[2017.11.27-18.51.18:944][904]LogMaterial: Missing cached shader map for material SwordMat, compiling. 
[2017.11.27-18.51.18:965][904]LogMaterial: Missing cached shader map for material SwordMat, compiling. 
[2017.11.27-18.51.19:015][904]LogMaterial: Missing cached shader map for material FDebugViewModeMaterialProxy SwordMat, compiling. 
[2017.11.27-18.51.20:063][904]TextureStreamingBuild: Display: Compiling optional shaders took 1.067 seconds.
[2017.11.27-18.51.34:285][ 24]Cmd: OBJ SAVEPACKAGE PACKAGE="/Game/map" FILE="C:/Users/James/Documents/Unreal Projects/SwordGen/Content/map.umap" SILENT=true AUTOSAVING=false KEEPDIRTY=false
[2017.11.27-18.51.34:316][ 24]LogSavePackage: Save=14.55ms
[2017.11.27-18.51.34:316][ 24]LogSavePackage: Moving 'C:/Users/James/Documents/Unreal Projects/SwordGen/Saved/map3D6EF9444EE37BC993545BAE63C5908A.tmp' to 'C:/Users/James/Documents/Unreal Projects/SwordGen/Content/map.umap'
[2017.11.27-18.51.34:320][ 24]LogSavePackage: Display: Finished SavePackage C:/Users/James/Documents/Unreal Projects/SwordGen/Content/map.umap
[2017.11.27-18.51.34:330][ 24]Cmd: OBJ SAVEPACKAGE PACKAGE="/Game/map_BuiltData" FILE="C:/Users/James/Documents/Unreal Projects/SwordGen/Content/map_BuiltData.uasset" SILENT=true
[2017.11.27-18.51.34:339][ 24]LogSavePackage: Save=8.02ms
[2017.11.27-18.51.34:339][ 24]LogSavePackage: Moving 'C:/Users/James/Documents/Unreal Projects/SwordGen/Saved/map_BuiltDataF5305DEE4B106F5A12B9458DA957B9BC.tmp' to 'C:/Users/James/Documents/Unreal Projects/SwordGen/Content/map_BuiltData.uasset'
[2017.11.27-18.51.34:340][ 24]LogSavePackage: Display: Finished SavePackage C:/Users/James/Documents/Unreal Projects/SwordGen/Content/map_BuiltData.uasset
[2017.11.27-18.51.34:344][ 24]LogFileHelpers: Saving map 'map' took 0.126
[2017.11.27-18.51.40:508][514]Cmd: OBJ SAVEPACKAGE PACKAGE="/Game/SwordGen" FILE="C:/Users/James/Documents/Unreal Projects/SwordGen/Content/SwordGen.uasset" SILENT=true
[2017.11.27-18.51.40:520][514]LogSavePackage: Save=10.54ms
[2017.11.27-18.51.40:520][514]LogSavePackage: Moving 'C:/Users/James/Documents/Unreal Projects/SwordGen/Saved/SwordGen20665D9340765148E7720FBE908685A0.tmp' to 'C:/Users/James/Documents/Unreal Projects/SwordGen/Content/SwordGen.uasset'
[2017.11.27-18.51.40:524][514]LogSavePackage: Display: Finished SavePackage C:/Users/James/Documents/Unreal Projects/SwordGen/Content/SwordGen.uasset
[2017.11.27-18.51.40:539][514]Cmd: OBJ SAVEPACKAGE PACKAGE="/Game/SwordMat" FILE="C:/Users/James/Documents/Unreal Projects/SwordGen/Content/SwordMat.uasset" SILENT=true
[2017.11.27-18.51.40:560][514]LogSavePackage: Save=15.60ms
[2017.11.27-18.51.40:560][514]LogSavePackage: Moving 'C:/Users/James/Documents/Unreal Projects/SwordGen/Saved/SwordMat9EAC694D45E1C5C746356E9429B829F5.tmp' to 'C:/Users/James/Documents/Unreal Projects/SwordGen/Content/SwordMat.uasset'
[2017.11.27-18.51.40:563][514]LogSavePackage: Display: Finished SavePackage C:/Users/James/Documents/Unreal Projects/SwordGen/Content/SwordMat.uasset
[2017.11.27-18.51.40:601][514]LogWindowsTextInputMethodSystem: Display: IME system now deactivated.
[2017.11.27-18.51.40:783][515]Cmd: QUIT_EDITOR
[2017.11.27-18.51.40:801][515]LogExit: Preparing to exit.
[2017.11.27-18.51.41:151][515]LogExit: Editor shut down
[2017.11.27-18.51.41:158][515]LogExit: Transaction tracking system shut down
[2017.11.27-18.51.41:277][515]LogDirectoryWatcher: A directory notification for '../../../Engine/Content/' was aborted.
[2017.11.27-18.51.41:277][515]LogDirectoryWatcher: A directory notification for 'C:/Users/James/Documents/Unreal Projects/SwordGen/Content/' was aborted.
[2017.11.27-18.51.41:277][515]LogDirectoryWatcher: A directory notification for '../../../Engine/Plugins/2D/Paper2D/Content/' was aborted.
[2017.11.27-18.51.41:277][515]LogDirectoryWatcher: A directory notification for '../../../Engine/Plugins/Media/MediaCompositing/Content/' was aborted.
[2017.11.27-18.51.41:277][515]LogDirectoryWatcher: A directory notification for '../../../Engine/Plugins/Runtime/AppleARKit/Content/' was aborted.
[2017.11.27-18.51.41:277][515]LogDirectoryWatcher: A directory notification for '../../../Engine/Plugins/Runtime/Oculus/OculusVR/Content/' was aborted.
[2017.11.27-18.51.41:277][515]LogDirectoryWatcher: A directory notification for '../../../Engine/Plugins/Runtime/Steam/SteamVR/Content/' was aborted.
[2017.11.27-18.51.41:343][515]LogExit: Object subsystem successfully closed.
[2017.11.27-18.51.41:355][515]LogD3D11RHI: Shutdown
[2017.11.27-18.51.41:355][515]LogD3D11RHI: CleanupD3DDevice
[2017.11.27-18.51.41:358][515]LogD3D11RHI: ~FD3D11DynamicRHI
[2017.11.27-18.51.41:369][515]LogModuleManager: Shutting down and abandoning module MaterialEditor (554)
[2017.11.27-18.51.41:369][515]LogModuleManager: Shutting down and abandoning module BlueprintGraph (552)
[2017.11.27-18.51.41:369][515]LogModuleManager: Shutting down and abandoning module HierarchicalLODOutliner (550)
[2017.11.27-18.51.41:369][515]LogModuleManager: Shutting down and abandoning module SceneOutliner (548)
[2017.11.27-18.51.41:369][515]LogModuleManager: Shutting down and abandoning module AddContentDialog (546)
[2017.11.27-18.51.41:369][515]LogDirectoryWatcher: A directory notification for 'D:/Epic Games/UE_4.18/FeaturePacks/' was aborted.
[2017.11.27-18.51.41:370][515]LogModuleManager: Shutting down and abandoning module WidgetCarousel (545)
[2017.11.27-18.51.41:370][515]LogModuleManager: Shutting down and abandoning module EditorWidgets (542)
[2017.11.27-18.51.41:370][515]LogModuleManager: Shutting down and abandoning module CollectionManager (540)
[2017.11.27-18.51.41:370][515]LogDirectoryWatcher: A directory notification for 'C:/Users/James/Documents/Unreal Projects/SwordGen/Content/Collections/' was aborted.
[2017.11.27-18.51.41:370][515]LogDirectoryWatcher: A directory notification for 'C:/Users/James/Documents/Unreal Projects/SwordGen/Content/Developers/James/Collections/' was aborted.
[2017.11.27-18.51.41:370][515]LogDirectoryWatcher: A directory notification for 'C:/Users/James/Documents/Unreal Projects/SwordGen/Saved/Collections/' was aborted.
[2017.11.27-18.51.41:370][515]LogModuleManager: Shutting down and abandoning module HierarchicalLODUtilities (538)
[2017.11.27-18.51.41:370][515]LogModuleManager: Shutting down and abandoning module StatsViewer (536)
[2017.11.27-18.51.41:370][515]LogModuleManager: Shutting down and abandoning module FoliageEdit (534)
[2017.11.27-18.51.41:370][515]LogModuleManager: Shutting down and abandoning module LandscapeEditor (532)
[2017.11.27-18.51.41:370][515]LogModuleManager: Shutting down and abandoning module MeshPaintMode (530)
[2017.11.27-18.51.41:371][515]LogModuleManager: Shutting down and abandoning module SceneDepthPickerMode (528)
[2017.11.27-18.51.41:371][515]LogModuleManager: Shutting down and abandoning module ActorPickerMode (526)
[2017.11.27-18.51.41:371][515]LogModuleManager: Shutting down and abandoning module GeometryMode (524)
[2017.11.27-18.51.41:371][515]LogModuleManager: Shutting down and abandoning module TextureAlignMode (522)
[2017.11.27-18.51.41:371][515]LogModuleManager: Shutting down and abandoning module BspMode (520)
[2017.11.27-18.51.41:371][515]LogModuleManager: Shutting down and abandoning module PIEPreviewDeviceProfileSelector (518)
[2017.11.27-18.51.41:371][515]LogModuleManager: Shutting down and abandoning module HardwareSurvey (516)
[2017.11.27-18.51.41:371][515]LogModuleManager: Shutting down and abandoning module SequenceRecorderSections (514)
[2017.11.27-18.51.41:371][515]LogModuleManager: Shutting down and abandoning module AutomationWorker (512)
[2017.11.27-18.51.41:371][515]LogModuleManager: Shutting down and abandoning module MatineeToLevelSequence (510)
[2017.11.27-18.51.41:371][515]LogModuleManager: Shutting down and abandoning module LevelSequenceEditor (508)
[2017.11.27-18.51.41:371][515]LogModuleManager: Shutting down and abandoning module PlacementMode (507)
[2017.11.27-18.51.41:371][515]LogModuleManager: Shutting down and abandoning module WmfMediaFactory (504)
[2017.11.27-18.51.41:371][515]LogModuleManager: Shutting down and abandoning module WmfMediaEditor (502)
[2017.11.27-18.51.41:371][515]LogModuleManager: Shutting down and abandoning module OpenExrWrapper (500)
[2017.11.27-18.51.41:371][515]LogModuleManager: Shutting down and abandoning module ImgMediaFactory (498)
[2017.11.27-18.51.41:371][515]LogModuleManager: Shutting down and abandoning module ImgMediaEditor (496)
[2017.11.27-18.51.41:371][515]LogModuleManager: Shutting down and abandoning module AvfMediaFactory (494)
[2017.11.27-18.51.41:371][515]LogModuleManager: Shutting down and abandoning module AvfMediaEditor (492)
[2017.11.27-18.51.41:371][515]LogModuleManager: Shutting down and abandoning module AndroidMediaFactory (490)
[2017.11.27-18.51.41:371][515]LogModuleManager: Shutting down and abandoning module AndroidMediaEditor (488)
[2017.11.27-18.51.41:371][515]LogModuleManager: Shutting down and abandoning module CharacterAI (486)
[2017.11.27-18.51.41:371][515]LogModuleManager: Shutting down and abandoning module AudioCapture (484)
[2017.11.27-18.51.41:371][515]LogModuleManager: Shutting down and abandoning module SequenceRecorder (483)
[2017.11.27-18.51.41:371][515]LogModuleManager: Shutting down and abandoning module SmartSnapping (480)
[2017.11.27-18.51.41:371][515]LogModuleManager: Shutting down and abandoning module SessionServices (478)
[2017.11.27-18.51.41:371][515]LogModuleManager: Shutting down and abandoning module ViewportSnapping (476)
[2017.11.27-18.51.41:371][515]LogModuleManager: Shutting down and abandoning module ViewportInteraction (474)
[2017.11.27-18.51.41:371][515]LogModuleManager: Shutting down and abandoning module ClothPainter (472)
[2017.11.27-18.51.41:371][515]LogModuleManager: Shutting down and abandoning module SkeletalMeshEditor (471)
[2017.11.27-18.51.41:371][515]LogModuleManager: Shutting down and abandoning module LogVisualizer (468)
[2017.11.27-18.51.41:371][515]LogModuleManager: Shutting down and abandoning module IntroTutorials (466)
[2017.11.27-18.51.41:371][515]LogModuleManager: Shutting down and abandoning module GameProjectGeneration (465)
[2017.11.27-18.51.41:371][515]LogModuleManager: Shutting down and abandoning module IOSPlatformEditor (462)
[2017.11.27-18.51.41:371][515]LogModuleManager: Shutting down and abandoning module HTML5PlatformEditor (460)
[2017.11.27-18.51.41:371][515]LogModuleManager: Shutting down and abandoning module AndroidPlatformEditor (458)
[2017.11.27-18.51.41:371][515]LogModuleManager: Shutting down and abandoning module AndroidDeviceDetection (457)
[2017.11.27-18.51.42:055][515]LogModuleManager: Shutting down and abandoning module WindowsPlatformEditor (454)
[2017.11.27-18.51.42:055][515]LogModuleManager: Shutting down and abandoning module IOSRuntimeSettings (452)
[2017.11.27-18.51.42:055][515]LogModuleManager: Shutting down and abandoning module AndroidRuntimeSettings (450)
[2017.11.27-18.51.42:055][515]LogModuleManager: Shutting down and abandoning module InputBindingEditor (448)
[2017.11.27-18.51.42:055][515]LogModuleManager: Shutting down and abandoning module MergeActors (446)
[2017.11.27-18.51.42:055][515]LogModuleManager: Shutting down and abandoning module SizeMap (444)
[2017.11.27-18.51.42:055][515]LogModuleManager: Shutting down and abandoning module TreeMap (442)
[2017.11.27-18.51.42:055][515]LogModuleManager: Shutting down and abandoning module ReferenceViewer (440)
[2017.11.27-18.51.42:055][515]LogModuleManager: Shutting down and abandoning module LocalizationDashboard (438)
[2017.11.27-18.51.42:055][515]LogModuleManager: Shutting down and abandoning module LocalizationService (437)
[2017.11.27-18.51.42:055][515]LogModuleManager: Shutting down and abandoning module HardwareTargeting (434)
[2017.11.27-18.51.42:055][515]LogModuleManager: Shutting down and abandoning module DeviceProfileEditor (432)
[2017.11.27-18.51.42:055][515]LogModuleManager: Shutting down and abandoning module UndoHistory (430)
[2017.11.27-18.51.42:055][515]LogModuleManager: Shutting down and abandoning module XmlParser (428)
[2017.11.27-18.51.42:055][515]LogModuleManager: Shutting down and abandoning module Blutility (426)
[2017.11.27-18.51.42:055][515]LogModuleManager: Shutting down and abandoning module ProjectSettingsViewer (424)
[2017.11.27-18.51.42:055][515]LogModuleManager: Shutting down and abandoning module ProjectTargetPlatformEditor (423)
[2017.11.27-18.51.42:055][515]LogModuleManager: Shutting down and abandoning module EditorSettingsViewer (420)
[2017.11.27-18.51.42:055][515]LogModuleManager: Shutting down and abandoning module SettingsEditor (418)
[2017.11.27-18.51.42:055][515]LogModuleManager: Shutting down and abandoning module ProjectLauncher (416)
[2017.11.27-18.51.42:055][515]LogModuleManager: Shutting down and abandoning module SessionFrontend (414)
[2017.11.27-18.51.42:055][515]LogModuleManager: Shutting down and abandoning module ProfilerClient (412)
[2017.11.27-18.51.42:055][515]LogModuleManager: Shutting down and abandoning module DeviceManager (410)
[2017.11.27-18.51.42:055][515]LogModuleManager: Shutting down and abandoning module TargetDeviceServices (409)
[2017.11.27-18.51.42:108][515]LogModuleManager: Shutting down and abandoning module AutomationController (406)
[2017.11.27-18.51.42:108][515]LogModuleManager: Shutting down and abandoning module AutomationWindow (404)
[2017.11.27-18.51.42:108][515]LogModuleManager: Shutting down and abandoning module Layers (402)
[2017.11.27-18.51.42:108][515]LogModuleManager: Shutting down and abandoning module ComponentVisualizers (400)
[2017.11.27-18.51.42:108][515]LogModuleManager: Shutting down and abandoning module DetailCustomizations (398)
[2017.11.27-18.51.42:108][515]LogModuleManager: Shutting down and abandoning module PackagesDialog (396)
[2017.11.27-18.51.42:108][515]LogModuleManager: Shutting down and abandoning module Persona (394)
[2017.11.27-18.51.42:108][515]LogModuleManager: Shutting down and abandoning module AdvancedPreviewScene (393)
[2017.11.27-18.51.42:108][515]LogModuleManager: Shutting down and abandoning module AnimGraph (391)
[2017.11.27-18.51.42:108][515]LogModuleManager: Shutting down and abandoning module Kismet (388)
[2017.11.27-18.51.42:113][515]LogModuleManager: Shutting down and abandoning module ClassViewer (386)
[2017.11.27-18.51.42:114][515]LogModuleManager: Shutting down and abandoning module Toolbox (384)
[2017.11.27-18.51.42:114][515]LogModuleManager: Shutting down and abandoning module ModuleUI (382)
[2017.11.27-18.51.42:114][515]LogModuleManager: Shutting down and abandoning module MovieSceneTools (380)
[2017.11.27-18.51.42:114][515]LogModuleManager: Shutting down and abandoning module OutputLog (378)
[2017.11.27-18.51.42:114][515]LogModuleManager: Shutting down and abandoning module GammaUI (376)
[2017.11.27-18.51.42:114][515]LogModuleManager: Shutting down and abandoning module Documentation (374)
[2017.11.27-18.51.42:114][515]LogModuleManager: Shutting down and abandoning module MovieSceneTracks (372)
[2017.11.27-18.51.42:114][515]LogModuleManager: Shutting down and abandoning module MovieScene (370)
[2017.11.27-18.51.42:114][515]LogModuleManager: Shutting down and abandoning module StreamingPauseRendering (368)
[2017.11.27-18.51.42:114][515]LogModuleManager: Shutting down and abandoning module LauncherPlatform (366)
[2017.11.27-18.51.42:114][515]LogModuleManager: Shutting down and abandoning module AnalyticsET (364)
[2017.11.27-18.51.42:114][515]LogModuleManager: Shutting down and abandoning module PortalServices (362)
[2017.11.27-18.51.42:114][515]LogModuleManager: Shutting down and abandoning module PortalRpc (360)
[2017.11.27-18.51.42:114][515]LogModuleManager: Shutting down and abandoning module MessagingRpc (358)
[2017.11.27-18.51.42:114][515]LogModuleManager: Shutting down and abandoning module AIModule (356)
[2017.11.27-18.51.42:114][515]LogModuleManager: Shutting down and abandoning module GameplayDebugger (355)
[2017.11.27-18.51.42:114][515]LogModuleManager: Shutting down and abandoning module AITestSuite (353)
[2017.11.27-18.51.42:114][515]LogModuleManager: Shutting down and abandoning module DesktopPlatform (350)
[2017.11.27-18.51.42:114][515]LogModuleManager: Shutting down and abandoning module ProfilerService (348)
[2017.11.27-18.51.42:116][515]LogModuleManager: Shutting down and abandoning module TaskGraph (346)
[2017.11.27-18.51.42:116][515]LogModuleManager: Shutting down and abandoning module SteamVRController (344)
[2017.11.27-18.51.42:116][515]LogModuleManager: Shutting down and abandoning module ProceduralMeshComponentEditor (342)
[2017.11.27-18.51.42:116][515]LogModuleManager: Shutting down and abandoning module ProceduralMeshComponent (340)
[2017.11.27-18.51.42:116][515]LogModuleManager: Shutting down and abandoning module OculusInput (338)
[2017.11.27-18.51.42:116][515]LogModuleManager: Shutting down and abandoning module MobilePatchingUtils (336)
[2017.11.27-18.51.42:116][515]LogModuleManager: Shutting down and abandoning module CustomMeshComponent (334)
[2017.11.27-18.51.42:116][515]LogModuleManager: Shutting down and abandoning module CableComponent (332)
[2017.11.27-18.51.42:116][515]LogModuleManager: Shutting down and abandoning module ArchVisCharacter (330)
[2017.11.27-18.51.42:116][515]LogModuleManager: Shutting down and abandoning module AndroidPermission (328)
[2017.11.27-18.51.42:116][515]LogModuleManager: Shutting down and abandoning module ActorSequence (324)
[2017.11.27-18.51.42:116][515]LogModuleManager: Shutting down and abandoning module MediaPlayerEditor (322)
[2017.11.27-18.51.42:116][515]LogModuleManager: Shutting down and abandoning module MediaCompositingEditor (320)
[2017.11.27-18.51.42:116][515]LogModuleManager: Shutting down and abandoning module MediaCompositing (318)
[2017.11.27-18.51.42:116][515]LogModuleManager: Shutting down and abandoning module HTML5Networking (316)
[2017.11.27-18.51.42:116][515]LogModuleManager: Shutting down and abandoning module AlembicImporter (314)
[2017.11.27-18.51.42:116][515]LogModuleManager: Shutting down and abandoning module AlembicLibrary (313)
[2017.11.27-18.51.42:116][515]LogModuleManager: Shutting down and abandoning module GeometryCache (312)
[2017.11.27-18.51.42:116][515]LogModuleManager: Shutting down and abandoning module GeometryCacheEd (311)
[2017.11.27-18.51.42:116][515]LogModuleManager: Shutting down and abandoning module SpeedTreeImporter (306)
[2017.11.27-18.51.42:116][515]LogModuleManager: Shutting down and abandoning module PluginBrowser (304)
[2017.11.27-18.51.42:116][515]LogModuleManager: Shutting down and abandoning module MobileLauncherProfileWizard (302)
[2017.11.27-18.51.42:116][515]LogModuleManager: Shutting down and abandoning module VisualStudioSourceCodeAccess (300)
[2017.11.27-18.51.42:116][515]LogModuleManager: Shutting down and abandoning module VisualStudioCodeSourceCodeAccess (298)
[2017.11.27-18.51.42:116][515]LogModuleManager: Shutting down and abandoning module UObjectPlugin (296)
[2017.11.27-18.51.42:116][515]LogModuleManager: Shutting down and abandoning module SubversionSourceControl (294)
[2017.11.27-18.51.42:116][515]LogModuleManager: Shutting down and abandoning module PerforceSourceControl (292)
[2017.11.27-18.51.42:116][515]LogModuleManager: Shutting down and abandoning module GitSourceControl (290)
[2017.11.27-18.51.42:116][515]LogModuleManager: Shutting down and abandoning module SourceControl (289)
[2017.11.27-18.51.42:116][515]LogModuleManager: Shutting down and abandoning module LightPropagationVolumeEditor (286)
[2017.11.27-18.51.42:116][515]LogModuleManager: Shutting down and abandoning module PaperTiledImporter (284)
[2017.11.27-18.51.42:116][515]LogModuleManager: Shutting down and abandoning module PaperSpriteSheetImporter (282)
[2017.11.27-18.51.42:116][515]LogModuleManager: Shutting down and abandoning module Paper2DEditor (280)
[2017.11.27-18.51.42:116][515]LogModuleManager: Shutting down and abandoning module MeshPaint (279)
[2017.11.27-18.51.42:116][515]LogModuleManager: Shutting down and abandoning module LevelEditor (277)
[2017.11.27-18.51.42:117][515]LogModuleManager: Shutting down and abandoning module PixelInspectorModule (276)
[2017.11.27-18.51.42:117][515]LogModuleManager: Shutting down and abandoning module MainFrame (274)
[2017.11.27-18.51.42:117][515]LogModuleManager: Shutting down and abandoning module HotReload (273)
[2017.11.27-18.51.42:117][515]LogModuleManager: Shutting down and abandoning module RuntimePhysXCooking (268)
[2017.11.27-18.51.42:118][515]LogModuleManager: Shutting down and abandoning module PhysXVehiclesEditor (266)
[2017.11.27-18.51.42:118][515]LogModuleManager: Shutting down and abandoning module PhysXVehicles (264)
[2017.11.27-18.51.42:118][515]LogModuleManager: Shutting down and abandoning module OculusEditor (262)
[2017.11.27-18.51.42:118][515]LogModuleManager: Shutting down and abandoning module LocationServicesBPLibrary (260)
[2017.11.27-18.51.42:118][515]LogModuleManager: Shutting down and abandoning module ImmediatePhysicsEditor (258)
[2017.11.27-18.51.42:118][515]LogModuleManager: Shutting down and abandoning module ImmediatePhysics (256)
[2017.11.27-18.51.42:118][515]LogModuleManager: Shutting down and abandoning module UdpMessaging (254)
[2017.11.27-18.51.42:218][515]LogModuleManager: Shutting down and abandoning module TcpMessaging (252)
[2017.11.27-18.51.42:319][515]LogModuleManager: Shutting down and abandoning module GameplayTagsEditor (250)
[2017.11.27-18.51.42:319][515]LogModuleManager: Shutting down and abandoning module FacialAnimationEditor (248)
[2017.11.27-18.51.42:319][515]LogModuleManager: Shutting down and abandoning module FacialAnimation (246)
[2017.11.27-18.51.42:319][515]LogModuleManager: Shutting down and abandoning module AssetManagerEditor (244)
[2017.11.27-18.51.42:319][515]LogModuleManager: Shutting down and abandoning module GraphEditor (243)
[2017.11.27-18.51.42:319][515]LogModuleManager: Shutting down and abandoning module ContentBrowser (241)
[2017.11.27-18.51.42:320][515]LogModuleManager: Shutting down and abandoning module LightPropagationVolumeRuntime (238)
[2017.11.27-18.51.42:320][515]LogModuleManager: Shutting down and abandoning module Paper2D (236)
[2017.11.27-18.51.42:320][515]LogModuleManager: Shutting down and abandoning module WindowsMoviePlayer (234)
[2017.11.27-18.51.42:320][515]LogModuleManager: Shutting down and abandoning module WmfMedia (232)
[2017.11.27-18.51.42:320][515]LogModuleManager: Shutting down and abandoning module ImgMedia (230)
[2017.11.27-18.51.42:320][515]LogModuleManager: Shutting down and abandoning module PacketHandler (228)
[2017.11.27-18.51.42:320][515]LogModuleManager: Shutting down and abandoning module ClothingSystemEditor (226)
[2017.11.27-18.51.42:320][515]LogModuleManager: Shutting down and abandoning module ClothingSystemRuntime (224)
[2017.11.27-18.51.42:320][515]LogModuleManager: Shutting down and abandoning module MediaAssets (222)
[2017.11.27-18.51.42:320][515]LogModuleManager: Shutting down and abandoning module Media (221)
[2017.11.27-18.51.42:327][515]LogModuleManager: Shutting down and abandoning module Overlay (218)
[2017.11.27-18.51.42:327][515]LogModuleManager: Shutting down and abandoning module OverlayEditor (217)
[2017.11.27-18.51.42:327][515]LogModuleManager: Shutting down and abandoning module VREditor (214)
[2017.11.27-18.51.42:327][515]LogModuleManager: Shutting down and abandoning module StringTableEditor (212)
[2017.11.27-18.51.42:327][515]LogModuleManager: Shutting down and abandoning module GameplayTasksEditor (210)
[2017.11.27-18.51.42:327][515]LogModuleManager: Shutting down and abandoning module BehaviorTreeEditor (208)
[2017.11.27-18.51.42:327][515]LogModuleManager: Shutting down and abandoning module FunctionalTesting (206)
[2017.11.27-18.51.42:327][515]LogModuleManager: Shutting down and abandoning module CollisionAnalyzer (204)
[2017.11.27-18.51.42:327][515]LogModuleManager: Shutting down and abandoning module WorkspaceMenuStructure (203)
[2017.11.27-18.51.42:327][515]LogModuleManager: Shutting down and abandoning module UMG (200)
[2017.11.27-18.51.42:327][515]LogModuleManager: Shutting down and abandoning module UMGEditor (199)
[2017.11.27-18.51.42:327][515]LogModuleManager: Shutting down and abandoning module Sequencer (198)
[2017.11.27-18.51.42:327][515]LogModuleManager: Shutting down and abandoning module MessageLog (195)
[2017.11.27-18.51.42:327][515]LogModuleManager: Shutting down and abandoning module SlateReflector (190)
[2017.11.27-18.51.42:327][515]LogModuleManager: Shutting down and abandoning module Slate (188)
[2017.11.27-18.51.42:327][515]LogModuleManager: Shutting down and abandoning module EditorStyle (186)
[2017.11.27-18.51.42:329][515]LogModuleManager: Shutting down and abandoning module MRMesh (184)
[2017.11.27-18.51.42:329][515]LogModuleManager: Shutting down and abandoning module SourceCodeAccess (182)
[2017.11.27-18.51.42:329][515]LogModuleManager: Shutting down and abandoning module HeadMountedDisplay (180)
[2017.11.27-18.51.42:329][515]LogModuleManager: Shutting down and abandoning module XAudio2 (178)
[2017.11.27-18.51.42:329][515]LogModuleManager: Shutting down and abandoning module Networking (176)
[2017.11.27-18.51.42:329][515]LogModuleManager: Shutting down and abandoning module Core (172)
[2017.11.27-18.51.42:329][515]LogModuleManager: Shutting down and abandoning module LevelSequence (168)
[2017.11.27-18.51.42:329][515]LogModuleManager: Shutting down and abandoning module DirectoryWatcher (166)
[2017.11.27-18.51.42:329][515]LogModuleManager: Shutting down and abandoning module KismetCompiler (164)
[2017.11.27-18.51.42:330][515]LogModuleManager: Shutting down and abandoning module MeshUtilities (162)
[2017.11.27-18.51.42:330][515]LogModuleManager: Shutting down and abandoning module MeshMergeUtilities (161)
[2017.11.27-18.51.42:330][515]LogModuleManager: Shutting down and abandoning module MeshReductionInterface (160)
[2017.11.27-18.51.42:330][515]LogModuleManager: Shutting down and abandoning module SimplygonSwarm (159)
[2017.11.27-18.51.42:330][515]LogModuleManager: Shutting down and abandoning module SimplygonMeshReduction (157)
[2017.11.27-18.51.42:330][515]LogModuleManager: Shutting down and abandoning module QuadricMeshReduction (155)
[2017.11.27-18.51.42:330][515]LogModuleManager: Shutting down and abandoning module MaterialBaking (151)
[2017.11.27-18.51.42:330][515]LogModuleManager: Shutting down and abandoning module DerivedDataCache (148)
[2017.11.27-18.51.42:363][515]LogDerivedDataCache: Shutdown
[2017.11.27-18.51.42:363][515]LogModuleManager: Shutting down and abandoning module TargetPlatform (146)
[2017.11.27-18.51.42:363][515]LogModuleManager: Shutting down and abandoning module VulkanShaderFormat (145)
[2017.11.27-18.51.42:363][515]LogModuleManager: Shutting down and abandoning module ShaderFormatVectorVM (143)
[2017.11.27-18.51.42:363][515]LogModuleManager: Shutting down and abandoning module ShaderFormatOpenGL (141)
[2017.11.27-18.51.42:363][515]LogModuleManager: Shutting down and abandoning module ShaderFormatD3D (139)
[2017.11.27-18.51.42:363][515]LogModuleManager: Shutting down and abandoning module MetalShaderFormat (137)
[2017.11.27-18.51.42:363][515]LogModuleManager: Shutting down and abandoning module TextureFormatUncompressed (135)
[2017.11.27-18.51.42:363][515]LogModuleManager: Shutting down and abandoning module TextureFormatPVR (133)
[2017.11.27-18.51.42:363][515]LogModuleManager: Shutting down and abandoning module TextureFormatDXT (131)
[2017.11.27-18.51.42:363][515]LogModuleManager: Shutting down and abandoning module TextureFormatIntelISPCTexComp (129)
[2017.11.27-18.51.42:363][515]LogModuleManager: Shutting down and abandoning module TextureFormatASTC (127)
[2017.11.27-18.51.42:363][515]LogModuleManager: Shutting down and abandoning module ImageWrapper (126)
[2017.11.27-18.51.42:363][515]LogModuleManager: Shutting down and abandoning module TextureFormatAndroid (123)
[2017.11.27-18.51.42:363][515]LogModuleManager: Shutting down and abandoning module AudioFormatOpus (121)
[2017.11.27-18.51.42:363][515]LogModuleManager: Shutting down and abandoning module AudioFormatOgg (119)
[2017.11.27-18.51.42:363][515]LogModuleManager: Shutting down and abandoning module AudioFormatADPCM (117)
[2017.11.27-18.51.42:363][515]LogModuleManager: Shutting down and abandoning module LinuxTargetPlatform (115)
[2017.11.27-18.51.42:363][515]LogModuleManager: Shutting down and abandoning module LinuxServerTargetPlatform (113)
[2017.11.27-18.51.42:363][515]LogModuleManager: Shutting down and abandoning module LinuxNoEditorTargetPlatform (111)
[2017.11.27-18.51.42:363][515]LogModuleManager: Shutting down and abandoning module LinuxClientTargetPlatform (109)
[2017.11.27-18.51.42:363][515]LogModuleManager: Shutting down and abandoning module TVOSTargetPlatform (107)
[2017.11.27-18.51.42:363][515]LogModuleManager: Shutting down and abandoning module Messaging (105)
[2017.11.27-18.51.42:363][515]LogModuleManager: Shutting down and abandoning module IOSTargetPlatform (103)
[2017.11.27-18.51.42:363][515]LogModuleManager: Shutting down and abandoning module HTML5TargetPlatform (101)
[2017.11.27-18.51.42:363][515]LogModuleManager: Shutting down and abandoning module AndroidTargetPlatform (99)
[2017.11.27-18.51.42:363][515]LogModuleManager: Shutting down and abandoning module Android_PVRTCTargetPlatform (97)
[2017.11.27-18.51.42:363][515]LogModuleManager: Shutting down and abandoning module Android_MultiTargetPlatform (95)
[2017.11.27-18.51.42:363][515]LogModuleManager: Shutting down and abandoning module Android_ETC2TargetPlatform (93)
[2017.11.27-18.51.42:363][515]LogModuleManager: Shutting down and abandoning module Android_ETC1TargetPlatform (91)
[2017.11.27-18.51.42:363][515]LogModuleManager: Shutting down and abandoning module Android_DXTTargetPlatform (89)
[2017.11.27-18.51.42:363][515]LogModuleManager: Shutting down and abandoning module Android_ATCTargetPlatform (87)
[2017.11.27-18.51.42:363][515]LogModuleManager: Shutting down and abandoning module Android_ASTCTargetPlatform (85)
[2017.11.27-18.51.42:363][515]LogModuleManager: Shutting down and abandoning module WindowsTargetPlatform (83)
[2017.11.27-18.51.42:363][515]LogModuleManager: Shutting down and abandoning module WindowsServerTargetPlatform (81)
[2017.11.27-18.51.42:363][515]LogModuleManager: Shutting down and abandoning module WindowsNoEditorTargetPlatform (79)
[2017.11.27-18.51.42:363][515]LogModuleManager: Shutting down and abandoning module WindowsClientTargetPlatform (77)
[2017.11.27-18.51.42:363][515]LogModuleManager: Shutting down and abandoning module MacTargetPlatform (75)
[2017.11.27-18.51.42:363][515]LogModuleManager: Shutting down and abandoning module MacServerTargetPlatform (73)
[2017.11.27-18.51.42:363][515]LogModuleManager: Shutting down and abandoning module MacNoEditorTargetPlatform (71)
[2017.11.27-18.51.42:363][515]LogModuleManager: Shutting down and abandoning module MacClientTargetPlatform (69)
[2017.11.27-18.51.42:363][515]LogModuleManager: Shutting down and abandoning module AllDesktopTargetPlatform (67)
[2017.11.27-18.51.42:363][515]LogModuleManager: Shutting down and abandoning module InputCore (64)
[2017.11.27-18.51.42:363][515]LogModuleManager: Shutting down and abandoning module Settings (62)
[2017.11.27-18.51.42:363][515]LogModuleManager: Shutting down and abandoning module PhysXCooking (60)
[2017.11.27-18.51.42:363][515]LogModuleManager: Shutting down and abandoning module SteamVR (58)
[2017.11.27-18.51.42:364][515]LogModuleManager: Shutting down and abandoning module OculusHMD (56)
[2017.11.27-18.51.42:364][515]LogModuleManager: Shutting down and abandoning module ExampleDeviceProfileSelector (54)
[2017.11.27-18.51.42:364][515]LogModuleManager: Shutting down and abandoning module AppleARKit (52)
[2017.11.27-18.51.42:364][515]LogModuleManager: Shutting down and abandoning module AugmentedReality (51)
[2017.11.27-18.51.42:364][515]LogModuleManager: Shutting down and abandoning module OnlineBlueprintSupport (48)
[2017.11.27-18.51.42:364][515]LogModuleManager: Shutting down and abandoning module OnlineSubsystem (44)
[2017.11.27-18.51.42:364][515]LogModuleManager: Shutting down and abandoning module XMPP (43)
[2017.11.27-18.51.42:364][515]LogModuleManager: Shutting down and abandoning module HTTP (41)
[2017.11.27-18.51.42:364][515]LogHttp: Display: Http module shutting down, but needs to wait on 1 outstanding Http requests:
[2017.11.27-18.51.42:364][515]LogHttp: Display: 	verb=[POST] url=[https://datarouter.ol.epicgames.com/datarouter/api/v1/public/data?SessionID=%7B473B376D-4578-5545-D07D-61A07AC25E31%7D&AppID=UEEditor.Rocket.Release&AppVersion=4.18.1-3754814%2B%2B%2BUE4%2BRelease-4.18&UserID=fb9019f0419c136eeaa2ae93c16ce8ef%7C467079e90d4249329c1812be6db7b4b7%7Ca9abb6ad-d452-4eb2-b6be-d8f3d846bab1&AppEnvironment=datacollector-binary&UploadType=eteventstream] status=Processing
[2017.11.27-18.51.42:392][515]LogModuleManager: Shutting down and abandoning module SSL (40)
[2017.11.27-18.51.42:392][515]LogModuleManager: Shutting down and abandoning module AnimationModifiers (36)
[2017.11.27-18.51.42:393][515]LogModuleManager: Shutting down and abandoning module PropertyEditor (35)
[2017.11.27-18.51.42:393][515]LogModuleManager: Shutting down and abandoning module AudioEditor (32)
[2017.11.27-18.51.42:393][515]LogModuleManager: Shutting down and abandoning module TextureCompressor (30)
[2017.11.27-18.51.42:393][515]LogModuleManager: Shutting down and abandoning module ShaderCore (28)
[2017.11.27-18.51.42:393][515]LogModuleManager: Shutting down and abandoning module Landscape (26)
[2017.11.27-18.51.42:393][515]LogModuleManager: Shutting down and abandoning module SlateRHIRenderer (24)
[2017.11.27-18.51.42:394][515]LogModuleManager: Shutting down and abandoning module OpenGLDrv (22)
[2017.11.27-18.51.42:394][515]LogModuleManager: Shutting down and abandoning module D3D11RHI (20)
[2017.11.27-18.51.42:394][515]LogModuleManager: Shutting down and abandoning module AnimGraphRuntime (18)
[2017.11.27-18.51.42:394][515]LogModuleManager: Shutting down and abandoning module Renderer (16)
[2017.11.27-18.51.42:394][515]LogModuleManager: Shutting down and abandoning module Engine (14)
[2017.11.27-18.51.42:394][515]LogModuleManager: Shutting down and abandoning module CoreUObject (12)
[2017.11.27-18.51.42:394][515]LogModuleManager: Shutting down and abandoning module NetworkFile (10)
[2017.11.27-18.51.42:394][515]LogModuleManager: Shutting down and abandoning module CookedIterativeFile (8)
[2017.11.27-18.51.42:394][515]LogModuleManager: Shutting down and abandoning module StreamingFile (6)
[2017.11.27-18.51.42:394][515]LogModuleManager: Shutting down and abandoning module SandboxFile (4)
[2017.11.27-18.51.42:394][515]LogModuleManager: Shutting down and abandoning module PakFile (2)
[2017.11.27-18.51.42:396][515]LogExit: Exiting.
[2017.11.27-18.51.42:402][515]Log file closed, 11/27/17 13:51:42
