Log file open, 11/29/17 17:57:19
LogWindows: Failed to load 'aqProf.dll' (GetLastError=126)
LogWindows: File 'aqProf.dll' does not exist
LogWindows: Failed to load 'VtuneApi.dll' (GetLastError=126)
LogWindows: File 'VtuneApi.dll' does not exist
LogWindows: Failed to load 'VtuneApi32e.dll' (GetLastError=126)
LogWindows: File 'VtuneApi32e.dll' does not exist
LogInit: Display: Running engine for game: SwordGen
LogPlatformFile: Not using cached read wrapper
LogInit: Display: RandInit(-2120019725) SRandInit(-2120019725).
LogInit: Read version file with build ID '3709383'
LogInit: Overriding engine version to CL 3754814, compatible CL 3709383
LogInit: Registered custom module enumerator with build ID '3709383'
LogTaskGraph: Started task graph with 5 named threads and 14 total threads with 3 sets of task threads.
LogStats: Stats thread started at 3.171341
LogD3D11RHI: Aftermath initialized
LogModuleManager: Display: Found up-to-date module file ../../../Engine/Plugins/2D/Paper2D/Binaries/Win64/UE4Editor-Paper2D.dll (API version 3709383).
LogModuleManager: Display: Found up-to-date module file ../../../Engine/Plugins/2D/Paper2D/Binaries/Win64/UE4Editor-Paper2DEditor.dll (API version 3709383).
LogModuleManager: Display: Found up-to-date module file ../../../Engine/Plugins/2D/Paper2D/Binaries/Win64/UE4Editor-PaperSpriteSheetImporter.dll (API version 3709383).
LogModuleManager: Display: Found up-to-date module file ../../../Engine/Plugins/2D/Paper2D/Binaries/Win64/UE4Editor-PaperTiledImporter.dll (API version 3709383).
LogModuleManager: Display: Found up-to-date module file ../../../Engine/Plugins/2D/Paper2D/Binaries/Win64/UE4Editor-SmartSnapping.dll (API version 3709383).
LogModuleManager: Display: Found up-to-date module file ../../../Engine/Plugins/Blendables/LightPropagationVolume/Binaries/Win64/UE4Editor-LightPropagationVolumeRuntime.dll (API version 3709383).
LogModuleManager: Display: Found up-to-date module file ../../../Engine/Plugins/Blendables/LightPropagationVolume/Binaries/Win64/UE4Editor-LightPropagationVolumeEditor.dll (API version 3709383).
LogModuleManager: Display: Found up-to-date module file ../../../Engine/Plugins/Developer/GitSourceControl/Binaries/Win64/UE4Editor-GitSourceControl.dll (API version 3709383).
LogModuleManager: Display: Found up-to-date module file ../../../Engine/Plugins/Developer/PerforceSourceControl/Binaries/Win64/UE4Editor-PerforceSourceControl.dll (API version 3709383).
LogModuleManager: Display: Found up-to-date module file ../../../Engine/Plugins/Developer/SubversionSourceControl/Binaries/Win64/UE4Editor-SubversionSourceControl.dll (API version 3709383).
LogModuleManager: Display: Found up-to-date module file ../../../Engine/Plugins/Developer/UObjectPlugin/Binaries/Win64/UE4Editor-UObjectPlugin.dll (API version 3709383).
LogModuleManager: Display: Found up-to-date module file ../../../Engine/Plugins/Developer/VisualStudioCodeSourceCodeAccess/Binaries/Win64/UE4Editor-VisualStudioCodeSourceCodeAccess.dll (API version 3709383).
LogModuleManager: Display: Found up-to-date module file ../../../Engine/Plugins/Developer/VisualStudioSourceCodeAccess/Binaries/Win64/UE4Editor-VisualStudioSourceCodeAccess.dll (API version 3709383).
LogModuleManager: Display: Found up-to-date module file ../../../Engine/Plugins/Editor/AssetManagerEditor/Binaries/Win64/UE4Editor-AssetManagerEditor.dll (API version 3709383).
LogModuleManager: Display: Found up-to-date module file ../../../Engine/Plugins/Editor/AudioCapture/Binaries/Win64/UE4Editor-AudioCapture.dll (API version 3709383).
LogModuleManager: Display: Found up-to-date module file ../../../Engine/Plugins/Editor/FacialAnimation/Binaries/Win64/UE4Editor-FacialAnimation.dll (API version 3709383).
LogModuleManager: Display: Found up-to-date module file ../../../Engine/Plugins/Editor/FacialAnimation/Binaries/Win64/UE4Editor-FacialAnimationEditor.dll (API version 3709383).
LogModuleManager: Display: Found up-to-date module file ../../../Engine/Plugins/Editor/GameplayTagsEditor/Binaries/Win64/UE4Editor-GameplayTagsEditor.dll (API version 3709383).
LogModuleManager: Display: Found up-to-date module file ../../../Engine/Plugins/Editor/MobileLauncherProfileWizard/Binaries/Win64/UE4Editor-MobileLauncherProfileWizard.dll (API version 3709383).
LogModuleManager: Display: Found up-to-date module file ../../../Engine/Plugins/Editor/PluginBrowser/Binaries/Win64/UE4Editor-PluginBrowser.dll (API version 3709383).
LogModuleManager: Display: Found up-to-date module file ../../../Engine/Plugins/Editor/SpeedTreeImporter/Binaries/Win64/UE4Editor-SpeedTreeImporter.dll (API version 3709383).
LogModuleManager: Display: Found up-to-date module file ../../../Engine/Plugins/Experimental/AlembicImporter/Binaries/Win64/UE4Editor-AlembicImporter.dll (API version 3709383).
LogModuleManager: Display: Found up-to-date module file ../../../Engine/Plugins/Experimental/AlembicImporter/Binaries/Win64/UE4Editor-AlembicLibrary.dll (API version 3709383).
LogModuleManager: Display: Found up-to-date module file ../../../Engine/Plugins/Experimental/CharacterAI/Binaries/Win64/UE4Editor-CharacterAI.dll (API version 3709383).
LogModuleManager: Display: Found up-to-date module file ../../../Engine/Plugins/Experimental/HTML5Networking/Binaries/Win64/UE4Editor-HTML5Networking.dll (API version 3709383).
LogModuleManager: Display: Found up-to-date module file ../../../Engine/Plugins/Media/AndroidMedia/Binaries/Win64/UE4Editor-AndroidMediaEditor.dll (API version 3709383).
LogModuleManager: Display: Found up-to-date module file ../../../Engine/Plugins/Media/AndroidMedia/Binaries/Win64/UE4Editor-AndroidMediaFactory.dll (API version 3709383).
LogModuleManager: Display: Found up-to-date module file ../../../Engine/Plugins/Media/AvfMedia/Binaries/Win64/UE4Editor-AvfMediaEditor.dll (API version 3709383).
LogModuleManager: Display: Found up-to-date module file ../../../Engine/Plugins/Media/AvfMedia/Binaries/Win64/UE4Editor-AvfMediaFactory.dll (API version 3709383).
LogModuleManager: Display: Found up-to-date module file ../../../Engine/Plugins/Media/AvfMedia/Binaries/Win64/UE4Editor-AvfMediaFactory.dll (API version 3709383).
LogModuleManager: Display: Found up-to-date module file ../../../Engine/Plugins/Media/ImgMedia/Binaries/Win64/UE4Editor-ImgMedia.dll (API version 3709383).
LogModuleManager: Display: Found up-to-date module file ../../../Engine/Plugins/Media/ImgMedia/Binaries/Win64/UE4Editor-ImgMediaEditor.dll (API version 3709383).
LogModuleManager: Display: Found up-to-date module file ../../../Engine/Plugins/Media/ImgMedia/Binaries/Win64/UE4Editor-ImgMediaFactory.dll (API version 3709383).
LogModuleManager: Display: Found up-to-date module file ../../../Engine/Plugins/Media/ImgMedia/Binaries/Win64/UE4Editor-ImgMediaFactory.dll (API version 3709383).
LogModuleManager: Display: Found up-to-date module file ../../../Engine/Plugins/Media/ImgMedia/Binaries/Win64/UE4Editor-OpenExrWrapper.dll (API version 3709383).
LogModuleManager: Display: Found up-to-date module file ../../../Engine/Plugins/Media/MediaCompositing/Binaries/Win64/UE4Editor-MediaCompositing.dll (API version 3709383).
LogModuleManager: Display: Found up-to-date module file ../../../Engine/Plugins/Media/MediaCompositing/Binaries/Win64/UE4Editor-MediaCompositingEditor.dll (API version 3709383).
LogModuleManager: Display: Found up-to-date module file ../../../Engine/Plugins/Media/MediaPlayerEditor/Binaries/Win64/UE4Editor-MediaPlayerEditor.dll (API version 3709383).
LogModuleManager: Display: Found up-to-date module file ../../../Engine/Plugins/Media/WmfMedia/Binaries/Win64/UE4Editor-WmfMedia.dll (API version 3709383).
LogModuleManager: Display: Found up-to-date module file ../../../Engine/Plugins/Media/WmfMedia/Binaries/Win64/UE4Editor-WmfMediaEditor.dll (API version 3709383).
LogModuleManager: Display: Found up-to-date module file ../../../Engine/Plugins/Media/WmfMedia/Binaries/Win64/UE4Editor-WmfMediaFactory.dll (API version 3709383).
LogModuleManager: Display: Found up-to-date module file ../../../Engine/Plugins/Media/WmfMedia/Binaries/Win64/UE4Editor-WmfMediaFactory.dll (API version 3709383).
LogModuleManager: Display: Found up-to-date module file ../../../Engine/Plugins/Messaging/TcpMessaging/Binaries/Win64/UE4Editor-TcpMessaging.dll (API version 3709383).
LogModuleManager: Display: Found up-to-date module file ../../../Engine/Plugins/Messaging/UdpMessaging/Binaries/Win64/UE4Editor-UdpMessaging.dll (API version 3709383).
LogModuleManager: Display: Found up-to-date module file ../../../Engine/Plugins/MovieScene/ActorSequence/Binaries/Win64/UE4Editor-ActorSequence.dll (API version 3709383).
LogModuleManager: Display: Found up-to-date module file ../../../Engine/Plugins/MovieScene/LevelSequenceEditor/Binaries/Win64/UE4Editor-LevelSequenceEditor.dll (API version 3709383).
LogModuleManager: Display: Found up-to-date module file ../../../Engine/Plugins/MovieScene/MatineeToLevelSequence/Binaries/Win64/UE4Editor-MatineeToLevelSequence.dll (API version 3709383).
LogModuleManager: Display: Found up-to-date module file ../../../Engine/Plugins/Online/OnlineSubsystem/Binaries/Win64/UE4Editor-OnlineSubsystem.dll (API version 3709383).
LogModuleManager: Display: Found up-to-date module file ../../../Engine/Plugins/Runtime/AndroidPermission/Binaries/Win64/UE4Editor-AndroidPermission.dll (API version 3709383).
LogModuleManager: Display: Found up-to-date module file ../../../Engine/Plugins/Online/OnlineSubsystemNull/Binaries/Win64/UE4Editor-OnlineSubsystemNull.dll (API version 3709383).
LogModuleManager: Display: Found up-to-date module file ../../../Engine/Plugins/Online/OnlineSubsystemUtils/Binaries/Win64/UE4Editor-OnlineSubsystemUtils.dll (API version 3709383).
LogModuleManager: Display: Found up-to-date module file ../../../Engine/Plugins/Online/OnlineSubsystemUtils/Binaries/Win64/UE4Editor-OnlineBlueprintSupport.dll (API version 3709383).
LogModuleManager: Display: Found up-to-date module file ../../../Engine/Plugins/Runtime/AndroidDeviceProfileSelector/Binaries/Win64/UE4Editor-AndroidDeviceProfileSelector.dll (API version 3709383).
LogModuleManager: Display: Found up-to-date module file ../../../Engine/Plugins/Runtime/AppleARKit/Binaries/Win64/UE4Editor-AppleARKit.dll (API version 3709383).
LogModuleManager: Display: Found up-to-date module file ../../../Engine/Plugins/Runtime/ArchVisCharacter/Binaries/Win64/UE4Editor-ArchVisCharacter.dll (API version 3709383).
LogModuleManager: Display: Found up-to-date module file ../../../Engine/Plugins/Runtime/CableComponent/Binaries/Win64/UE4Editor-CableComponent.dll (API version 3709383).
LogModuleManager: Display: Found up-to-date module file ../../../Engine/Plugins/Runtime/CustomMeshComponent/Binaries/Win64/UE4Editor-CustomMeshComponent.dll (API version 3709383).
LogModuleManager: Display: Found up-to-date module file ../../../Engine/Plugins/Runtime/ExampleDeviceProfileSelector/Binaries/Win64/UE4Editor-ExampleDeviceProfileSelector.dll (API version 3709383).
LogModuleManager: Display: Found up-to-date module file ../../../Engine/Plugins/Runtime/ImmediatePhysics/Binaries/Win64/UE4Editor-ImmediatePhysics.dll (API version 3709383).
LogModuleManager: Display: Found up-to-date module file ../../../Engine/Plugins/Runtime/ImmediatePhysics/Binaries/Win64/UE4Editor-ImmediatePhysicsEditor.dll (API version 3709383).
LogModuleManager: Display: Found up-to-date module file ../../../Engine/Plugins/Runtime/LocationServicesBPLibrary/Binaries/Win64/UE4Editor-LocationServicesBPLibrary.dll (API version 3709383).
LogModuleManager: Display: Found up-to-date module file ../../../Engine/Plugins/Runtime/MobilePatchingUtils/Binaries/Win64/UE4Editor-MobilePatchingUtils.dll (API version 3709383).
LogModuleManager: Display: Found up-to-date module file ../../../Engine/Plugins/Runtime/Oculus/OculusVR/Binaries/Win64/UE4Editor-OculusHMD.dll (API version 3709383).
LogModuleManager: Display: Found up-to-date module file ../../../Engine/Plugins/Runtime/Oculus/OculusVR/Binaries/Win64/UE4Editor-OculusInput.dll (API version 3709383).
LogModuleManager: Display: Found up-to-date module file ../../../Engine/Plugins/Runtime/Oculus/OculusVR/Binaries/Win64/UE4Editor-OculusEditor.dll (API version 3709383).
LogModuleManager: Display: Found up-to-date module file ../../../Engine/Plugins/Runtime/PhysXVehicles/Binaries/Win64/UE4Editor-PhysXVehicles.dll (API version 3709383).
LogModuleManager: Display: Found up-to-date module file ../../../Engine/Plugins/Runtime/PhysXVehicles/Binaries/Win64/UE4Editor-PhysXVehiclesEditor.dll (API version 3709383).
LogModuleManager: Display: Found up-to-date module file ../../../Engine/Plugins/Runtime/ProceduralMeshComponent/Binaries/Win64/UE4Editor-ProceduralMeshComponent.dll (API version 3709383).
LogModuleManager: Display: Found up-to-date module file ../../../Engine/Plugins/Runtime/ProceduralMeshComponent/Binaries/Win64/UE4Editor-ProceduralMeshComponentEditor.dll (API version 3709383).
LogModuleManager: Display: Found up-to-date module file ../../../Engine/Plugins/Runtime/RuntimePhysXCooking/Binaries/Win64/UE4Editor-RuntimePhysXCooking.dll (API version 3709383).
LogModuleManager: Display: Found up-to-date module file ../../../Engine/Plugins/Runtime/Steam/SteamVR/Binaries/Win64/UE4Editor-SteamVR.dll (API version 3709383).
LogModuleManager: Display: Found up-to-date module file ../../../Engine/Plugins/Runtime/Steam/SteamVR/Binaries/Win64/UE4Editor-SteamVRController.dll (API version 3709383).
LogModuleManager: Display: Found up-to-date module file ../../../Engine/Plugins/Runtime/WindowsMoviePlayer/Binaries/Win64/UE4Editor-WindowsMoviePlayer.dll (API version 3709383).
LogPluginManager: Mounting plugin Paper2D
LogPluginManager: Mounting plugin LightPropagationVolume
LogPluginManager: Mounting plugin CodeLiteSourceCodeAccess
LogPluginManager: Mounting plugin GitSourceControl
LogPluginManager: Mounting plugin KDevelopSourceCodeAccess
LogPluginManager: Mounting plugin NullSourceCodeAccess
LogPluginManager: Mounting plugin PerforceSourceControl
LogPluginManager: Mounting plugin SubversionSourceControl
LogPluginManager: Mounting plugin UObjectPlugin
LogPluginManager: Mounting plugin VisualStudioCodeSourceCodeAccess
LogPluginManager: Mounting plugin VisualStudioSourceCodeAccess
LogPluginManager: Mounting plugin XCodeSourceCodeAccess
LogPluginManager: Mounting plugin AssetManagerEditor
LogPluginManager: Mounting plugin AudioCapture
LogPluginManager: Mounting plugin FacialAnimation
LogPluginManager: Mounting plugin GameplayTagsEditor
LogPluginManager: Mounting plugin MobileLauncherProfileWizard
LogPluginManager: Mounting plugin PluginBrowser
LogPluginManager: Mounting plugin SpeedTreeImporter
LogPluginManager: Mounting plugin AlembicImporter
LogPluginManager: Mounting plugin CharacterAI
LogPluginManager: Mounting plugin HTML5Networking
LogPluginManager: Mounting plugin AndroidMedia
LogPluginManager: Mounting plugin AvfMedia
LogPluginManager: Mounting plugin ImgMedia
LogPluginManager: Mounting plugin MediaCompositing
LogPluginManager: Mounting plugin MediaPlayerEditor
LogPluginManager: Mounting plugin WmfMedia
LogPluginManager: Mounting plugin TcpMessaging
LogPluginManager: Mounting plugin UdpMessaging
LogPluginManager: Mounting plugin ActorSequence
LogPluginManager: Mounting plugin LevelSequenceEditor
LogPluginManager: Mounting plugin MatineeToLevelSequence
LogPluginManager: Mounting plugin OnlineSubsystemGooglePlay
LogPluginManager: Mounting plugin OnlineSubsystemIOS
LogPluginManager: Mounting plugin OnlineSubsystem
LogPluginManager: Mounting plugin OnlineSubsystemNull
LogPluginManager: Mounting plugin OnlineSubsystemUtils
LogPluginManager: Mounting plugin AndroidDeviceProfileSelector
LogPluginManager: Mounting plugin AndroidMoviePlayer
LogPluginManager: Mounting plugin AndroidPermission
LogPluginManager: Mounting plugin AppleARKit
LogPluginManager: Mounting plugin AppleMoviePlayer
LogPluginManager: Mounting plugin ArchVisCharacter
LogPluginManager: Mounting plugin CableComponent
LogPluginManager: Mounting plugin CustomMeshComponent
LogPluginManager: Mounting plugin ExampleDeviceProfileSelector
LogPluginManager: Mounting plugin GoogleCloudMessaging
LogPluginManager: Mounting plugin ImmediatePhysics
LogPluginManager: Mounting plugin IOSDeviceProfileSelector
LogPluginManager: Mounting plugin LinuxDeviceProfileSelector
LogPluginManager: Mounting plugin LocationServicesBPLibrary
LogPluginManager: Mounting plugin MobilePatchingUtils
LogPluginManager: Mounting plugin OculusVR
LogPluginManager: Plugin shader directory ../../../Engine/Plugins/Runtime/Oculus/OculusVR/Shaders found
LogPluginManager: Mapping shader source directory ../../../Engine/Plugins/Runtime/Oculus/OculusVR/Shaders to virtual directory /Plugin/OculusVR
LogPluginManager: Mounting plugin PhysXVehicles
LogPluginManager: Mounting plugin ProceduralMeshComponent
LogPluginManager: Mounting plugin RuntimePhysXCooking
LogPluginManager: Mounting plugin SteamVR
LogPluginManager: Mounting plugin WindowsMoviePlayer
LogInit: Using libcurl 7.47.1
LogInit:  - built for x86_64-pc-win32
LogInit:  - supports SSL with OpenSSL/1.0.2g
LogInit:  - supports HTTP deflate (compression) using libz 1.2.8
LogInit:  - other features:
LogInit:      CURL_VERSION_SSL
LogInit:      CURL_VERSION_LIBZ
LogInit:      CURL_VERSION_IPV6
LogInit:      CURL_VERSION_ASYNCHDNS
LogInit:      CURL_VERSION_LARGEFILE
LogInit:      CURL_VERSION_IDN
LogInit:  CurlRequestOptions (configurable via config and command line):
LogInit:  - bVerifyPeer = false  - Libcurl will NOT verify peer certificate
LogInit:  - bUseHttpProxy = false  - Libcurl will NOT use HTTP proxy
LogInit:  - bDontReuseConnections = false  - Libcurl will reuse connections
LogInit:  - CertBundlePath = nullptr  - Libcurl will use whatever was configured at build time.
LogInit: Build: ++UE4+Release-4.18-CL-3754814
LogInit: Engine Version: 4.18.1-3754814+++UE4+Release-4.18
LogInit: Compatible Engine Version: 4.18.0-3709383+++UE4+Release-4.18
LogInit: Net CL: 3709383
LogDevObjectVersion: Number of dev versions registered: 16
LogDevObjectVersion:   Dev-Blueprints (B0D832E4-1F89-4F0D-ACCF-7EB736FD4AA2): 10
LogDevObjectVersion:   Dev-Build (E1C64328-A22C-4D53-A36C-8E866417BD8C): 0
LogDevObjectVersion:   Dev-Core (375EC13C-06E4-48FB-B500-84F0262A717E): 2
LogDevObjectVersion:   Dev-Editor (E4B068ED-F494-42E9-A231-DA0B2E46BB41): 20
LogDevObjectVersion:   Dev-Framework (CFFC743F-43B0-4480-9391-14DF171D2073): 30
LogDevObjectVersion:   Dev-Mobile (B02B49B5-BB20-44E9-A304-32B752E40360): 0
LogDevObjectVersion:   Dev-Networking (A4E4105C-59A1-49B5-A7C5-40C4547EDFEE): 0
LogDevObjectVersion:   Dev-Online (39C831C9-5AE6-47DC-9A44-9C173E1C8E7C): 0
LogDevObjectVersion:   Dev-Physics (78F01B33-EBEA-4F98-B9B4-84EACCB95AA2): 0
LogDevObjectVersion:   Dev-Platform (6631380F-2D4D-43E0-8009-CF276956A95A): 0
LogDevObjectVersion:   Dev-Rendering (12F88B9F-8875-4AFC-A67C-D90C383ABD29): 20
LogDevObjectVersion:   Dev-Sequencer (7B5AE74C-D270-4C10-A958-57980B212A5A): 4
LogDevObjectVersion:   Dev-VR (D7296918-1DD6-4BDD-9DE2-64A83CC13884): 0
LogDevObjectVersion:   Dev-LoadTimes (C2A15278-BFE7-4AFE-6C17-90FF531DF755): 1
LogDevObjectVersion:   Private-Geometry (6EACA3D4-40EC-4CC1-B786-8BED09428FC5): 1
LogDevObjectVersion:   Dev-AnimPhys (29E575DD-E0A3-4627-9D10-D276232CDCEA): 12
LogInit: Compiled (64-bit): Nov 14 2017 02:05:55
LogInit: Compiled with Visual C++: 19.00.24215.01
LogInit: Build Configuration: Development
LogInit: Branch Name: ++UE4+Release-4.18
LogInit: Command line:  
LogInit: Base directory: D:/Epic Games/UE_4.18/Engine/Binaries/Win64/
LogInit: Installed Engine Build: 1
LogInit: Presizing for max 8388607 objects, including 0 objects not considered by GC, pre-allocating 0 bytes for permanent pool.
LogInit: Object subsystem initialized
[2017.11.29-22.57.23:493][  0]LogInit: Selected Device Profile: [Windows]
[2017.11.29-22.57.23:493][  0]LogInit: Applying CVar settings loaded from the selected device profile: [Windows]
[2017.11.29-22.57.23:593][  0]LogInit: Computer: SOLACE
[2017.11.29-22.57.23:593][  0]LogInit: User: James
[2017.11.29-22.57.23:593][  0]LogInit: CPU Page size=4096, Cores=4
[2017.11.29-22.57.23:593][  0]LogInit: High frequency timer resolution =3.320333 MHz
[2017.11.29-22.57.23:594][  0]LogMemory: Memory total: Physical=23.9GB (24GB approx)
[2017.11.29-22.57.23:594][  0]LogMemory: Platform Memory Stats for Windows
[2017.11.29-22.57.23:594][  0]LogMemory: Process Physical Memory: 271.52 MB used, 271.52 MB peak
[2017.11.29-22.57.23:594][  0]LogMemory: Process Virtual Memory: 263.77 MB used, 263.77 MB peak
[2017.11.29-22.57.23:594][  0]LogMemory: Physical Memory: 5453.25 MB used,  19017.82 MB free, 24471.07 MB total
[2017.11.29-22.57.23:594][  0]LogMemory: Virtual Memory: 623.29 MB used,  19017.82 MB free, 134217728.00 MB total
[2017.11.29-22.57.24:287][  0]LogInit: Using OS detected language (en-US).
[2017.11.29-22.57.24:287][  0]LogInit: Using OS detected locale (en-US).
[2017.11.29-22.57.24:468][  0]LogTextLocalizationManager: No specific localization for 'en-US' exists, so the 'en' localization will be used.
[2017.11.29-22.57.25:045][  0]LogInit: Setting process to per monitor DPI aware
[2017.11.29-22.57.26:376][  0]LogD3D11RHI: D3D11 adapters:
[2017.11.29-22.57.26:420][  0]LogD3D11RHI:    0. 'NVIDIA GeForce GTX 670' (Feature Level 11_0)
[2017.11.29-22.57.26:420][  0]LogD3D11RHI:       2017/0/12235 MB DedicatedVideo/DedicatedSystem/SharedSystem, Outputs:2, VendorId:0x10de
[2017.11.29-22.57.26:450][  0]LogD3D11RHI:    1. 'Intel(R) HD Graphics 4000' (Feature Level 11_0)
[2017.11.29-22.57.26:450][  0]LogD3D11RHI:       32/0/1760 MB DedicatedVideo/DedicatedSystem/SharedSystem, Outputs:0, VendorId:0x8086
[2017.11.29-22.57.26:453][  0]LogD3D11RHI:    2. 'Microsoft Basic Render Driver' (Feature Level 11_0)
[2017.11.29-22.57.26:453][  0]LogD3D11RHI:       0/0/12235 MB DedicatedVideo/DedicatedSystem/SharedSystem, Outputs:0, VendorId:0x1414
[2017.11.29-22.57.26:453][  0]LogD3D11RHI: Chosen D3D11 Adapter: 0
[2017.11.29-22.57.26:473][  0]LogD3D11RHI: Creating new Direct3DDevice
[2017.11.29-22.57.26:474][  0]LogD3D11RHI:     GPU DeviceId: 0x1189 (for the marketing name, search the web for "GPU Device Id")
[2017.11.29-22.57.26:474][  0]LogWindows: EnumDisplayDevices:
[2017.11.29-22.57.26:474][  0]LogWindows:    0. 'NVIDIA GeForce GTX 670' (P:1 D:1)
[2017.11.29-22.57.26:474][  0]LogWindows:    1. 'NVIDIA GeForce GTX 670' (P:0 D:1)
[2017.11.29-22.57.26:474][  0]LogWindows:    2. 'NVIDIA GeForce GTX 670' (P:0 D:0)
[2017.11.29-22.57.26:474][  0]LogWindows:    3. 'NVIDIA GeForce GTX 670' (P:0 D:0)
[2017.11.29-22.57.26:474][  0]LogWindows:    4. 'Intel(R) HD Graphics 4000' (P:0 D:0)
[2017.11.29-22.57.26:474][  0]LogWindows:    5. 'Intel(R) HD Graphics 4000' (P:0 D:0)
[2017.11.29-22.57.26:475][  0]LogWindows:    6. 'Intel(R) HD Graphics 4000' (P:0 D:0)
[2017.11.29-22.57.26:475][  0]LogWindows: DebugString: PrimaryIsNotTheChoosenAdapter PrimaryIsNotTheChoosenAdapter PrimaryIsNotTheChoosenAdapter FoundDriverCount:4 
[2017.11.29-22.57.26:475][  0]LogD3D11RHI:     Adapter Name: NVIDIA GeForce GTX 670
[2017.11.29-22.57.26:475][  0]LogD3D11RHI:   Driver Version: 388.31 (internal:23.21.13.8831, unified:388.31)
[2017.11.29-22.57.26:475][  0]LogD3D11RHI:      Driver Date: 11-14-2017
[2017.11.29-22.57.26:475][  0]LogRHI: Texture pool is 1412 MB (70% of 2017 MB)
[2017.11.29-22.57.26:499][  0]LogD3D11RHI: Async texture creation enabled
[2017.11.29-22.57.26:737][  0]LogD3D11RHI: GPU Timing Frequency: 1000.000000 (Debug: 2 2)
[2017.11.29-22.57.26:838][  0]LogShaderCompilers: Guid format shader working directory is 9 characters bigger than the processId version (C:/Users/James/Documents/UE4SwordGen/Intermediate/Shaders/WorkingDirectory/11336/).
[2017.11.29-22.57.26:838][  0]LogShaderCompilers: Cleaned the shader compiler working directory 'C:/Users/James/AppData/Local/Temp/UnrealShaderWorkingDir/A30505784ABC8FBE590928B828AEEB1A/'.
[2017.11.29-22.57.26:840][  0]LogShaderCompilers: Display: Using Local Shader Compiler.
[2017.11.29-22.57.28:829][  0]LogTemp: Display: Loaded TP AllDesktopTargetPlatform
[2017.11.29-22.57.28:875][  0]LogTemp: Display: Loaded TP MacClientTargetPlatform
[2017.11.29-22.57.28:918][  0]LogTemp: Display: Loaded TP MacNoEditorTargetPlatform
[2017.11.29-22.57.28:963][  0]LogTemp: Display: Loaded TP MacServerTargetPlatform
[2017.11.29-22.57.29:027][  0]LogTemp: Display: Loaded TP MacTargetPlatform
[2017.11.29-22.57.29:070][  0]LogTemp: Display: Loaded TP WindowsClientTargetPlatform
[2017.11.29-22.57.29:110][  0]LogTemp: Display: Loaded TP WindowsNoEditorTargetPlatform
[2017.11.29-22.57.29:150][  0]LogTemp: Display: Loaded TP WindowsServerTargetPlatform
[2017.11.29-22.57.29:184][  0]LogTemp: Display: Loaded TP WindowsTargetPlatform
[2017.11.29-22.57.29:224][  0]LogTemp: Display: Loaded TP Android_ASTCTargetPlatform
[2017.11.29-22.57.29:265][  0]LogTemp: Display: Loaded TP Android_ATCTargetPlatform
[2017.11.29-22.57.29:303][  0]LogTemp: Display: Loaded TP Android_DXTTargetPlatform
[2017.11.29-22.57.29:343][  0]LogTemp: Display: Loaded TP Android_ETC1TargetPlatform
[2017.11.29-22.57.29:383][  0]LogTemp: Display: Loaded TP Android_ETC2TargetPlatform
[2017.11.29-22.57.29:473][  0]LogTemp: Display: Loaded TP Android_MultiTargetPlatform
[2017.11.29-22.57.29:473][  0]LogTemp: Display: Loaded TP Android_PVRTCTargetPlatform
[2017.11.29-22.57.29:530][  0]LogTemp: Display: Loaded TP AndroidTargetPlatform
[2017.11.29-22.57.29:562][  0]LogTemp: Display: Loaded TP HTML5TargetPlatform
[2017.11.29-22.57.29:721][  0]LogTemp: Display: Loaded TP IOSTargetPlatform
[2017.11.29-22.57.29:745][  0]LogTemp: Display: Loaded TP TVOSTargetPlatform
[2017.11.29-22.57.29:788][  0]LogTemp: Display: Loaded TP LinuxClientTargetPlatform
[2017.11.29-22.57.29:830][  0]LogTemp: Display: Loaded TP LinuxNoEditorTargetPlatform
[2017.11.29-22.57.29:873][  0]LogTemp: Display: Loaded TP LinuxServerTargetPlatform
[2017.11.29-22.57.29:914][  0]LogTemp: Display: Loaded TP LinuxTargetPlatform
[2017.11.29-22.57.29:914][  0]LogTargetPlatformManager: Display: Building Assets For Windows
[2017.11.29-22.57.31:092][  0]LogDerivedDataCache: Display: Max Cache Size: 512 MB
[2017.11.29-22.57.31:577][  0]LogDerivedDataCache: Loaded boot cache 0.48s 78MB C:/Users/James/AppData/Local/UnrealEngine/4.18/DerivedDataCache/Boot.ddc.
[2017.11.29-22.57.31:577][  0]LogDerivedDataCache: Display: Loaded Boot cache: C:/Users/James/AppData/Local/UnrealEngine/4.18/DerivedDataCache/Boot.ddc
[2017.11.29-22.57.31:577][  0]LogDerivedDataCache: FDerivedDataBackendGraph:  Pak pak cache file C:/Users/James/Documents/UE4SwordGen/DerivedDataCache/DDC.ddp not found, will not use a pak cache.
[2017.11.29-22.57.31:577][  0]LogDerivedDataCache: Unable to find inner node Pak for hierarchical cache Hierarchy.
[2017.11.29-22.57.31:577][  0]LogDerivedDataCache: FDerivedDataBackendGraph:  CompressedPak pak cache file C:/Users/James/Documents/UE4SwordGen/DerivedDataCache/Compressed.ddp not found, will not use a pak cache.
[2017.11.29-22.57.31:577][  0]LogDerivedDataCache: Unable to find inner node CompressedPak for hierarchical cache Hierarchy.
[2017.11.29-22.57.31:633][  0]LogDerivedDataCache: Display: Pak cache opened for reading ../../../Engine/DerivedDataCache/Compressed.ddp.
[2017.11.29-22.57.31:646][  0]LogDerivedDataCache: Using Local data cache path C:/Users/James/AppData/Local/UnrealEngine/Common/DerivedDataCache: Writable
[2017.11.29-22.57.31:699][  0]LogMaterial: Verifying Global Shaders for PCD3D_SM5
[2017.11.29-22.57.31:742][  0]LogSlate: Using Freetype 2.6.0
[2017.11.29-22.57.31:806][  0]LogSlate: SlateFontCache - WITH_FREETYPE: 1, WITH_HARFBUZZ: 1
[2017.11.29-22.57.31:807][  0]LogSlate: SlateFontCache - WITH_FREETYPE: 1, WITH_HARFBUZZ: 1
[2017.11.29-22.57.36:654][  0]LogInit: Selected Device Profile: [Windows]
[2017.11.29-22.57.38:017][  0]LogSimplygon: Simplygon DLL not present - disabling.
[2017.11.29-22.57.38:066][  0]LogMeshReduction: Using SimplygonSwarm for distributed automatic mesh merging
[2017.11.29-22.57.38:067][  0]LogMeshReduction: Using QuadricMeshReduction for automatic static mesh reduction
[2017.11.29-22.57.38:067][  0]LogMeshReduction: No automatic skeletal mesh reduction module available
[2017.11.29-22.57.38:067][  0]LogMeshReduction: No automatic mesh merging module available
[2017.11.29-22.57.38:067][  0]LogMeshMerging: No automatic mesh merging module available
[2017.11.29-22.57.38:370][  0]LogNetVersion: SwordGen , NetCL: 3709383, EngineNetVer: 2, GameNetVer: 0 (Checksum: 3122522569)
[2017.11.29-22.57.39:774][  0]LogAssetRegistry: FAssetRegistry took 0.0608 seconds to start up
[2017.11.29-22.57.48:970][  0]LogPackageLocalizationCache: Processed 7 localized package path(s) for 2 prioritized culture(s) in 0.182426 seconds
[2017.11.29-22.57.49:018][  0]LogUObjectArray: 35900 objects as part of root set at end of initial load.
[2017.11.29-22.57.49:018][  0]LogUObjectAllocator: 7372024 out of 0 bytes used by permanent object pool.
[2017.11.29-22.57.49:018][  0]LogUObjectArray: CloseDisregardForGC: 0/0 objects in disregard for GC pool
[2017.11.29-22.57.49:102][  0]LogInit: WinSock: version 1.1 (2.2), MaxSocks=32767, MaxUdp=65467
[2017.11.29-22.58.24:559][  0]LogTcpMessaging: Initializing TcpMessaging bridge
[2017.11.29-22.58.24:635][  0]LogUdpMessaging: Initializing bridge on interface 0.0.0.0:0 to multicast group 230.0.0.1:6666.
[2017.11.29-22.58.25:982][  0]LogMaterial: Uniform references updated for custom material expression Custom.
[2017.11.29-22.58.26:489][  0]SourceControl: Source control is disabled
[2017.11.29-22.58.26:502][  0]SourceControl: Source control is disabled
[2017.11.29-22.58.26:599][  0]SourceControl: Source control is disabled
[2017.11.29-22.58.26:683][  0]SourceControl: Source control is disabled
[2017.11.29-22.58.27:879][  0]LogAndroidPermission: UAndroidPermissionCallbackProxy::GetInstance
[2017.11.29-22.58.28:196][  0]LogOcInput: OculusInput pre-init called
[2017.11.29-22.58.28:783][  0]LogEngine: Initializing Engine...
[2017.11.29-22.58.28:832][  0]LogHMD: Failed to initialize OpenVR with code 110
[2017.11.29-22.58.29:115][  0]LogStats: UGameplayTagsManager::ConstructGameplayTagTree: Construct from data asset -  0.000 s
[2017.11.29-22.58.29:116][  0]LogStats: UGameplayTagsManager::ConstructGameplayTagTree: GameplayTagTreeChangedEvent.Broadcast -  0.000 s
[2017.11.29-22.58.29:417][  0]LogAIModule: Creating AISystem for world Untitled
[2017.11.29-22.58.29:518][  0]LogInit: XAudio2 using 'Headphones (Astro MixAmp Pro Game)' : 6 channels at 48 kHz using 16 bits per sample (channel mask 0x60f)
[2017.11.29-22.58.29:532][  0]LogInit: FAudioDevice initialized.
[2017.11.29-22.58.29:635][  0]LogDerivedDataCache: Saved boot cache 0.10s 78MB C:/Users/James/AppData/Local/UnrealEngine/4.18/DerivedDataCache/Boot.ddc.
[2017.11.29-22.58.29:643][  0]LogInit: Texture streaming: Enabled
[2017.11.29-22.58.29:807][  0]LogEngineSessionManager: EngineSessionManager initialized
[2017.11.29-22.58.30:122][  0]LogInit: Transaction tracking system initialized
[2017.11.29-22.58.31:048][  0]BlueprintLog: New page: Editor Load
[2017.11.29-22.58.37:034][  0]LocalizationService: Localization service is disabled
[2017.11.29-22.58.39:464][  0]LogConsoleResponse: Display: 
[2017.11.29-22.58.41:831][  0]LogFileCache: Scanning file cache for directory 'C:/Users/James/Documents/UE4SwordGen/Content/' took 0.01s
[2017.11.29-22.58.41:831][  0]LogCook: Display: Max memory allowance for cook 16384mb min free memory 0mb
[2017.11.29-22.58.41:831][  0]LogCook: Display: Mobile HDR setting 1
[2017.11.29-22.58.41:832][  0]LogGameplayTags: Display: UGameplayTagsManager::DoneAddingNativeTags. DelegateIsBound: 0
[2017.11.29-22.58.47:441][  0]SourceControl: Source control is disabled
[2017.11.29-22.58.47:531][  0]Cmd: MAP LOAD FILE="C:/Users/James/Documents/UE4SwordGen/Content/map.umap" TEMPLATE=0 SHOWPROGRESS=1 FEATURELEVEL=3
[2017.11.29-22.58.47:532][  0]LightingResults: New page: Lighting Build
[2017.11.29-22.58.47:825][  0]MapCheck: New page: Map Check
[2017.11.29-22.58.47:825][  0]LightingResults: New page: Lighting Build
[2017.11.29-22.58.48:736][  0]LogStaticMesh: Building static mesh Blade_One...
[2017.11.29-22.58.48:808][  0]LogStaticMesh: Built static mesh [0.07s] /Game/Blade_One.Blade_One
[2017.11.29-22.58.48:825][  0]LogStaticMesh: Building static mesh Blade_Four...
[2017.11.29-22.58.48:830][  0]LogStaticMesh: Built static mesh [0.01s] /Game/Blade_Four.Blade_Four
[2017.11.29-22.58.48:833][  0]LogStaticMesh: Building static mesh Guard_Three...
[2017.11.29-22.58.48:835][  0]LogStaticMesh: Built static mesh [0.00s] /Game/Guard_Three.Guard_Three
[2017.11.29-22.58.48:839][  0]LogStaticMesh: Building static mesh Grip_Two...
[2017.11.29-22.58.48:841][  0]LogStaticMesh: Built static mesh [0.00s] /Game/Grip_Two.Grip_Two
[2017.11.29-22.58.48:842][  0]LogStaticMesh: Building static mesh Grip_Three...
[2017.11.29-22.58.48:846][  0]LogStaticMesh: Built static mesh [0.00s] /Game/Grip_Three.Grip_Three
[2017.11.29-22.58.48:848][  0]LogStaticMesh: Building static mesh Grip_Four...
[2017.11.29-22.58.48:861][  0]LogStaticMesh: Built static mesh [0.01s] /Game/Grip_Four.Grip_Four
[2017.11.29-22.58.48:866][  0]LogStaticMesh: Building static mesh Blade_Two...
[2017.11.29-22.58.48:867][  0]LogStaticMesh: Built static mesh [0.00s] /Game/Blade_Two.Blade_Two
[2017.11.29-22.58.48:868][  0]LogStaticMesh: Building static mesh Blade_Three...
[2017.11.29-22.58.48:868][  0]LogStaticMesh: Built static mesh [0.00s] /Game/Blade_Three.Blade_Three
[2017.11.29-22.58.48:896][  0]LogAIModule: Creating AISystem for world map
[2017.11.29-22.58.49:166][  0]LogEditorServer: Finished looking for orphan Actors (0.000 secs)
[2017.11.29-22.58.49:265][  0]Cmd: MAP CHECKDEP NOCLEARLOG
[2017.11.29-22.58.49:322][  0]MapCheck: Map check complete: 0 Error(s), 0 Warning(s), took 56.95ms to complete.
[2017.11.29-22.58.49:322][  0]LogFileHelpers: Loading map 'map' took 1.822
[2017.11.29-22.58.50:709][  0]LogCollectionManager: Loaded 0 collections in 0.002418 seconds
[2017.11.29-22.58.50:871][  0]LogFileCache: Scanning file cache for directory 'C:/Users/James/Documents/UE4SwordGen/Saved/Collections/' took 0.01s
[2017.11.29-22.58.50:871][  0]LogFileCache: Scanning file cache for directory 'C:/Users/James/Documents/UE4SwordGen/Content/Developers/James/Collections/' took 0.01s
[2017.11.29-22.58.50:871][  0]LogFileCache: Scanning file cache for directory 'C:/Users/James/Documents/UE4SwordGen/Content/Collections/' took 0.01s
[2017.11.29-22.58.50:871][  0]LogCollectionManager: Rebuilt the GUID cache for 0 collections in 0.000001 seconds
[2017.11.29-22.58.50:882][  0]LogContentBrowser: Native class hierarchy populated in 0.0088 seconds. Added 2363 classes and 519 folders.
[2017.11.29-22.58.51:010][  0]LogContentBrowser: Native class hierarchy updated for 'WidgetCarousel' in 0.0002 seconds. Added 0 classes and 0 folders.
[2017.11.29-22.58.51:732][  0]LogContentBrowser: Native class hierarchy updated for 'AddContentDialog' in 0.0002 seconds. Added 0 classes and 0 folders.
[2017.11.29-22.58.51:837][  0]LogContentBrowser: Native class hierarchy updated for 'SceneOutliner' in 0.0002 seconds. Added 1 classes and 2 folders.
[2017.11.29-22.58.52:558][  0]LogSlate: Took 0.009224 seconds to synchronously load lazily loaded font '../../../Engine/Content/Slate/Fonts/Roboto-Regular.ttf' (155K)
[2017.11.29-22.58.52:578][  0]LogSlate: Took 0.012970 seconds to synchronously load lazily loaded font '../../../Engine/Content/Slate/Fonts/Roboto-Bold.ttf' (160K)
[2017.11.29-22.58.52:628][  0]LogSlate: Took 0.011079 seconds to synchronously load lazily loaded font '../../../Engine/Content/Editor/Slate/Fonts/FontAwesome.ttf' (139K)
[2017.11.29-22.58.52:992][  0]LogRenderer: Reallocating scene render targets to support 1208x576 Format 10 NumSamples 1 (Frame:1).
[2017.11.29-22.58.53:297][  0]LogSlate: Took 0.007155 seconds to synchronously load lazily loaded font '../../../Engine/Content/Slate/Fonts/Roboto-Light.ttf' (159K)
[2017.11.29-22.58.53:531][  0]LogContentBrowser: Native class hierarchy updated for 'HierarchicalLODOutliner' in 0.0003 seconds. Added 1 classes and 2 folders.
[2017.11.29-22.58.53:531][  0]LogLoad: (Engine Initialization) Total time: 107.41 seconds
[2017.11.29-22.58.53:531][  0]LogLoad: (Engine Initialization) Total Blueprint compile time: 0.00 seconds
[2017.11.29-22.58.53:531][  0]LogExternalProfiler: Found external profiler: VSPerf
[2017.11.29-22.58.53:531][  0]LogExternalProfiler: Using external profiler: VSPerf
[2017.11.29-22.58.53:565][  0]LogEditorViewport: Clicking Background
[2017.11.29-22.58.53:711][  0]LogContentStreaming: Texture pool size now 1000 MB
[2017.11.29-22.58.53:780][  1]LogFileCache: Retrieving MD5 hashes for directory 'C:/Users/James/Documents/UE4SwordGen/Content/' took 0.16s
[2017.11.29-22.58.53:798][  1]LogAssetRegistry: Asset discovery search completed in 74.0462 seconds
[2017.11.29-22.58.53:802][  1]LogCollectionManager: Rebuilt the object cache for 0 collections in 0.000001 seconds (found 0 objects)
[2017.11.29-22.58.53:802][  1]LogCollectionManager: Fixed up redirectors for 0 collections in 0.000122 seconds (updated 0 objects)
[2017.11.29-22.58.54:584][ 79]LogSlate: Took 0.000238 seconds to synchronously load lazily loaded font '../../../Engine/Content/Slate/Fonts/Roboto-Light.ttf' (159K)
[2017.11.29-22.58.55:884][225]LogTemp: Repeating last play command: Selected Viewport
[2017.11.29-22.58.55:913][225]LogBlueprintUserMessages: Early PlayInEditor Detection: Level '/Game/map.map:PersistentLevel' has LevelScriptBlueprint '/Game/map.map:PersistentLevel.map' with GeneratedClass '/Game/map.map_C' with ClassGeneratedBy '/Game/map.map:PersistentLevel.map'
[2017.11.29-22.58.55:931][225]LogPlayLevel: PlayLevel: No blueprints needed recompiling
[2017.11.29-22.58.55:943][225]PIE: New page: PIE session: map (Nov 29, 2017, 12:58:55 PM)
[2017.11.29-22.58.55:943][225]LogPlayLevel: Creating play world package: /Game/UEDPIE_0_map
[2017.11.29-22.58.55:971][225]LogPlayLevel: PIE: StaticDuplicateObject took: (0.027837s)
[2017.11.29-22.58.55:971][225]LogAIModule: Creating AISystem for world map
[2017.11.29-22.58.55:971][225]LogPlayLevel: PIE: World Init took: (0.000624s)
[2017.11.29-22.58.55:972][225]LogPlayLevel: PIE: Created PIE world by copying editor world from /Game/map.map to /Game/UEDPIE_0_map.map (0.028743s)
[2017.11.29-22.58.55:997][225]LogInit: XAudio2 using 'Headphones (Astro MixAmp Pro Game)' : 6 channels at 48 kHz using 16 bits per sample (channel mask 0x60f)
[2017.11.29-22.58.56:003][225]LogInit: FAudioDevice initialized.
[2017.11.29-22.58.56:057][225]LogLoad: Game class is 'FunctionalTestGameMode'
[2017.11.29-22.58.56:080][225]LogWorld: Bringing World /Game/UEDPIE_0_map.map up for play (max tick rate 0) at 2017.11.29-17.58.56
[2017.11.29-22.58.56:081][225]LogWorld: Bringing up level for play took: 0.001270
[2017.11.29-22.58.56:139][225]LogContentBrowser: Native class hierarchy updated for 'MovieSceneCapture' in 0.0003 seconds. Added 11 classes and 0 folders.
[2017.11.29-22.58.56:230][225]PIE: Play in editor start time for /Game/UEDPIE_0_map 0.156
[2017.11.29-22.58.56:230][225]LogBlueprintUserMessages: Late PlayInEditor Detection: Level '/Game/map.map:PersistentLevel' has LevelScriptBlueprint '/Game/map.map:PersistentLevel.map' with GeneratedClass '/Game/map.map_C' with ClassGeneratedBy '/Game/map.map:PersistentLevel.map'
[2017.11.29-22.58.57:790][389]LogNet: Browse: /Game/map
[2017.11.29-22.58.57:793][389]LogLoad: LoadMap: /Game/map
[2017.11.29-22.58.57:803][389]LogPlayLevel: Creating play world package: /Game/UEDPIE_0_map
[2017.11.29-22.58.57:804][389]LogPlayLevel: PIE: StaticDuplicateObject took: (0.001380s)
[2017.11.29-22.58.57:805][389]LogAIModule: Creating AISystem for world map
[2017.11.29-22.58.57:805][389]LogPlayLevel: PIE: World Init took: (0.000462s)
[2017.11.29-22.58.57:805][389]LogPlayLevel: PIE: Created PIE world by copying editor world from /Game/map.map to /Game/UEDPIE_0_map.map (0.002071s)
[2017.11.29-22.58.57:805][389]LogLoad: Game class is 'FunctionalTestGameMode'
[2017.11.29-22.58.57:806][389]LogWorld: Bringing World /Game/UEDPIE_0_map.map up for play (max tick rate 0) at 2017.11.29-17.58.57
[2017.11.29-22.58.57:806][389]LogWorld: Bringing up level for play took: 0.000604
[2017.11.29-22.58.57:808][389]LogLoad: Took 0.014563 seconds to LoadMap(/Game/UEDPIE_0_map)
[2017.11.29-22.58.58:148][429]LogNet: Browse: /Game/map
[2017.11.29-22.58.58:149][429]LogLoad: LoadMap: /Game/map
[2017.11.29-22.58.58:157][429]LogPlayLevel: Creating play world package: /Game/UEDPIE_0_map
[2017.11.29-22.58.58:159][429]LogPlayLevel: PIE: StaticDuplicateObject took: (0.001661s)
[2017.11.29-22.58.58:160][429]LogAIModule: Creating AISystem for world map
[2017.11.29-22.58.58:160][429]LogPlayLevel: PIE: World Init took: (0.000574s)
[2017.11.29-22.58.58:160][429]LogPlayLevel: PIE: Created PIE world by copying editor world from /Game/map.map to /Game/UEDPIE_0_map.map (0.002544s)
[2017.11.29-22.58.58:160][429]LogLoad: Game class is 'FunctionalTestGameMode'
[2017.11.29-22.58.58:161][429]LogWorld: Bringing World /Game/UEDPIE_0_map.map up for play (max tick rate 0) at 2017.11.29-17.58.58
[2017.11.29-22.58.58:162][429]LogWorld: Bringing up level for play took: 0.001298
[2017.11.29-22.58.58:164][429]LogLoad: Took 0.015884 seconds to LoadMap(/Game/UEDPIE_0_map)
[2017.11.29-22.58.58:397][456]LogBlueprintUserMessages: [SwordGen_222] Material
     Channel 1: 56.449474
     Channel 2: 428.417633
     Channel 3: 149.502838
     Wear: 0.697378
Sword
     Hilt: 2
     Guard: 2
     Blade: 1
     BladeVertical Scale: 1.170118
[2017.11.29-22.58.59:134][543]LogNet: Browse: /Game/map
[2017.11.29-22.58.59:134][543]LogLoad: LoadMap: /Game/map
[2017.11.29-22.58.59:144][543]LogPlayLevel: Creating play world package: /Game/UEDPIE_0_map
[2017.11.29-22.58.59:145][543]LogPlayLevel: PIE: StaticDuplicateObject took: (0.001452s)
[2017.11.29-22.58.59:146][543]LogAIModule: Creating AISystem for world map
[2017.11.29-22.58.59:146][543]LogPlayLevel: PIE: World Init took: (0.000484s)
[2017.11.29-22.58.59:146][543]LogPlayLevel: PIE: Created PIE world by copying editor world from /Game/map.map to /Game/UEDPIE_0_map.map (0.002204s)
[2017.11.29-22.58.59:146][543]LogLoad: Game class is 'FunctionalTestGameMode'
[2017.11.29-22.58.59:147][543]LogWorld: Bringing World /Game/UEDPIE_0_map.map up for play (max tick rate 0) at 2017.11.29-17.58.59
[2017.11.29-22.58.59:147][543]LogWorld: Bringing up level for play took: 0.000840
[2017.11.29-22.58.59:149][543]LogLoad: Took 0.014636 seconds to LoadMap(/Game/UEDPIE_0_map)
[2017.11.29-22.58.59:527][587]LogNet: Browse: /Game/map
[2017.11.29-22.58.59:527][587]LogLoad: LoadMap: /Game/map
[2017.11.29-22.58.59:536][587]LogPlayLevel: Creating play world package: /Game/UEDPIE_0_map
[2017.11.29-22.58.59:538][587]LogPlayLevel: PIE: StaticDuplicateObject took: (0.001383s)
[2017.11.29-22.58.59:538][587]LogAIModule: Creating AISystem for world map
[2017.11.29-22.58.59:538][587]LogPlayLevel: PIE: World Init took: (0.000485s)
[2017.11.29-22.58.59:538][587]LogPlayLevel: PIE: Created PIE world by copying editor world from /Game/map.map to /Game/UEDPIE_0_map.map (0.002123s)
[2017.11.29-22.58.59:538][587]LogLoad: Game class is 'FunctionalTestGameMode'
[2017.11.29-22.58.59:540][587]LogWorld: Bringing World /Game/UEDPIE_0_map.map up for play (max tick rate 0) at 2017.11.29-17.58.59
[2017.11.29-22.58.59:540][587]LogWorld: Bringing up level for play took: 0.001178
[2017.11.29-22.58.59:543][587]LogLoad: Took 0.015628 seconds to LoadMap(/Game/UEDPIE_0_map)
[2017.11.29-22.58.59:769][613]LogBlueprintUserMessages: [SwordGen_222] Material
     Channel 1: 64.019287
     Channel 2: 29.08902
     Channel 3: 251.510361
     Wear: 0.529221
Sword
     Hilt: 1
     Guard: 0
     Blade: 3
     BladeVertical Scale: 1.111843
[2017.11.29-22.59.00:165][659]LogNet: Browse: /Game/map
[2017.11.29-22.59.00:165][659]LogLoad: LoadMap: /Game/map
[2017.11.29-22.59.00:176][659]LogPlayLevel: Creating play world package: /Game/UEDPIE_0_map
[2017.11.29-22.59.00:177][659]LogPlayLevel: PIE: StaticDuplicateObject took: (0.001563s)
[2017.11.29-22.59.00:178][659]LogAIModule: Creating AISystem for world map
[2017.11.29-22.59.00:178][659]LogPlayLevel: PIE: World Init took: (0.000501s)
[2017.11.29-22.59.00:178][659]LogPlayLevel: PIE: Created PIE world by copying editor world from /Game/map.map to /Game/UEDPIE_0_map.map (0.002389s)
[2017.11.29-22.59.00:178][659]LogLoad: Game class is 'FunctionalTestGameMode'
[2017.11.29-22.59.00:180][659]LogWorld: Bringing World /Game/UEDPIE_0_map.map up for play (max tick rate 0) at 2017.11.29-17.59.00
[2017.11.29-22.59.00:180][659]LogWorld: Bringing up level for play took: 0.001356
[2017.11.29-22.59.00:183][659]LogLoad: Took 0.017286 seconds to LoadMap(/Game/UEDPIE_0_map)
[2017.11.29-22.59.00:467][692]LogBlueprintUserMessages: [SwordGen_222] Material
     Channel 1: 184.927521
     Channel 2: 400.478546
     Channel 3: 129.452194
     Wear: 0.658864
Sword
     Hilt: 2
     Guard: 2
     Blade: 2
     BladeVertical Scale: 0.932928
[2017.11.29-22.59.04:772][202]LogNet: Browse: /Game/map
[2017.11.29-22.59.04:772][202]LogLoad: LoadMap: /Game/map
[2017.11.29-22.59.04:782][202]LogPlayLevel: Creating play world package: /Game/UEDPIE_0_map
[2017.11.29-22.59.04:783][202]LogPlayLevel: PIE: StaticDuplicateObject took: (0.001424s)
[2017.11.29-22.59.04:784][202]LogAIModule: Creating AISystem for world map
[2017.11.29-22.59.04:784][202]LogPlayLevel: PIE: World Init took: (0.000486s)
[2017.11.29-22.59.04:784][202]LogPlayLevel: PIE: Created PIE world by copying editor world from /Game/map.map to /Game/UEDPIE_0_map.map (0.002175s)
[2017.11.29-22.59.04:784][202]LogLoad: Game class is 'FunctionalTestGameMode'
[2017.11.29-22.59.04:785][202]LogWorld: Bringing World /Game/UEDPIE_0_map.map up for play (max tick rate 0) at 2017.11.29-17.59.04
[2017.11.29-22.59.04:786][202]LogWorld: Bringing up level for play took: 0.001167
[2017.11.29-22.59.04:788][202]LogLoad: Took 0.015786 seconds to LoadMap(/Game/UEDPIE_0_map)
[2017.11.29-22.59.05:824][324]LogNet: Browse: /Game/map
[2017.11.29-22.59.05:825][324]LogLoad: LoadMap: /Game/map
[2017.11.29-22.59.05:833][324]LogPlayLevel: Creating play world package: /Game/UEDPIE_0_map
[2017.11.29-22.59.05:835][324]LogPlayLevel: PIE: StaticDuplicateObject took: (0.001383s)
[2017.11.29-22.59.05:835][324]LogAIModule: Creating AISystem for world map
[2017.11.29-22.59.05:835][324]LogPlayLevel: PIE: World Init took: (0.000473s)
[2017.11.29-22.59.05:835][324]LogPlayLevel: PIE: Created PIE world by copying editor world from /Game/map.map to /Game/UEDPIE_0_map.map (0.002107s)
[2017.11.29-22.59.05:835][324]LogLoad: Game class is 'FunctionalTestGameMode'
[2017.11.29-22.59.05:837][324]LogWorld: Bringing World /Game/UEDPIE_0_map.map up for play (max tick rate 0) at 2017.11.29-17.59.05
[2017.11.29-22.59.05:837][324]LogWorld: Bringing up level for play took: 0.001332
[2017.11.29-22.59.05:840][324]LogLoad: Took 0.015295 seconds to LoadMap(/Game/UEDPIE_0_map)
[2017.11.29-22.59.08:364][622]LogNet: Browse: /Game/map
[2017.11.29-22.59.08:364][622]LogLoad: LoadMap: /Game/map
[2017.11.29-22.59.08:374][622]LogPlayLevel: Creating play world package: /Game/UEDPIE_0_map
[2017.11.29-22.59.08:376][622]LogPlayLevel: PIE: StaticDuplicateObject took: (0.001600s)
[2017.11.29-22.59.08:376][622]LogAIModule: Creating AISystem for world map
[2017.11.29-22.59.08:376][622]LogPlayLevel: PIE: World Init took: (0.000548s)
[2017.11.29-22.59.08:377][622]LogPlayLevel: PIE: Created PIE world by copying editor world from /Game/map.map to /Game/UEDPIE_0_map.map (0.002447s)
[2017.11.29-22.59.08:377][622]LogLoad: Game class is 'FunctionalTestGameMode'
[2017.11.29-22.59.08:378][622]LogWorld: Bringing World /Game/UEDPIE_0_map.map up for play (max tick rate 0) at 2017.11.29-17.59.08
[2017.11.29-22.59.08:378][622]LogWorld: Bringing up level for play took: 0.000839
[2017.11.29-22.59.08:380][622]LogLoad: Took 0.015582 seconds to LoadMap(/Game/UEDPIE_0_map)
[2017.11.29-22.59.11:021][934]LogNet: Browse: /Game/map
[2017.11.29-22.59.11:021][934]LogLoad: LoadMap: /Game/map
[2017.11.29-22.59.11:030][934]LogPlayLevel: Creating play world package: /Game/UEDPIE_0_map
[2017.11.29-22.59.11:032][934]LogPlayLevel: PIE: StaticDuplicateObject took: (0.001706s)
[2017.11.29-22.59.11:032][934]LogAIModule: Creating AISystem for world map
[2017.11.29-22.59.11:032][934]LogPlayLevel: PIE: World Init took: (0.000549s)
[2017.11.29-22.59.11:032][934]LogPlayLevel: PIE: Created PIE world by copying editor world from /Game/map.map to /Game/UEDPIE_0_map.map (0.002555s)
[2017.11.29-22.59.11:033][934]LogLoad: Game class is 'FunctionalTestGameMode'
[2017.11.29-22.59.11:034][934]LogWorld: Bringing World /Game/UEDPIE_0_map.map up for play (max tick rate 0) at 2017.11.29-17.59.11
[2017.11.29-22.59.11:034][934]LogWorld: Bringing up level for play took: 0.001263
[2017.11.29-22.59.11:037][934]LogLoad: Took 0.016638 seconds to LoadMap(/Game/UEDPIE_0_map)
[2017.11.29-22.59.13:105][179]LogBlueprintUserMessages: [SwordGen_222] Material
     Channel 1: 23.093967
     Channel 2: 209.552292
     Channel 3: 49.689026
     Wear: 0.108524
Sword
     Hilt: 3
     Guard: 0
     Blade: 2
     BladeVertical Scale: 1.123608
[2017.11.29-22.59.14:146][302]LogNet: Browse: /Game/map
[2017.11.29-22.59.14:146][302]LogLoad: LoadMap: /Game/map
[2017.11.29-22.59.14:154][302]LogPlayLevel: Creating play world package: /Game/UEDPIE_0_map
[2017.11.29-22.59.14:156][302]LogPlayLevel: PIE: StaticDuplicateObject took: (0.001384s)
[2017.11.29-22.59.14:156][302]LogAIModule: Creating AISystem for world map
[2017.11.29-22.59.14:156][302]LogPlayLevel: PIE: World Init took: (0.000495s)
[2017.11.29-22.59.14:157][302]LogPlayLevel: PIE: Created PIE world by copying editor world from /Game/map.map to /Game/UEDPIE_0_map.map (0.002121s)
[2017.11.29-22.59.14:157][302]LogLoad: Game class is 'FunctionalTestGameMode'
[2017.11.29-22.59.14:157][302]LogWorld: Bringing World /Game/UEDPIE_0_map.map up for play (max tick rate 0) at 2017.11.29-17.59.14
[2017.11.29-22.59.14:158][302]LogWorld: Bringing up level for play took: 0.000617
[2017.11.29-22.59.14:159][302]LogLoad: Took 0.013418 seconds to LoadMap(/Game/UEDPIE_0_map)
[2017.11.29-22.59.15:012][402]LogNet: Browse: /Game/map
[2017.11.29-22.59.15:012][402]LogLoad: LoadMap: /Game/map
[2017.11.29-22.59.15:024][402]LogPlayLevel: Creating play world package: /Game/UEDPIE_0_map
[2017.11.29-22.59.15:026][402]LogPlayLevel: PIE: StaticDuplicateObject took: (0.001455s)
[2017.11.29-22.59.15:026][402]LogAIModule: Creating AISystem for world map
[2017.11.29-22.59.15:026][402]LogPlayLevel: PIE: World Init took: (0.000551s)
[2017.11.29-22.59.15:027][402]LogPlayLevel: PIE: Created PIE world by copying editor world from /Game/map.map to /Game/UEDPIE_0_map.map (0.002316s)
[2017.11.29-22.59.15:027][402]LogLoad: Game class is 'FunctionalTestGameMode'
[2017.11.29-22.59.15:028][402]LogWorld: Bringing World /Game/UEDPIE_0_map.map up for play (max tick rate 0) at 2017.11.29-17.59.15
[2017.11.29-22.59.15:029][402]LogWorld: Bringing up level for play took: 0.001514
[2017.11.29-22.59.15:032][402]LogLoad: Took 0.015785 seconds to LoadMap(/Game/UEDPIE_0_map)
[2017.11.29-22.59.15:711][482]LogNet: Browse: /Game/map
[2017.11.29-22.59.15:711][482]LogLoad: LoadMap: /Game/map
[2017.11.29-22.59.15:720][482]LogPlayLevel: Creating play world package: /Game/UEDPIE_0_map
[2017.11.29-22.59.15:722][482]LogPlayLevel: PIE: StaticDuplicateObject took: (0.001522s)
[2017.11.29-22.59.15:723][482]LogAIModule: Creating AISystem for world map
[2017.11.29-22.59.15:723][482]LogPlayLevel: PIE: World Init took: (0.000544s)
[2017.11.29-22.59.15:723][482]LogPlayLevel: PIE: Created PIE world by copying editor world from /Game/map.map to /Game/UEDPIE_0_map.map (0.002353s)
[2017.11.29-22.59.15:723][482]LogLoad: Game class is 'FunctionalTestGameMode'
[2017.11.29-22.59.15:724][482]LogWorld: Bringing World /Game/UEDPIE_0_map.map up for play (max tick rate 0) at 2017.11.29-17.59.15
[2017.11.29-22.59.15:724][482]LogWorld: Bringing up level for play took: 0.000843
[2017.11.29-22.59.15:726][482]LogLoad: Took 0.014911 seconds to LoadMap(/Game/UEDPIE_0_map)
[2017.11.29-22.59.16:569][582]LogNet: Browse: /Game/map
[2017.11.29-22.59.16:569][582]LogLoad: LoadMap: /Game/map
[2017.11.29-22.59.16:578][582]LogPlayLevel: Creating play world package: /Game/UEDPIE_0_map
[2017.11.29-22.59.16:579][582]LogPlayLevel: PIE: StaticDuplicateObject took: (0.001382s)
[2017.11.29-22.59.16:579][582]LogAIModule: Creating AISystem for world map
[2017.11.29-22.59.16:580][582]LogPlayLevel: PIE: World Init took: (0.000479s)
[2017.11.29-22.59.16:580][582]LogPlayLevel: PIE: Created PIE world by copying editor world from /Game/map.map to /Game/UEDPIE_0_map.map (0.002125s)
[2017.11.29-22.59.16:580][582]LogLoad: Game class is 'FunctionalTestGameMode'
[2017.11.29-22.59.16:582][582]LogWorld: Bringing World /Game/UEDPIE_0_map.map up for play (max tick rate 0) at 2017.11.29-17.59.16
[2017.11.29-22.59.16:582][582]LogWorld: Bringing up level for play took: 0.001500
[2017.11.29-22.59.16:584][582]LogLoad: Took 0.015649 seconds to LoadMap(/Game/UEDPIE_0_map)
[2017.11.29-22.59.17:220][657]LogNet: Browse: /Game/map
[2017.11.29-22.59.17:220][657]LogLoad: LoadMap: /Game/map
[2017.11.29-22.59.17:230][657]LogPlayLevel: Creating play world package: /Game/UEDPIE_0_map
[2017.11.29-22.59.17:231][657]LogPlayLevel: PIE: StaticDuplicateObject took: (0.001560s)
[2017.11.29-22.59.17:232][657]LogAIModule: Creating AISystem for world map
[2017.11.29-22.59.17:232][657]LogPlayLevel: PIE: World Init took: (0.000495s)
[2017.11.29-22.59.17:232][657]LogPlayLevel: PIE: Created PIE world by copying editor world from /Game/map.map to /Game/UEDPIE_0_map.map (0.002332s)
[2017.11.29-22.59.17:232][657]LogLoad: Game class is 'FunctionalTestGameMode'
[2017.11.29-22.59.17:233][657]LogWorld: Bringing World /Game/UEDPIE_0_map.map up for play (max tick rate 0) at 2017.11.29-17.59.17
[2017.11.29-22.59.17:234][657]LogWorld: Bringing up level for play took: 0.001151
[2017.11.29-22.59.17:236][657]LogLoad: Took 0.016123 seconds to LoadMap(/Game/UEDPIE_0_map)
[2017.11.29-22.59.18:104][760]LogNet: Browse: /Game/map
[2017.11.29-22.59.18:104][760]LogLoad: LoadMap: /Game/map
[2017.11.29-22.59.18:116][760]LogPlayLevel: Creating play world package: /Game/UEDPIE_0_map
[2017.11.29-22.59.18:118][760]LogPlayLevel: PIE: StaticDuplicateObject took: (0.001402s)
[2017.11.29-22.59.18:118][760]LogAIModule: Creating AISystem for world map
[2017.11.29-22.59.18:118][760]LogPlayLevel: PIE: World Init took: (0.000552s)
[2017.11.29-22.59.18:118][760]LogPlayLevel: PIE: Created PIE world by copying editor world from /Game/map.map to /Game/UEDPIE_0_map.map (0.002255s)
[2017.11.29-22.59.18:118][760]LogLoad: Game class is 'FunctionalTestGameMode'
[2017.11.29-22.59.18:120][760]LogWorld: Bringing World /Game/UEDPIE_0_map.map up for play (max tick rate 0) at 2017.11.29-17.59.18
[2017.11.29-22.59.18:120][760]LogWorld: Bringing up level for play took: 0.001211
[2017.11.29-22.59.18:123][760]LogLoad: Took 0.017708 seconds to LoadMap(/Game/UEDPIE_0_map)
[2017.11.29-22.59.18:797][839]LogNet: Browse: /Game/map
[2017.11.29-22.59.18:797][839]LogLoad: LoadMap: /Game/map
[2017.11.29-22.59.18:806][839]LogPlayLevel: Creating play world package: /Game/UEDPIE_0_map
[2017.11.29-22.59.18:808][839]LogPlayLevel: PIE: StaticDuplicateObject took: (0.001370s)
[2017.11.29-22.59.18:808][839]LogAIModule: Creating AISystem for world map
[2017.11.29-22.59.18:808][839]LogPlayLevel: PIE: World Init took: (0.000510s)
[2017.11.29-22.59.18:808][839]LogPlayLevel: PIE: Created PIE world by copying editor world from /Game/map.map to /Game/UEDPIE_0_map.map (0.002245s)
[2017.11.29-22.59.18:808][839]LogLoad: Game class is 'FunctionalTestGameMode'
[2017.11.29-22.59.18:810][839]LogWorld: Bringing World /Game/UEDPIE_0_map.map up for play (max tick rate 0) at 2017.11.29-17.59.18
[2017.11.29-22.59.18:811][839]LogWorld: Bringing up level for play took: 0.001343
[2017.11.29-22.59.18:814][839]LogLoad: Took 0.016516 seconds to LoadMap(/Game/UEDPIE_0_map)
[2017.11.29-22.59.19:662][938]LogBlueprintUserMessages: [SwordGen_222] Material
     Channel 1: 50.747398
     Channel 2: 135.040741
     Channel 3: 101.260422
     Wear: 0.333537
Sword
     Hilt: 2
     Guard: 0
     Blade: 2
     BladeVertical Scale: 1.07815
[2017.11.29-22.59.22:170][238]LogNet: Browse: /Game/map
[2017.11.29-22.59.22:170][238]LogLoad: LoadMap: /Game/map
[2017.11.29-22.59.22:181][238]LogPlayLevel: Creating play world package: /Game/UEDPIE_0_map
[2017.11.29-22.59.22:182][238]LogPlayLevel: PIE: StaticDuplicateObject took: (0.001488s)
[2017.11.29-22.59.22:183][238]LogAIModule: Creating AISystem for world map
[2017.11.29-22.59.22:183][238]LogPlayLevel: PIE: World Init took: (0.000507s)
[2017.11.29-22.59.22:183][238]LogPlayLevel: PIE: Created PIE world by copying editor world from /Game/map.map to /Game/UEDPIE_0_map.map (0.002232s)
[2017.11.29-22.59.22:183][238]LogLoad: Game class is 'FunctionalTestGameMode'
[2017.11.29-22.59.22:184][238]LogWorld: Bringing World /Game/UEDPIE_0_map.map up for play (max tick rate 0) at 2017.11.29-17.59.22
[2017.11.29-22.59.22:184][238]LogWorld: Bringing up level for play took: 0.000617
[2017.11.29-22.59.22:185][238]LogLoad: Took 0.015062 seconds to LoadMap(/Game/UEDPIE_0_map)
[2017.11.29-22.59.22:813][312]LogNet: Browse: /Game/map
[2017.11.29-22.59.22:814][312]LogLoad: LoadMap: /Game/map
[2017.11.29-22.59.22:822][312]LogPlayLevel: Creating play world package: /Game/UEDPIE_0_map
[2017.11.29-22.59.22:824][312]LogPlayLevel: PIE: StaticDuplicateObject took: (0.001398s)
[2017.11.29-22.59.22:824][312]LogAIModule: Creating AISystem for world map
[2017.11.29-22.59.22:824][312]LogPlayLevel: PIE: World Init took: (0.000506s)
[2017.11.29-22.59.22:824][312]LogPlayLevel: PIE: Created PIE world by copying editor world from /Game/map.map to /Game/UEDPIE_0_map.map (0.002166s)
[2017.11.29-22.59.22:824][312]LogLoad: Game class is 'FunctionalTestGameMode'
[2017.11.29-22.59.22:826][312]LogWorld: Bringing World /Game/UEDPIE_0_map.map up for play (max tick rate 0) at 2017.11.29-17.59.22
[2017.11.29-22.59.22:826][312]LogWorld: Bringing up level for play took: 0.001380
[2017.11.29-22.59.22:830][312]LogLoad: Took 0.015904 seconds to LoadMap(/Game/UEDPIE_0_map)
[2017.11.29-22.59.29:769][125]AssetReimport: New page: Outstanding source content changes 12:59:29 PM
[2017.11.29-22.59.29:856][125]LogEditorFactories: Performing atomic reimport of [C:/Users/James/Documents/UE4SwordGen/Content/Blade_One.fbx]
[2017.11.29-22.59.29:901][125]LogFbx: Loading FBX Scene from C:/Users/James/Documents/UE4SwordGen/Content/Blade_One.fbx
[2017.11.29-22.59.29:934][125]LogFbx: FBX Scene Loaded Succesfully
[2017.11.29-22.59.29:997][125]LogStaticMesh: Building static mesh Blade_One...
[2017.11.29-22.59.29:999][125]LogStaticMesh: Built static mesh [0.00s] /Game/Blade_One.Blade_One
[2017.11.29-22.59.30:007][125]LogEditorFactories: -- imported successfully
[2017.11.29-22.59.30:160][126]Cmd: OBJ SAVEPACKAGE PACKAGE="/Game/Blade_One" FILE="C:/Users/James/Documents/UE4SwordGen/Content/Blade_One.uasset" SILENT=true
[2017.11.29-22.59.30:224][126]LogSavePackage: Save=39.66ms
[2017.11.29-22.59.30:224][126]LogSavePackage: Moving 'C:/Users/James/Documents/UE4SwordGen/Saved/Blade_One7272D7E440C57471E3BD719485702790.tmp' to 'C:/Users/James/Documents/UE4SwordGen/Content/Blade_One.uasset'
[2017.11.29-22.59.30:230][126]LogSavePackage: Display: Finished SavePackage C:/Users/James/Documents/UE4SwordGen/Content/Blade_One.uasset
[2017.11.29-22.59.33:234][474]AssetReimport: Reimported asset Blade_One from C:/Users/James/Documents/UE4SwordGen/Content/Blade_One.fbx.
[2017.11.29-22.59.39:821][254]LogBlueprintUserMessages: Early EndPlayMap Detection: Level '/Game/map.map:PersistentLevel' has LevelScriptBlueprint '/Game/map.map:PersistentLevel.map' with GeneratedClass '/Game/map.map_C' with ClassGeneratedBy '/Game/map.map:PersistentLevel.map'
[2017.11.29-22.59.39:861][254]LogBlueprintUserMessages: Late EndPlayMap Detection: Level '/Game/map.map:PersistentLevel' has LevelScriptBlueprint '/Game/map.map:PersistentLevel.map' with GeneratedClass '/Game/map.map_C' with ClassGeneratedBy '/Game/map.map:PersistentLevel.map'
[2017.11.29-22.59.40:879][372]LogTemp: Repeating last play command: Selected Viewport
[2017.11.29-22.59.40:890][372]LogBlueprintUserMessages: Early PlayInEditor Detection: Level '/Game/map.map:PersistentLevel' has LevelScriptBlueprint '/Game/map.map:PersistentLevel.map' with GeneratedClass '/Game/map.map_C' with ClassGeneratedBy '/Game/map.map:PersistentLevel.map'
[2017.11.29-22.59.40:890][372]LogPlayLevel: PlayLevel: No blueprints needed recompiling
[2017.11.29-22.59.40:890][372]PIE: New page: PIE session: map (Nov 29, 2017, 12:59:40 PM)
[2017.11.29-22.59.40:890][372]LogPlayLevel: Creating play world package: /Game/UEDPIE_0_map
[2017.11.29-22.59.40:892][372]LogPlayLevel: PIE: StaticDuplicateObject took: (0.001747s)
[2017.11.29-22.59.40:892][372]LogAIModule: Creating AISystem for world map
[2017.11.29-22.59.40:892][372]LogPlayLevel: PIE: World Init took: (0.000575s)
[2017.11.29-22.59.40:893][372]LogPlayLevel: PIE: Created PIE world by copying editor world from /Game/map.map to /Game/UEDPIE_0_map.map (0.002591s)
[2017.11.29-22.59.40:910][372]LogInit: XAudio2 using 'Headphones (Astro MixAmp Pro Game)' : 6 channels at 48 kHz using 16 bits per sample (channel mask 0x60f)
[2017.11.29-22.59.40:916][372]LogInit: FAudioDevice initialized.
[2017.11.29-22.59.40:947][372]LogLoad: Game class is 'FunctionalTestGameMode'
[2017.11.29-22.59.40:948][372]LogWorld: Bringing World /Game/UEDPIE_0_map.map up for play (max tick rate 0) at 2017.11.29-17.59.40
[2017.11.29-22.59.40:948][372]LogWorld: Bringing up level for play took: 0.000676
[2017.11.29-22.59.40:950][372]PIE: Play in editor start time for /Game/UEDPIE_0_map 0.876
[2017.11.29-22.59.40:950][372]LogBlueprintUserMessages: Late PlayInEditor Detection: Level '/Game/map.map:PersistentLevel' has LevelScriptBlueprint '/Game/map.map:PersistentLevel.map' with GeneratedClass '/Game/map.map_C' with ClassGeneratedBy '/Game/map.map:PersistentLevel.map'
[2017.11.29-22.59.41:570][444]LogNet: Browse: /Game/map
[2017.11.29-22.59.41:570][444]LogLoad: LoadMap: /Game/map
[2017.11.29-22.59.41:582][444]LogPlayLevel: Creating play world package: /Game/UEDPIE_0_map
[2017.11.29-22.59.41:584][444]LogPlayLevel: PIE: StaticDuplicateObject took: (0.001451s)
[2017.11.29-22.59.41:584][444]LogAIModule: Creating AISystem for world map
[2017.11.29-22.59.41:584][444]LogPlayLevel: PIE: World Init took: (0.000516s)
[2017.11.29-22.59.41:584][444]LogPlayLevel: PIE: Created PIE world by copying editor world from /Game/map.map to /Game/UEDPIE_0_map.map (0.002215s)
[2017.11.29-22.59.41:584][444]LogLoad: Game class is 'FunctionalTestGameMode'
[2017.11.29-22.59.41:585][444]LogWorld: Bringing World /Game/UEDPIE_0_map.map up for play (max tick rate 0) at 2017.11.29-17.59.41
[2017.11.29-22.59.41:586][444]LogWorld: Bringing up level for play took: 0.000748
[2017.11.29-22.59.41:587][444]LogLoad: Took 0.017362 seconds to LoadMap(/Game/UEDPIE_0_map)
[2017.11.29-22.59.42:092][504]LogNet: Browse: /Game/map
[2017.11.29-22.59.42:092][504]LogLoad: LoadMap: /Game/map
[2017.11.29-22.59.42:101][504]LogPlayLevel: Creating play world package: /Game/UEDPIE_0_map
[2017.11.29-22.59.42:102][504]LogPlayLevel: PIE: StaticDuplicateObject took: (0.001551s)
[2017.11.29-22.59.42:103][504]LogAIModule: Creating AISystem for world map
[2017.11.29-22.59.42:103][504]LogPlayLevel: PIE: World Init took: (0.000514s)
[2017.11.29-22.59.42:103][504]LogPlayLevel: PIE: Created PIE world by copying editor world from /Game/map.map to /Game/UEDPIE_0_map.map (0.002355s)
[2017.11.29-22.59.42:103][504]LogLoad: Game class is 'FunctionalTestGameMode'
[2017.11.29-22.59.42:105][504]LogWorld: Bringing World /Game/UEDPIE_0_map.map up for play (max tick rate 0) at 2017.11.29-17.59.42
[2017.11.29-22.59.42:105][504]LogWorld: Bringing up level for play took: 0.001325
[2017.11.29-22.59.42:108][504]LogLoad: Took 0.015650 seconds to LoadMap(/Game/UEDPIE_0_map)
[2017.11.29-22.59.42:580][560]LogNet: Browse: /Game/map
[2017.11.29-22.59.42:580][560]LogLoad: LoadMap: /Game/map
[2017.11.29-22.59.42:588][560]LogPlayLevel: Creating play world package: /Game/UEDPIE_0_map
[2017.11.29-22.59.42:590][560]LogPlayLevel: PIE: StaticDuplicateObject took: (0.001361s)
[2017.11.29-22.59.42:590][560]LogAIModule: Creating AISystem for world map
[2017.11.29-22.59.42:590][560]LogPlayLevel: PIE: World Init took: (0.000468s)
[2017.11.29-22.59.42:590][560]LogPlayLevel: PIE: Created PIE world by copying editor world from /Game/map.map to /Game/UEDPIE_0_map.map (0.002060s)
[2017.11.29-22.59.42:590][560]LogLoad: Game class is 'FunctionalTestGameMode'
[2017.11.29-22.59.42:591][560]LogWorld: Bringing World /Game/UEDPIE_0_map.map up for play (max tick rate 0) at 2017.11.29-17.59.42
[2017.11.29-22.59.42:592][560]LogWorld: Bringing up level for play took: 0.001008
[2017.11.29-22.59.42:593][560]LogLoad: Took 0.013602 seconds to LoadMap(/Game/UEDPIE_0_map)
[2017.11.29-22.59.43:209][633]LogNet: Browse: /Game/map
[2017.11.29-22.59.43:209][633]LogLoad: LoadMap: /Game/map
[2017.11.29-22.59.43:219][633]LogPlayLevel: Creating play world package: /Game/UEDPIE_0_map
[2017.11.29-22.59.43:222][633]LogPlayLevel: PIE: StaticDuplicateObject took: (0.002239s)
[2017.11.29-22.59.43:222][633]LogAIModule: Creating AISystem for world map
[2017.11.29-22.59.43:223][633]LogPlayLevel: PIE: World Init took: (0.000896s)
[2017.11.29-22.59.43:223][633]LogPlayLevel: PIE: Created PIE world by copying editor world from /Game/map.map to /Game/UEDPIE_0_map.map (0.003815s)
[2017.11.29-22.59.43:223][633]LogLoad: Game class is 'FunctionalTestGameMode'
[2017.11.29-22.59.43:225][633]LogWorld: Bringing World /Game/UEDPIE_0_map.map up for play (max tick rate 0) at 2017.11.29-17.59.43
[2017.11.29-22.59.43:226][633]LogWorld: Bringing up level for play took: 0.002340
[2017.11.29-22.59.43:229][633]LogLoad: Took 0.020357 seconds to LoadMap(/Game/UEDPIE_0_map)
[2017.11.29-22.59.43:898][712]LogNet: Browse: /Game/map
[2017.11.29-22.59.43:899][712]LogLoad: LoadMap: /Game/map
[2017.11.29-22.59.43:909][712]LogPlayLevel: Creating play world package: /Game/UEDPIE_0_map
[2017.11.29-22.59.43:911][712]LogPlayLevel: PIE: StaticDuplicateObject took: (0.001769s)
[2017.11.29-22.59.43:911][712]LogAIModule: Creating AISystem for world map
[2017.11.29-22.59.43:911][712]LogPlayLevel: PIE: World Init took: (0.000610s)
[2017.11.29-22.59.43:912][712]LogPlayLevel: PIE: Created PIE world by copying editor world from /Game/map.map to /Game/UEDPIE_0_map.map (0.002872s)
[2017.11.29-22.59.43:912][712]LogLoad: Game class is 'FunctionalTestGameMode'
[2017.11.29-22.59.43:913][712]LogWorld: Bringing World /Game/UEDPIE_0_map.map up for play (max tick rate 0) at 2017.11.29-17.59.43
[2017.11.29-22.59.43:914][712]LogWorld: Bringing up level for play took: 0.001341
[2017.11.29-22.59.43:917][712]LogLoad: Took 0.018204 seconds to LoadMap(/Game/UEDPIE_0_map)
[2017.11.29-22.59.44:550][785]LogNet: Browse: /Game/map
[2017.11.29-22.59.44:550][785]LogLoad: LoadMap: /Game/map
[2017.11.29-22.59.44:557][785]LogPlayLevel: Creating play world package: /Game/UEDPIE_0_map
[2017.11.29-22.59.44:558][785]LogPlayLevel: PIE: StaticDuplicateObject took: (0.001373s)
[2017.11.29-22.59.44:559][785]LogAIModule: Creating AISystem for world map
[2017.11.29-22.59.44:559][785]LogPlayLevel: PIE: World Init took: (0.000519s)
[2017.11.29-22.59.44:559][785]LogPlayLevel: PIE: Created PIE world by copying editor world from /Game/map.map to /Game/UEDPIE_0_map.map (0.002139s)
[2017.11.29-22.59.44:559][785]LogLoad: Game class is 'FunctionalTestGameMode'
[2017.11.29-22.59.44:561][785]LogWorld: Bringing World /Game/UEDPIE_0_map.map up for play (max tick rate 0) at 2017.11.29-17.59.44
[2017.11.29-22.59.44:561][785]LogWorld: Bringing up level for play took: 0.001583
[2017.11.29-22.59.44:564][785]LogLoad: Took 0.014331 seconds to LoadMap(/Game/UEDPIE_0_map)
[2017.11.29-22.59.45:042][841]LogNet: Browse: /Game/map
[2017.11.29-22.59.45:042][841]LogLoad: LoadMap: /Game/map
[2017.11.29-22.59.45:051][841]LogPlayLevel: Creating play world package: /Game/UEDPIE_0_map
[2017.11.29-22.59.45:053][841]LogPlayLevel: PIE: StaticDuplicateObject took: (0.001426s)
[2017.11.29-22.59.45:053][841]LogAIModule: Creating AISystem for world map
[2017.11.29-22.59.45:053][841]LogPlayLevel: PIE: World Init took: (0.000577s)
[2017.11.29-22.59.45:054][841]LogPlayLevel: PIE: Created PIE world by copying editor world from /Game/map.map to /Game/UEDPIE_0_map.map (0.002309s)
[2017.11.29-22.59.45:054][841]LogLoad: Game class is 'FunctionalTestGameMode'
[2017.11.29-22.59.45:055][841]LogWorld: Bringing World /Game/UEDPIE_0_map.map up for play (max tick rate 0) at 2017.11.29-17.59.45
[2017.11.29-22.59.45:055][841]LogWorld: Bringing up level for play took: 0.001180
[2017.11.29-22.59.45:059][841]LogLoad: Took 0.016275 seconds to LoadMap(/Game/UEDPIE_0_map)
[2017.11.29-22.59.45:675][914]LogNet: Browse: /Game/map
[2017.11.29-22.59.45:675][914]LogLoad: LoadMap: /Game/map
[2017.11.29-22.59.45:683][914]LogPlayLevel: Creating play world package: /Game/UEDPIE_0_map
[2017.11.29-22.59.45:685][914]LogPlayLevel: PIE: StaticDuplicateObject took: (0.001374s)
[2017.11.29-22.59.45:685][914]LogAIModule: Creating AISystem for world map
[2017.11.29-22.59.45:685][914]LogPlayLevel: PIE: World Init took: (0.000487s)
[2017.11.29-22.59.45:685][914]LogPlayLevel: PIE: Created PIE world by copying editor world from /Game/map.map to /Game/UEDPIE_0_map.map (0.002115s)
[2017.11.29-22.59.45:685][914]LogLoad: Game class is 'FunctionalTestGameMode'
[2017.11.29-22.59.45:687][914]LogWorld: Bringing World /Game/UEDPIE_0_map.map up for play (max tick rate 0) at 2017.11.29-17.59.45
[2017.11.29-22.59.45:687][914]LogWorld: Bringing up level for play took: 0.001249
[2017.11.29-22.59.45:690][914]LogLoad: Took 0.015027 seconds to LoadMap(/Game/UEDPIE_0_map)
[2017.11.29-22.59.50:705][512]LogNet: Browse: /Game/map
[2017.11.29-22.59.50:705][512]LogLoad: LoadMap: /Game/map
[2017.11.29-22.59.50:714][512]LogPlayLevel: Creating play world package: /Game/UEDPIE_0_map
[2017.11.29-22.59.50:716][512]LogPlayLevel: PIE: StaticDuplicateObject took: (0.001369s)
[2017.11.29-22.59.50:716][512]LogAIModule: Creating AISystem for world map
[2017.11.29-22.59.50:716][512]LogPlayLevel: PIE: World Init took: (0.000486s)
[2017.11.29-22.59.50:716][512]LogPlayLevel: PIE: Created PIE world by copying editor world from /Game/map.map to /Game/UEDPIE_0_map.map (0.002084s)
[2017.11.29-22.59.50:716][512]LogLoad: Game class is 'FunctionalTestGameMode'
[2017.11.29-22.59.50:717][512]LogWorld: Bringing World /Game/UEDPIE_0_map.map up for play (max tick rate 0) at 2017.11.29-17.59.50
[2017.11.29-22.59.50:717][512]LogWorld: Bringing up level for play took: 0.000766
[2017.11.29-22.59.50:719][512]LogLoad: Took 0.013771 seconds to LoadMap(/Game/UEDPIE_0_map)
[2017.11.29-22.59.51:199][569]LogNet: Browse: /Game/map
[2017.11.29-22.59.51:199][569]LogLoad: LoadMap: /Game/map
[2017.11.29-22.59.51:207][569]LogPlayLevel: Creating play world package: /Game/UEDPIE_0_map
[2017.11.29-22.59.51:209][569]LogPlayLevel: PIE: StaticDuplicateObject took: (0.001436s)
[2017.11.29-22.59.51:209][569]LogAIModule: Creating AISystem for world map
[2017.11.29-22.59.51:209][569]LogPlayLevel: PIE: World Init took: (0.000504s)
[2017.11.29-22.59.51:209][569]LogPlayLevel: PIE: Created PIE world by copying editor world from /Game/map.map to /Game/UEDPIE_0_map.map (0.002182s)
[2017.11.29-22.59.51:209][569]LogLoad: Game class is 'FunctionalTestGameMode'
[2017.11.29-22.59.51:211][569]LogWorld: Bringing World /Game/UEDPIE_0_map.map up for play (max tick rate 0) at 2017.11.29-17.59.51
[2017.11.29-22.59.51:212][569]LogWorld: Bringing up level for play took: 0.001628
[2017.11.29-22.59.51:215][569]LogLoad: Took 0.016411 seconds to LoadMap(/Game/UEDPIE_0_map)
[2017.11.29-22.59.51:938][654]LogNet: Browse: /Game/map
[2017.11.29-22.59.51:938][654]LogLoad: LoadMap: /Game/map
[2017.11.29-22.59.51:947][654]LogPlayLevel: Creating play world package: /Game/UEDPIE_0_map
[2017.11.29-22.59.51:948][654]LogPlayLevel: PIE: StaticDuplicateObject took: (0.001380s)
[2017.11.29-22.59.51:949][654]LogAIModule: Creating AISystem for world map
[2017.11.29-22.59.51:949][654]LogPlayLevel: PIE: World Init took: (0.000487s)
[2017.11.29-22.59.51:949][654]LogPlayLevel: PIE: Created PIE world by copying editor world from /Game/map.map to /Game/UEDPIE_0_map.map (0.002103s)
[2017.11.29-22.59.51:949][654]LogLoad: Game class is 'FunctionalTestGameMode'
[2017.11.29-22.59.51:950][654]LogWorld: Bringing World /Game/UEDPIE_0_map.map up for play (max tick rate 0) at 2017.11.29-17.59.51
[2017.11.29-22.59.51:950][654]LogWorld: Bringing up level for play took: 0.000773
[2017.11.29-22.59.51:952][654]LogLoad: Took 0.013778 seconds to LoadMap(/Game/UEDPIE_0_map)
[2017.11.29-22.59.52:526][722]LogNet: Browse: /Game/map
[2017.11.29-22.59.52:526][722]LogLoad: LoadMap: /Game/map
[2017.11.29-22.59.52:536][722]LogPlayLevel: Creating play world package: /Game/UEDPIE_0_map
[2017.11.29-22.59.52:538][722]LogPlayLevel: PIE: StaticDuplicateObject took: (0.001429s)
[2017.11.29-22.59.52:538][722]LogAIModule: Creating AISystem for world map
[2017.11.29-22.59.52:538][722]LogPlayLevel: PIE: World Init took: (0.000521s)
[2017.11.29-22.59.52:539][722]LogPlayLevel: PIE: Created PIE world by copying editor world from /Game/map.map to /Game/UEDPIE_0_map.map (0.002237s)
[2017.11.29-22.59.52:539][722]LogLoad: Game class is 'FunctionalTestGameMode'
[2017.11.29-22.59.52:540][722]LogWorld: Bringing World /Game/UEDPIE_0_map.map up for play (max tick rate 0) at 2017.11.29-17.59.52
[2017.11.29-22.59.52:540][722]LogWorld: Bringing up level for play took: 0.001212
[2017.11.29-22.59.52:543][722]LogLoad: Took 0.017805 seconds to LoadMap(/Game/UEDPIE_0_map)
[2017.11.29-22.59.53:083][786]LogNet: Browse: /Game/map
[2017.11.29-22.59.53:083][786]LogLoad: LoadMap: /Game/map
[2017.11.29-22.59.53:091][786]LogPlayLevel: Creating play world package: /Game/UEDPIE_0_map
[2017.11.29-22.59.53:093][786]LogPlayLevel: PIE: StaticDuplicateObject took: (0.001438s)
[2017.11.29-22.59.53:093][786]LogAIModule: Creating AISystem for world map
[2017.11.29-22.59.53:093][786]LogPlayLevel: PIE: World Init took: (0.000659s)
[2017.11.29-22.59.53:094][786]LogPlayLevel: PIE: Created PIE world by copying editor world from /Game/map.map to /Game/UEDPIE_0_map.map (0.002425s)
[2017.11.29-22.59.53:094][786]LogLoad: Game class is 'FunctionalTestGameMode'
[2017.11.29-22.59.53:095][786]LogWorld: Bringing World /Game/UEDPIE_0_map.map up for play (max tick rate 0) at 2017.11.29-17.59.53
[2017.11.29-22.59.53:096][786]LogWorld: Bringing up level for play took: 0.001312
[2017.11.29-22.59.53:099][786]LogLoad: Took 0.016088 seconds to LoadMap(/Game/UEDPIE_0_map)
[2017.11.29-22.59.54:314][923]LogNet: Browse: /Game/map
[2017.11.29-22.59.54:314][923]LogLoad: LoadMap: /Game/map
[2017.11.29-22.59.54:324][923]LogPlayLevel: Creating play world package: /Game/UEDPIE_0_map
[2017.11.29-22.59.54:326][923]LogPlayLevel: PIE: StaticDuplicateObject took: (0.001398s)
[2017.11.29-22.59.54:326][923]LogAIModule: Creating AISystem for world map
[2017.11.29-22.59.54:327][923]LogPlayLevel: PIE: World Init took: (0.000573s)
[2017.11.29-22.59.54:327][923]LogPlayLevel: PIE: Created PIE world by copying editor world from /Game/map.map to /Game/UEDPIE_0_map.map (0.002270s)
[2017.11.29-22.59.54:327][923]LogLoad: Game class is 'FunctionalTestGameMode'
[2017.11.29-22.59.54:329][923]LogWorld: Bringing World /Game/UEDPIE_0_map.map up for play (max tick rate 0) at 2017.11.29-17.59.54
[2017.11.29-22.59.54:329][923]LogWorld: Bringing up level for play took: 0.001321
[2017.11.29-22.59.54:333][923]LogLoad: Took 0.018197 seconds to LoadMap(/Game/UEDPIE_0_map)
[2017.11.29-22.59.57:420][287]LogBlueprintUserMessages: [SwordGen_222] Material
     Channel 1: 131.63121
     Channel 2: 357.894226
     Channel 3: 137.604279
     Wear: 0.645955
Sword
     Hilt: 1
     Guard: 0
     Blade: 0
     BladeVertical Scale: 1.060648
[2017.11.29-23.00.02:547][898]LogNet: Browse: /Game/map
[2017.11.29-23.00.02:547][898]LogLoad: LoadMap: /Game/map
[2017.11.29-23.00.02:556][898]LogPlayLevel: Creating play world package: /Game/UEDPIE_0_map
[2017.11.29-23.00.02:557][898]LogPlayLevel: PIE: StaticDuplicateObject took: (0.001411s)
[2017.11.29-23.00.02:557][898]LogAIModule: Creating AISystem for world map
[2017.11.29-23.00.02:558][898]LogPlayLevel: PIE: World Init took: (0.000481s)
[2017.11.29-23.00.02:558][898]LogPlayLevel: PIE: Created PIE world by copying editor world from /Game/map.map to /Game/UEDPIE_0_map.map (0.002124s)
[2017.11.29-23.00.02:558][898]LogLoad: Game class is 'FunctionalTestGameMode'
[2017.11.29-23.00.02:558][898]LogWorld: Bringing World /Game/UEDPIE_0_map.map up for play (max tick rate 0) at 2017.11.29-18.00.02
[2017.11.29-23.00.02:559][898]LogWorld: Bringing up level for play took: 0.000593
[2017.11.29-23.00.02:560][898]LogLoad: Took 0.013205 seconds to LoadMap(/Game/UEDPIE_0_map)
[2017.11.29-23.00.03:428][  1]LogBlueprintUserMessages: [SwordGen_222] Material
     Channel 1: 31.894283
     Channel 2: 455.917236
     Channel 3: -98.213448
     Wear: 0.669668
Sword
     Hilt: 1
     Guard: 0
     Blade: 2
     BladeVertical Scale: 0.817248
[2017.11.29-23.00.03:920][ 59]LogNet: Browse: /Game/map
[2017.11.29-23.00.03:920][ 59]LogLoad: LoadMap: /Game/map
[2017.11.29-23.00.03:929][ 59]LogPlayLevel: Creating play world package: /Game/UEDPIE_0_map
[2017.11.29-23.00.03:931][ 59]LogPlayLevel: PIE: StaticDuplicateObject took: (0.001697s)
[2017.11.29-23.00.03:931][ 59]LogAIModule: Creating AISystem for world map
[2017.11.29-23.00.03:931][ 59]LogPlayLevel: PIE: World Init took: (0.000500s)
[2017.11.29-23.00.03:931][ 59]LogPlayLevel: PIE: Created PIE world by copying editor world from /Game/map.map to /Game/UEDPIE_0_map.map (0.002515s)
[2017.11.29-23.00.03:932][ 59]LogLoad: Game class is 'FunctionalTestGameMode'
[2017.11.29-23.00.03:933][ 59]LogWorld: Bringing World /Game/UEDPIE_0_map.map up for play (max tick rate 0) at 2017.11.29-18.00.03
[2017.11.29-23.00.03:933][ 59]LogWorld: Bringing up level for play took: 0.001213
[2017.11.29-23.00.03:936][ 59]LogLoad: Took 0.015562 seconds to LoadMap(/Game/UEDPIE_0_map)
[2017.11.29-23.00.04:986][184]LogBlueprintUserMessages: [SwordGen_222] Material
     Channel 1: 212.646866
     Channel 2: 378.691986
     Channel 3: 7.20359
     Wear: 0.270028
Sword
     Hilt: 3
     Guard: 2
     Blade: 1
     BladeVertical Scale: 1.031335
[2017.11.29-23.00.05:822][284]LogNet: Browse: /Game/map
[2017.11.29-23.00.05:822][284]LogLoad: LoadMap: /Game/map
[2017.11.29-23.00.05:830][284]LogPlayLevel: Creating play world package: /Game/UEDPIE_0_map
[2017.11.29-23.00.05:832][284]LogPlayLevel: PIE: StaticDuplicateObject took: (0.001405s)
[2017.11.29-23.00.05:832][284]LogAIModule: Creating AISystem for world map
[2017.11.29-23.00.05:832][284]LogPlayLevel: PIE: World Init took: (0.000497s)
[2017.11.29-23.00.05:832][284]LogPlayLevel: PIE: Created PIE world by copying editor world from /Game/map.map to /Game/UEDPIE_0_map.map (0.002269s)
[2017.11.29-23.00.05:833][284]LogLoad: Game class is 'FunctionalTestGameMode'
[2017.11.29-23.00.05:833][284]LogWorld: Bringing World /Game/UEDPIE_0_map.map up for play (max tick rate 0) at 2017.11.29-18.00.05
[2017.11.29-23.00.05:834][284]LogWorld: Bringing up level for play took: 0.000793
[2017.11.29-23.00.05:836][284]LogLoad: Took 0.013921 seconds to LoadMap(/Game/UEDPIE_0_map)
[2017.11.29-23.00.07:332][461]LogNet: Browse: /Game/map
[2017.11.29-23.00.07:332][461]LogLoad: LoadMap: /Game/map
[2017.11.29-23.00.07:342][461]LogPlayLevel: Creating play world package: /Game/UEDPIE_0_map
[2017.11.29-23.00.07:344][461]LogPlayLevel: PIE: StaticDuplicateObject took: (0.001474s)
[2017.11.29-23.00.07:344][461]LogAIModule: Creating AISystem for world map
[2017.11.29-23.00.07:344][461]LogPlayLevel: PIE: World Init took: (0.000664s)
[2017.11.29-23.00.07:345][461]LogPlayLevel: PIE: Created PIE world by copying editor world from /Game/map.map to /Game/UEDPIE_0_map.map (0.002521s)
[2017.11.29-23.00.07:345][461]LogLoad: Game class is 'FunctionalTestGameMode'
[2017.11.29-23.00.07:347][461]LogWorld: Bringing World /Game/UEDPIE_0_map.map up for play (max tick rate 0) at 2017.11.29-18.00.07
[2017.11.29-23.00.07:347][461]LogWorld: Bringing up level for play took: 0.001476
[2017.11.29-23.00.07:350][461]LogLoad: Took 0.017817 seconds to LoadMap(/Game/UEDPIE_0_map)
[2017.11.29-23.00.09:380][703]LogNet: Browse: /Game/map
[2017.11.29-23.00.09:380][703]LogLoad: LoadMap: /Game/map
[2017.11.29-23.00.09:388][703]LogPlayLevel: Creating play world package: /Game/UEDPIE_0_map
[2017.11.29-23.00.09:390][703]LogPlayLevel: PIE: StaticDuplicateObject took: (0.001360s)
[2017.11.29-23.00.09:390][703]LogAIModule: Creating AISystem for world map
[2017.11.29-23.00.09:391][703]LogPlayLevel: PIE: World Init took: (0.000694s)
[2017.11.29-23.00.09:391][703]LogPlayLevel: PIE: Created PIE world by copying editor world from /Game/map.map to /Game/UEDPIE_0_map.map (0.002330s)
[2017.11.29-23.00.09:391][703]LogLoad: Game class is 'FunctionalTestGameMode'
[2017.11.29-23.00.09:392][703]LogWorld: Bringing World /Game/UEDPIE_0_map.map up for play (max tick rate 0) at 2017.11.29-18.00.09
[2017.11.29-23.00.09:393][703]LogWorld: Bringing up level for play took: 0.001307
[2017.11.29-23.00.09:396][703]LogLoad: Took 0.016392 seconds to LoadMap(/Game/UEDPIE_0_map)
[2017.11.29-23.00.10:820][871]LogNet: Browse: /Game/map
[2017.11.29-23.00.10:820][871]LogLoad: LoadMap: /Game/map
[2017.11.29-23.00.10:832][871]LogPlayLevel: Creating play world package: /Game/UEDPIE_0_map
[2017.11.29-23.00.10:834][871]LogPlayLevel: PIE: StaticDuplicateObject took: (0.001978s)
[2017.11.29-23.00.10:834][871]LogAIModule: Creating AISystem for world map
[2017.11.29-23.00.10:834][871]LogPlayLevel: PIE: World Init took: (0.000562s)
[2017.11.29-23.00.10:834][871]LogPlayLevel: PIE: Created PIE world by copying editor world from /Game/map.map to /Game/UEDPIE_0_map.map (0.002886s)
[2017.11.29-23.00.10:835][871]LogLoad: Game class is 'FunctionalTestGameMode'
[2017.11.29-23.00.10:836][871]LogWorld: Bringing World /Game/UEDPIE_0_map.map up for play (max tick rate 0) at 2017.11.29-18.00.10
[2017.11.29-23.00.10:836][871]LogWorld: Bringing up level for play took: 0.001311
[2017.11.29-23.00.10:839][871]LogLoad: Took 0.019163 seconds to LoadMap(/Game/UEDPIE_0_map)
[2017.11.29-23.00.13:320][165]LogNet: Browse: /Game/map
[2017.11.29-23.00.13:320][165]LogLoad: LoadMap: /Game/map
[2017.11.29-23.00.13:329][165]LogPlayLevel: Creating play world package: /Game/UEDPIE_0_map
[2017.11.29-23.00.13:331][165]LogPlayLevel: PIE: StaticDuplicateObject took: (0.001612s)
[2017.11.29-23.00.13:332][165]LogAIModule: Creating AISystem for world map
[2017.11.29-23.00.13:332][165]LogPlayLevel: PIE: World Init took: (0.000545s)
[2017.11.29-23.00.13:332][165]LogPlayLevel: PIE: Created PIE world by copying editor world from /Game/map.map to /Game/UEDPIE_0_map.map (0.002442s)
[2017.11.29-23.00.13:332][165]LogLoad: Game class is 'FunctionalTestGameMode'
[2017.11.29-23.00.13:333][165]LogWorld: Bringing World /Game/UEDPIE_0_map.map up for play (max tick rate 0) at 2017.11.29-18.00.13
[2017.11.29-23.00.13:334][165]LogWorld: Bringing up level for play took: 0.001159
[2017.11.29-23.00.13:337][165]LogLoad: Took 0.017464 seconds to LoadMap(/Game/UEDPIE_0_map)
[2017.11.29-23.00.14:375][288]LogNet: Browse: /Game/map
[2017.11.29-23.00.14:375][288]LogLoad: LoadMap: /Game/map
[2017.11.29-23.00.14:384][288]LogPlayLevel: Creating play world package: /Game/UEDPIE_0_map
[2017.11.29-23.00.14:386][288]LogPlayLevel: PIE: StaticDuplicateObject took: (0.001900s)
[2017.11.29-23.00.14:387][288]LogAIModule: Creating AISystem for world map
[2017.11.29-23.00.14:387][288]LogPlayLevel: PIE: World Init took: (0.000573s)
[2017.11.29-23.00.14:387][288]LogPlayLevel: PIE: Created PIE world by copying editor world from /Game/map.map to /Game/UEDPIE_0_map.map (0.002813s)
[2017.11.29-23.00.14:387][288]LogLoad: Game class is 'FunctionalTestGameMode'
[2017.11.29-23.00.14:389][288]LogWorld: Bringing World /Game/UEDPIE_0_map.map up for play (max tick rate 0) at 2017.11.29-18.00.14
[2017.11.29-23.00.14:389][288]LogWorld: Bringing up level for play took: 0.001276
[2017.11.29-23.00.14:392][288]LogLoad: Took 0.017360 seconds to LoadMap(/Game/UEDPIE_0_map)
[2017.11.29-23.00.15:210][384]LogNet: Browse: /Game/map
[2017.11.29-23.00.15:210][384]LogLoad: LoadMap: /Game/map
[2017.11.29-23.00.15:219][384]LogPlayLevel: Creating play world package: /Game/UEDPIE_0_map
[2017.11.29-23.00.15:220][384]LogPlayLevel: PIE: StaticDuplicateObject took: (0.001478s)
[2017.11.29-23.00.15:221][384]LogAIModule: Creating AISystem for world map
[2017.11.29-23.00.15:221][384]LogPlayLevel: PIE: World Init took: (0.000537s)
[2017.11.29-23.00.15:221][384]LogPlayLevel: PIE: Created PIE world by copying editor world from /Game/map.map to /Game/UEDPIE_0_map.map (0.002437s)
[2017.11.29-23.00.15:221][384]LogLoad: Game class is 'FunctionalTestGameMode'
[2017.11.29-23.00.15:223][384]LogWorld: Bringing World /Game/UEDPIE_0_map.map up for play (max tick rate 0) at 2017.11.29-18.00.15
[2017.11.29-23.00.15:223][384]LogWorld: Bringing up level for play took: 0.001203
[2017.11.29-23.00.15:226][384]LogLoad: Took 0.015577 seconds to LoadMap(/Game/UEDPIE_0_map)
[2017.11.29-23.00.17:623][668]LogBlueprintUserMessages: [SwordGen_222] Material
     Channel 1: 57.49321
     Channel 2: 274.131897
     Channel 3: 236.110718
     Wear: 0.025117
Sword
     Hilt: 3
     Guard: 0
     Blade: 1
     BladeVertical Scale: 1.148892
[2017.11.29-23.00.21:333][111]LogBlueprintUserMessages: Early EndPlayMap Detection: Level '/Game/map.map:PersistentLevel' has LevelScriptBlueprint '/Game/map.map:PersistentLevel.map' with GeneratedClass '/Game/map.map_C' with ClassGeneratedBy '/Game/map.map:PersistentLevel.map'
[2017.11.29-23.00.21:363][111]LogBlueprintUserMessages: Late EndPlayMap Detection: Level '/Game/map.map:PersistentLevel' has LevelScriptBlueprint '/Game/map.map:PersistentLevel.map' with GeneratedClass '/Game/map.map_C' with ClassGeneratedBy '/Game/map.map:PersistentLevel.map'
