Log file open, 11/29/17 13:26:24
LogWindows: Failed to load 'aqProf.dll' (GetLastError=126)
LogWindows: File 'aqProf.dll' does not exist
LogWindows: Failed to load 'VSPerf140.dll' (GetLastError=126)
LogWindows: File 'VSPerf140.dll' does not exist
LogWindows: Failed to load 'VtuneApi.dll' (GetLastError=126)
LogWindows: File 'VtuneApi.dll' does not exist
LogWindows: Failed to load 'VtuneApi32e.dll' (GetLastError=126)
LogWindows: File 'VtuneApi32e.dll' does not exist
LogInit: Display: Running engine for game: SwordGen
LogPlatformFile: Not using cached read wrapper
LogInit: Display: RandInit(-1061307563) SRandInit(-1061307563).
LogInit: Read version file with build ID '3709383'
LogInit: Overriding engine version to CL 3754814, compatible CL 3709383
LogInit: Registered custom module enumerator with build ID '3709383'
LogTaskGraph: Started task graph with 5 named threads and 14 total threads with 3 sets of task threads.
LogStats: Stats thread started at 0.185095
LogD3D11RHI: Aftermath initialized
LogModuleManager: Display: Found up-to-date module file ../../../Engine/Plugins/2D/Paper2D/Binaries/Win64/UE4Editor-Paper2D.dll (API version 3709383).
LogModuleManager: Display: Found up-to-date module file ../../../Engine/Plugins/2D/Paper2D/Binaries/Win64/UE4Editor-Paper2DEditor.dll (API version 3709383).
LogModuleManager: Display: Found up-to-date module file ../../../Engine/Plugins/2D/Paper2D/Binaries/Win64/UE4Editor-PaperSpriteSheetImporter.dll (API version 3709383).
LogModuleManager: Display: Found up-to-date module file ../../../Engine/Plugins/2D/Paper2D/Binaries/Win64/UE4Editor-PaperTiledImporter.dll (API version 3709383).
LogModuleManager: Display: Found up-to-date module file ../../../Engine/Plugins/2D/Paper2D/Binaries/Win64/UE4Editor-SmartSnapping.dll (API version 3709383).
LogModuleManager: Display: Found up-to-date module file ../../../Engine/Plugins/Blendables/LightPropagationVolume/Binaries/Win64/UE4Editor-LightPropagationVolumeRuntime.dll (API version 3709383).
LogModuleManager: Display: Found up-to-date module file ../../../Engine/Plugins/Blendables/LightPropagationVolume/Binaries/Win64/UE4Editor-LightPropagationVolumeEditor.dll (API version 3709383).
LogModuleManager: Display: Found up-to-date module file ../../../Engine/Plugins/Developer/GitSourceControl/Binaries/Win64/UE4Editor-GitSourceControl.dll (API version 3709383).
LogModuleManager: Display: Found up-to-date module file ../../../Engine/Plugins/Developer/PerforceSourceControl/Binaries/Win64/UE4Editor-PerforceSourceControl.dll (API version 3709383).
LogModuleManager: Display: Found up-to-date module file ../../../Engine/Plugins/Developer/SubversionSourceControl/Binaries/Win64/UE4Editor-SubversionSourceControl.dll (API version 3709383).
LogModuleManager: Display: Found up-to-date module file ../../../Engine/Plugins/Developer/UObjectPlugin/Binaries/Win64/UE4Editor-UObjectPlugin.dll (API version 3709383).
LogModuleManager: Display: Found up-to-date module file ../../../Engine/Plugins/Developer/VisualStudioCodeSourceCodeAccess/Binaries/Win64/UE4Editor-VisualStudioCodeSourceCodeAccess.dll (API version 3709383).
LogModuleManager: Display: Found up-to-date module file ../../../Engine/Plugins/Developer/VisualStudioSourceCodeAccess/Binaries/Win64/UE4Editor-VisualStudioSourceCodeAccess.dll (API version 3709383).
LogModuleManager: Display: Found up-to-date module file ../../../Engine/Plugins/Editor/AssetManagerEditor/Binaries/Win64/UE4Editor-AssetManagerEditor.dll (API version 3709383).
LogModuleManager: Display: Found up-to-date module file ../../../Engine/Plugins/Editor/AudioCapture/Binaries/Win64/UE4Editor-AudioCapture.dll (API version 3709383).
LogModuleManager: Display: Found up-to-date module file ../../../Engine/Plugins/Editor/FacialAnimation/Binaries/Win64/UE4Editor-FacialAnimation.dll (API version 3709383).
LogModuleManager: Display: Found up-to-date module file ../../../Engine/Plugins/Editor/FacialAnimation/Binaries/Win64/UE4Editor-FacialAnimationEditor.dll (API version 3709383).
LogModuleManager: Display: Found up-to-date module file ../../../Engine/Plugins/Editor/GameplayTagsEditor/Binaries/Win64/UE4Editor-GameplayTagsEditor.dll (API version 3709383).
LogModuleManager: Display: Found up-to-date module file ../../../Engine/Plugins/Editor/MobileLauncherProfileWizard/Binaries/Win64/UE4Editor-MobileLauncherProfileWizard.dll (API version 3709383).
LogModuleManager: Display: Found up-to-date module file ../../../Engine/Plugins/Editor/PluginBrowser/Binaries/Win64/UE4Editor-PluginBrowser.dll (API version 3709383).
LogModuleManager: Display: Found up-to-date module file ../../../Engine/Plugins/Editor/SpeedTreeImporter/Binaries/Win64/UE4Editor-SpeedTreeImporter.dll (API version 3709383).
LogModuleManager: Display: Found up-to-date module file ../../../Engine/Plugins/Experimental/AlembicImporter/Binaries/Win64/UE4Editor-AlembicImporter.dll (API version 3709383).
LogModuleManager: Display: Found up-to-date module file ../../../Engine/Plugins/Experimental/AlembicImporter/Binaries/Win64/UE4Editor-AlembicLibrary.dll (API version 3709383).
LogModuleManager: Display: Found up-to-date module file ../../../Engine/Plugins/Experimental/CharacterAI/Binaries/Win64/UE4Editor-CharacterAI.dll (API version 3709383).
LogModuleManager: Display: Found up-to-date module file ../../../Engine/Plugins/Experimental/HTML5Networking/Binaries/Win64/UE4Editor-HTML5Networking.dll (API version 3709383).
LogModuleManager: Display: Found up-to-date module file ../../../Engine/Plugins/Media/AndroidMedia/Binaries/Win64/UE4Editor-AndroidMediaEditor.dll (API version 3709383).
LogModuleManager: Display: Found up-to-date module file ../../../Engine/Plugins/Media/AndroidMedia/Binaries/Win64/UE4Editor-AndroidMediaFactory.dll (API version 3709383).
LogModuleManager: Display: Found up-to-date module file ../../../Engine/Plugins/Media/AvfMedia/Binaries/Win64/UE4Editor-AvfMediaEditor.dll (API version 3709383).
LogModuleManager: Display: Found up-to-date module file ../../../Engine/Plugins/Media/AvfMedia/Binaries/Win64/UE4Editor-AvfMediaFactory.dll (API version 3709383).
LogModuleManager: Display: Found up-to-date module file ../../../Engine/Plugins/Media/AvfMedia/Binaries/Win64/UE4Editor-AvfMediaFactory.dll (API version 3709383).
LogModuleManager: Display: Found up-to-date module file ../../../Engine/Plugins/Media/ImgMedia/Binaries/Win64/UE4Editor-ImgMedia.dll (API version 3709383).
LogModuleManager: Display: Found up-to-date module file ../../../Engine/Plugins/Media/ImgMedia/Binaries/Win64/UE4Editor-ImgMediaEditor.dll (API version 3709383).
LogModuleManager: Display: Found up-to-date module file ../../../Engine/Plugins/Media/ImgMedia/Binaries/Win64/UE4Editor-ImgMediaFactory.dll (API version 3709383).
LogModuleManager: Display: Found up-to-date module file ../../../Engine/Plugins/Media/ImgMedia/Binaries/Win64/UE4Editor-ImgMediaFactory.dll (API version 3709383).
LogModuleManager: Display: Found up-to-date module file ../../../Engine/Plugins/Media/ImgMedia/Binaries/Win64/UE4Editor-OpenExrWrapper.dll (API version 3709383).
LogModuleManager: Display: Found up-to-date module file ../../../Engine/Plugins/Media/MediaCompositing/Binaries/Win64/UE4Editor-MediaCompositing.dll (API version 3709383).
LogModuleManager: Display: Found up-to-date module file ../../../Engine/Plugins/Media/MediaCompositing/Binaries/Win64/UE4Editor-MediaCompositingEditor.dll (API version 3709383).
LogModuleManager: Display: Found up-to-date module file ../../../Engine/Plugins/Media/MediaPlayerEditor/Binaries/Win64/UE4Editor-MediaPlayerEditor.dll (API version 3709383).
LogModuleManager: Display: Found up-to-date module file ../../../Engine/Plugins/Media/WmfMedia/Binaries/Win64/UE4Editor-WmfMedia.dll (API version 3709383).
LogModuleManager: Display: Found up-to-date module file ../../../Engine/Plugins/Media/WmfMedia/Binaries/Win64/UE4Editor-WmfMediaEditor.dll (API version 3709383).
LogModuleManager: Display: Found up-to-date module file ../../../Engine/Plugins/Media/WmfMedia/Binaries/Win64/UE4Editor-WmfMediaFactory.dll (API version 3709383).
LogModuleManager: Display: Found up-to-date module file ../../../Engine/Plugins/Media/WmfMedia/Binaries/Win64/UE4Editor-WmfMediaFactory.dll (API version 3709383).
LogModuleManager: Display: Found up-to-date module file ../../../Engine/Plugins/Messaging/TcpMessaging/Binaries/Win64/UE4Editor-TcpMessaging.dll (API version 3709383).
LogModuleManager: Display: Found up-to-date module file ../../../Engine/Plugins/Messaging/UdpMessaging/Binaries/Win64/UE4Editor-UdpMessaging.dll (API version 3709383).
LogModuleManager: Display: Found up-to-date module file ../../../Engine/Plugins/MovieScene/ActorSequence/Binaries/Win64/UE4Editor-ActorSequence.dll (API version 3709383).
LogModuleManager: Display: Found up-to-date module file ../../../Engine/Plugins/MovieScene/LevelSequenceEditor/Binaries/Win64/UE4Editor-LevelSequenceEditor.dll (API version 3709383).
LogModuleManager: Display: Found up-to-date module file ../../../Engine/Plugins/MovieScene/MatineeToLevelSequence/Binaries/Win64/UE4Editor-MatineeToLevelSequence.dll (API version 3709383).
LogModuleManager: Display: Found up-to-date module file ../../../Engine/Plugins/Online/OnlineSubsystem/Binaries/Win64/UE4Editor-OnlineSubsystem.dll (API version 3709383).
LogModuleManager: Display: Found up-to-date module file ../../../Engine/Plugins/Runtime/AndroidPermission/Binaries/Win64/UE4Editor-AndroidPermission.dll (API version 3709383).
LogModuleManager: Display: Found up-to-date module file ../../../Engine/Plugins/Online/OnlineSubsystemNull/Binaries/Win64/UE4Editor-OnlineSubsystemNull.dll (API version 3709383).
LogModuleManager: Display: Found up-to-date module file ../../../Engine/Plugins/Online/OnlineSubsystemUtils/Binaries/Win64/UE4Editor-OnlineSubsystemUtils.dll (API version 3709383).
LogModuleManager: Display: Found up-to-date module file ../../../Engine/Plugins/Online/OnlineSubsystemUtils/Binaries/Win64/UE4Editor-OnlineBlueprintSupport.dll (API version 3709383).
LogModuleManager: Display: Found up-to-date module file ../../../Engine/Plugins/Runtime/AndroidDeviceProfileSelector/Binaries/Win64/UE4Editor-AndroidDeviceProfileSelector.dll (API version 3709383).
LogModuleManager: Display: Found up-to-date module file ../../../Engine/Plugins/Runtime/AppleARKit/Binaries/Win64/UE4Editor-AppleARKit.dll (API version 3709383).
LogModuleManager: Display: Found up-to-date module file ../../../Engine/Plugins/Runtime/ArchVisCharacter/Binaries/Win64/UE4Editor-ArchVisCharacter.dll (API version 3709383).
LogModuleManager: Display: Found up-to-date module file ../../../Engine/Plugins/Runtime/CableComponent/Binaries/Win64/UE4Editor-CableComponent.dll (API version 3709383).
LogModuleManager: Display: Found up-to-date module file ../../../Engine/Plugins/Runtime/CustomMeshComponent/Binaries/Win64/UE4Editor-CustomMeshComponent.dll (API version 3709383).
LogModuleManager: Display: Found up-to-date module file ../../../Engine/Plugins/Runtime/ExampleDeviceProfileSelector/Binaries/Win64/UE4Editor-ExampleDeviceProfileSelector.dll (API version 3709383).
LogModuleManager: Display: Found up-to-date module file ../../../Engine/Plugins/Runtime/ImmediatePhysics/Binaries/Win64/UE4Editor-ImmediatePhysics.dll (API version 3709383).
LogModuleManager: Display: Found up-to-date module file ../../../Engine/Plugins/Runtime/ImmediatePhysics/Binaries/Win64/UE4Editor-ImmediatePhysicsEditor.dll (API version 3709383).
LogModuleManager: Display: Found up-to-date module file ../../../Engine/Plugins/Runtime/LocationServicesBPLibrary/Binaries/Win64/UE4Editor-LocationServicesBPLibrary.dll (API version 3709383).
LogModuleManager: Display: Found up-to-date module file ../../../Engine/Plugins/Runtime/MobilePatchingUtils/Binaries/Win64/UE4Editor-MobilePatchingUtils.dll (API version 3709383).
LogModuleManager: Display: Found up-to-date module file ../../../Engine/Plugins/Runtime/Oculus/OculusVR/Binaries/Win64/UE4Editor-OculusHMD.dll (API version 3709383).
LogModuleManager: Display: Found up-to-date module file ../../../Engine/Plugins/Runtime/Oculus/OculusVR/Binaries/Win64/UE4Editor-OculusInput.dll (API version 3709383).
LogModuleManager: Display: Found up-to-date module file ../../../Engine/Plugins/Runtime/Oculus/OculusVR/Binaries/Win64/UE4Editor-OculusEditor.dll (API version 3709383).
LogModuleManager: Display: Found up-to-date module file ../../../Engine/Plugins/Runtime/PhysXVehicles/Binaries/Win64/UE4Editor-PhysXVehicles.dll (API version 3709383).
LogModuleManager: Display: Found up-to-date module file ../../../Engine/Plugins/Runtime/PhysXVehicles/Binaries/Win64/UE4Editor-PhysXVehiclesEditor.dll (API version 3709383).
LogModuleManager: Display: Found up-to-date module file ../../../Engine/Plugins/Runtime/ProceduralMeshComponent/Binaries/Win64/UE4Editor-ProceduralMeshComponent.dll (API version 3709383).
LogModuleManager: Display: Found up-to-date module file ../../../Engine/Plugins/Runtime/ProceduralMeshComponent/Binaries/Win64/UE4Editor-ProceduralMeshComponentEditor.dll (API version 3709383).
LogModuleManager: Display: Found up-to-date module file ../../../Engine/Plugins/Runtime/RuntimePhysXCooking/Binaries/Win64/UE4Editor-RuntimePhysXCooking.dll (API version 3709383).
LogModuleManager: Display: Found up-to-date module file ../../../Engine/Plugins/Runtime/Steam/SteamVR/Binaries/Win64/UE4Editor-SteamVR.dll (API version 3709383).
LogModuleManager: Display: Found up-to-date module file ../../../Engine/Plugins/Runtime/Steam/SteamVR/Binaries/Win64/UE4Editor-SteamVRController.dll (API version 3709383).
LogModuleManager: Display: Found up-to-date module file ../../../Engine/Plugins/Runtime/WindowsMoviePlayer/Binaries/Win64/UE4Editor-WindowsMoviePlayer.dll (API version 3709383).
LogPluginManager: Mounting plugin Paper2D
LogPluginManager: Mounting plugin LightPropagationVolume
LogPluginManager: Mounting plugin CodeLiteSourceCodeAccess
LogPluginManager: Mounting plugin GitSourceControl
LogPluginManager: Mounting plugin KDevelopSourceCodeAccess
LogPluginManager: Mounting plugin NullSourceCodeAccess
LogPluginManager: Mounting plugin PerforceSourceControl
LogPluginManager: Mounting plugin SubversionSourceControl
LogPluginManager: Mounting plugin UObjectPlugin
LogPluginManager: Mounting plugin VisualStudioCodeSourceCodeAccess
LogPluginManager: Mounting plugin VisualStudioSourceCodeAccess
LogPluginManager: Mounting plugin XCodeSourceCodeAccess
LogPluginManager: Mounting plugin AssetManagerEditor
LogPluginManager: Mounting plugin AudioCapture
LogPluginManager: Mounting plugin FacialAnimation
LogPluginManager: Mounting plugin GameplayTagsEditor
LogPluginManager: Mounting plugin MobileLauncherProfileWizard
LogPluginManager: Mounting plugin PluginBrowser
LogPluginManager: Mounting plugin SpeedTreeImporter
LogPluginManager: Mounting plugin AlembicImporter
LogPluginManager: Mounting plugin CharacterAI
LogPluginManager: Mounting plugin HTML5Networking
LogPluginManager: Mounting plugin AndroidMedia
LogPluginManager: Mounting plugin AvfMedia
LogPluginManager: Mounting plugin ImgMedia
LogPluginManager: Mounting plugin MediaCompositing
LogPluginManager: Mounting plugin MediaPlayerEditor
LogPluginManager: Mounting plugin WmfMedia
LogPluginManager: Mounting plugin TcpMessaging
LogPluginManager: Mounting plugin UdpMessaging
LogPluginManager: Mounting plugin ActorSequence
LogPluginManager: Mounting plugin LevelSequenceEditor
LogPluginManager: Mounting plugin MatineeToLevelSequence
LogPluginManager: Mounting plugin OnlineSubsystemGooglePlay
LogPluginManager: Mounting plugin OnlineSubsystemIOS
LogPluginManager: Mounting plugin OnlineSubsystem
LogPluginManager: Mounting plugin OnlineSubsystemNull
LogPluginManager: Mounting plugin OnlineSubsystemUtils
LogPluginManager: Mounting plugin AndroidDeviceProfileSelector
LogPluginManager: Mounting plugin AndroidMoviePlayer
LogPluginManager: Mounting plugin AndroidPermission
LogPluginManager: Mounting plugin AppleARKit
LogPluginManager: Mounting plugin AppleMoviePlayer
LogPluginManager: Mounting plugin ArchVisCharacter
LogPluginManager: Mounting plugin CableComponent
LogPluginManager: Mounting plugin CustomMeshComponent
LogPluginManager: Mounting plugin ExampleDeviceProfileSelector
LogPluginManager: Mounting plugin GoogleCloudMessaging
LogPluginManager: Mounting plugin ImmediatePhysics
LogPluginManager: Mounting plugin IOSDeviceProfileSelector
LogPluginManager: Mounting plugin LinuxDeviceProfileSelector
LogPluginManager: Mounting plugin LocationServicesBPLibrary
LogPluginManager: Mounting plugin MobilePatchingUtils
LogPluginManager: Mounting plugin OculusVR
LogPluginManager: Plugin shader directory ../../../Engine/Plugins/Runtime/Oculus/OculusVR/Shaders found
LogPluginManager: Mapping shader source directory ../../../Engine/Plugins/Runtime/Oculus/OculusVR/Shaders to virtual directory /Plugin/OculusVR
LogPluginManager: Mounting plugin PhysXVehicles
LogPluginManager: Mounting plugin ProceduralMeshComponent
LogPluginManager: Mounting plugin RuntimePhysXCooking
LogPluginManager: Mounting plugin SteamVR
LogPluginManager: Mounting plugin WindowsMoviePlayer
LogInit: Using libcurl 7.47.1
LogInit:  - built for x86_64-pc-win32
LogInit:  - supports SSL with OpenSSL/1.0.2g
LogInit:  - supports HTTP deflate (compression) using libz 1.2.8
LogInit:  - other features:
LogInit:      CURL_VERSION_SSL
LogInit:      CURL_VERSION_LIBZ
LogInit:      CURL_VERSION_IPV6
LogInit:      CURL_VERSION_ASYNCHDNS
LogInit:      CURL_VERSION_LARGEFILE
LogInit:      CURL_VERSION_IDN
LogInit:  CurlRequestOptions (configurable via config and command line):
LogInit:  - bVerifyPeer = false  - Libcurl will NOT verify peer certificate
LogInit:  - bUseHttpProxy = false  - Libcurl will NOT use HTTP proxy
LogInit:  - bDontReuseConnections = false  - Libcurl will reuse connections
LogInit:  - CertBundlePath = nullptr  - Libcurl will use whatever was configured at build time.
LogInit: Build: ++UE4+Release-4.18-CL-3754814
LogInit: Engine Version: 4.18.1-3754814+++UE4+Release-4.18
LogInit: Compatible Engine Version: 4.18.0-3709383+++UE4+Release-4.18
LogInit: Net CL: 3709383
LogDevObjectVersion: Number of dev versions registered: 16
LogDevObjectVersion:   Dev-Blueprints (B0D832E4-1F89-4F0D-ACCF-7EB736FD4AA2): 10
LogDevObjectVersion:   Dev-Build (E1C64328-A22C-4D53-A36C-8E866417BD8C): 0
LogDevObjectVersion:   Dev-Core (375EC13C-06E4-48FB-B500-84F0262A717E): 2
LogDevObjectVersion:   Dev-Editor (E4B068ED-F494-42E9-A231-DA0B2E46BB41): 20
LogDevObjectVersion:   Dev-Framework (CFFC743F-43B0-4480-9391-14DF171D2073): 30
LogDevObjectVersion:   Dev-Mobile (B02B49B5-BB20-44E9-A304-32B752E40360): 0
LogDevObjectVersion:   Dev-Networking (A4E4105C-59A1-49B5-A7C5-40C4547EDFEE): 0
LogDevObjectVersion:   Dev-Online (39C831C9-5AE6-47DC-9A44-9C173E1C8E7C): 0
LogDevObjectVersion:   Dev-Physics (78F01B33-EBEA-4F98-B9B4-84EACCB95AA2): 0
LogDevObjectVersion:   Dev-Platform (6631380F-2D4D-43E0-8009-CF276956A95A): 0
LogDevObjectVersion:   Dev-Rendering (12F88B9F-8875-4AFC-A67C-D90C383ABD29): 20
LogDevObjectVersion:   Dev-Sequencer (7B5AE74C-D270-4C10-A958-57980B212A5A): 4
LogDevObjectVersion:   Dev-VR (D7296918-1DD6-4BDD-9DE2-64A83CC13884): 0
LogDevObjectVersion:   Dev-LoadTimes (C2A15278-BFE7-4AFE-6C17-90FF531DF755): 1
LogDevObjectVersion:   Private-Geometry (6EACA3D4-40EC-4CC1-B786-8BED09428FC5): 1
LogDevObjectVersion:   Dev-AnimPhys (29E575DD-E0A3-4627-9D10-D276232CDCEA): 12
LogInit: Compiled (64-bit): Nov 14 2017 02:05:55
LogInit: Compiled with Visual C++: 19.00.24215.01
LogInit: Build Configuration: Development
LogInit: Branch Name: ++UE4+Release-4.18
LogInit: Command line:  
LogInit: Base directory: C:/Program Files/Epic Games/UE_4.18/Engine/Binaries/Win64/
LogInit: Installed Engine Build: 1
LogInit: Presizing for max 8388607 objects, including 0 objects not considered by GC, pre-allocating 0 bytes for permanent pool.
LogInit: Object subsystem initialized
[2017.11.29-18.26.25:988][  0]LogInit: Selected Device Profile: [Windows]
[2017.11.29-18.26.25:988][  0]LogInit: Applying CVar settings loaded from the selected device profile: [Windows]
[2017.11.29-18.26.26:077][  0]LogInit: Computer: UOSL17-12TJHC2
[2017.11.29-18.26.26:077][  0]LogInit: User: 100555259
[2017.11.29-18.26.26:077][  0]LogInit: CPU Page size=4096, Cores=4
[2017.11.29-18.26.26:077][  0]LogInit: High frequency timer resolution =2.531247 MHz
[2017.11.29-18.26.26:078][  0]LogMemory: Memory total: Physical=7.7GB (8GB approx)
[2017.11.29-18.26.26:078][  0]LogMemory: Platform Memory Stats for Windows
[2017.11.29-18.26.26:078][  0]LogMemory: Process Physical Memory: 271.46 MB used, 271.46 MB peak
[2017.11.29-18.26.26:078][  0]LogMemory: Process Virtual Memory: 269.61 MB used, 269.61 MB peak
[2017.11.29-18.26.26:078][  0]LogMemory: Physical Memory: 4933.79 MB used,  2920.50 MB free, 7854.29 MB total
[2017.11.29-18.26.26:078][  0]LogMemory: Virtual Memory: 644.00 MB used,  2920.50 MB free, 134217728.00 MB total
[2017.11.29-18.26.26:233][  0]LogInit: Using OS detected language (en-US).
[2017.11.29-18.26.26:233][  0]LogInit: Using OS detected locale (en-US).
[2017.11.29-18.26.26:236][  0]LogTextLocalizationManager: No specific localization for 'en-US' exists, so the 'en' localization will be used.
[2017.11.29-18.26.31:257][  0]LogD3D11RHI: D3D11 adapters:
[2017.11.29-18.26.31:264][  0]LogD3D11RHI:    0. 'Intel(R) HD Graphics 530' (Feature Level 11_0)
[2017.11.29-18.26.31:264][  0]LogD3D11RHI:       128/0/3927 MB DedicatedVideo/DedicatedSystem/SharedSystem, Outputs:1, VendorId:0x8086
[2017.11.29-18.26.31:281][  0]LogD3D11RHI:    1. 'AMD Radeon (TM) R9 M360' (Feature Level 11_0)
[2017.11.29-18.26.31:281][  0]LogD3D11RHI:       2028/0/3927 MB DedicatedVideo/DedicatedSystem/SharedSystem, Outputs:0, VendorId:0x1002
[2017.11.29-18.26.31:282][  0]LogD3D11RHI:    2. 'Microsoft Basic Render Driver' (Feature Level 11_0)
[2017.11.29-18.26.31:282][  0]LogD3D11RHI:       0/0/3927 MB DedicatedVideo/DedicatedSystem/SharedSystem, Outputs:0, VendorId:0x1414
[2017.11.29-18.26.31:282][  0]LogD3D11RHI: Chosen D3D11 Adapter: 1
[2017.11.29-18.26.31:289][  0]LogD3D11RHI: Creating new Direct3DDevice
[2017.11.29-18.26.31:289][  0]LogD3D11RHI:     GPU DeviceId: 0x682b (for the marketing name, search the web for "GPU Device Id")
[2017.11.29-18.26.31:289][  0]LogWindows: EnumDisplayDevices:
[2017.11.29-18.26.31:289][  0]LogWindows:    0. 'Intel(R) HD Graphics 530' (P:1 D:1)
[2017.11.29-18.26.31:290][  0]LogWindows:    1. 'Intel(R) HD Graphics 530' (P:0 D:0)
[2017.11.29-18.26.31:290][  0]LogWindows:    2. 'Intel(R) HD Graphics 530' (P:0 D:0)
[2017.11.29-18.26.31:290][  0]LogWindows:    3. 'AMD Radeon (TM) R9 M360' (P:0 D:0)
[2017.11.29-18.26.31:290][  0]LogWindows:    4. 'LANDesk Remote Control Mirror Driver' (P:0 D:0)
[2017.11.29-18.26.31:290][  0]LogWindows: DebugString: PrimaryIsNotTheChoosenAdapter PrimaryIsNotTheChoosenAdapter PrimaryIsNotTheChoosenAdapter GetVideoDriverDetailsInvalid PrimaryIsNotTheChoosenAdapter 
[2017.11.29-18.26.31:290][  0]LogD3D11RHI:     Adapter Name: AMD Radeon (TM) R9 M360
[2017.11.29-18.26.31:290][  0]LogD3D11RHI:   Driver Version: Crimson ReLive 17.7.2 (internal:22.19.662.4, unified:22.19.662.4)
[2017.11.29-18.26.31:290][  0]LogD3D11RHI:      Driver Date: 7-20-2017
[2017.11.29-18.26.31:290][  0]LogRHI: Texture pool is 1419 MB (70% of 2028 MB)
[2017.11.29-18.26.31:313][  0]LogD3D11RHI: Async texture creation enabled
[2017.11.29-18.26.31:326][  0]LogD3D11RHI: GPU Timing Frequency: 27.000000 (Debug: 2 1)
[2017.11.29-18.26.31:327][  0]LogShaderCompilers: Guid format shader working directory is -17 characters bigger than the processId version (../../../../../../Users/100555259/Documents/TowerScape/UE4SwordGen/Intermediate/Shaders/WorkingDirectory/19228/).
[2017.11.29-18.26.31:327][  0]LogShaderCompilers: Cleaned the shader compiler working directory 'C:/Users/100555259/AppData/Local/Temp/UnrealShaderWorkingDir/5A57CC2246C9B194F4E7C387F8024F29/'.
[2017.11.29-18.26.31:327][  0]LogShaderCompilers: Display: Using Local Shader Compiler.
[2017.11.29-18.26.33:585][  0]LogTemp: Display: Loaded TP AllDesktopTargetPlatform
[2017.11.29-18.26.33:645][  0]LogTemp: Display: Loaded TP MacClientTargetPlatform
[2017.11.29-18.26.33:702][  0]LogTemp: Display: Loaded TP MacNoEditorTargetPlatform
[2017.11.29-18.26.33:765][  0]LogTemp: Display: Loaded TP MacServerTargetPlatform
[2017.11.29-18.26.33:872][  0]LogTemp: Display: Loaded TP MacTargetPlatform
[2017.11.29-18.26.33:927][  0]LogTemp: Display: Loaded TP WindowsClientTargetPlatform
[2017.11.29-18.26.33:983][  0]LogTemp: Display: Loaded TP WindowsNoEditorTargetPlatform
[2017.11.29-18.26.34:050][  0]LogTemp: Display: Loaded TP WindowsServerTargetPlatform
[2017.11.29-18.26.34:099][  0]LogTemp: Display: Loaded TP WindowsTargetPlatform
[2017.11.29-18.26.34:155][  0]LogTemp: Display: Loaded TP Android_ASTCTargetPlatform
[2017.11.29-18.26.34:213][  0]LogTemp: Display: Loaded TP Android_ATCTargetPlatform
[2017.11.29-18.26.34:270][  0]LogTemp: Display: Loaded TP Android_DXTTargetPlatform
[2017.11.29-18.26.34:325][  0]LogTemp: Display: Loaded TP Android_ETC1TargetPlatform
[2017.11.29-18.26.34:380][  0]LogTemp: Display: Loaded TP Android_ETC2TargetPlatform
[2017.11.29-18.26.34:494][  0]LogTemp: Display: Loaded TP Android_MultiTargetPlatform
[2017.11.29-18.26.34:494][  0]LogTemp: Display: Loaded TP Android_PVRTCTargetPlatform
[2017.11.29-18.26.34:568][  0]LogTemp: Display: Loaded TP AndroidTargetPlatform
[2017.11.29-18.26.34:609][  0]LogTemp: Display: Loaded TP HTML5TargetPlatform
[2017.11.29-18.26.34:716][  0]LogTemp: Display: Loaded TP IOSTargetPlatform
[2017.11.29-18.26.34:746][  0]LogTemp: Display: Loaded TP TVOSTargetPlatform
[2017.11.29-18.26.34:802][  0]LogTemp: Display: Loaded TP LinuxClientTargetPlatform
[2017.11.29-18.26.34:856][  0]LogTemp: Display: Loaded TP LinuxNoEditorTargetPlatform
[2017.11.29-18.26.34:914][  0]LogTemp: Display: Loaded TP LinuxServerTargetPlatform
[2017.11.29-18.26.35:057][  0]LogTemp: Display: Loaded TP LinuxTargetPlatform
[2017.11.29-18.26.35:058][  0]LogTargetPlatformManager: Display: Building Assets For Windows
[2017.11.29-18.26.35:597][  0]LogDerivedDataCache: Display: Max Cache Size: 512 MB
[2017.11.29-18.26.35:692][  0]LogDerivedDataCache: Loaded boot cache 0.09s 79MB C:/Users/100555259/AppData/Local/UnrealEngine/4.18/DerivedDataCache/Boot.ddc.
[2017.11.29-18.26.35:692][  0]LogDerivedDataCache: Display: Loaded Boot cache: C:/Users/100555259/AppData/Local/UnrealEngine/4.18/DerivedDataCache/Boot.ddc
[2017.11.29-18.26.35:692][  0]LogDerivedDataCache: FDerivedDataBackendGraph:  Pak pak cache file ../../../../../../Users/100555259/Documents/TowerScape/UE4SwordGen/DerivedDataCache/DDC.ddp not found, will not use a pak cache.
[2017.11.29-18.26.35:692][  0]LogDerivedDataCache: Unable to find inner node Pak for hierarchical cache Hierarchy.
[2017.11.29-18.26.35:692][  0]LogDerivedDataCache: FDerivedDataBackendGraph:  CompressedPak pak cache file ../../../../../../Users/100555259/Documents/TowerScape/UE4SwordGen/DerivedDataCache/Compressed.ddp not found, will not use a pak cache.
[2017.11.29-18.26.35:692][  0]LogDerivedDataCache: Unable to find inner node CompressedPak for hierarchical cache Hierarchy.
[2017.11.29-18.26.35:711][  0]LogDerivedDataCache: Display: Pak cache opened for reading ../../../Engine/DerivedDataCache/Compressed.ddp.
[2017.11.29-18.26.35:723][  0]LogDerivedDataCache: Using Local data cache path C:/Users/100555259/AppData/Local/UnrealEngine/Common/DerivedDataCache: Writable
[2017.11.29-18.26.35:735][  0]LogMaterial: Verifying Global Shaders for PCD3D_SM5
[2017.11.29-18.26.35:736][  0]LogSlate: Using Freetype 2.6.0
[2017.11.29-18.26.35:736][  0]LogSlate: SlateFontCache - WITH_FREETYPE: 1, WITH_HARFBUZZ: 1
[2017.11.29-18.26.35:736][  0]LogSlate: SlateFontCache - WITH_FREETYPE: 1, WITH_HARFBUZZ: 1
[2017.11.29-18.26.36:136][  0]LogInit: Selected Device Profile: [Windows]
[2017.11.29-18.26.36:566][  0]LogSimplygon: Simplygon DLL not present - disabling.
[2017.11.29-18.26.36:615][  0]LogMeshReduction: Using SimplygonSwarm for distributed automatic mesh merging
[2017.11.29-18.26.36:615][  0]LogMeshReduction: Using QuadricMeshReduction for automatic static mesh reduction
[2017.11.29-18.26.36:615][  0]LogMeshReduction: No automatic skeletal mesh reduction module available
[2017.11.29-18.26.36:615][  0]LogMeshReduction: No automatic mesh merging module available
[2017.11.29-18.26.36:615][  0]LogMeshMerging: No automatic mesh merging module available
[2017.11.29-18.26.36:643][  0]LogNetVersion: SwordGen , NetCL: 3709383, EngineNetVer: 2, GameNetVer: 0 (Checksum: 3122522569)
[2017.11.29-18.26.36:834][  0]LogAssetRegistry: FAssetRegistry took 0.0267 seconds to start up
[2017.11.29-18.26.37:426][  0]LogPackageLocalizationCache: Processed 7 localized package path(s) for 2 prioritized culture(s) in 0.081094 seconds
[2017.11.29-18.26.37:433][  0]LogUObjectArray: 35900 objects as part of root set at end of initial load.
[2017.11.29-18.26.37:433][  0]LogUObjectAllocator: 7372024 out of 0 bytes used by permanent object pool.
[2017.11.29-18.26.37:433][  0]LogUObjectArray: CloseDisregardForGC: 0/0 objects in disregard for GC pool
[2017.11.29-18.26.37:492][  0]LogInit: WinSock: version 1.1 (2.2), MaxSocks=32767, MaxUdp=65467
[2017.11.29-18.27.03:565][  0]LogTcpMessaging: Initializing TcpMessaging bridge
[2017.11.29-18.27.03:611][  0]LogUdpMessaging: Initializing bridge on interface 0.0.0.0:0 to multicast group 230.0.0.1:6666.
[2017.11.29-18.27.04:433][  0]LogMaterial: Uniform references updated for custom material expression Custom.
[2017.11.29-18.27.04:934][  0]SourceControl: Source control is disabled
[2017.11.29-18.27.04:934][  0]SourceControl: Source control is disabled
[2017.11.29-18.27.04:999][  0]SourceControl: Source control is disabled
[2017.11.29-18.27.05:059][  0]SourceControl: Source control is disabled
[2017.11.29-18.27.06:119][  0]LogAndroidPermission: UAndroidPermissionCallbackProxy::GetInstance
[2017.11.29-18.27.06:420][  0]LogOcInput: OculusInput pre-init called
[2017.11.29-18.27.06:800][  0]LogEngine: Initializing Engine...
[2017.11.29-18.27.06:803][  0]LogHMD: Failed to initialize OpenVR with code 110
[2017.11.29-18.27.07:056][  0]LogStats: UGameplayTagsManager::ConstructGameplayTagTree: Construct from data asset -  0.000 s
[2017.11.29-18.27.07:056][  0]LogStats: UGameplayTagsManager::ConstructGameplayTagTree: GameplayTagTreeChangedEvent.Broadcast -  0.000 s
[2017.11.29-18.27.07:197][  0]LogAIModule: Creating AISystem for world Untitled
[2017.11.29-18.27.07:205][  0]LogInit: XAudio2 using 'Speakers / Headphones (Realtek Audio)' : 2 channels at 48 kHz using 32 bits per sample (channel mask 0x3)
[2017.11.29-18.27.07:343][  0]LogInit: FAudioDevice initialized.
[2017.11.29-18.27.07:528][  0]LogDerivedDataCache: Saved boot cache 0.18s 78MB C:/Users/100555259/AppData/Local/UnrealEngine/4.18/DerivedDataCache/Boot.ddc.
[2017.11.29-18.27.07:543][  0]LogInit: Texture streaming: Enabled
[2017.11.29-18.27.07:657][  0]LogEngineSessionManager: EngineSessionManager initialized
[2017.11.29-18.27.07:657][  0]LogEngineSessionManager: EngineSessionManager sent abnormal shutdown report. Type=Crashed, SessionId={0DD8111C-4B68-5037-FB6A-EAB05767AE58}
[2017.11.29-18.27.07:809][  0]LogInit: Transaction tracking system initialized
[2017.11.29-18.27.08:172][  0]BlueprintLog: New page: Editor Load
[2017.11.29-18.27.09:176][  0]LocalizationService: Localization service is disabled
[2017.11.29-18.27.10:151][  0]LogConsoleResponse: Display: 
[2017.11.29-18.27.10:734][  0]LogCook: Display: Max memory allowance for cook 16384mb min free memory 0mb
[2017.11.29-18.27.10:735][  0]LogCook: Display: Mobile HDR setting 1
[2017.11.29-18.27.10:735][  0]LogGameplayTags: Display: UGameplayTagsManager::DoneAddingNativeTags. DelegateIsBound: 0
[2017.11.29-18.27.12:275][  0]LogFileCache: Scanning file cache for directory 'C:/Users/100555259/Documents/TowerScape/UE4SwordGen/Content/' took 0.03s
[2017.11.29-18.27.12:331][  0]SourceControl: Source control is disabled
[2017.11.29-18.27.12:331][  0]Cmd: MAP LOAD FILE="../../../../../../Users/100555259/Documents/TowerScape/UE4SwordGen/Content/map.umap" TEMPLATE=0 SHOWPROGRESS=1 FEATURELEVEL=3
[2017.11.29-18.27.12:332][  0]LightingResults: New page: Lighting Build
[2017.11.29-18.27.12:388][  0]MapCheck: New page: Map Check
[2017.11.29-18.27.12:388][  0]LightingResults: New page: Lighting Build
[2017.11.29-18.27.12:935][  0]LogAIModule: Creating AISystem for world map
[2017.11.29-18.27.12:941][  0]LogEditorServer: Finished looking for orphan Actors (0.000 secs)
[2017.11.29-18.27.12:952][  0]Cmd: MAP CHECKDEP NOCLEARLOG
[2017.11.29-18.27.13:005][  0]MapCheck: Map check complete: 0 Error(s), 0 Warning(s), took 52.513ms to complete.
[2017.11.29-18.27.13:005][  0]LogFileHelpers: Loading map 'map' took 0.673
[2017.11.29-18.27.13:235][  0]LogCollectionManager: Loaded 0 collections in 0.001810 seconds
[2017.11.29-18.27.13:319][  0]LogFileCache: Scanning file cache for directory 'C:/Users/100555259/Documents/TowerScape/UE4SwordGen/Saved/Collections/' took 0.01s
[2017.11.29-18.27.13:319][  0]LogFileCache: Scanning file cache for directory 'C:/Users/100555259/Documents/TowerScape/UE4SwordGen/Content/Developers/100555259/Collections/' took 0.01s
[2017.11.29-18.27.13:319][  0]LogFileCache: Scanning file cache for directory 'C:/Users/100555259/Documents/TowerScape/UE4SwordGen/Content/Collections/' took 0.01s
[2017.11.29-18.27.13:319][  0]LogCollectionManager: Rebuilt the GUID cache for 0 collections in 0.000000 seconds
[2017.11.29-18.27.13:329][  0]LogContentBrowser: Native class hierarchy populated in 0.0101 seconds. Added 2363 classes and 519 folders.
[2017.11.29-18.27.13:403][  0]LogContentBrowser: Native class hierarchy updated for 'WidgetCarousel' in 0.0002 seconds. Added 0 classes and 0 folders.
[2017.11.29-18.27.14:144][  0]LogContentBrowser: Native class hierarchy updated for 'AddContentDialog' in 0.0004 seconds. Added 0 classes and 0 folders.
[2017.11.29-18.27.14:195][  0]LogContentBrowser: Native class hierarchy updated for 'SceneOutliner' in 0.0002 seconds. Added 1 classes and 2 folders.
[2017.11.29-18.27.14:218][  0]LogSlate: Took 0.000196 seconds to synchronously load lazily loaded font '../../../Engine/Content/Slate/Fonts/Roboto-Regular.ttf' (155K)
[2017.11.29-18.27.14:220][  0]LogSlate: Took 0.000188 seconds to synchronously load lazily loaded font '../../../Engine/Content/Slate/Fonts/Roboto-Bold.ttf' (160K)
[2017.11.29-18.27.14:252][  0]LogSlate: Took 0.026773 seconds to synchronously load lazily loaded font '../../../Engine/Content/Editor/Slate/Fonts/FontAwesome.ttf' (139K)
[2017.11.29-18.27.14:430][  0]LogRenderer: Reallocating scene render targets to support 1208x576 Format 10 NumSamples 1 (Frame:1).
[2017.11.29-18.27.14:511][  0]LogSlate: Took 0.024479 seconds to synchronously load lazily loaded font '../../../Engine/Content/Slate/Fonts/Roboto-Light.ttf' (159K)
[2017.11.29-18.27.14:690][  0]LogContentBrowser: Native class hierarchy updated for 'HierarchicalLODOutliner' in 0.0002 seconds. Added 1 classes and 2 folders.
[2017.11.29-18.27.14:690][  0]LogLoad: (Engine Initialization) Total time: 53.90 seconds
[2017.11.29-18.27.14:690][  0]LogLoad: (Engine Initialization) Total Blueprint compile time: 0.00 seconds
[2017.11.29-18.27.14:690][  0]LogExternalProfiler: No external profilers were discovered.  External profiling features will not be available.
[2017.11.29-18.27.15:118][  0]LogContentStreaming: Texture pool size now 1000 MB
[2017.11.29-18.27.15:363][  1]LogFileCache: Retrieving MD5 hashes for directory 'C:/Users/100555259/Documents/TowerScape/UE4SwordGen/Content/' took 0.32s
[2017.11.29-18.27.15:379][  1]LogAssetRegistry: Asset discovery search completed in 38.5672 seconds
[2017.11.29-18.27.15:381][  1]LogCollectionManager: Rebuilt the object cache for 0 collections in 0.000000 seconds (found 0 objects)
[2017.11.29-18.27.15:381][  1]LogCollectionManager: Fixed up redirectors for 0 collections in 0.000082 seconds (updated 0 objects)
[2017.11.29-18.27.16:032][  3]LogSlate: Took 0.000185 seconds to synchronously load lazily loaded font '../../../Engine/Content/Slate/Fonts/Roboto-Light.ttf' (159K)
[2017.11.29-18.27.20:389][ 16]LogSlate: Took 0.000200 seconds to synchronously load lazily loaded font '../../../Engine/Content/Slate/Fonts/Roboto-Light.ttf' (159K)
[2017.11.29-18.27.20:826][ 16]LogContentBrowser: Native class hierarchy updated for 'BlueprintGraph' in 0.0011 seconds. Added 116 classes and 0 folders.
[2017.11.29-18.27.21:726][ 16]LogSlate: Took 0.012529 seconds to synchronously load lazily loaded font '../../../Engine/Content/Editor/Slate/Fonts/Roboto-BoldCondensed.ttf' (158K)
[2017.11.29-18.27.26:797][235]LogTemp: Repeating last play command: Selected Viewport
[2017.11.29-18.27.26:933][235]LogBlueprintUserMessages: Early PlayInEditor Detection: Level '/Game/map.map:PersistentLevel' has LevelScriptBlueprint '/Game/map.map:PersistentLevel.map' with GeneratedClass '/Game/map.map_C' with ClassGeneratedBy '/Game/map.map:PersistentLevel.map'
[2017.11.29-18.27.26:933][235]LogPlayLevel: PlayLevel: No blueprints needed recompiling
[2017.11.29-18.27.27:000][235]PIE: New page: PIE session: map (Nov 29, 2017, 8:27:26 AM)
[2017.11.29-18.27.27:014][235]LogPlayLevel: Creating play world package: /Game/UEDPIE_0_map
[2017.11.29-18.27.27:044][235]LogPlayLevel: PIE: StaticDuplicateObject took: (0.029230s)
[2017.11.29-18.27.27:045][235]LogAIModule: Creating AISystem for world map
[2017.11.29-18.27.27:045][235]LogPlayLevel: PIE: World Init took: (0.000799s)
[2017.11.29-18.27.27:055][235]LogPlayLevel: PIE: Created PIE world by copying editor world from /Game/map.map to /Game/UEDPIE_0_map.map (0.040325s)
[2017.11.29-18.27.27:136][235]LogInit: XAudio2 using 'Speakers / Headphones (Realtek Audio)' : 2 channels at 48 kHz using 32 bits per sample (channel mask 0x3)
[2017.11.29-18.27.27:148][235]LogInit: FAudioDevice initialized.
[2017.11.29-18.27.27:246][235]LogLoad: Game class is 'FunctionalTestGameMode'
[2017.11.29-18.27.27:285][235]LogWorld: Bringing World /Game/UEDPIE_0_map.map up for play (max tick rate 0) at 2017.11.29-13.27.27
[2017.11.29-18.27.27:292][235]LogWorld: Bringing up level for play took: 0.007499
[2017.11.29-18.27.27:642][235]LogContentBrowser: Native class hierarchy updated for 'MovieSceneCapture' in 0.0004 seconds. Added 11 classes and 0 folders.
[2017.11.29-18.27.27:732][235]PIE: Play in editor start time for /Game/UEDPIE_0_map 0.827
[2017.11.29-18.27.27:733][235]LogBlueprintUserMessages: Late PlayInEditor Detection: Level '/Game/map.map:PersistentLevel' has LevelScriptBlueprint '/Game/map.map:PersistentLevel.map' with GeneratedClass '/Game/map.map_C' with ClassGeneratedBy '/Game/map.map:PersistentLevel.map'
[2017.11.29-18.27.30:240][418]LogNet: Browse: /Game/map
[2017.11.29-18.27.30:248][418]LogLoad: LoadMap: /Game/map
[2017.11.29-18.27.30:371][418]LogPlayLevel: Creating play world package: /Game/UEDPIE_0_map
[2017.11.29-18.27.30:373][418]LogPlayLevel: PIE: StaticDuplicateObject took: (0.001704s)
[2017.11.29-18.27.30:374][418]LogAIModule: Creating AISystem for world map
[2017.11.29-18.27.30:374][418]LogPlayLevel: PIE: World Init took: (0.000636s)
[2017.11.29-18.27.30:374][418]LogPlayLevel: PIE: Created PIE world by copying editor world from /Game/map.map to /Game/UEDPIE_0_map.map (0.002691s)
[2017.11.29-18.27.30:374][418]LogLoad: Game class is 'FunctionalTestGameMode'
[2017.11.29-18.27.30:376][418]LogWorld: Bringing World /Game/UEDPIE_0_map.map up for play (max tick rate 0) at 2017.11.29-13.27.30
[2017.11.29-18.27.30:376][418]LogWorld: Bringing up level for play took: 0.001086
[2017.11.29-18.27.30:378][418]LogLoad: Took 0.130429 seconds to LoadMap(/Game/UEDPIE_0_map)
[2017.11.29-18.27.30:761][449]LogNet: Browse: /Game/map
[2017.11.29-18.27.30:771][449]LogLoad: LoadMap: /Game/map
[2017.11.29-18.27.30:791][449]LogPlayLevel: Creating play world package: /Game/UEDPIE_0_map
[2017.11.29-18.27.30:793][449]LogPlayLevel: PIE: StaticDuplicateObject took: (0.002001s)
[2017.11.29-18.27.30:794][449]LogAIModule: Creating AISystem for world map
[2017.11.29-18.27.30:795][449]LogPlayLevel: PIE: World Init took: (0.001094s)
[2017.11.29-18.27.30:795][449]LogPlayLevel: PIE: Created PIE world by copying editor world from /Game/map.map to /Game/UEDPIE_0_map.map (0.003480s)
[2017.11.29-18.27.30:795][449]LogLoad: Game class is 'FunctionalTestGameMode'
[2017.11.29-18.27.30:796][449]LogWorld: Bringing World /Game/UEDPIE_0_map.map up for play (max tick rate 0) at 2017.11.29-13.27.30
[2017.11.29-18.27.30:796][449]LogWorld: Bringing up level for play took: 0.000624
[2017.11.29-18.27.30:798][449]LogLoad: Took 0.026554 seconds to LoadMap(/Game/UEDPIE_0_map)
[2017.11.29-18.27.31:173][479]LogNet: Browse: /Game/map
[2017.11.29-18.27.31:185][479]LogLoad: LoadMap: /Game/map
[2017.11.29-18.27.31:204][479]LogPlayLevel: Creating play world package: /Game/UEDPIE_0_map
[2017.11.29-18.27.31:206][479]LogPlayLevel: PIE: StaticDuplicateObject took: (0.001696s)
[2017.11.29-18.27.31:206][479]LogAIModule: Creating AISystem for world map
[2017.11.29-18.27.31:206][479]LogPlayLevel: PIE: World Init took: (0.000586s)
[2017.11.29-18.27.31:207][479]LogPlayLevel: PIE: Created PIE world by copying editor world from /Game/map.map to /Game/UEDPIE_0_map.map (0.002656s)
[2017.11.29-18.27.31:207][479]LogLoad: Game class is 'FunctionalTestGameMode'
[2017.11.29-18.27.31:208][479]LogWorld: Bringing World /Game/UEDPIE_0_map.map up for play (max tick rate 0) at 2017.11.29-13.27.31
[2017.11.29-18.27.31:208][479]LogWorld: Bringing up level for play took: 0.000660
[2017.11.29-18.27.31:210][479]LogLoad: Took 0.025758 seconds to LoadMap(/Game/UEDPIE_0_map)
[2017.11.29-18.27.31:674][518]LogNet: Browse: /Game/map
[2017.11.29-18.27.31:686][518]LogLoad: LoadMap: /Game/map
[2017.11.29-18.27.31:703][518]LogPlayLevel: Creating play world package: /Game/UEDPIE_0_map
[2017.11.29-18.27.31:705][518]LogPlayLevel: PIE: StaticDuplicateObject took: (0.001659s)
[2017.11.29-18.27.31:706][518]LogAIModule: Creating AISystem for world map
[2017.11.29-18.27.31:706][518]LogPlayLevel: PIE: World Init took: (0.000519s)
[2017.11.29-18.27.31:706][518]LogPlayLevel: PIE: Created PIE world by copying editor world from /Game/map.map to /Game/UEDPIE_0_map.map (0.002488s)
[2017.11.29-18.27.31:706][518]LogLoad: Game class is 'FunctionalTestGameMode'
[2017.11.29-18.27.31:708][518]LogWorld: Bringing World /Game/UEDPIE_0_map.map up for play (max tick rate 0) at 2017.11.29-13.27.31
[2017.11.29-18.27.31:708][518]LogWorld: Bringing up level for play took: 0.000912
[2017.11.29-18.27.31:710][518]LogLoad: Took 0.023626 seconds to LoadMap(/Game/UEDPIE_0_map)
[2017.11.29-18.27.32:202][559]LogNet: Browse: /Game/map
[2017.11.29-18.27.32:213][559]LogLoad: LoadMap: /Game/map
[2017.11.29-18.27.32:234][559]LogPlayLevel: Creating play world package: /Game/UEDPIE_0_map
[2017.11.29-18.27.32:236][559]LogPlayLevel: PIE: StaticDuplicateObject took: (0.002035s)
[2017.11.29-18.27.32:237][559]LogAIModule: Creating AISystem for world map
[2017.11.29-18.27.32:237][559]LogPlayLevel: PIE: World Init took: (0.000632s)
[2017.11.29-18.27.32:237][559]LogPlayLevel: PIE: Created PIE world by copying editor world from /Game/map.map to /Game/UEDPIE_0_map.map (0.003123s)
[2017.11.29-18.27.32:237][559]LogLoad: Game class is 'FunctionalTestGameMode'
[2017.11.29-18.27.32:239][559]LogWorld: Bringing World /Game/UEDPIE_0_map.map up for play (max tick rate 0) at 2017.11.29-13.27.32
[2017.11.29-18.27.32:239][559]LogWorld: Bringing up level for play took: 0.000657
[2017.11.29-18.27.32:241][559]LogLoad: Took 0.027348 seconds to LoadMap(/Game/UEDPIE_0_map)
[2017.11.29-18.27.32:605][590]LogNet: Browse: /Game/map
[2017.11.29-18.27.32:616][590]LogLoad: LoadMap: /Game/map
[2017.11.29-18.27.32:635][590]LogPlayLevel: Creating play world package: /Game/UEDPIE_0_map
[2017.11.29-18.27.32:637][590]LogPlayLevel: PIE: StaticDuplicateObject took: (0.001914s)
[2017.11.29-18.27.32:638][590]LogAIModule: Creating AISystem for world map
[2017.11.29-18.27.32:638][590]LogPlayLevel: PIE: World Init took: (0.000822s)
[2017.11.29-18.27.32:638][590]LogPlayLevel: PIE: Created PIE world by copying editor world from /Game/map.map to /Game/UEDPIE_0_map.map (0.003139s)
[2017.11.29-18.27.32:638][590]LogLoad: Game class is 'FunctionalTestGameMode'
[2017.11.29-18.27.32:640][590]LogWorld: Bringing World /Game/UEDPIE_0_map.map up for play (max tick rate 0) at 2017.11.29-13.27.32
[2017.11.29-18.27.32:640][590]LogWorld: Bringing up level for play took: 0.001078
[2017.11.29-18.27.32:642][590]LogLoad: Took 0.025544 seconds to LoadMap(/Game/UEDPIE_0_map)
[2017.11.29-18.27.33:278][643]LogNet: Browse: /Game/map
[2017.11.29-18.27.33:289][643]LogLoad: LoadMap: /Game/map
[2017.11.29-18.27.33:308][643]LogPlayLevel: Creating play world package: /Game/UEDPIE_0_map
[2017.11.29-18.27.33:310][643]LogPlayLevel: PIE: StaticDuplicateObject took: (0.001961s)
[2017.11.29-18.27.33:310][643]LogAIModule: Creating AISystem for world map
[2017.11.29-18.27.33:311][643]LogPlayLevel: PIE: World Init took: (0.000779s)
[2017.11.29-18.27.33:311][643]LogPlayLevel: PIE: Created PIE world by copying editor world from /Game/map.map to /Game/UEDPIE_0_map.map (0.003066s)
[2017.11.29-18.27.33:311][643]LogLoad: Game class is 'FunctionalTestGameMode'
[2017.11.29-18.27.33:312][643]LogWorld: Bringing World /Game/UEDPIE_0_map.map up for play (max tick rate 0) at 2017.11.29-13.27.33
[2017.11.29-18.27.33:313][643]LogWorld: Bringing up level for play took: 0.001014
[2017.11.29-18.27.33:314][643]LogLoad: Took 0.025096 seconds to LoadMap(/Game/UEDPIE_0_map)
[2017.11.29-18.27.34:013][701]LogNet: Browse: /Game/map
[2017.11.29-18.27.34:025][701]LogLoad: LoadMap: /Game/map
[2017.11.29-18.27.34:046][701]LogPlayLevel: Creating play world package: /Game/UEDPIE_0_map
[2017.11.29-18.27.34:048][701]LogPlayLevel: PIE: StaticDuplicateObject took: (0.001567s)
[2017.11.29-18.27.34:048][701]LogAIModule: Creating AISystem for world map
[2017.11.29-18.27.34:049][701]LogPlayLevel: PIE: World Init took: (0.000508s)
[2017.11.29-18.27.34:049][701]LogPlayLevel: PIE: Created PIE world by copying editor world from /Game/map.map to /Game/UEDPIE_0_map.map (0.002439s)
[2017.11.29-18.27.34:049][701]LogLoad: Game class is 'FunctionalTestGameMode'
[2017.11.29-18.27.34:050][701]LogWorld: Bringing World /Game/UEDPIE_0_map.map up for play (max tick rate 0) at 2017.11.29-13.27.34
[2017.11.29-18.27.34:051][701]LogWorld: Bringing up level for play took: 0.000771
[2017.11.29-18.27.34:052][701]LogLoad: Took 0.027603 seconds to LoadMap(/Game/UEDPIE_0_map)
[2017.11.29-18.27.34:752][759]LogNet: Browse: /Game/map
[2017.11.29-18.27.34:764][759]LogLoad: LoadMap: /Game/map
[2017.11.29-18.27.34:784][759]LogPlayLevel: Creating play world package: /Game/UEDPIE_0_map
[2017.11.29-18.27.34:786][759]LogPlayLevel: PIE: StaticDuplicateObject took: (0.001452s)
[2017.11.29-18.27.34:786][759]LogAIModule: Creating AISystem for world map
[2017.11.29-18.27.34:786][759]LogPlayLevel: PIE: World Init took: (0.000493s)
[2017.11.29-18.27.34:786][759]LogPlayLevel: PIE: Created PIE world by copying editor world from /Game/map.map to /Game/UEDPIE_0_map.map (0.002169s)
[2017.11.29-18.27.34:786][759]LogLoad: Game class is 'FunctionalTestGameMode'
[2017.11.29-18.27.34:788][759]LogWorld: Bringing World /Game/UEDPIE_0_map.map up for play (max tick rate 0) at 2017.11.29-13.27.34
[2017.11.29-18.27.34:788][759]LogWorld: Bringing up level for play took: 0.000664
[2017.11.29-18.27.34:790][759]LogLoad: Took 0.025397 seconds to LoadMap(/Game/UEDPIE_0_map)
[2017.11.29-18.27.35:240][797]LogNet: Browse: /Game/map
[2017.11.29-18.27.35:252][797]LogLoad: LoadMap: /Game/map
[2017.11.29-18.27.35:271][797]LogPlayLevel: Creating play world package: /Game/UEDPIE_0_map
[2017.11.29-18.27.35:273][797]LogPlayLevel: PIE: StaticDuplicateObject took: (0.001675s)
[2017.11.29-18.27.35:274][797]LogAIModule: Creating AISystem for world map
[2017.11.29-18.27.35:274][797]LogPlayLevel: PIE: World Init took: (0.000637s)
[2017.11.29-18.27.35:274][797]LogPlayLevel: PIE: Created PIE world by copying editor world from /Game/map.map to /Game/UEDPIE_0_map.map (0.002711s)
[2017.11.29-18.27.35:274][797]LogLoad: Game class is 'FunctionalTestGameMode'
[2017.11.29-18.27.35:276][797]LogWorld: Bringing World /Game/UEDPIE_0_map.map up for play (max tick rate 0) at 2017.11.29-13.27.35
[2017.11.29-18.27.35:277][797]LogWorld: Bringing up level for play took: 0.001606
[2017.11.29-18.27.35:279][797]LogLoad: Took 0.027009 seconds to LoadMap(/Game/UEDPIE_0_map)
[2017.11.29-18.27.35:706][833]LogNet: Browse: /Game/map
[2017.11.29-18.27.35:718][833]LogLoad: LoadMap: /Game/map
[2017.11.29-18.27.35:736][833]LogPlayLevel: Creating play world package: /Game/UEDPIE_0_map
[2017.11.29-18.27.35:738][833]LogPlayLevel: PIE: StaticDuplicateObject took: (0.001879s)
[2017.11.29-18.27.35:739][833]LogAIModule: Creating AISystem for world map
[2017.11.29-18.27.35:739][833]LogPlayLevel: PIE: World Init took: (0.000723s)
[2017.11.29-18.27.35:739][833]LogPlayLevel: PIE: Created PIE world by copying editor world from /Game/map.map to /Game/UEDPIE_0_map.map (0.002877s)
[2017.11.29-18.27.35:739][833]LogLoad: Game class is 'FunctionalTestGameMode'
[2017.11.29-18.27.35:741][833]LogWorld: Bringing World /Game/UEDPIE_0_map.map up for play (max tick rate 0) at 2017.11.29-13.27.35
[2017.11.29-18.27.35:741][833]LogWorld: Bringing up level for play took: 0.000739
[2017.11.29-18.27.35:742][833]LogLoad: Took 0.024705 seconds to LoadMap(/Game/UEDPIE_0_map)
[2017.11.29-18.27.35:873][845]LogNet: Browse: /Game/map
[2017.11.29-18.27.35:885][845]LogLoad: LoadMap: /Game/map
[2017.11.29-18.27.35:904][845]LogPlayLevel: Creating play world package: /Game/UEDPIE_0_map
[2017.11.29-18.27.35:906][845]LogPlayLevel: PIE: StaticDuplicateObject took: (0.001569s)
[2017.11.29-18.27.35:907][845]LogAIModule: Creating AISystem for world map
[2017.11.29-18.27.35:907][845]LogPlayLevel: PIE: World Init took: (0.000561s)
[2017.11.29-18.27.35:907][845]LogPlayLevel: PIE: Created PIE world by copying editor world from /Game/map.map to /Game/UEDPIE_0_map.map (0.002396s)
[2017.11.29-18.27.35:907][845]LogLoad: Game class is 'FunctionalTestGameMode'
[2017.11.29-18.27.35:909][845]LogWorld: Bringing World /Game/UEDPIE_0_map.map up for play (max tick rate 0) at 2017.11.29-13.27.35
[2017.11.29-18.27.35:909][845]LogWorld: Bringing up level for play took: 0.000973
[2017.11.29-18.27.35:911][845]LogLoad: Took 0.026232 seconds to LoadMap(/Game/UEDPIE_0_map)
[2017.11.29-18.27.36:003][854]LogNet: Browse: /Game/map
[2017.11.29-18.27.36:014][854]LogLoad: LoadMap: /Game/map
[2017.11.29-18.27.36:035][854]LogPlayLevel: Creating play world package: /Game/UEDPIE_0_map
[2017.11.29-18.27.36:036][854]LogPlayLevel: PIE: StaticDuplicateObject took: (0.001487s)
[2017.11.29-18.27.36:037][854]LogAIModule: Creating AISystem for world map
[2017.11.29-18.27.36:037][854]LogPlayLevel: PIE: World Init took: (0.000510s)
[2017.11.29-18.27.36:037][854]LogPlayLevel: PIE: Created PIE world by copying editor world from /Game/map.map to /Game/UEDPIE_0_map.map (0.002254s)
[2017.11.29-18.27.36:037][854]LogLoad: Game class is 'FunctionalTestGameMode'
[2017.11.29-18.27.36:038][854]LogWorld: Bringing World /Game/UEDPIE_0_map.map up for play (max tick rate 0) at 2017.11.29-13.27.36
[2017.11.29-18.27.36:039][854]LogWorld: Bringing up level for play took: 0.000683
[2017.11.29-18.27.36:040][854]LogLoad: Took 0.025885 seconds to LoadMap(/Game/UEDPIE_0_map)
[2017.11.29-18.27.36:158][865]LogNet: Browse: /Game/map
[2017.11.29-18.27.36:170][865]LogLoad: LoadMap: /Game/map
[2017.11.29-18.27.36:188][865]LogPlayLevel: Creating play world package: /Game/UEDPIE_0_map
[2017.11.29-18.27.36:190][865]LogPlayLevel: PIE: StaticDuplicateObject took: (0.001512s)
[2017.11.29-18.27.36:190][865]LogAIModule: Creating AISystem for world map
[2017.11.29-18.27.36:190][865]LogPlayLevel: PIE: World Init took: (0.000488s)
[2017.11.29-18.27.36:190][865]LogPlayLevel: PIE: Created PIE world by copying editor world from /Game/map.map to /Game/UEDPIE_0_map.map (0.002208s)
[2017.11.29-18.27.36:190][865]LogLoad: Game class is 'FunctionalTestGameMode'
[2017.11.29-18.27.36:193][865]LogWorld: Bringing World /Game/UEDPIE_0_map.map up for play (max tick rate 0) at 2017.11.29-13.27.36
[2017.11.29-18.27.36:193][865]LogWorld: Bringing up level for play took: 0.001619
[2017.11.29-18.27.36:195][865]LogLoad: Took 0.025600 seconds to LoadMap(/Game/UEDPIE_0_map)
[2017.11.29-18.27.36:312][876]LogNet: Browse: /Game/map
[2017.11.29-18.27.36:324][876]LogLoad: LoadMap: /Game/map
[2017.11.29-18.27.36:344][876]LogPlayLevel: Creating play world package: /Game/UEDPIE_0_map
[2017.11.29-18.27.36:345][876]LogPlayLevel: PIE: StaticDuplicateObject took: (0.001796s)
[2017.11.29-18.27.36:346][876]LogAIModule: Creating AISystem for world map
[2017.11.29-18.27.36:346][876]LogPlayLevel: PIE: World Init took: (0.000514s)
[2017.11.29-18.27.36:346][876]LogPlayLevel: PIE: Created PIE world by copying editor world from /Game/map.map to /Game/UEDPIE_0_map.map (0.002668s)
[2017.11.29-18.27.36:346][876]LogLoad: Game class is 'FunctionalTestGameMode'
[2017.11.29-18.27.36:348][876]LogWorld: Bringing World /Game/UEDPIE_0_map.map up for play (max tick rate 0) at 2017.11.29-13.27.36
[2017.11.29-18.27.36:348][876]LogWorld: Bringing up level for play took: 0.000665
[2017.11.29-18.27.36:350][876]LogLoad: Took 0.025844 seconds to LoadMap(/Game/UEDPIE_0_map)
[2017.11.29-18.27.36:454][886]LogNet: Browse: /Game/map
[2017.11.29-18.27.36:466][886]LogLoad: LoadMap: /Game/map
[2017.11.29-18.27.36:488][886]LogPlayLevel: Creating play world package: /Game/UEDPIE_0_map
[2017.11.29-18.27.36:489][886]LogPlayLevel: PIE: StaticDuplicateObject took: (0.001758s)
[2017.11.29-18.27.36:490][886]LogAIModule: Creating AISystem for world map
[2017.11.29-18.27.36:491][886]LogPlayLevel: PIE: World Init took: (0.001122s)
[2017.11.29-18.27.36:491][886]LogPlayLevel: PIE: Created PIE world by copying editor world from /Game/map.map to /Game/UEDPIE_0_map.map (0.003248s)
[2017.11.29-18.27.36:491][886]LogLoad: Game class is 'FunctionalTestGameMode'
[2017.11.29-18.27.36:493][886]LogWorld: Bringing World /Game/UEDPIE_0_map.map up for play (max tick rate 0) at 2017.11.29-13.27.36
[2017.11.29-18.27.36:494][886]LogWorld: Bringing up level for play took: 0.001861
[2017.11.29-18.27.36:496][886]LogLoad: Took 0.030014 seconds to LoadMap(/Game/UEDPIE_0_map)
[2017.11.29-18.27.37:069][934]LogNet: Browse: /Game/map
[2017.11.29-18.27.37:081][934]LogLoad: LoadMap: /Game/map
[2017.11.29-18.27.37:100][934]LogPlayLevel: Creating play world package: /Game/UEDPIE_0_map
[2017.11.29-18.27.37:102][934]LogPlayLevel: PIE: StaticDuplicateObject took: (0.001739s)
[2017.11.29-18.27.37:102][934]LogAIModule: Creating AISystem for world map
[2017.11.29-18.27.37:102][934]LogPlayLevel: PIE: World Init took: (0.000712s)
[2017.11.29-18.27.37:103][934]LogPlayLevel: PIE: Created PIE world by copying editor world from /Game/map.map to /Game/UEDPIE_0_map.map (0.002878s)
[2017.11.29-18.27.37:103][934]LogLoad: Game class is 'FunctionalTestGameMode'
[2017.11.29-18.27.37:104][934]LogWorld: Bringing World /Game/UEDPIE_0_map.map up for play (max tick rate 0) at 2017.11.29-13.27.37
[2017.11.29-18.27.37:104][934]LogWorld: Bringing up level for play took: 0.000682
[2017.11.29-18.27.37:106][934]LogLoad: Took 0.025301 seconds to LoadMap(/Game/UEDPIE_0_map)
[2017.11.29-18.27.37:250][947]LogNet: Browse: /Game/map
[2017.11.29-18.27.37:262][947]LogLoad: LoadMap: /Game/map
[2017.11.29-18.27.37:281][947]LogPlayLevel: Creating play world package: /Game/UEDPIE_0_map
[2017.11.29-18.27.37:283][947]LogPlayLevel: PIE: StaticDuplicateObject took: (0.001937s)
[2017.11.29-18.27.37:283][947]LogAIModule: Creating AISystem for world map
[2017.11.29-18.27.37:284][947]LogPlayLevel: PIE: World Init took: (0.000787s)
[2017.11.29-18.27.37:284][947]LogPlayLevel: PIE: Created PIE world by copying editor world from /Game/map.map to /Game/UEDPIE_0_map.map (0.003107s)
[2017.11.29-18.27.37:284][947]LogLoad: Game class is 'FunctionalTestGameMode'
[2017.11.29-18.27.37:286][947]LogWorld: Bringing World /Game/UEDPIE_0_map.map up for play (max tick rate 0) at 2017.11.29-13.27.37
[2017.11.29-18.27.37:286][947]LogWorld: Bringing up level for play took: 0.000686
[2017.11.29-18.27.37:287][947]LogLoad: Took 0.025148 seconds to LoadMap(/Game/UEDPIE_0_map)
[2017.11.29-18.27.37:416][959]LogNet: Browse: /Game/map
[2017.11.29-18.27.37:429][959]LogLoad: LoadMap: /Game/map
[2017.11.29-18.27.37:448][959]LogPlayLevel: Creating play world package: /Game/UEDPIE_0_map
[2017.11.29-18.27.37:449][959]LogPlayLevel: PIE: StaticDuplicateObject took: (0.001573s)
[2017.11.29-18.27.37:450][959]LogAIModule: Creating AISystem for world map
[2017.11.29-18.27.37:450][959]LogPlayLevel: PIE: World Init took: (0.000871s)
[2017.11.29-18.27.37:451][959]LogPlayLevel: PIE: Created PIE world by copying editor world from /Game/map.map to /Game/UEDPIE_0_map.map (0.002726s)
[2017.11.29-18.27.37:451][959]LogLoad: Game class is 'FunctionalTestGameMode'
[2017.11.29-18.27.37:452][959]LogWorld: Bringing World /Game/UEDPIE_0_map.map up for play (max tick rate 0) at 2017.11.29-13.27.37
[2017.11.29-18.27.37:452][959]LogWorld: Bringing up level for play took: 0.001004
[2017.11.29-18.27.37:454][959]LogLoad: Took 0.025355 seconds to LoadMap(/Game/UEDPIE_0_map)
[2017.11.29-18.27.37:584][971]LogNet: Browse: /Game/map
[2017.11.29-18.27.37:596][971]LogLoad: LoadMap: /Game/map
[2017.11.29-18.27.37:615][971]LogPlayLevel: Creating play world package: /Game/UEDPIE_0_map
[2017.11.29-18.27.37:617][971]LogPlayLevel: PIE: StaticDuplicateObject took: (0.001536s)
[2017.11.29-18.27.37:617][971]LogAIModule: Creating AISystem for world map
[2017.11.29-18.27.37:618][971]LogPlayLevel: PIE: World Init took: (0.000584s)
[2017.11.29-18.27.37:618][971]LogPlayLevel: PIE: Created PIE world by copying editor world from /Game/map.map to /Game/UEDPIE_0_map.map (0.002341s)
[2017.11.29-18.27.37:618][971]LogLoad: Game class is 'FunctionalTestGameMode'
[2017.11.29-18.27.37:620][971]LogWorld: Bringing World /Game/UEDPIE_0_map.map up for play (max tick rate 0) at 2017.11.29-13.27.37
[2017.11.29-18.27.37:620][971]LogWorld: Bringing up level for play took: 0.001249
[2017.11.29-18.27.37:622][971]LogLoad: Took 0.025517 seconds to LoadMap(/Game/UEDPIE_0_map)
[2017.11.29-18.27.37:653][974]LogNet: Browse: /Game/map
[2017.11.29-18.27.37:653][974]LogLoad: LoadMap: /Game/map
[2017.11.29-18.27.37:673][974]LogPlayLevel: Creating play world package: /Game/UEDPIE_0_map
[2017.11.29-18.27.37:675][974]LogPlayLevel: PIE: StaticDuplicateObject took: (0.001851s)
[2017.11.29-18.27.37:676][974]LogAIModule: Creating AISystem for world map
[2017.11.29-18.27.37:676][974]LogPlayLevel: PIE: World Init took: (0.001176s)
[2017.11.29-18.27.37:676][974]LogPlayLevel: PIE: Created PIE world by copying editor world from /Game/map.map to /Game/UEDPIE_0_map.map (0.003407s)
[2017.11.29-18.27.37:676][974]LogLoad: Game class is 'FunctionalTestGameMode'
[2017.11.29-18.27.37:678][974]LogWorld: Bringing World /Game/UEDPIE_0_map.map up for play (max tick rate 0) at 2017.11.29-13.27.37
[2017.11.29-18.27.37:678][974]LogWorld: Bringing up level for play took: 0.000934
[2017.11.29-18.27.37:680][974]LogLoad: Took 0.026599 seconds to LoadMap(/Game/UEDPIE_0_map)
[2017.11.29-18.27.37:760][982]LogNet: Browse: /Game/map
[2017.11.29-18.27.37:772][982]LogLoad: LoadMap: /Game/map
[2017.11.29-18.27.37:792][982]LogPlayLevel: Creating play world package: /Game/UEDPIE_0_map
[2017.11.29-18.27.37:794][982]LogPlayLevel: PIE: StaticDuplicateObject took: (0.002364s)
[2017.11.29-18.27.37:795][982]LogAIModule: Creating AISystem for world map
[2017.11.29-18.27.37:795][982]LogPlayLevel: PIE: World Init took: (0.000611s)
[2017.11.29-18.27.37:795][982]LogPlayLevel: PIE: Created PIE world by copying editor world from /Game/map.map to /Game/UEDPIE_0_map.map (0.003255s)
[2017.11.29-18.27.37:795][982]LogLoad: Game class is 'FunctionalTestGameMode'
[2017.11.29-18.27.37:796][982]LogWorld: Bringing World /Game/UEDPIE_0_map.map up for play (max tick rate 0) at 2017.11.29-13.27.37
[2017.11.29-18.27.37:797][982]LogWorld: Bringing up level for play took: 0.000663
[2017.11.29-18.27.37:798][982]LogLoad: Took 0.026335 seconds to LoadMap(/Game/UEDPIE_0_map)
[2017.11.29-18.27.37:988][999]LogNet: Browse: /Game/map
[2017.11.29-18.27.38:000][999]LogLoad: LoadMap: /Game/map
[2017.11.29-18.27.38:020][999]LogPlayLevel: Creating play world package: /Game/UEDPIE_0_map
[2017.11.29-18.27.38:022][999]LogPlayLevel: PIE: StaticDuplicateObject took: (0.001916s)
[2017.11.29-18.27.38:023][999]LogAIModule: Creating AISystem for world map
[2017.11.29-18.27.38:023][999]LogPlayLevel: PIE: World Init took: (0.000664s)
[2017.11.29-18.27.38:023][999]LogPlayLevel: PIE: Created PIE world by copying editor world from /Game/map.map to /Game/UEDPIE_0_map.map (0.002911s)
[2017.11.29-18.27.38:023][999]LogLoad: Game class is 'FunctionalTestGameMode'
[2017.11.29-18.27.38:025][999]LogWorld: Bringing World /Game/UEDPIE_0_map.map up for play (max tick rate 0) at 2017.11.29-13.27.38
[2017.11.29-18.27.38:025][999]LogWorld: Bringing up level for play took: 0.000913
[2017.11.29-18.27.38:028][999]LogLoad: Took 0.027989 seconds to LoadMap(/Game/UEDPIE_0_map)
[2017.11.29-18.27.38:084][  5]LogNet: Browse: /Game/map
[2017.11.29-18.27.38:095][  5]LogLoad: LoadMap: /Game/map
[2017.11.29-18.27.38:115][  5]LogPlayLevel: Creating play world package: /Game/UEDPIE_0_map
[2017.11.29-18.27.38:116][  5]LogPlayLevel: PIE: StaticDuplicateObject took: (0.001522s)
[2017.11.29-18.27.38:117][  5]LogAIModule: Creating AISystem for world map
[2017.11.29-18.27.38:117][  5]LogPlayLevel: PIE: World Init took: (0.000674s)
[2017.11.29-18.27.38:117][  5]LogPlayLevel: PIE: Created PIE world by copying editor world from /Game/map.map to /Game/UEDPIE_0_map.map (0.002549s)
[2017.11.29-18.27.38:117][  5]LogLoad: Game class is 'FunctionalTestGameMode'
[2017.11.29-18.27.38:119][  5]LogWorld: Bringing World /Game/UEDPIE_0_map.map up for play (max tick rate 0) at 2017.11.29-13.27.38
[2017.11.29-18.27.38:119][  5]LogWorld: Bringing up level for play took: 0.000797
[2017.11.29-18.27.38:121][  5]LogLoad: Took 0.026178 seconds to LoadMap(/Game/UEDPIE_0_map)
[2017.11.29-18.27.38:288][ 20]LogNet: Browse: /Game/map
[2017.11.29-18.27.38:300][ 20]LogLoad: LoadMap: /Game/map
[2017.11.29-18.27.38:322][ 20]LogPlayLevel: Creating play world package: /Game/UEDPIE_0_map
[2017.11.29-18.27.38:324][ 20]LogPlayLevel: PIE: StaticDuplicateObject took: (0.001749s)
[2017.11.29-18.27.38:325][ 20]LogAIModule: Creating AISystem for world map
[2017.11.29-18.27.38:325][ 20]LogPlayLevel: PIE: World Init took: (0.000671s)
[2017.11.29-18.27.38:325][ 20]LogPlayLevel: PIE: Created PIE world by copying editor world from /Game/map.map to /Game/UEDPIE_0_map.map (0.002720s)
[2017.11.29-18.27.38:325][ 20]LogLoad: Game class is 'FunctionalTestGameMode'
[2017.11.29-18.27.38:327][ 20]LogWorld: Bringing World /Game/UEDPIE_0_map.map up for play (max tick rate 0) at 2017.11.29-13.27.38
[2017.11.29-18.27.38:328][ 20]LogWorld: Bringing up level for play took: 0.001306
[2017.11.29-18.27.38:329][ 20]LogLoad: Took 0.029203 seconds to LoadMap(/Game/UEDPIE_0_map)
[2017.11.29-18.27.38:460][ 32]LogNet: Browse: /Game/map
[2017.11.29-18.27.38:471][ 32]LogLoad: LoadMap: /Game/map
[2017.11.29-18.27.38:490][ 32]LogPlayLevel: Creating play world package: /Game/UEDPIE_0_map
[2017.11.29-18.27.38:491][ 32]LogPlayLevel: PIE: StaticDuplicateObject took: (0.001432s)
[2017.11.29-18.27.38:492][ 32]LogAIModule: Creating AISystem for world map
[2017.11.29-18.27.38:492][ 32]LogPlayLevel: PIE: World Init took: (0.000630s)
[2017.11.29-18.27.38:492][ 32]LogPlayLevel: PIE: Created PIE world by copying editor world from /Game/map.map to /Game/UEDPIE_0_map.map (0.002529s)
[2017.11.29-18.27.38:492][ 32]LogLoad: Game class is 'FunctionalTestGameMode'
[2017.11.29-18.27.38:494][ 32]LogWorld: Bringing World /Game/UEDPIE_0_map.map up for play (max tick rate 0) at 2017.11.29-13.27.38
[2017.11.29-18.27.38:494][ 32]LogWorld: Bringing up level for play took: 0.001006
[2017.11.29-18.27.38:496][ 32]LogLoad: Took 0.025112 seconds to LoadMap(/Game/UEDPIE_0_map)
[2017.11.29-18.27.38:612][ 43]LogNet: Browse: /Game/map
[2017.11.29-18.27.38:624][ 43]LogLoad: LoadMap: /Game/map
[2017.11.29-18.27.38:642][ 43]LogPlayLevel: Creating play world package: /Game/UEDPIE_0_map
[2017.11.29-18.27.38:644][ 43]LogPlayLevel: PIE: StaticDuplicateObject took: (0.001952s)
[2017.11.29-18.27.38:645][ 43]LogAIModule: Creating AISystem for world map
[2017.11.29-18.27.38:645][ 43]LogPlayLevel: PIE: World Init took: (0.000542s)
[2017.11.29-18.27.38:645][ 43]LogPlayLevel: PIE: Created PIE world by copying editor world from /Game/map.map to /Game/UEDPIE_0_map.map (0.002851s)
[2017.11.29-18.27.38:645][ 43]LogLoad: Game class is 'FunctionalTestGameMode'
[2017.11.29-18.27.38:647][ 43]LogWorld: Bringing World /Game/UEDPIE_0_map.map up for play (max tick rate 0) at 2017.11.29-13.27.38
[2017.11.29-18.27.38:647][ 43]LogWorld: Bringing up level for play took: 0.000662
[2017.11.29-18.27.38:648][ 43]LogLoad: Took 0.024787 seconds to LoadMap(/Game/UEDPIE_0_map)
[2017.11.29-18.27.39:456][110]LogBlueprintUserMessages: [SwordGen_222] Material
     Channel 1: 59.163185
     Channel 2: 104.468521
     Channel 3: 269.001129
     Wear: 0.802393
Sword
     Hilt: 0
     Guard: 1
     Blade: 2
     BladeVertical Scale: 0.971564
[2017.11.29-18.27.44:737][538]LogBlueprintUserMessages: Early EndPlayMap Detection: Level '/Game/map.map:PersistentLevel' has LevelScriptBlueprint '/Game/map.map:PersistentLevel.map' with GeneratedClass '/Game/map.map_C' with ClassGeneratedBy '/Game/map.map:PersistentLevel.map'
[2017.11.29-18.27.44:841][538]LogBlueprintUserMessages: Late EndPlayMap Detection: Level '/Game/map.map:PersistentLevel' has LevelScriptBlueprint '/Game/map.map:PersistentLevel.map' with GeneratedClass '/Game/map.map_C' with ClassGeneratedBy '/Game/map.map:PersistentLevel.map'
[2017.11.29-18.52.22:983][960]LogWindowsTextInputMethodSystem: Display: IME system now deactivated.
[2017.11.29-18.52.23:282][961]Cmd: QUIT_EDITOR
[2017.11.29-18.52.24:105][961]LogExit: Preparing to exit.
[2017.11.29-18.52.25:317][961]LogDirectoryWatcher: A directory notification for 'C:/Users/100555259/Documents/TowerScape/UE4SwordGen/Content/' was aborted.
[2017.11.29-18.52.25:481][961]LogExit: Editor shut down
[2017.11.29-18.52.25:489][961]LogExit: Transaction tracking system shut down
[2017.11.29-18.52.25:769][961]LogDirectoryWatcher: A directory notification for '../../../Engine/Content/' was aborted.
[2017.11.29-18.52.25:769][961]LogDirectoryWatcher: A directory notification for '../../../../../../Users/100555259/Documents/TowerScape/UE4SwordGen/Content/' was aborted.
[2017.11.29-18.52.25:769][961]LogDirectoryWatcher: A directory notification for '../../../Engine/Plugins/2D/Paper2D/Content/' was aborted.
[2017.11.29-18.52.25:769][961]LogDirectoryWatcher: A directory notification for '../../../Engine/Plugins/Media/MediaCompositing/Content/' was aborted.
[2017.11.29-18.52.25:770][961]LogDirectoryWatcher: A directory notification for '../../../Engine/Plugins/Runtime/AppleARKit/Content/' was aborted.
[2017.11.29-18.52.25:770][961]LogDirectoryWatcher: A directory notification for '../../../Engine/Plugins/Runtime/Oculus/OculusVR/Content/' was aborted.
[2017.11.29-18.52.25:770][961]LogDirectoryWatcher: A directory notification for '../../../Engine/Plugins/Runtime/Steam/SteamVR/Content/' was aborted.
[2017.11.29-18.52.26:092][961]LogExit: Object subsystem successfully closed.
[2017.11.29-18.52.26:165][961]LogD3D11RHI: Shutdown
[2017.11.29-18.52.26:172][961]LogD3D11RHI: CleanupD3DDevice
[2017.11.29-18.52.26:238][961]LogD3D11RHI: ~FD3D11DynamicRHI
[2017.11.29-18.52.26:599][961]LogModuleManager: Shutting down and abandoning module MovieSceneCapture (552)
[2017.11.29-18.52.26:599][961]LogModuleManager: Shutting down and abandoning module BlueprintGraph (550)
[2017.11.29-18.52.26:599][961]LogModuleManager: Shutting down and abandoning module HierarchicalLODOutliner (548)
[2017.11.29-18.52.26:599][961]LogModuleManager: Shutting down and abandoning module SceneOutliner (546)
[2017.11.29-18.52.26:599][961]LogModuleManager: Shutting down and abandoning module AddContentDialog (544)
[2017.11.29-18.52.26:609][961]LogDirectoryWatcher: A directory notification for 'C:/Program Files/Epic Games/UE_4.18/FeaturePacks/' was aborted.
[2017.11.29-18.52.26:611][961]LogModuleManager: Shutting down and abandoning module WidgetCarousel (543)
[2017.11.29-18.52.26:611][961]LogModuleManager: Shutting down and abandoning module EditorWidgets (540)
[2017.11.29-18.52.26:611][961]LogModuleManager: Shutting down and abandoning module CollectionManager (538)
[2017.11.29-18.52.26:617][961]LogDirectoryWatcher: A directory notification for 'C:/Users/100555259/Documents/TowerScape/UE4SwordGen/Content/Collections/' was aborted.
[2017.11.29-18.52.26:617][961]LogDirectoryWatcher: A directory notification for 'C:/Users/100555259/Documents/TowerScape/UE4SwordGen/Content/Developers/100555259/Collections/' was aborted.
[2017.11.29-18.52.26:617][961]LogDirectoryWatcher: A directory notification for 'C:/Users/100555259/Documents/TowerScape/UE4SwordGen/Saved/Collections/' was aborted.
[2017.11.29-18.52.26:617][961]LogModuleManager: Shutting down and abandoning module StatsViewer (536)
[2017.11.29-18.52.26:625][961]LogModuleManager: Shutting down and abandoning module FoliageEdit (534)
[2017.11.29-18.52.26:625][961]LogModuleManager: Shutting down and abandoning module LandscapeEditor (532)
[2017.11.29-18.52.26:635][961]LogModuleManager: Shutting down and abandoning module MeshPaintMode (530)
[2017.11.29-18.52.26:636][961]LogModuleManager: Shutting down and abandoning module SceneDepthPickerMode (528)
[2017.11.29-18.52.26:636][961]LogModuleManager: Shutting down and abandoning module ActorPickerMode (526)
[2017.11.29-18.52.26:636][961]LogModuleManager: Shutting down and abandoning module GeometryMode (524)
[2017.11.29-18.52.26:636][961]LogModuleManager: Shutting down and abandoning module TextureAlignMode (522)
[2017.11.29-18.52.26:636][961]LogModuleManager: Shutting down and abandoning module BspMode (520)
[2017.11.29-18.52.26:636][961]LogModuleManager: Shutting down and abandoning module PIEPreviewDeviceProfileSelector (518)
[2017.11.29-18.52.26:636][961]LogModuleManager: Shutting down and abandoning module HardwareSurvey (516)
[2017.11.29-18.52.26:636][961]LogModuleManager: Shutting down and abandoning module SequenceRecorderSections (514)
[2017.11.29-18.52.26:649][961]LogModuleManager: Shutting down and abandoning module AutomationWorker (512)
[2017.11.29-18.52.26:661][961]LogModuleManager: Shutting down and abandoning module MatineeToLevelSequence (510)
[2017.11.29-18.52.26:661][961]LogModuleManager: Shutting down and abandoning module LevelSequenceEditor (508)
[2017.11.29-18.52.26:671][961]LogModuleManager: Shutting down and abandoning module PlacementMode (507)
[2017.11.29-18.52.26:671][961]LogModuleManager: Shutting down and abandoning module WmfMediaFactory (504)
[2017.11.29-18.52.26:671][961]LogModuleManager: Shutting down and abandoning module WmfMediaEditor (502)
[2017.11.29-18.52.26:671][961]LogModuleManager: Shutting down and abandoning module OpenExrWrapper (500)
[2017.11.29-18.52.26:671][961]LogModuleManager: Shutting down and abandoning module ImgMediaFactory (498)
[2017.11.29-18.52.26:671][961]LogModuleManager: Shutting down and abandoning module ImgMediaEditor (496)
[2017.11.29-18.52.26:671][961]LogModuleManager: Shutting down and abandoning module AvfMediaFactory (494)
[2017.11.29-18.52.26:671][961]LogModuleManager: Shutting down and abandoning module AvfMediaEditor (492)
[2017.11.29-18.52.26:671][961]LogModuleManager: Shutting down and abandoning module AndroidMediaFactory (490)
[2017.11.29-18.52.26:671][961]LogModuleManager: Shutting down and abandoning module AndroidMediaEditor (488)
[2017.11.29-18.52.26:671][961]LogModuleManager: Shutting down and abandoning module CharacterAI (486)
[2017.11.29-18.52.26:671][961]LogModuleManager: Shutting down and abandoning module AudioCapture (484)
[2017.11.29-18.52.26:680][961]LogModuleManager: Shutting down and abandoning module SequenceRecorder (483)
[2017.11.29-18.52.26:688][961]LogModuleManager: Shutting down and abandoning module SmartSnapping (480)
[2017.11.29-18.52.26:688][961]LogModuleManager: Shutting down and abandoning module SessionServices (478)
[2017.11.29-18.52.26:688][961]LogModuleManager: Shutting down and abandoning module ViewportSnapping (476)
[2017.11.29-18.52.26:688][961]LogModuleManager: Shutting down and abandoning module ViewportInteraction (474)
[2017.11.29-18.52.26:688][961]LogModuleManager: Shutting down and abandoning module ClothPainter (472)
[2017.11.29-18.52.26:697][961]LogModuleManager: Shutting down and abandoning module SkeletalMeshEditor (471)
[2017.11.29-18.52.26:736][961]LogModuleManager: Shutting down and abandoning module LogVisualizer (468)
[2017.11.29-18.52.26:744][961]LogModuleManager: Shutting down and abandoning module IntroTutorials (466)
[2017.11.29-18.52.26:762][961]LogModuleManager: Shutting down and abandoning module GameProjectGeneration (465)
[2017.11.29-18.52.26:785][961]LogModuleManager: Shutting down and abandoning module IOSPlatformEditor (462)
[2017.11.29-18.52.26:798][961]LogModuleManager: Shutting down and abandoning module HTML5PlatformEditor (460)
[2017.11.29-18.52.26:798][961]LogModuleManager: Shutting down and abandoning module AndroidPlatformEditor (458)
[2017.11.29-18.52.26:798][961]LogModuleManager: Shutting down and abandoning module AndroidDeviceDetection (457)
[2017.11.29-18.52.27:251][961]LogModuleManager: Shutting down and abandoning module WindowsPlatformEditor (454)
[2017.11.29-18.52.27:251][961]LogModuleManager: Shutting down and abandoning module IOSRuntimeSettings (452)
[2017.11.29-18.52.27:251][961]LogModuleManager: Shutting down and abandoning module AndroidRuntimeSettings (450)
[2017.11.29-18.52.27:251][961]LogModuleManager: Shutting down and abandoning module InputBindingEditor (448)
[2017.11.29-18.52.27:273][961]LogModuleManager: Shutting down and abandoning module MergeActors (446)
[2017.11.29-18.52.27:281][961]LogModuleManager: Shutting down and abandoning module SizeMap (444)
[2017.11.29-18.52.27:281][961]LogModuleManager: Shutting down and abandoning module TreeMap (442)
[2017.11.29-18.52.27:310][961]LogModuleManager: Shutting down and abandoning module ReferenceViewer (440)
[2017.11.29-18.52.27:310][961]LogModuleManager: Shutting down and abandoning module LocalizationDashboard (438)
[2017.11.29-18.52.27:328][961]LogModuleManager: Shutting down and abandoning module LocalizationService (437)
[2017.11.29-18.52.27:337][961]LogModuleManager: Shutting down and abandoning module HardwareTargeting (434)
[2017.11.29-18.52.27:337][961]LogModuleManager: Shutting down and abandoning module DeviceProfileEditor (432)
[2017.11.29-18.52.27:337][961]LogModuleManager: Shutting down and abandoning module UndoHistory (430)
[2017.11.29-18.52.27:337][961]LogModuleManager: Shutting down and abandoning module XmlParser (428)
[2017.11.29-18.52.27:337][961]LogModuleManager: Shutting down and abandoning module Blutility (426)
[2017.11.29-18.52.27:337][961]LogModuleManager: Shutting down and abandoning module ProjectSettingsViewer (424)
[2017.11.29-18.52.27:337][961]LogModuleManager: Shutting down and abandoning module ProjectTargetPlatformEditor (423)
[2017.11.29-18.52.27:337][961]LogModuleManager: Shutting down and abandoning module EditorSettingsViewer (420)
[2017.11.29-18.52.27:337][961]LogModuleManager: Shutting down and abandoning module SettingsEditor (418)
[2017.11.29-18.52.27:349][961]LogModuleManager: Shutting down and abandoning module ProjectLauncher (416)
[2017.11.29-18.52.27:368][961]LogModuleManager: Shutting down and abandoning module SessionFrontend (414)
[2017.11.29-18.52.27:379][961]LogModuleManager: Shutting down and abandoning module ProfilerClient (412)
[2017.11.29-18.52.27:393][961]LogModuleManager: Shutting down and abandoning module DeviceManager (410)
[2017.11.29-18.52.27:405][961]LogModuleManager: Shutting down and abandoning module TargetDeviceServices (409)
[2017.11.29-18.52.27:470][961]LogModuleManager: Shutting down and abandoning module AutomationController (406)
[2017.11.29-18.52.27:485][961]LogModuleManager: Shutting down and abandoning module AutomationWindow (404)
[2017.11.29-18.52.27:513][961]LogModuleManager: Shutting down and abandoning module Layers (402)
[2017.11.29-18.52.27:549][961]LogModuleManager: Shutting down and abandoning module ComponentVisualizers (400)
[2017.11.29-18.52.27:549][961]LogModuleManager: Shutting down and abandoning module DetailCustomizations (398)
[2017.11.29-18.52.27:560][961]LogModuleManager: Shutting down and abandoning module PackagesDialog (396)
[2017.11.29-18.52.27:579][961]LogModuleManager: Shutting down and abandoning module Persona (394)
[2017.11.29-18.52.27:592][961]LogModuleManager: Shutting down and abandoning module AdvancedPreviewScene (393)
[2017.11.29-18.52.27:592][961]LogModuleManager: Shutting down and abandoning module AnimGraph (391)
[2017.11.29-18.52.27:592][961]LogModuleManager: Shutting down and abandoning module Kismet (388)
[2017.11.29-18.52.27:625][961]LogModuleManager: Shutting down and abandoning module ClassViewer (386)
[2017.11.29-18.52.27:625][961]LogModuleManager: Shutting down and abandoning module Toolbox (384)
[2017.11.29-18.52.27:625][961]LogModuleManager: Shutting down and abandoning module ModuleUI (382)
[2017.11.29-18.52.27:637][961]LogModuleManager: Shutting down and abandoning module MovieSceneTools (380)
[2017.11.29-18.52.27:652][961]LogModuleManager: Shutting down and abandoning module OutputLog (378)
[2017.11.29-18.52.27:653][961]LogModuleManager: Shutting down and abandoning module GammaUI (376)
[2017.11.29-18.52.27:666][961]LogModuleManager: Shutting down and abandoning module Documentation (374)
[2017.11.29-18.52.27:666][961]LogModuleManager: Shutting down and abandoning module MovieSceneTracks (372)
[2017.11.29-18.52.27:666][961]LogModuleManager: Shutting down and abandoning module MovieScene (370)
[2017.11.29-18.52.27:666][961]LogModuleManager: Shutting down and abandoning module StreamingPauseRendering (368)
[2017.11.29-18.52.27:666][961]LogModuleManager: Shutting down and abandoning module LauncherPlatform (366)
[2017.11.29-18.52.27:666][961]LogModuleManager: Shutting down and abandoning module AnalyticsET (364)
[2017.11.29-18.52.27:666][961]LogModuleManager: Shutting down and abandoning module PortalServices (362)
[2017.11.29-18.52.27:666][961]LogModuleManager: Shutting down and abandoning module PortalRpc (360)
[2017.11.29-18.52.27:666][961]LogModuleManager: Shutting down and abandoning module MessagingRpc (358)
[2017.11.29-18.52.27:666][961]LogModuleManager: Shutting down and abandoning module AIModule (356)
[2017.11.29-18.52.27:667][961]LogModuleManager: Shutting down and abandoning module GameplayDebugger (355)
[2017.11.29-18.52.27:667][961]LogModuleManager: Shutting down and abandoning module AITestSuite (353)
[2017.11.29-18.52.27:667][961]LogModuleManager: Shutting down and abandoning module DesktopPlatform (350)
[2017.11.29-18.52.27:667][961]LogModuleManager: Shutting down and abandoning module ProfilerService (348)
[2017.11.29-18.52.27:839][961]LogModuleManager: Shutting down and abandoning module TaskGraph (346)
[2017.11.29-18.52.27:855][961]LogModuleManager: Shutting down and abandoning module SteamVRController (344)
[2017.11.29-18.52.27:855][961]LogModuleManager: Shutting down and abandoning module ProceduralMeshComponentEditor (342)
[2017.11.29-18.52.27:855][961]LogModuleManager: Shutting down and abandoning module ProceduralMeshComponent (340)
[2017.11.29-18.52.27:855][961]LogModuleManager: Shutting down and abandoning module OculusInput (338)
[2017.11.29-18.52.27:855][961]LogModuleManager: Shutting down and abandoning module MobilePatchingUtils (336)
[2017.11.29-18.52.27:855][961]LogModuleManager: Shutting down and abandoning module CustomMeshComponent (334)
[2017.11.29-18.52.27:855][961]LogModuleManager: Shutting down and abandoning module CableComponent (332)
[2017.11.29-18.52.27:855][961]LogModuleManager: Shutting down and abandoning module ArchVisCharacter (330)
[2017.11.29-18.52.27:855][961]LogModuleManager: Shutting down and abandoning module AndroidPermission (328)
[2017.11.29-18.52.27:855][961]LogModuleManager: Shutting down and abandoning module ActorSequence (324)
[2017.11.29-18.52.27:855][961]LogModuleManager: Shutting down and abandoning module MediaPlayerEditor (322)
[2017.11.29-18.52.27:855][961]LogModuleManager: Shutting down and abandoning module MediaCompositingEditor (320)
[2017.11.29-18.52.27:855][961]LogModuleManager: Shutting down and abandoning module MediaCompositing (318)
[2017.11.29-18.52.27:855][961]LogModuleManager: Shutting down and abandoning module HTML5Networking (316)
[2017.11.29-18.52.27:855][961]LogModuleManager: Shutting down and abandoning module AlembicImporter (314)
[2017.11.29-18.52.27:855][961]LogModuleManager: Shutting down and abandoning module AlembicLibrary (313)
[2017.11.29-18.52.27:855][961]LogModuleManager: Shutting down and abandoning module GeometryCache (312)
[2017.11.29-18.52.27:855][961]LogModuleManager: Shutting down and abandoning module GeometryCacheEd (311)
[2017.11.29-18.52.27:855][961]LogModuleManager: Shutting down and abandoning module SpeedTreeImporter (306)
[2017.11.29-18.52.27:855][961]LogModuleManager: Shutting down and abandoning module PluginBrowser (304)
[2017.11.29-18.52.27:855][961]LogModuleManager: Shutting down and abandoning module MobileLauncherProfileWizard (302)
[2017.11.29-18.52.27:855][961]LogModuleManager: Shutting down and abandoning module VisualStudioSourceCodeAccess (300)
[2017.11.29-18.52.27:855][961]LogModuleManager: Shutting down and abandoning module VisualStudioCodeSourceCodeAccess (298)
[2017.11.29-18.52.27:855][961]LogModuleManager: Shutting down and abandoning module UObjectPlugin (296)
[2017.11.29-18.52.27:855][961]LogModuleManager: Shutting down and abandoning module SubversionSourceControl (294)
[2017.11.29-18.52.27:855][961]LogModuleManager: Shutting down and abandoning module PerforceSourceControl (292)
[2017.11.29-18.52.27:855][961]LogModuleManager: Shutting down and abandoning module GitSourceControl (290)
[2017.11.29-18.52.27:855][961]LogModuleManager: Shutting down and abandoning module SourceControl (289)
[2017.11.29-18.52.27:856][961]LogModuleManager: Shutting down and abandoning module LightPropagationVolumeEditor (286)
[2017.11.29-18.52.27:856][961]LogModuleManager: Shutting down and abandoning module PaperTiledImporter (284)
[2017.11.29-18.52.27:856][961]LogModuleManager: Shutting down and abandoning module PaperSpriteSheetImporter (282)
[2017.11.29-18.52.27:856][961]LogModuleManager: Shutting down and abandoning module Paper2DEditor (280)
[2017.11.29-18.52.27:856][961]LogModuleManager: Shutting down and abandoning module MeshPaint (279)
[2017.11.29-18.52.27:856][961]LogModuleManager: Shutting down and abandoning module LevelEditor (277)
[2017.11.29-18.52.27:857][961]LogModuleManager: Shutting down and abandoning module PixelInspectorModule (276)
[2017.11.29-18.52.27:857][961]LogModuleManager: Shutting down and abandoning module MainFrame (274)
[2017.11.29-18.52.27:859][961]LogModuleManager: Shutting down and abandoning module HotReload (273)
[2017.11.29-18.52.27:860][961]LogModuleManager: Shutting down and abandoning module RuntimePhysXCooking (268)
[2017.11.29-18.52.27:860][961]LogModuleManager: Shutting down and abandoning module PhysXVehiclesEditor (266)
[2017.11.29-18.52.27:860][961]LogModuleManager: Shutting down and abandoning module PhysXVehicles (264)
[2017.11.29-18.52.27:860][961]LogModuleManager: Shutting down and abandoning module OculusEditor (262)
[2017.11.29-18.52.27:860][961]LogModuleManager: Shutting down and abandoning module LocationServicesBPLibrary (260)
[2017.11.29-18.52.27:860][961]LogModuleManager: Shutting down and abandoning module ImmediatePhysicsEditor (258)
[2017.11.29-18.52.27:860][961]LogModuleManager: Shutting down and abandoning module ImmediatePhysics (256)
[2017.11.29-18.52.27:860][961]LogModuleManager: Shutting down and abandoning module UdpMessaging (254)
[2017.11.29-18.52.27:971][961]LogModuleManager: Shutting down and abandoning module TcpMessaging (252)
[2017.11.29-18.52.28:073][961]LogModuleManager: Shutting down and abandoning module GameplayTagsEditor (250)
[2017.11.29-18.52.28:073][961]LogModuleManager: Shutting down and abandoning module FacialAnimationEditor (248)
[2017.11.29-18.52.28:073][961]LogModuleManager: Shutting down and abandoning module FacialAnimation (246)
[2017.11.29-18.52.28:073][961]LogModuleManager: Shutting down and abandoning module AssetManagerEditor (244)
[2017.11.29-18.52.28:073][961]LogModuleManager: Shutting down and abandoning module GraphEditor (243)
[2017.11.29-18.52.28:073][961]LogModuleManager: Shutting down and abandoning module ContentBrowser (241)
[2017.11.29-18.52.28:074][961]LogModuleManager: Shutting down and abandoning module LightPropagationVolumeRuntime (238)
[2017.11.29-18.52.28:074][961]LogModuleManager: Shutting down and abandoning module Paper2D (236)
[2017.11.29-18.52.28:074][961]LogModuleManager: Shutting down and abandoning module WindowsMoviePlayer (234)
[2017.11.29-18.52.28:074][961]LogModuleManager: Shutting down and abandoning module WmfMedia (232)
[2017.11.29-18.52.28:080][961]LogModuleManager: Shutting down and abandoning module ImgMedia (230)
[2017.11.29-18.52.28:081][961]LogModuleManager: Shutting down and abandoning module PacketHandler (228)
[2017.11.29-18.52.28:081][961]LogModuleManager: Shutting down and abandoning module ClothingSystemEditor (226)
[2017.11.29-18.52.28:081][961]LogModuleManager: Shutting down and abandoning module ClothingSystemRuntime (224)
[2017.11.29-18.52.28:081][961]LogModuleManager: Shutting down and abandoning module MediaAssets (222)
[2017.11.29-18.52.28:081][961]LogModuleManager: Shutting down and abandoning module Media (221)
[2017.11.29-18.52.28:087][961]LogModuleManager: Shutting down and abandoning module Overlay (218)
[2017.11.29-18.52.28:087][961]LogModuleManager: Shutting down and abandoning module OverlayEditor (217)
[2017.11.29-18.52.28:087][961]LogModuleManager: Shutting down and abandoning module VREditor (214)
[2017.11.29-18.52.28:087][961]LogModuleManager: Shutting down and abandoning module StringTableEditor (212)
[2017.11.29-18.52.28:087][961]LogModuleManager: Shutting down and abandoning module GameplayTasksEditor (210)
[2017.11.29-18.52.28:087][961]LogModuleManager: Shutting down and abandoning module BehaviorTreeEditor (208)
[2017.11.29-18.52.28:087][961]LogModuleManager: Shutting down and abandoning module FunctionalTesting (206)
[2017.11.29-18.52.28:087][961]LogModuleManager: Shutting down and abandoning module CollisionAnalyzer (204)
[2017.11.29-18.52.28:087][961]LogModuleManager: Shutting down and abandoning module WorkspaceMenuStructure (203)
[2017.11.29-18.52.28:087][961]LogModuleManager: Shutting down and abandoning module UMG (200)
[2017.11.29-18.52.28:087][961]LogModuleManager: Shutting down and abandoning module UMGEditor (199)
[2017.11.29-18.52.28:087][961]LogModuleManager: Shutting down and abandoning module Sequencer (198)
[2017.11.29-18.52.28:088][961]LogModuleManager: Shutting down and abandoning module MessageLog (195)
[2017.11.29-18.52.28:088][961]LogModuleManager: Shutting down and abandoning module SlateReflector (190)
[2017.11.29-18.52.28:088][961]LogModuleManager: Shutting down and abandoning module Slate (188)
[2017.11.29-18.52.28:088][961]LogModuleManager: Shutting down and abandoning module EditorStyle (186)
[2017.11.29-18.52.28:090][961]LogModuleManager: Shutting down and abandoning module MRMesh (184)
[2017.11.29-18.52.28:090][961]LogModuleManager: Shutting down and abandoning module SourceCodeAccess (182)
[2017.11.29-18.52.28:090][961]LogModuleManager: Shutting down and abandoning module HeadMountedDisplay (180)
[2017.11.29-18.52.28:090][961]LogModuleManager: Shutting down and abandoning module XAudio2 (178)
[2017.11.29-18.52.28:090][961]LogModuleManager: Shutting down and abandoning module Networking (176)
[2017.11.29-18.52.28:090][961]LogModuleManager: Shutting down and abandoning module Core (172)
[2017.11.29-18.52.28:090][961]LogModuleManager: Shutting down and abandoning module LevelSequence (168)
[2017.11.29-18.52.28:090][961]LogModuleManager: Shutting down and abandoning module DirectoryWatcher (166)
[2017.11.29-18.52.28:091][961]LogModuleManager: Shutting down and abandoning module KismetCompiler (164)
[2017.11.29-18.52.28:091][961]LogModuleManager: Shutting down and abandoning module MeshUtilities (162)
[2017.11.29-18.52.28:091][961]LogModuleManager: Shutting down and abandoning module MeshMergeUtilities (161)
[2017.11.29-18.52.28:091][961]LogModuleManager: Shutting down and abandoning module MeshReductionInterface (160)
[2017.11.29-18.52.28:091][961]LogModuleManager: Shutting down and abandoning module SimplygonSwarm (159)
[2017.11.29-18.52.28:091][961]LogModuleManager: Shutting down and abandoning module SimplygonMeshReduction (157)
[2017.11.29-18.52.28:091][961]LogModuleManager: Shutting down and abandoning module QuadricMeshReduction (155)
[2017.11.29-18.52.28:092][961]LogModuleManager: Shutting down and abandoning module MaterialBaking (151)
[2017.11.29-18.52.28:092][961]LogModuleManager: Shutting down and abandoning module DerivedDataCache (148)
[2017.11.29-18.52.28:177][961]LogDerivedDataCache: Shutdown
[2017.11.29-18.52.28:177][961]LogModuleManager: Shutting down and abandoning module TargetPlatform (146)
[2017.11.29-18.52.28:177][961]LogModuleManager: Shutting down and abandoning module VulkanShaderFormat (145)
[2017.11.29-18.52.28:177][961]LogModuleManager: Shutting down and abandoning module ShaderFormatVectorVM (143)
[2017.11.29-18.52.28:177][961]LogModuleManager: Shutting down and abandoning module ShaderFormatOpenGL (141)
[2017.11.29-18.52.28:177][961]LogModuleManager: Shutting down and abandoning module ShaderFormatD3D (139)
[2017.11.29-18.52.28:177][961]LogModuleManager: Shutting down and abandoning module MetalShaderFormat (137)
[2017.11.29-18.52.28:177][961]LogModuleManager: Shutting down and abandoning module TextureFormatUncompressed (135)
[2017.11.29-18.52.28:177][961]LogModuleManager: Shutting down and abandoning module TextureFormatPVR (133)
[2017.11.29-18.52.28:177][961]LogModuleManager: Shutting down and abandoning module TextureFormatDXT (131)
[2017.11.29-18.52.28:178][961]LogModuleManager: Shutting down and abandoning module TextureFormatIntelISPCTexComp (129)
[2017.11.29-18.52.28:178][961]LogModuleManager: Shutting down and abandoning module TextureFormatASTC (127)
[2017.11.29-18.52.28:178][961]LogModuleManager: Shutting down and abandoning module ImageWrapper (126)
[2017.11.29-18.52.28:178][961]LogModuleManager: Shutting down and abandoning module TextureFormatAndroid (123)
[2017.11.29-18.52.28:178][961]LogModuleManager: Shutting down and abandoning module AudioFormatOpus (121)
[2017.11.29-18.52.28:178][961]LogModuleManager: Shutting down and abandoning module AudioFormatOgg (119)
[2017.11.29-18.52.28:178][961]LogModuleManager: Shutting down and abandoning module AudioFormatADPCM (117)
[2017.11.29-18.52.28:178][961]LogModuleManager: Shutting down and abandoning module LinuxTargetPlatform (115)
[2017.11.29-18.52.28:178][961]LogModuleManager: Shutting down and abandoning module LinuxServerTargetPlatform (113)
[2017.11.29-18.52.28:178][961]LogModuleManager: Shutting down and abandoning module LinuxNoEditorTargetPlatform (111)
[2017.11.29-18.52.28:178][961]LogModuleManager: Shutting down and abandoning module LinuxClientTargetPlatform (109)
[2017.11.29-18.52.28:178][961]LogModuleManager: Shutting down and abandoning module TVOSTargetPlatform (107)
[2017.11.29-18.52.28:178][961]LogModuleManager: Shutting down and abandoning module Messaging (105)
[2017.11.29-18.52.28:178][961]LogModuleManager: Shutting down and abandoning module IOSTargetPlatform (103)
[2017.11.29-18.52.28:178][961]LogModuleManager: Shutting down and abandoning module HTML5TargetPlatform (101)
[2017.11.29-18.52.28:178][961]LogModuleManager: Shutting down and abandoning module AndroidTargetPlatform (99)
[2017.11.29-18.52.28:178][961]LogModuleManager: Shutting down and abandoning module Android_PVRTCTargetPlatform (97)
[2017.11.29-18.52.28:178][961]LogModuleManager: Shutting down and abandoning module Android_MultiTargetPlatform (95)
[2017.11.29-18.52.28:178][961]LogModuleManager: Shutting down and abandoning module Android_ETC2TargetPlatform (93)
[2017.11.29-18.52.28:178][961]LogModuleManager: Shutting down and abandoning module Android_ETC1TargetPlatform (91)
[2017.11.29-18.52.28:178][961]LogModuleManager: Shutting down and abandoning module Android_DXTTargetPlatform (89)
[2017.11.29-18.52.28:178][961]LogModuleManager: Shutting down and abandoning module Android_ATCTargetPlatform (87)
[2017.11.29-18.52.28:178][961]LogModuleManager: Shutting down and abandoning module Android_ASTCTargetPlatform (85)
[2017.11.29-18.52.28:178][961]LogModuleManager: Shutting down and abandoning module WindowsTargetPlatform (83)
[2017.11.29-18.52.28:178][961]LogModuleManager: Shutting down and abandoning module WindowsServerTargetPlatform (81)
[2017.11.29-18.52.28:178][961]LogModuleManager: Shutting down and abandoning module WindowsNoEditorTargetPlatform (79)
[2017.11.29-18.52.28:178][961]LogModuleManager: Shutting down and abandoning module WindowsClientTargetPlatform (77)
[2017.11.29-18.52.28:178][961]LogModuleManager: Shutting down and abandoning module MacTargetPlatform (75)
[2017.11.29-18.52.28:178][961]LogModuleManager: Shutting down and abandoning module MacServerTargetPlatform (73)
[2017.11.29-18.52.28:178][961]LogModuleManager: Shutting down and abandoning module MacNoEditorTargetPlatform (71)
[2017.11.29-18.52.28:178][961]LogModuleManager: Shutting down and abandoning module MacClientTargetPlatform (69)
[2017.11.29-18.52.28:178][961]LogModuleManager: Shutting down and abandoning module AllDesktopTargetPlatform (67)
[2017.11.29-18.52.28:178][961]LogModuleManager: Shutting down and abandoning module InputCore (64)
[2017.11.29-18.52.28:178][961]LogModuleManager: Shutting down and abandoning module Settings (62)
[2017.11.29-18.52.28:178][961]LogModuleManager: Shutting down and abandoning module PhysXCooking (60)
[2017.11.29-18.52.28:178][961]LogModuleManager: Shutting down and abandoning module SteamVR (58)
[2017.11.29-18.52.28:178][961]LogModuleManager: Shutting down and abandoning module OculusHMD (56)
[2017.11.29-18.52.28:178][961]LogModuleManager: Shutting down and abandoning module ExampleDeviceProfileSelector (54)
[2017.11.29-18.52.28:178][961]LogModuleManager: Shutting down and abandoning module AppleARKit (52)
[2017.11.29-18.52.28:178][961]LogModuleManager: Shutting down and abandoning module AugmentedReality (51)
[2017.11.29-18.52.28:178][961]LogModuleManager: Shutting down and abandoning module OnlineBlueprintSupport (48)
[2017.11.29-18.52.28:178][961]LogModuleManager: Shutting down and abandoning module OnlineSubsystem (44)
[2017.11.29-18.52.28:178][961]LogModuleManager: Shutting down and abandoning module XMPP (43)
[2017.11.29-18.52.28:178][961]LogModuleManager: Shutting down and abandoning module HTTP (41)
[2017.11.29-18.52.28:178][961]LogHttp: Display: Http module shutting down, but needs to wait on 1 outstanding Http requests:
[2017.11.29-18.52.28:182][961]LogHttp: Display: 	verb=[POST] url=[https://datarouter.ol.epicgames.com/datarouter/api/v1/public/data?SessionID=%7B3C77871A-4D5C-883B-5B32-0AAA3DCA2021%7D&AppID=UEEditor.Rocket.Release&AppVersion=4.18.1-3754814%2B%2B%2BUE4%2BRelease-4.18&UserID=03e8bdb8451ae1a2bfa21a835b27be6c%7C66378b60a1544484a05fd668c8c94c9e%7C5de9c7e4-8408-4534-84b6-8219c85b1561&AppEnvironment=datacollector-binary&UploadType=eteventstream] status=Processing
[2017.11.29-18.52.28:203][961]LogModuleManager: Shutting down and abandoning module SSL (40)
[2017.11.29-18.52.28:204][961]LogModuleManager: Shutting down and abandoning module AnimationModifiers (36)
[2017.11.29-18.52.28:204][961]LogModuleManager: Shutting down and abandoning module PropertyEditor (35)
[2017.11.29-18.52.28:204][961]LogModuleManager: Shutting down and abandoning module AudioEditor (32)
[2017.11.29-18.52.28:204][961]LogModuleManager: Shutting down and abandoning module TextureCompressor (30)
[2017.11.29-18.52.28:231][961]LogModuleManager: Shutting down and abandoning module ShaderCore (28)
[2017.11.29-18.52.28:231][961]LogModuleManager: Shutting down and abandoning module Landscape (26)
[2017.11.29-18.52.28:231][961]LogModuleManager: Shutting down and abandoning module SlateRHIRenderer (24)
[2017.11.29-18.52.28:264][961]LogModuleManager: Shutting down and abandoning module OpenGLDrv (22)
[2017.11.29-18.52.28:277][961]LogModuleManager: Shutting down and abandoning module D3D11RHI (20)
[2017.11.29-18.52.28:277][961]LogModuleManager: Shutting down and abandoning module AnimGraphRuntime (18)
[2017.11.29-18.52.28:277][961]LogModuleManager: Shutting down and abandoning module Renderer (16)
[2017.11.29-18.52.28:277][961]LogModuleManager: Shutting down and abandoning module Engine (14)
[2017.11.29-18.52.28:285][961]LogModuleManager: Shutting down and abandoning module CoreUObject (12)
[2017.11.29-18.52.28:285][961]LogModuleManager: Shutting down and abandoning module NetworkFile (10)
[2017.11.29-18.52.28:285][961]LogModuleManager: Shutting down and abandoning module CookedIterativeFile (8)
[2017.11.29-18.52.28:285][961]LogModuleManager: Shutting down and abandoning module StreamingFile (6)
[2017.11.29-18.52.28:285][961]LogModuleManager: Shutting down and abandoning module SandboxFile (4)
[2017.11.29-18.52.28:285][961]LogModuleManager: Shutting down and abandoning module PakFile (2)
[2017.11.29-18.52.28:289][961]LogExit: Exiting.
[2017.11.29-18.52.28:309][961]Log file closed, 11/29/17 13:52:28
