Log file open, 11/29/17 11:24:27
LogWindows: Failed to load 'aqProf.dll' (GetLastError=126)
LogWindows: File 'aqProf.dll' does not exist
LogWindows: Failed to load 'VSPerf140.dll' (GetLastError=126)
LogWindows: File 'VSPerf140.dll' does not exist
LogWindows: Failed to load 'VtuneApi.dll' (GetLastError=126)
LogWindows: File 'VtuneApi.dll' does not exist
LogWindows: Failed to load 'VtuneApi32e.dll' (GetLastError=126)
LogWindows: File 'VtuneApi32e.dll' does not exist
LogInit: Display: Running engine for game: SwordGen
LogPlatformFile: Not using cached read wrapper
LogInit: Display: RandInit(1882913518) SRandInit(1882913518).
LogInit: Read version file with build ID '3709383'
LogInit: Overriding engine version to CL 3754814, compatible CL 3709383
LogInit: Registered custom module enumerator with build ID '3709383'
LogTaskGraph: Started task graph with 5 named threads and 14 total threads with 3 sets of task threads.
LogStats: Stats thread started at 0.612322
LogD3D11RHI: Aftermath initialized
LogModuleManager: Display: Found up-to-date module file ../../../Engine/Plugins/2D/Paper2D/Binaries/Win64/UE4Editor-Paper2D.dll (API version 3709383).
LogModuleManager: Display: Found up-to-date module file ../../../Engine/Plugins/2D/Paper2D/Binaries/Win64/UE4Editor-Paper2DEditor.dll (API version 3709383).
LogModuleManager: Display: Found up-to-date module file ../../../Engine/Plugins/2D/Paper2D/Binaries/Win64/UE4Editor-PaperSpriteSheetImporter.dll (API version 3709383).
LogModuleManager: Display: Found up-to-date module file ../../../Engine/Plugins/2D/Paper2D/Binaries/Win64/UE4Editor-PaperTiledImporter.dll (API version 3709383).
LogModuleManager: Display: Found up-to-date module file ../../../Engine/Plugins/2D/Paper2D/Binaries/Win64/UE4Editor-SmartSnapping.dll (API version 3709383).
LogModuleManager: Display: Found up-to-date module file ../../../Engine/Plugins/Blendables/LightPropagationVolume/Binaries/Win64/UE4Editor-LightPropagationVolumeRuntime.dll (API version 3709383).
LogModuleManager: Display: Found up-to-date module file ../../../Engine/Plugins/Blendables/LightPropagationVolume/Binaries/Win64/UE4Editor-LightPropagationVolumeEditor.dll (API version 3709383).
LogModuleManager: Display: Found up-to-date module file ../../../Engine/Plugins/Developer/GitSourceControl/Binaries/Win64/UE4Editor-GitSourceControl.dll (API version 3709383).
LogModuleManager: Display: Found up-to-date module file ../../../Engine/Plugins/Developer/PerforceSourceControl/Binaries/Win64/UE4Editor-PerforceSourceControl.dll (API version 3709383).
LogModuleManager: Display: Found up-to-date module file ../../../Engine/Plugins/Developer/SubversionSourceControl/Binaries/Win64/UE4Editor-SubversionSourceControl.dll (API version 3709383).
LogModuleManager: Display: Found up-to-date module file ../../../Engine/Plugins/Developer/UObjectPlugin/Binaries/Win64/UE4Editor-UObjectPlugin.dll (API version 3709383).
LogModuleManager: Display: Found up-to-date module file ../../../Engine/Plugins/Developer/VisualStudioCodeSourceCodeAccess/Binaries/Win64/UE4Editor-VisualStudioCodeSourceCodeAccess.dll (API version 3709383).
LogModuleManager: Display: Found up-to-date module file ../../../Engine/Plugins/Developer/VisualStudioSourceCodeAccess/Binaries/Win64/UE4Editor-VisualStudioSourceCodeAccess.dll (API version 3709383).
LogModuleManager: Display: Found up-to-date module file ../../../Engine/Plugins/Editor/AssetManagerEditor/Binaries/Win64/UE4Editor-AssetManagerEditor.dll (API version 3709383).
LogModuleManager: Display: Found up-to-date module file ../../../Engine/Plugins/Editor/AudioCapture/Binaries/Win64/UE4Editor-AudioCapture.dll (API version 3709383).
LogModuleManager: Display: Found up-to-date module file ../../../Engine/Plugins/Editor/FacialAnimation/Binaries/Win64/UE4Editor-FacialAnimation.dll (API version 3709383).
LogModuleManager: Display: Found up-to-date module file ../../../Engine/Plugins/Editor/FacialAnimation/Binaries/Win64/UE4Editor-FacialAnimationEditor.dll (API version 3709383).
LogModuleManager: Display: Found up-to-date module file ../../../Engine/Plugins/Editor/GameplayTagsEditor/Binaries/Win64/UE4Editor-GameplayTagsEditor.dll (API version 3709383).
LogModuleManager: Display: Found up-to-date module file ../../../Engine/Plugins/Editor/MobileLauncherProfileWizard/Binaries/Win64/UE4Editor-MobileLauncherProfileWizard.dll (API version 3709383).
LogModuleManager: Display: Found up-to-date module file ../../../Engine/Plugins/Editor/PluginBrowser/Binaries/Win64/UE4Editor-PluginBrowser.dll (API version 3709383).
LogModuleManager: Display: Found up-to-date module file ../../../Engine/Plugins/Editor/SpeedTreeImporter/Binaries/Win64/UE4Editor-SpeedTreeImporter.dll (API version 3709383).
LogModuleManager: Display: Found up-to-date module file ../../../Engine/Plugins/Experimental/AlembicImporter/Binaries/Win64/UE4Editor-AlembicImporter.dll (API version 3709383).
LogModuleManager: Display: Found up-to-date module file ../../../Engine/Plugins/Experimental/AlembicImporter/Binaries/Win64/UE4Editor-AlembicLibrary.dll (API version 3709383).
LogModuleManager: Display: Found up-to-date module file ../../../Engine/Plugins/Experimental/CharacterAI/Binaries/Win64/UE4Editor-CharacterAI.dll (API version 3709383).
LogModuleManager: Display: Found up-to-date module file ../../../Engine/Plugins/Experimental/HTML5Networking/Binaries/Win64/UE4Editor-HTML5Networking.dll (API version 3709383).
LogModuleManager: Display: Found up-to-date module file ../../../Engine/Plugins/Media/AndroidMedia/Binaries/Win64/UE4Editor-AndroidMediaEditor.dll (API version 3709383).
LogModuleManager: Display: Found up-to-date module file ../../../Engine/Plugins/Media/AndroidMedia/Binaries/Win64/UE4Editor-AndroidMediaFactory.dll (API version 3709383).
LogModuleManager: Display: Found up-to-date module file ../../../Engine/Plugins/Media/AvfMedia/Binaries/Win64/UE4Editor-AvfMediaEditor.dll (API version 3709383).
LogModuleManager: Display: Found up-to-date module file ../../../Engine/Plugins/Media/AvfMedia/Binaries/Win64/UE4Editor-AvfMediaFactory.dll (API version 3709383).
LogModuleManager: Display: Found up-to-date module file ../../../Engine/Plugins/Media/AvfMedia/Binaries/Win64/UE4Editor-AvfMediaFactory.dll (API version 3709383).
LogModuleManager: Display: Found up-to-date module file ../../../Engine/Plugins/Media/ImgMedia/Binaries/Win64/UE4Editor-ImgMedia.dll (API version 3709383).
LogModuleManager: Display: Found up-to-date module file ../../../Engine/Plugins/Media/ImgMedia/Binaries/Win64/UE4Editor-ImgMediaEditor.dll (API version 3709383).
LogModuleManager: Display: Found up-to-date module file ../../../Engine/Plugins/Media/ImgMedia/Binaries/Win64/UE4Editor-ImgMediaFactory.dll (API version 3709383).
LogModuleManager: Display: Found up-to-date module file ../../../Engine/Plugins/Media/ImgMedia/Binaries/Win64/UE4Editor-ImgMediaFactory.dll (API version 3709383).
LogModuleManager: Display: Found up-to-date module file ../../../Engine/Plugins/Media/ImgMedia/Binaries/Win64/UE4Editor-OpenExrWrapper.dll (API version 3709383).
LogModuleManager: Display: Found up-to-date module file ../../../Engine/Plugins/Media/MediaCompositing/Binaries/Win64/UE4Editor-MediaCompositing.dll (API version 3709383).
LogModuleManager: Display: Found up-to-date module file ../../../Engine/Plugins/Media/MediaCompositing/Binaries/Win64/UE4Editor-MediaCompositingEditor.dll (API version 3709383).
LogModuleManager: Display: Found up-to-date module file ../../../Engine/Plugins/Media/MediaPlayerEditor/Binaries/Win64/UE4Editor-MediaPlayerEditor.dll (API version 3709383).
LogModuleManager: Display: Found up-to-date module file ../../../Engine/Plugins/Media/WmfMedia/Binaries/Win64/UE4Editor-WmfMedia.dll (API version 3709383).
LogModuleManager: Display: Found up-to-date module file ../../../Engine/Plugins/Media/WmfMedia/Binaries/Win64/UE4Editor-WmfMediaEditor.dll (API version 3709383).
LogModuleManager: Display: Found up-to-date module file ../../../Engine/Plugins/Media/WmfMedia/Binaries/Win64/UE4Editor-WmfMediaFactory.dll (API version 3709383).
LogModuleManager: Display: Found up-to-date module file ../../../Engine/Plugins/Media/WmfMedia/Binaries/Win64/UE4Editor-WmfMediaFactory.dll (API version 3709383).
LogModuleManager: Display: Found up-to-date module file ../../../Engine/Plugins/Messaging/TcpMessaging/Binaries/Win64/UE4Editor-TcpMessaging.dll (API version 3709383).
LogModuleManager: Display: Found up-to-date module file ../../../Engine/Plugins/Messaging/UdpMessaging/Binaries/Win64/UE4Editor-UdpMessaging.dll (API version 3709383).
LogModuleManager: Display: Found up-to-date module file ../../../Engine/Plugins/MovieScene/ActorSequence/Binaries/Win64/UE4Editor-ActorSequence.dll (API version 3709383).
LogModuleManager: Display: Found up-to-date module file ../../../Engine/Plugins/MovieScene/LevelSequenceEditor/Binaries/Win64/UE4Editor-LevelSequenceEditor.dll (API version 3709383).
LogModuleManager: Display: Found up-to-date module file ../../../Engine/Plugins/MovieScene/MatineeToLevelSequence/Binaries/Win64/UE4Editor-MatineeToLevelSequence.dll (API version 3709383).
LogModuleManager: Display: Found up-to-date module file ../../../Engine/Plugins/Online/OnlineSubsystem/Binaries/Win64/UE4Editor-OnlineSubsystem.dll (API version 3709383).
LogModuleManager: Display: Found up-to-date module file ../../../Engine/Plugins/Runtime/AndroidPermission/Binaries/Win64/UE4Editor-AndroidPermission.dll (API version 3709383).
LogModuleManager: Display: Found up-to-date module file ../../../Engine/Plugins/Online/OnlineSubsystemNull/Binaries/Win64/UE4Editor-OnlineSubsystemNull.dll (API version 3709383).
LogModuleManager: Display: Found up-to-date module file ../../../Engine/Plugins/Online/OnlineSubsystemUtils/Binaries/Win64/UE4Editor-OnlineSubsystemUtils.dll (API version 3709383).
LogModuleManager: Display: Found up-to-date module file ../../../Engine/Plugins/Online/OnlineSubsystemUtils/Binaries/Win64/UE4Editor-OnlineBlueprintSupport.dll (API version 3709383).
LogModuleManager: Display: Found up-to-date module file ../../../Engine/Plugins/Runtime/AndroidDeviceProfileSelector/Binaries/Win64/UE4Editor-AndroidDeviceProfileSelector.dll (API version 3709383).
LogModuleManager: Display: Found up-to-date module file ../../../Engine/Plugins/Runtime/AppleARKit/Binaries/Win64/UE4Editor-AppleARKit.dll (API version 3709383).
LogModuleManager: Display: Found up-to-date module file ../../../Engine/Plugins/Runtime/ArchVisCharacter/Binaries/Win64/UE4Editor-ArchVisCharacter.dll (API version 3709383).
LogModuleManager: Display: Found up-to-date module file ../../../Engine/Plugins/Runtime/CableComponent/Binaries/Win64/UE4Editor-CableComponent.dll (API version 3709383).
LogModuleManager: Display: Found up-to-date module file ../../../Engine/Plugins/Runtime/CustomMeshComponent/Binaries/Win64/UE4Editor-CustomMeshComponent.dll (API version 3709383).
LogModuleManager: Display: Found up-to-date module file ../../../Engine/Plugins/Runtime/ExampleDeviceProfileSelector/Binaries/Win64/UE4Editor-ExampleDeviceProfileSelector.dll (API version 3709383).
LogModuleManager: Display: Found up-to-date module file ../../../Engine/Plugins/Runtime/ImmediatePhysics/Binaries/Win64/UE4Editor-ImmediatePhysics.dll (API version 3709383).
LogModuleManager: Display: Found up-to-date module file ../../../Engine/Plugins/Runtime/ImmediatePhysics/Binaries/Win64/UE4Editor-ImmediatePhysicsEditor.dll (API version 3709383).
LogModuleManager: Display: Found up-to-date module file ../../../Engine/Plugins/Runtime/LocationServicesBPLibrary/Binaries/Win64/UE4Editor-LocationServicesBPLibrary.dll (API version 3709383).
LogModuleManager: Display: Found up-to-date module file ../../../Engine/Plugins/Runtime/MobilePatchingUtils/Binaries/Win64/UE4Editor-MobilePatchingUtils.dll (API version 3709383).
LogModuleManager: Display: Found up-to-date module file ../../../Engine/Plugins/Runtime/Oculus/OculusVR/Binaries/Win64/UE4Editor-OculusHMD.dll (API version 3709383).
LogModuleManager: Display: Found up-to-date module file ../../../Engine/Plugins/Runtime/Oculus/OculusVR/Binaries/Win64/UE4Editor-OculusInput.dll (API version 3709383).
LogModuleManager: Display: Found up-to-date module file ../../../Engine/Plugins/Runtime/Oculus/OculusVR/Binaries/Win64/UE4Editor-OculusEditor.dll (API version 3709383).
LogModuleManager: Display: Found up-to-date module file ../../../Engine/Plugins/Runtime/PhysXVehicles/Binaries/Win64/UE4Editor-PhysXVehicles.dll (API version 3709383).
LogModuleManager: Display: Found up-to-date module file ../../../Engine/Plugins/Runtime/PhysXVehicles/Binaries/Win64/UE4Editor-PhysXVehiclesEditor.dll (API version 3709383).
LogModuleManager: Display: Found up-to-date module file ../../../Engine/Plugins/Runtime/ProceduralMeshComponent/Binaries/Win64/UE4Editor-ProceduralMeshComponent.dll (API version 3709383).
LogModuleManager: Display: Found up-to-date module file ../../../Engine/Plugins/Runtime/ProceduralMeshComponent/Binaries/Win64/UE4Editor-ProceduralMeshComponentEditor.dll (API version 3709383).
LogModuleManager: Display: Found up-to-date module file ../../../Engine/Plugins/Runtime/RuntimePhysXCooking/Binaries/Win64/UE4Editor-RuntimePhysXCooking.dll (API version 3709383).
LogModuleManager: Display: Found up-to-date module file ../../../Engine/Plugins/Runtime/Steam/SteamVR/Binaries/Win64/UE4Editor-SteamVR.dll (API version 3709383).
LogModuleManager: Display: Found up-to-date module file ../../../Engine/Plugins/Runtime/Steam/SteamVR/Binaries/Win64/UE4Editor-SteamVRController.dll (API version 3709383).
LogModuleManager: Display: Found up-to-date module file ../../../Engine/Plugins/Runtime/WindowsMoviePlayer/Binaries/Win64/UE4Editor-WindowsMoviePlayer.dll (API version 3709383).
LogPluginManager: Mounting plugin Paper2D
LogPluginManager: Mounting plugin LightPropagationVolume
LogPluginManager: Mounting plugin CodeLiteSourceCodeAccess
LogPluginManager: Mounting plugin GitSourceControl
LogPluginManager: Mounting plugin KDevelopSourceCodeAccess
LogPluginManager: Mounting plugin NullSourceCodeAccess
LogPluginManager: Mounting plugin PerforceSourceControl
LogPluginManager: Mounting plugin SubversionSourceControl
LogPluginManager: Mounting plugin UObjectPlugin
LogPluginManager: Mounting plugin VisualStudioCodeSourceCodeAccess
LogPluginManager: Mounting plugin VisualStudioSourceCodeAccess
LogPluginManager: Mounting plugin XCodeSourceCodeAccess
LogPluginManager: Mounting plugin AssetManagerEditor
LogPluginManager: Mounting plugin AudioCapture
LogPluginManager: Mounting plugin FacialAnimation
LogPluginManager: Mounting plugin GameplayTagsEditor
LogPluginManager: Mounting plugin MobileLauncherProfileWizard
LogPluginManager: Mounting plugin PluginBrowser
LogPluginManager: Mounting plugin SpeedTreeImporter
LogPluginManager: Mounting plugin AlembicImporter
LogPluginManager: Mounting plugin CharacterAI
LogPluginManager: Mounting plugin HTML5Networking
LogPluginManager: Mounting plugin AndroidMedia
LogPluginManager: Mounting plugin AvfMedia
LogPluginManager: Mounting plugin ImgMedia
LogPluginManager: Mounting plugin MediaCompositing
LogPluginManager: Mounting plugin MediaPlayerEditor
LogPluginManager: Mounting plugin WmfMedia
LogPluginManager: Mounting plugin TcpMessaging
LogPluginManager: Mounting plugin UdpMessaging
LogPluginManager: Mounting plugin ActorSequence
LogPluginManager: Mounting plugin LevelSequenceEditor
LogPluginManager: Mounting plugin MatineeToLevelSequence
LogPluginManager: Mounting plugin OnlineSubsystemGooglePlay
LogPluginManager: Mounting plugin OnlineSubsystemIOS
LogPluginManager: Mounting plugin OnlineSubsystem
LogPluginManager: Mounting plugin OnlineSubsystemNull
LogPluginManager: Mounting plugin OnlineSubsystemUtils
LogPluginManager: Mounting plugin AndroidDeviceProfileSelector
LogPluginManager: Mounting plugin AndroidMoviePlayer
LogPluginManager: Mounting plugin AndroidPermission
LogPluginManager: Mounting plugin AppleARKit
LogPluginManager: Mounting plugin AppleMoviePlayer
LogPluginManager: Mounting plugin ArchVisCharacter
LogPluginManager: Mounting plugin CableComponent
LogPluginManager: Mounting plugin CustomMeshComponent
LogPluginManager: Mounting plugin ExampleDeviceProfileSelector
LogPluginManager: Mounting plugin GoogleCloudMessaging
LogPluginManager: Mounting plugin ImmediatePhysics
LogPluginManager: Mounting plugin IOSDeviceProfileSelector
LogPluginManager: Mounting plugin LinuxDeviceProfileSelector
LogPluginManager: Mounting plugin LocationServicesBPLibrary
LogPluginManager: Mounting plugin MobilePatchingUtils
LogPluginManager: Mounting plugin OculusVR
LogPluginManager: Plugin shader directory ../../../Engine/Plugins/Runtime/Oculus/OculusVR/Shaders found
LogPluginManager: Mapping shader source directory ../../../Engine/Plugins/Runtime/Oculus/OculusVR/Shaders to virtual directory /Plugin/OculusVR
LogPluginManager: Mounting plugin PhysXVehicles
LogPluginManager: Mounting plugin ProceduralMeshComponent
LogPluginManager: Mounting plugin RuntimePhysXCooking
LogPluginManager: Mounting plugin SteamVR
LogPluginManager: Mounting plugin WindowsMoviePlayer
LogInit: Using libcurl 7.47.1
LogInit:  - built for x86_64-pc-win32
LogInit:  - supports SSL with OpenSSL/1.0.2g
LogInit:  - supports HTTP deflate (compression) using libz 1.2.8
LogInit:  - other features:
LogInit:      CURL_VERSION_SSL
LogInit:      CURL_VERSION_LIBZ
LogInit:      CURL_VERSION_IPV6
LogInit:      CURL_VERSION_ASYNCHDNS
LogInit:      CURL_VERSION_LARGEFILE
LogInit:      CURL_VERSION_IDN
LogInit:  CurlRequestOptions (configurable via config and command line):
LogInit:  - bVerifyPeer = false  - Libcurl will NOT verify peer certificate
LogInit:  - bUseHttpProxy = false  - Libcurl will NOT use HTTP proxy
LogInit:  - bDontReuseConnections = false  - Libcurl will reuse connections
LogInit:  - CertBundlePath = nullptr  - Libcurl will use whatever was configured at build time.
LogInit: Build: ++UE4+Release-4.18-CL-3754814
LogInit: Engine Version: 4.18.1-3754814+++UE4+Release-4.18
LogInit: Compatible Engine Version: 4.18.0-3709383+++UE4+Release-4.18
LogInit: Net CL: 3709383
LogDevObjectVersion: Number of dev versions registered: 16
LogDevObjectVersion:   Dev-Blueprints (B0D832E4-1F89-4F0D-ACCF-7EB736FD4AA2): 10
LogDevObjectVersion:   Dev-Build (E1C64328-A22C-4D53-A36C-8E866417BD8C): 0
LogDevObjectVersion:   Dev-Core (375EC13C-06E4-48FB-B500-84F0262A717E): 2
LogDevObjectVersion:   Dev-Editor (E4B068ED-F494-42E9-A231-DA0B2E46BB41): 20
LogDevObjectVersion:   Dev-Framework (CFFC743F-43B0-4480-9391-14DF171D2073): 30
LogDevObjectVersion:   Dev-Mobile (B02B49B5-BB20-44E9-A304-32B752E40360): 0
LogDevObjectVersion:   Dev-Networking (A4E4105C-59A1-49B5-A7C5-40C4547EDFEE): 0
LogDevObjectVersion:   Dev-Online (39C831C9-5AE6-47DC-9A44-9C173E1C8E7C): 0
LogDevObjectVersion:   Dev-Physics (78F01B33-EBEA-4F98-B9B4-84EACCB95AA2): 0
LogDevObjectVersion:   Dev-Platform (6631380F-2D4D-43E0-8009-CF276956A95A): 0
LogDevObjectVersion:   Dev-Rendering (12F88B9F-8875-4AFC-A67C-D90C383ABD29): 20
LogDevObjectVersion:   Dev-Sequencer (7B5AE74C-D270-4C10-A958-57980B212A5A): 4
LogDevObjectVersion:   Dev-VR (D7296918-1DD6-4BDD-9DE2-64A83CC13884): 0
LogDevObjectVersion:   Dev-LoadTimes (C2A15278-BFE7-4AFE-6C17-90FF531DF755): 1
LogDevObjectVersion:   Private-Geometry (6EACA3D4-40EC-4CC1-B786-8BED09428FC5): 1
LogDevObjectVersion:   Dev-AnimPhys (29E575DD-E0A3-4627-9D10-D276232CDCEA): 12
LogInit: Compiled (64-bit): Nov 14 2017 02:05:55
LogInit: Compiled with Visual C++: 19.00.24215.01
LogInit: Build Configuration: Development
LogInit: Branch Name: ++UE4+Release-4.18
LogInit: Command line:  
LogInit: Base directory: C:/Program Files/Epic Games/UE_4.18/Engine/Binaries/Win64/
LogInit: Installed Engine Build: 1
LogInit: Presizing for max 8388607 objects, including 0 objects not considered by GC, pre-allocating 0 bytes for permanent pool.
LogInit: Object subsystem initialized
[2017.11.29-16.24.30:401][  0]LogInit: Selected Device Profile: [Windows]
[2017.11.29-16.24.30:401][  0]LogInit: Applying CVar settings loaded from the selected device profile: [Windows]
[2017.11.29-16.24.30:465][  0]LogInit: Computer: UOSL17-12TJHC2
[2017.11.29-16.24.30:466][  0]LogInit: User: 100555259
[2017.11.29-16.24.30:466][  0]LogInit: CPU Page size=4096, Cores=4
[2017.11.29-16.24.30:466][  0]LogInit: High frequency timer resolution =2.531247 MHz
[2017.11.29-16.24.30:466][  0]LogMemory: Memory total: Physical=7.7GB (8GB approx)
[2017.11.29-16.24.30:466][  0]LogMemory: Platform Memory Stats for Windows
[2017.11.29-16.24.30:466][  0]LogMemory: Process Physical Memory: 272.24 MB used, 272.24 MB peak
[2017.11.29-16.24.30:466][  0]LogMemory: Process Virtual Memory: 263.68 MB used, 263.68 MB peak
[2017.11.29-16.24.30:466][  0]LogMemory: Physical Memory: 5462.38 MB used,  2391.91 MB free, 7854.29 MB total
[2017.11.29-16.24.30:466][  0]LogMemory: Virtual Memory: 638.06 MB used,  2391.91 MB free, 134217728.00 MB total
[2017.11.29-16.24.30:871][  0]LogInit: Using OS detected language (en-US).
[2017.11.29-16.24.30:871][  0]LogInit: Using OS detected locale (en-US).
[2017.11.29-16.24.30:879][  0]LogTextLocalizationManager: No specific localization for 'en-US' exists, so the 'en' localization will be used.
[2017.11.29-16.24.37:929][  0]LogD3D11RHI: D3D11 adapters:
[2017.11.29-16.24.37:937][  0]LogD3D11RHI:    0. 'Intel(R) HD Graphics 530' (Feature Level 11_0)
[2017.11.29-16.24.37:937][  0]LogD3D11RHI:       128/0/3927 MB DedicatedVideo/DedicatedSystem/SharedSystem, Outputs:1, VendorId:0x8086
[2017.11.29-16.24.37:997][  0]LogD3D11RHI:    1. 'AMD Radeon (TM) R9 M360' (Feature Level 11_0)
[2017.11.29-16.24.37:997][  0]LogD3D11RHI:       2028/0/3927 MB DedicatedVideo/DedicatedSystem/SharedSystem, Outputs:0, VendorId:0x1002
[2017.11.29-16.24.38:022][  0]LogD3D11RHI:    2. 'Microsoft Basic Render Driver' (Feature Level 11_0)
[2017.11.29-16.24.38:022][  0]LogD3D11RHI:       0/0/3927 MB DedicatedVideo/DedicatedSystem/SharedSystem, Outputs:0, VendorId:0x1414
[2017.11.29-16.24.38:022][  0]LogD3D11RHI: Chosen D3D11 Adapter: 1
[2017.11.29-16.24.38:029][  0]LogD3D11RHI: Creating new Direct3DDevice
[2017.11.29-16.24.38:030][  0]LogD3D11RHI:     GPU DeviceId: 0x682b (for the marketing name, search the web for "GPU Device Id")
[2017.11.29-16.24.38:030][  0]LogWindows: EnumDisplayDevices:
[2017.11.29-16.24.38:030][  0]LogWindows:    0. 'Intel(R) HD Graphics 530' (P:1 D:1)
[2017.11.29-16.24.38:030][  0]LogWindows:    1. 'Intel(R) HD Graphics 530' (P:0 D:0)
[2017.11.29-16.24.38:030][  0]LogWindows:    2. 'Intel(R) HD Graphics 530' (P:0 D:0)
[2017.11.29-16.24.38:030][  0]LogWindows:    3. 'AMD Radeon (TM) R9 M360' (P:0 D:0)
[2017.11.29-16.24.38:030][  0]LogWindows:    4. 'LANDesk Remote Control Mirror Driver' (P:0 D:0)
[2017.11.29-16.24.38:030][  0]LogWindows: DebugString: PrimaryIsNotTheChoosenAdapter PrimaryIsNotTheChoosenAdapter PrimaryIsNotTheChoosenAdapter GetVideoDriverDetailsInvalid PrimaryIsNotTheChoosenAdapter 
[2017.11.29-16.24.38:030][  0]LogD3D11RHI:     Adapter Name: AMD Radeon (TM) R9 M360
[2017.11.29-16.24.38:030][  0]LogD3D11RHI:   Driver Version: Crimson ReLive 17.7.2 (internal:22.19.662.4, unified:22.19.662.4)
[2017.11.29-16.24.38:030][  0]LogD3D11RHI:      Driver Date: 7-20-2017
[2017.11.29-16.24.38:030][  0]LogRHI: Texture pool is 1419 MB (70% of 2028 MB)
[2017.11.29-16.24.38:049][  0]LogD3D11RHI: Async texture creation enabled
[2017.11.29-16.24.38:061][  0]LogD3D11RHI: GPU Timing Frequency: 27.000000 (Debug: 2 1)
[2017.11.29-16.24.38:061][  0]LogShaderCompilers: Guid format shader working directory is -17 characters bigger than the processId version (../../../../../../Users/100555259/Documents/TowerScape/UE4SwordGen/Intermediate/Shaders/WorkingDirectory/18752/).
[2017.11.29-16.24.38:061][  0]LogShaderCompilers: Cleaned the shader compiler working directory 'C:/Users/100555259/AppData/Local/Temp/UnrealShaderWorkingDir/EE86786545CCCF0C199A8EAB211D61C8/'.
[2017.11.29-16.24.38:062][  0]LogShaderCompilers: Display: Using Local Shader Compiler.
[2017.11.29-16.24.43:140][  0]LogTemp: Display: Loaded TP AllDesktopTargetPlatform
[2017.11.29-16.24.43:199][  0]LogTemp: Display: Loaded TP MacClientTargetPlatform
[2017.11.29-16.24.43:253][  0]LogTemp: Display: Loaded TP MacNoEditorTargetPlatform
[2017.11.29-16.24.43:308][  0]LogTemp: Display: Loaded TP MacServerTargetPlatform
[2017.11.29-16.24.43:378][  0]LogTemp: Display: Loaded TP MacTargetPlatform
[2017.11.29-16.24.43:468][  0]LogTemp: Display: Loaded TP WindowsClientTargetPlatform
[2017.11.29-16.24.43:533][  0]LogTemp: Display: Loaded TP WindowsNoEditorTargetPlatform
[2017.11.29-16.24.43:595][  0]LogTemp: Display: Loaded TP WindowsServerTargetPlatform
[2017.11.29-16.24.43:650][  0]LogTemp: Display: Loaded TP WindowsTargetPlatform
[2017.11.29-16.24.43:719][  0]LogTemp: Display: Loaded TP Android_ASTCTargetPlatform
[2017.11.29-16.24.43:785][  0]LogTemp: Display: Loaded TP Android_ATCTargetPlatform
[2017.11.29-16.24.43:877][  0]LogTemp: Display: Loaded TP Android_DXTTargetPlatform
[2017.11.29-16.24.43:968][  0]LogTemp: Display: Loaded TP Android_ETC1TargetPlatform
[2017.11.29-16.24.44:033][  0]LogTemp: Display: Loaded TP Android_ETC2TargetPlatform
[2017.11.29-16.24.44:177][  0]LogTemp: Display: Loaded TP Android_MultiTargetPlatform
[2017.11.29-16.24.44:177][  0]LogTemp: Display: Loaded TP Android_PVRTCTargetPlatform
[2017.11.29-16.24.44:288][  0]LogTemp: Display: Loaded TP AndroidTargetPlatform
[2017.11.29-16.24.44:385][  0]LogTemp: Display: Loaded TP HTML5TargetPlatform
[2017.11.29-16.24.44:559][  0]LogTemp: Display: Loaded TP IOSTargetPlatform
[2017.11.29-16.24.44:591][  0]LogTemp: Display: Loaded TP TVOSTargetPlatform
[2017.11.29-16.24.44:661][  0]LogTemp: Display: Loaded TP LinuxClientTargetPlatform
[2017.11.29-16.24.44:721][  0]LogTemp: Display: Loaded TP LinuxNoEditorTargetPlatform
[2017.11.29-16.24.44:793][  0]LogTemp: Display: Loaded TP LinuxServerTargetPlatform
[2017.11.29-16.24.44:890][  0]LogTemp: Display: Loaded TP LinuxTargetPlatform
[2017.11.29-16.24.44:890][  0]LogTargetPlatformManager: Display: Building Assets For Windows
[2017.11.29-16.24.45:815][  0]LogDerivedDataCache: Display: Max Cache Size: 512 MB
[2017.11.29-16.24.46:675][  0]LogDerivedDataCache: Loaded boot cache 0.86s 78MB C:/Users/100555259/AppData/Local/UnrealEngine/4.18/DerivedDataCache/Boot.ddc.
[2017.11.29-16.24.46:675][  0]LogDerivedDataCache: Display: Loaded Boot cache: C:/Users/100555259/AppData/Local/UnrealEngine/4.18/DerivedDataCache/Boot.ddc
[2017.11.29-16.24.46:675][  0]LogDerivedDataCache: FDerivedDataBackendGraph:  Pak pak cache file ../../../../../../Users/100555259/Documents/TowerScape/UE4SwordGen/DerivedDataCache/DDC.ddp not found, will not use a pak cache.
[2017.11.29-16.24.46:675][  0]LogDerivedDataCache: Unable to find inner node Pak for hierarchical cache Hierarchy.
[2017.11.29-16.24.46:676][  0]LogDerivedDataCache: FDerivedDataBackendGraph:  CompressedPak pak cache file ../../../../../../Users/100555259/Documents/TowerScape/UE4SwordGen/DerivedDataCache/Compressed.ddp not found, will not use a pak cache.
[2017.11.29-16.24.46:676][  0]LogDerivedDataCache: Unable to find inner node CompressedPak for hierarchical cache Hierarchy.
[2017.11.29-16.24.46:710][  0]LogDerivedDataCache: Display: Pak cache opened for reading ../../../Engine/DerivedDataCache/Compressed.ddp.
[2017.11.29-16.24.46:722][  0]LogDerivedDataCache: Using Local data cache path C:/Users/100555259/AppData/Local/UnrealEngine/Common/DerivedDataCache: Writable
[2017.11.29-16.24.46:735][  0]LogMaterial: Verifying Global Shaders for PCD3D_SM5
[2017.11.29-16.24.46:735][  0]LogSlate: Using Freetype 2.6.0
[2017.11.29-16.24.46:736][  0]LogSlate: SlateFontCache - WITH_FREETYPE: 1, WITH_HARFBUZZ: 1
[2017.11.29-16.24.46:736][  0]LogSlate: SlateFontCache - WITH_FREETYPE: 1, WITH_HARFBUZZ: 1
[2017.11.29-16.24.49:503][  0]LogInit: Selected Device Profile: [Windows]
[2017.11.29-16.24.50:128][  0]LogSimplygon: Simplygon DLL not present - disabling.
[2017.11.29-16.24.50:173][  0]LogMeshReduction: Using SimplygonSwarm for distributed automatic mesh merging
[2017.11.29-16.24.50:173][  0]LogMeshReduction: Using QuadricMeshReduction for automatic static mesh reduction
[2017.11.29-16.24.50:173][  0]LogMeshReduction: No automatic skeletal mesh reduction module available
[2017.11.29-16.24.50:173][  0]LogMeshReduction: No automatic mesh merging module available
[2017.11.29-16.24.50:173][  0]LogMeshMerging: No automatic mesh merging module available
[2017.11.29-16.24.50:342][  0]LogNetVersion: SwordGen , NetCL: 3709383, EngineNetVer: 2, GameNetVer: 0 (Checksum: 3122522569)
[2017.11.29-16.24.50:942][  0]LogAssetRegistry: FAssetRegistry took 0.0270 seconds to start up
[2017.11.29-16.24.53:489][  0]LogPackageLocalizationCache: Processed 7 localized package path(s) for 2 prioritized culture(s) in 0.171274 seconds
[2017.11.29-16.24.53:494][  0]LogUObjectArray: 35900 objects as part of root set at end of initial load.
[2017.11.29-16.24.53:494][  0]LogUObjectAllocator: 7372024 out of 0 bytes used by permanent object pool.
[2017.11.29-16.24.53:494][  0]LogUObjectArray: CloseDisregardForGC: 0/0 objects in disregard for GC pool
[2017.11.29-16.24.53:606][  0]LogInit: WinSock: version 1.1 (2.2), MaxSocks=32767, MaxUdp=65467
[2017.11.29-16.25.39:023][  0]LogTcpMessaging: Initializing TcpMessaging bridge
[2017.11.29-16.25.39:107][  0]LogUdpMessaging: Initializing bridge on interface 0.0.0.0:0 to multicast group 230.0.0.1:6666.
[2017.11.29-16.25.40:130][  0]LogMaterial: Uniform references updated for custom material expression Custom.
[2017.11.29-16.25.40:722][  0]SourceControl: Source control is disabled
[2017.11.29-16.25.40:722][  0]SourceControl: Source control is disabled
[2017.11.29-16.25.40:850][  0]SourceControl: Source control is disabled
[2017.11.29-16.25.40:967][  0]SourceControl: Source control is disabled
[2017.11.29-16.25.42:316][  0]LogAndroidPermission: UAndroidPermissionCallbackProxy::GetInstance
[2017.11.29-16.25.42:719][  0]LogOcInput: OculusInput pre-init called
[2017.11.29-16.25.43:159][  0]LogEngine: Initializing Engine...
[2017.11.29-16.25.43:161][  0]LogHMD: Failed to initialize OpenVR with code 110
[2017.11.29-16.25.43:428][  0]LogStats: UGameplayTagsManager::ConstructGameplayTagTree: Construct from data asset -  0.000 s
[2017.11.29-16.25.43:428][  0]LogStats: UGameplayTagsManager::ConstructGameplayTagTree: GameplayTagTreeChangedEvent.Broadcast -  0.000 s
[2017.11.29-16.25.43:596][  0]LogAIModule: Creating AISystem for world Untitled
[2017.11.29-16.25.43:620][  0]LogInit: XAudio2 using 'Speakers / Headphones (Realtek Audio)' : 2 channels at 48 kHz using 32 bits per sample (channel mask 0x3)
[2017.11.29-16.25.43:761][  0]LogInit: FAudioDevice initialized.
[2017.11.29-16.25.43:954][  0]LogDerivedDataCache: Saved boot cache 0.19s 78MB C:/Users/100555259/AppData/Local/UnrealEngine/4.18/DerivedDataCache/Boot.ddc.
[2017.11.29-16.25.43:970][  0]LogInit: Texture streaming: Enabled
[2017.11.29-16.25.44:121][  0]LogEngineSessionManager: EngineSessionManager initialized
[2017.11.29-16.25.44:121][  0]LogEngineSessionManager: EngineSessionManager sent abnormal shutdown report. Type=Crashed, SessionId={1677C939-46A7-0EF0-0B4D-008476672E0A}
[2017.11.29-16.25.44:292][  0]LogInit: Transaction tracking system initialized
[2017.11.29-16.25.44:849][  0]BlueprintLog: New page: Editor Load
[2017.11.29-16.25.46:374][  0]LocalizationService: Localization service is disabled
[2017.11.29-16.25.47:631][  0]LogConsoleResponse: Display: 
[2017.11.29-16.25.49:101][  0]LogCook: Display: Max memory allowance for cook 16384mb min free memory 0mb
[2017.11.29-16.25.49:102][  0]LogCook: Display: Mobile HDR setting 1
[2017.11.29-16.25.49:102][  0]LogGameplayTags: Display: UGameplayTagsManager::DoneAddingNativeTags. DelegateIsBound: 0
[2017.11.29-16.25.49:367][  0]LogFileCache: Scanning file cache for directory 'C:/Users/100555259/Documents/TowerScape/UE4SwordGen/Content/' took 0.09s
[2017.11.29-16.25.51:209][  0]SourceControl: Source control is disabled
[2017.11.29-16.25.51:209][  0]Cmd: MAP LOAD FILE="../../../../../../Users/100555259/Documents/TowerScape/UE4SwordGen/Content/map.umap" TEMPLATE=0 SHOWPROGRESS=1 FEATURELEVEL=3
[2017.11.29-16.25.51:210][  0]LightingResults: New page: Lighting Build
[2017.11.29-16.25.51:256][  0]MapCheck: New page: Map Check
[2017.11.29-16.25.51:256][  0]LightingResults: New page: Lighting Build
[2017.11.29-16.25.51:380][  0]LogTexture: Display: Building textures: ShadowMapTexture2D_2 (BGRA8, 256X64)
[2017.11.29-16.25.51:380][  0]LogTexture: Display: Building textures: LQ_Lightmap_1_1 (DXT1, 256X256)
[2017.11.29-16.25.51:380][  0]LogTexture: Display: Building textures: HQ_Lightmap1_1 (AutoDXT, 256X256)
[2017.11.29-16.25.52:744][  0]LogAIModule: Creating AISystem for world map
[2017.11.29-16.25.52:751][  0]LogEditorServer: Finished looking for orphan Actors (0.000 secs)
[2017.11.29-16.25.52:782][  0]Cmd: MAP CHECKDEP NOCLEARLOG
[2017.11.29-16.25.52:834][  0]MapCheck: Map check complete: 0 Error(s), 0 Warning(s), took 52.633ms to complete.
[2017.11.29-16.25.52:834][  0]LogFileHelpers: Loading map 'map' took 1.627
[2017.11.29-16.25.53:208][  0]LogCollectionManager: Loaded 0 collections in 0.001995 seconds
[2017.11.29-16.25.53:296][  0]LogFileCache: Scanning file cache for directory 'C:/Users/100555259/Documents/TowerScape/UE4SwordGen/Saved/Collections/' took 0.01s
[2017.11.29-16.25.53:296][  0]LogFileCache: Scanning file cache for directory 'C:/Users/100555259/Documents/TowerScape/UE4SwordGen/Content/Developers/100555259/Collections/' took 0.01s
[2017.11.29-16.25.53:296][  0]LogFileCache: Scanning file cache for directory 'C:/Users/100555259/Documents/TowerScape/UE4SwordGen/Content/Collections/' took 0.01s
[2017.11.29-16.25.53:296][  0]LogCollectionManager: Rebuilt the GUID cache for 0 collections in 0.000001 seconds
[2017.11.29-16.25.53:307][  0]LogContentBrowser: Native class hierarchy populated in 0.0103 seconds. Added 2363 classes and 519 folders.
[2017.11.29-16.25.53:382][  0]LogContentBrowser: Native class hierarchy updated for 'WidgetCarousel' in 0.0003 seconds. Added 0 classes and 0 folders.
[2017.11.29-16.25.54:537][  0]LogContentBrowser: Native class hierarchy updated for 'AddContentDialog' in 0.0006 seconds. Added 0 classes and 0 folders.
[2017.11.29-16.25.54:635][  0]LogContentBrowser: Native class hierarchy updated for 'SceneOutliner' in 0.0002 seconds. Added 1 classes and 2 folders.
[2017.11.29-16.25.54:676][  0]LogSlate: Took 0.000222 seconds to synchronously load lazily loaded font '../../../Engine/Content/Slate/Fonts/Roboto-Regular.ttf' (155K)
[2017.11.29-16.25.54:679][  0]LogSlate: Took 0.000386 seconds to synchronously load lazily loaded font '../../../Engine/Content/Slate/Fonts/Roboto-Bold.ttf' (160K)
[2017.11.29-16.25.54:735][  0]LogSlate: Took 0.048544 seconds to synchronously load lazily loaded font '../../../Engine/Content/Editor/Slate/Fonts/FontAwesome.ttf' (139K)
[2017.11.29-16.25.55:007][  0]LogRenderer: Reallocating scene render targets to support 1208x576 Format 10 NumSamples 1 (Frame:1).
[2017.11.29-16.25.55:078][  0]LogSlate: Took 0.020309 seconds to synchronously load lazily loaded font '../../../Engine/Content/Slate/Fonts/Roboto-Light.ttf' (159K)
[2017.11.29-16.25.55:276][  0]LogContentBrowser: Native class hierarchy updated for 'HierarchicalLODOutliner' in 0.0002 seconds. Added 1 classes and 2 folders.
[2017.11.29-16.25.55:276][  0]LogLoad: (Engine Initialization) Total time: 95.42 seconds
[2017.11.29-16.25.55:276][  0]LogLoad: (Engine Initialization) Total Blueprint compile time: 0.00 seconds
[2017.11.29-16.25.55:276][  0]LogExternalProfiler: No external profilers were discovered.  External profiling features will not be available.
[2017.11.29-16.25.55:297][  0]LogWindowsTextInputMethodSystem: Display: IME system now deactivated.
[2017.11.29-16.25.55:336][  0]LogContentStreaming: Texture pool size now 1000 MB
[2017.11.29-16.25.55:387][  1]LogFileCache: Retrieving MD5 hashes for directory 'C:/Users/100555259/Documents/TowerScape/UE4SwordGen/Content/' took 0.08s
[2017.11.29-16.25.55:399][  1]LogAssetRegistry: Asset discovery search completed in 64.4909 seconds
[2017.11.29-16.25.55:402][  1]LogCollectionManager: Rebuilt the object cache for 0 collections in 0.000000 seconds (found 0 objects)
[2017.11.29-16.25.55:402][  1]LogCollectionManager: Fixed up redirectors for 0 collections in 0.000062 seconds (updated 0 objects)
[2017.11.29-16.25.58:382][168]LogSlate: Took 0.000245 seconds to synchronously load lazily loaded font '../../../Engine/Content/Slate/Fonts/Roboto-Light.ttf' (159K)
[2017.11.29-16.26.14:100][ 79]AssetReimport: New page: Outstanding source content changes 6:26:14 AM
[2017.11.29-16.26.14:116][ 80]LogEditorFactories: Performing atomic reimport of [C:/Users/100555259/Documents/TowerScape/UE4SwordGen/Content/Blade_Four.fbx]
[2017.11.29-16.26.14:125][ 80]LogFbx: Loading FBX Scene from C:/Users/100555259/Documents/TowerScape/UE4SwordGen/Content/Blade_Four.fbx
[2017.11.29-16.26.14:133][ 80]LogFbx: FBX Scene Loaded Succesfully
[2017.11.29-16.26.14:149][ 80]LogStaticMesh: Building static mesh Blade_Four...
[2017.11.29-16.26.14:158][ 80]LogStaticMesh: Built static mesh [0.01s] /Game/Blade_Four.Blade_Four
[2017.11.29-16.26.14:164][ 80]LogEditorFactories: -- imported successfully
[2017.11.29-16.26.14:190][ 81]LogEditorFactories: Performing atomic reimport of [C:/Users/100555259/Documents/TowerScape/UE4SwordGen/Content/Blade_One.fbx]
[2017.11.29-16.26.14:198][ 81]LogFbx: Loading FBX Scene from C:/Users/100555259/Documents/TowerScape/UE4SwordGen/Content/Blade_One.fbx
[2017.11.29-16.26.14:208][ 81]LogFbx: FBX Scene Loaded Succesfully
[2017.11.29-16.26.14:216][ 81]LogStaticMesh: Building static mesh Blade_One...
[2017.11.29-16.26.14:219][ 81]LogStaticMesh: Built static mesh [0.00s] /Game/Blade_One.Blade_One
[2017.11.29-16.26.14:226][ 81]LogEditorFactories: -- imported successfully
[2017.11.29-16.26.14:253][ 82]LogEditorFactories: Performing atomic reimport of [C:/Users/100555259/Documents/TowerScape/UE4SwordGen/Content/Blade_Three.fbx]
[2017.11.29-16.26.14:262][ 82]LogFbx: Loading FBX Scene from C:/Users/100555259/Documents/TowerScape/UE4SwordGen/Content/Blade_Three.fbx
[2017.11.29-16.26.14:270][ 82]LogFbx: FBX Scene Loaded Succesfully
[2017.11.29-16.26.14:278][ 82]LogStaticMesh: Building static mesh Blade_Three...
[2017.11.29-16.26.14:279][ 82]LogStaticMesh: Built static mesh [0.00s] /Game/Blade_Three.Blade_Three
[2017.11.29-16.26.14:284][ 82]LogEditorFactories: -- imported successfully
[2017.11.29-16.26.14:306][ 83]LogEditorFactories: Performing atomic reimport of [C:/Users/100555259/Documents/TowerScape/UE4SwordGen/Content/Blade_Two.fbx]
[2017.11.29-16.26.14:314][ 83]LogFbx: Loading FBX Scene from C:/Users/100555259/Documents/TowerScape/UE4SwordGen/Content/Blade_Two.fbx
[2017.11.29-16.26.14:322][ 83]LogFbx: FBX Scene Loaded Succesfully
[2017.11.29-16.26.14:328][ 83]LogStaticMesh: Building static mesh Blade_Two...
[2017.11.29-16.26.14:329][ 83]LogStaticMesh: Built static mesh [0.00s] /Game/Blade_Two.Blade_Two
[2017.11.29-16.26.14:361][ 83]LogEditorFactories: -- imported successfully
[2017.11.29-16.26.14:397][ 84]LogEditorFactories: Performing atomic reimport of [C:/Users/100555259/Documents/TowerScape/UE4SwordGen/Content/Grip_Four.fbx]
[2017.11.29-16.26.14:405][ 84]LogFbx: Loading FBX Scene from C:/Users/100555259/Documents/TowerScape/UE4SwordGen/Content/Grip_Four.fbx
[2017.11.29-16.26.14:412][ 84]LogFbx: FBX Scene Loaded Succesfully
[2017.11.29-16.26.14:429][ 84]LogStaticMesh: Building static mesh Grip_Four...
[2017.11.29-16.26.14:448][ 84]LogStaticMesh: Built static mesh [0.02s] /Game/Grip_Four.Grip_Four
[2017.11.29-16.26.14:453][ 84]LogEditorFactories: -- imported successfully
[2017.11.29-16.26.14:493][ 85]LogEditorFactories: Performing atomic reimport of [C:/Users/100555259/Documents/TowerScape/UE4SwordGen/Content/Grip_Three.fbx]
[2017.11.29-16.26.14:501][ 85]LogFbx: Loading FBX Scene from C:/Users/100555259/Documents/TowerScape/UE4SwordGen/Content/Grip_Three.fbx
[2017.11.29-16.26.14:508][ 85]LogFbx: FBX Scene Loaded Succesfully
[2017.11.29-16.26.14:521][ 85]LogStaticMesh: Building static mesh Grip_Three...
[2017.11.29-16.26.14:525][ 85]LogStaticMesh: Built static mesh [0.01s] /Game/Grip_Three.Grip_Three
[2017.11.29-16.26.14:530][ 85]LogEditorFactories: -- imported successfully
[2017.11.29-16.26.14:559][ 86]LogEditorFactories: Performing atomic reimport of [C:/Users/100555259/Documents/TowerScape/UE4SwordGen/Content/Grip_Two.fbx]
[2017.11.29-16.26.14:567][ 86]LogFbx: Loading FBX Scene from C:/Users/100555259/Documents/TowerScape/UE4SwordGen/Content/Grip_Two.fbx
[2017.11.29-16.26.14:574][ 86]LogFbx: FBX Scene Loaded Succesfully
[2017.11.29-16.26.14:582][ 86]LogStaticMesh: Building static mesh Grip_Two...
[2017.11.29-16.26.14:585][ 86]LogStaticMesh: Built static mesh [0.00s] /Game/Grip_Two.Grip_Two
[2017.11.29-16.26.14:591][ 86]LogEditorFactories: -- imported successfully
[2017.11.29-16.26.14:608][ 87]LogEditorFactories: Performing atomic reimport of [C:/Users/100555259/Documents/TowerScape/UE4SwordGen/Content/Guard_Three.fbx]
[2017.11.29-16.26.14:618][ 87]LogFbx: Loading FBX Scene from C:/Users/100555259/Documents/TowerScape/UE4SwordGen/Content/Guard_Three.fbx
[2017.11.29-16.26.14:644][ 87]LogFbx: FBX Scene Loaded Succesfully
[2017.11.29-16.26.14:717][ 87]LogStaticMesh: Building static mesh Guard_Three...
[2017.11.29-16.26.14:731][ 87]LogStaticMesh: Built static mesh [0.01s] /Game/Guard_Three.Guard_Three
[2017.11.29-16.26.14:748][ 87]LogEditorFactories: -- imported successfully
[2017.11.29-16.26.14:892][ 88]LogSlate: Took 0.000212 seconds to synchronously load lazily loaded font '../../../Engine/Content/Slate/Fonts/Roboto-Light.ttf' (159K)
[2017.11.29-16.26.14:960][ 88]Cmd: OBJ SAVEPACKAGE PACKAGE="/Game/Blade_Four" FILE="../../../../../../Users/100555259/Documents/TowerScape/UE4SwordGen/Content/Blade_Four.uasset" SILENT=true
[2017.11.29-16.26.15:000][ 88]LogSavePackage: Save=21.08ms
[2017.11.29-16.26.15:001][ 88]LogSavePackage: Moving '../../../../../../Users/100555259/Documents/TowerScape/UE4SwordGen/Saved/Blade_FourF77E5AE24FACF4202C225CAE65F84812.tmp' to '../../../../../../Users/100555259/Documents/TowerScape/UE4SwordGen/Content/Blade_Four.uasset'
[2017.11.29-16.26.15:018][ 88]LogSavePackage: Display: Finished SavePackage ../../../../../../Users/100555259/Documents/TowerScape/UE4SwordGen/Content/Blade_Four.uasset
[2017.11.29-16.26.15:055][ 88]Cmd: OBJ SAVEPACKAGE PACKAGE="/Game/Blade_One" FILE="../../../../../../Users/100555259/Documents/TowerScape/UE4SwordGen/Content/Blade_One.uasset" SILENT=true
[2017.11.29-16.26.15:105][ 88]LogSavePackage: Save=32.17ms
[2017.11.29-16.26.15:105][ 88]LogSavePackage: Moving '../../../../../../Users/100555259/Documents/TowerScape/UE4SwordGen/Saved/Blade_One55E96200447F326BE330F29AD1C416FF.tmp' to '../../../../../../Users/100555259/Documents/TowerScape/UE4SwordGen/Content/Blade_One.uasset'
[2017.11.29-16.26.15:113][ 88]LogSavePackage: Display: Finished SavePackage ../../../../../../Users/100555259/Documents/TowerScape/UE4SwordGen/Content/Blade_One.uasset
[2017.11.29-16.26.15:149][ 88]Cmd: OBJ SAVEPACKAGE PACKAGE="/Game/Blade_Three" FILE="../../../../../../Users/100555259/Documents/TowerScape/UE4SwordGen/Content/Blade_Three.uasset" SILENT=true
[2017.11.29-16.26.15:198][ 88]LogSavePackage: Save=29.44ms
[2017.11.29-16.26.15:198][ 88]LogSavePackage: Moving '../../../../../../Users/100555259/Documents/TowerScape/UE4SwordGen/Saved/Blade_Three6C818CAD43DDB3D2300053A01F419878.tmp' to '../../../../../../Users/100555259/Documents/TowerScape/UE4SwordGen/Content/Blade_Three.uasset'
[2017.11.29-16.26.15:203][ 88]LogSavePackage: Display: Finished SavePackage ../../../../../../Users/100555259/Documents/TowerScape/UE4SwordGen/Content/Blade_Three.uasset
[2017.11.29-16.26.15:240][ 88]Cmd: OBJ SAVEPACKAGE PACKAGE="/Game/Blade_Two" FILE="../../../../../../Users/100555259/Documents/TowerScape/UE4SwordGen/Content/Blade_Two.uasset" SILENT=true
[2017.11.29-16.26.15:296][ 88]LogSavePackage: Save=37.09ms
[2017.11.29-16.26.15:296][ 88]LogSavePackage: Moving '../../../../../../Users/100555259/Documents/TowerScape/UE4SwordGen/Saved/Blade_TwoF9C32DA649B0B82174E7B0A58D1B7529.tmp' to '../../../../../../Users/100555259/Documents/TowerScape/UE4SwordGen/Content/Blade_Two.uasset'
[2017.11.29-16.26.15:302][ 88]LogSavePackage: Display: Finished SavePackage ../../../../../../Users/100555259/Documents/TowerScape/UE4SwordGen/Content/Blade_Two.uasset
[2017.11.29-16.26.15:330][ 88]Cmd: OBJ SAVEPACKAGE PACKAGE="/Game/Grip_Four" FILE="../../../../../../Users/100555259/Documents/TowerScape/UE4SwordGen/Content/Grip_Four.uasset" SILENT=true
[2017.11.29-16.26.15:380][ 88]LogSavePackage: Save=29.25ms
[2017.11.29-16.26.15:380][ 88]LogSavePackage: Moving '../../../../../../Users/100555259/Documents/TowerScape/UE4SwordGen/Saved/Grip_Four169DB96243CB113E20E5E2883481071F.tmp' to '../../../../../../Users/100555259/Documents/TowerScape/UE4SwordGen/Content/Grip_Four.uasset'
[2017.11.29-16.26.15:389][ 88]LogSavePackage: Display: Finished SavePackage ../../../../../../Users/100555259/Documents/TowerScape/UE4SwordGen/Content/Grip_Four.uasset
[2017.11.29-16.26.15:415][ 88]Cmd: OBJ SAVEPACKAGE PACKAGE="/Game/Grip_Three" FILE="../../../../../../Users/100555259/Documents/TowerScape/UE4SwordGen/Content/Grip_Three.uasset" SILENT=true
[2017.11.29-16.26.15:460][ 88]LogSavePackage: Save=28.23ms
[2017.11.29-16.26.15:460][ 88]LogSavePackage: Moving '../../../../../../Users/100555259/Documents/TowerScape/UE4SwordGen/Saved/Grip_ThreeF26CECCC40B2DB1150634EAE41103A22.tmp' to '../../../../../../Users/100555259/Documents/TowerScape/UE4SwordGen/Content/Grip_Three.uasset'
[2017.11.29-16.26.15:466][ 88]LogSavePackage: Display: Finished SavePackage ../../../../../../Users/100555259/Documents/TowerScape/UE4SwordGen/Content/Grip_Three.uasset
[2017.11.29-16.26.15:500][ 88]Cmd: OBJ SAVEPACKAGE PACKAGE="/Game/Grip_Two" FILE="../../../../../../Users/100555259/Documents/TowerScape/UE4SwordGen/Content/Grip_Two.uasset" SILENT=true
[2017.11.29-16.26.15:547][ 88]LogSavePackage: Save=29.37ms
[2017.11.29-16.26.15:547][ 88]LogSavePackage: Moving '../../../../../../Users/100555259/Documents/TowerScape/UE4SwordGen/Saved/Grip_TwoE438266D451ADF3C651A85A14EF89889.tmp' to '../../../../../../Users/100555259/Documents/TowerScape/UE4SwordGen/Content/Grip_Two.uasset'
[2017.11.29-16.26.15:553][ 88]LogSavePackage: Display: Finished SavePackage ../../../../../../Users/100555259/Documents/TowerScape/UE4SwordGen/Content/Grip_Two.uasset
[2017.11.29-16.26.15:578][ 88]Cmd: OBJ SAVEPACKAGE PACKAGE="/Game/Guard_Three" FILE="../../../../../../Users/100555259/Documents/TowerScape/UE4SwordGen/Content/Guard_Three.uasset" SILENT=true
[2017.11.29-16.26.15:622][ 88]LogSavePackage: Save=26.75ms
[2017.11.29-16.26.15:622][ 88]LogSavePackage: Moving '../../../../../../Users/100555259/Documents/TowerScape/UE4SwordGen/Saved/Guard_Three274E2FB3442D24F23C73ADAD62719F6E.tmp' to '../../../../../../Users/100555259/Documents/TowerScape/UE4SwordGen/Content/Guard_Three.uasset'
[2017.11.29-16.26.15:630][ 88]LogSavePackage: Display: Finished SavePackage ../../../../../../Users/100555259/Documents/TowerScape/UE4SwordGen/Content/Guard_Three.uasset
[2017.11.29-16.26.18:644][166]AssetReimport: Reimported asset Blade_Four from C:/Users/100555259/Documents/TowerScape/UE4SwordGen/Content/Blade_Four.fbx.
[2017.11.29-16.26.18:644][166]AssetReimport: Reimported asset Blade_One from C:/Users/100555259/Documents/TowerScape/UE4SwordGen/Content/Blade_One.fbx.
[2017.11.29-16.26.18:644][166]AssetReimport: Reimported asset Blade_Three from C:/Users/100555259/Documents/TowerScape/UE4SwordGen/Content/Blade_Three.fbx.
[2017.11.29-16.26.18:644][166]AssetReimport: Reimported asset Blade_Two from C:/Users/100555259/Documents/TowerScape/UE4SwordGen/Content/Blade_Two.fbx.
[2017.11.29-16.26.18:644][166]AssetReimport: Reimported asset Grip_Four from C:/Users/100555259/Documents/TowerScape/UE4SwordGen/Content/Grip_Four.fbx.
[2017.11.29-16.26.18:644][166]AssetReimport: Reimported asset Grip_Three from C:/Users/100555259/Documents/TowerScape/UE4SwordGen/Content/Grip_Three.fbx.
[2017.11.29-16.26.18:644][166]AssetReimport: Reimported asset Grip_Two from C:/Users/100555259/Documents/TowerScape/UE4SwordGen/Content/Grip_Two.fbx.
[2017.11.29-16.26.18:644][166]AssetReimport: Reimported asset Guard_Three from C:/Users/100555259/Documents/TowerScape/UE4SwordGen/Content/Guard_Three.fbx.
[2017.11.29-16.26.21:764][233]LogContentBrowser: Native class hierarchy updated for 'BlueprintGraph' in 0.0006 seconds. Added 116 classes and 0 folders.
[2017.11.29-16.26.22:585][233]LogSlate: Took 0.000121 seconds to synchronously load lazily loaded font '../../../Engine/Content/Slate/Fonts/Roboto-Regular.ttf' (155K)
[2017.11.29-16.26.22:759][233]LogSlate: Took 0.011855 seconds to synchronously load lazily loaded font '../../../Engine/Content/Editor/Slate/Fonts/Roboto-BoldCondensed.ttf' (158K)
[2017.11.29-16.26.23:150][234]LogSlate: Took 0.016772 seconds to synchronously load lazily loaded font '../../../Engine/Content/Editor/Slate/Fonts/Roboto-Italic.ttf' (157K)
[2017.11.29-16.30.03:497][476]LogSlate: Took 0.042699 seconds to synchronously load lazily loaded font '../../../Engine/Content/Editor/Slate/Fonts/Roboto-BoldCondensedItalic.ttf' (160K)
[2017.11.29-16.30.18:825][336]BlueprintLog: New page: Compile SwordGen
[2017.11.29-16.37.54:661][949]Cmd: OBJ SAVEPACKAGE PACKAGE="/Game/SwordGen" FILE="../../../../../../Users/100555259/Documents/TowerScape/UE4SwordGen/Content/SwordGen.uasset" SILENT=true
[2017.11.29-16.37.54:854][949]LogSavePackage: Save=171.43ms
[2017.11.29-16.37.54:854][949]LogSavePackage: Moving '../../../../../../Users/100555259/Documents/TowerScape/UE4SwordGen/Saved/SwordGen5FCA07B14674B535DAFCD684B01D06F4.tmp' to '../../../../../../Users/100555259/Documents/TowerScape/UE4SwordGen/Content/SwordGen.uasset'
[2017.11.29-16.37.54:866][949]LogSavePackage: Display: Finished SavePackage ../../../../../../Users/100555259/Documents/TowerScape/UE4SwordGen/Content/SwordGen.uasset
[2017.11.29-16.40.15:064][870]LogClass: Warning: Type mismatch in NewVar_0 of SKEL_SwordGen_C - Previous (StructProperty) Current(FloatProperty) for package:  FObjectReader
[2017.11.29-16.41.52:158][376]Cmd: OBJ SAVEPACKAGE PACKAGE="/Game/SwordGen" FILE="../../../../../../Users/100555259/Documents/TowerScape/UE4SwordGen/Content/SwordGen.uasset" SILENT=true
[2017.11.29-16.41.52:296][376]LogSavePackage: Save=124.65ms
[2017.11.29-16.41.52:296][376]LogSavePackage: Moving '../../../../../../Users/100555259/Documents/TowerScape/UE4SwordGen/Saved/SwordGenF2F2F5EE4F119D04961CF6AB59E80CBC.tmp' to '../../../../../../Users/100555259/Documents/TowerScape/UE4SwordGen/Content/SwordGen.uasset'
[2017.11.29-16.41.52:305][376]LogSavePackage: Display: Finished SavePackage ../../../../../../Users/100555259/Documents/TowerScape/UE4SwordGen/Content/SwordGen.uasset
[2017.11.29-16.41.53:074][417]BlueprintLog: New page: Compile SwordGen
[2017.11.29-16.42.07:754][186]Cmd: OBJ SAVEPACKAGE PACKAGE="/Game/SwordGen" FILE="../../../../../../Users/100555259/Documents/TowerScape/UE4SwordGen/Content/SwordGen.uasset" SILENT=true
[2017.11.29-16.42.07:890][186]LogSavePackage: Save=125.99ms
[2017.11.29-16.42.07:890][186]LogSavePackage: Moving '../../../../../../Users/100555259/Documents/TowerScape/UE4SwordGen/Saved/SwordGen735377B5467099169814EDAB3BEE9D72.tmp' to '../../../../../../Users/100555259/Documents/TowerScape/UE4SwordGen/Content/SwordGen.uasset'
[2017.11.29-16.42.07:898][186]LogSavePackage: Display: Finished SavePackage ../../../../../../Users/100555259/Documents/TowerScape/UE4SwordGen/Content/SwordGen.uasset
[2017.11.29-16.42.08:617][224]BlueprintLog: New page: Compile SwordGen
[2017.11.29-16.42.12:307][402]LogD3D11RHI: Error: Result failed 
 at D:\Build\++UE4+Release-4.18+Compile\Sync\Engine\Source\Runtime\Windows\D3D11RHI\Private\D3D11Viewport.cpp:289 
 with error DXGI_ERROR_DEVICE_REMOVED DXGI_ERROR_DRIVER_INTERNAL_ERROR
[2017.11.29-16.42.12:307][402]LogWindows: Windows GetLastError: The operation completed successfully. (0)
[2017.11.29-16.42.13:144][402]LogWindows: Windows GetLastError: The operation completed successfully. (0)
[2017.11.29-16.42.13:144][402]LogWindows: Error: === Critical error: ===
[2017.11.29-16.42.13:144][402]LogWindows: Error: 
[2017.11.29-16.42.13:144][402]LogWindows: Error: Fatal error: [File:D:\Build\++UE4+Release-4.18+Compile\Sync\Engine\Source\Runtime\RenderCore\Private\RenderingThread.cpp] [Line: 813] 
[2017.11.29-16.42.13:144][402]LogWindows: Error: Rendering thread exception:
[2017.11.29-16.42.13:144][402]LogWindows: Error: Fatal error: [File:D:\Build\++UE4+Release-4.18+Compile\Sync\Engine\Source\Runtime\Windows\D3D11RHI\Private\D3D11Util.cpp] [Line: 182] 
[2017.11.29-16.42.13:144][402]LogWindows: Error: Unreal Engine is exiting due to D3D device being lost. (Error: 0x887A0020 - 'INTERNAL_ERROR')
[2017.11.29-16.42.13:144][402]LogWindows: Error: 
[2017.11.29-16.42.13:144][402]LogWindows: Error: 
[2017.11.29-16.42.13:144][402]LogWindows: Error: [Callstack] 0x00000000889B9E08 KERNELBASE.dll!UnknownFunction []
[2017.11.29-16.42.13:144][402]LogWindows: Error: [Callstack] 0x00000000585276D4 UE4Editor-ApplicationCore.dll!UnknownFunction []
[2017.11.29-16.42.13:144][402]LogWindows: Error: [Callstack] 0x000000004CA1330B UE4Editor-Core.dll!UnknownFunction []
[2017.11.29-16.42.13:144][402]LogWindows: Error: [Callstack] 0x000000004C9A47F9 UE4Editor-Core.dll!UnknownFunction []
[2017.11.29-16.42.13:144][402]LogWindows: Error: [Callstack] 0x000000003D6179FF UE4Editor-D3D11RHI.dll!UnknownFunction []
[2017.11.29-16.42.13:144][402]LogWindows: Error: [Callstack] 0x000000003D61BBC0 UE4Editor-D3D11RHI.dll!UnknownFunction []
[2017.11.29-16.42.13:144][402]LogWindows: Error: [Callstack] 0x000000003D5FB3FA UE4Editor-D3D11RHI.dll!UnknownFunction []
[2017.11.29-16.42.13:144][402]LogWindows: Error: [Callstack] 0x000000003D5FB35E UE4Editor-D3D11RHI.dll!UnknownFunction []
[2017.11.29-16.42.13:144][402]LogWindows: Error: [Callstack] 0x000000003D6083E8 UE4Editor-D3D11RHI.dll!UnknownFunction []
[2017.11.29-16.42.13:144][402]LogWindows: Error: [Callstack] 0x000000005AE7C4A7 UE4Editor-RHI.dll!UnknownFunction []
[2017.11.29-16.42.13:144][402]LogWindows: Error: [Callstack] 0x000000003D510C70 UE4Editor-SlateRHIRenderer.dll!UnknownFunction []
[2017.11.29-16.42.13:144][402]LogWindows: Error: [Callstack] 0x000000003D51618E UE4Editor-SlateRHIRenderer.dll!UnknownFunction []
[2017.11.29-16.42.13:145][402]LogWindows: Error: [Callstack] 0x000000004C874845 UE4Editor-Core.dll!UnknownFunction []
[2017.11.29-16.42.13:145][402]LogWindows: Error: [Callstack] 0x000000004C874E2A UE4Editor-Core.dll!UnknownFunction []
[2017.11.29-16.42.13:145][402]LogWindows: Error: [Callstack] 0x000000006D8F22C4 UE4Editor-RenderCore.dll!UnknownFunction []
[2017.11.29-16.42.13:145][402]LogWindows: Error: [Callstack] 0x000000006D8F32F6 UE4Editor-RenderCore.dll!UnknownFunction []
[2017.11.29-16.42.13:145][402]LogWindows: Error: [Callstack] 0x000000004CC1092C UE4Editor-Core.dll!UnknownFunction []
[2017.11.29-16.42.13:145][402]LogWindows: Error: [Callstack] 0x000000004CC02563 UE4Editor-Core.dll!UnknownFunction []
[2017.11.29-16.42.13:145][402]LogWindows: Error: [Callstack] 0x000000008BA42774 KERNEL32.DLL!UnknownFunction []
[2017.11.29-16.42.13:145][402]LogWindows: Error: [Callstack] 0x000000008C3A0D51 ntdll.dll!UnknownFunction []
[2017.11.29-16.42.13:145][402]LogWindows: Error: [Callstack] 0x000000008C3A0D51 ntdll.dll!UnknownFunction []
[2017.11.29-16.42.13:145][402]LogWindows: Error: 
[2017.11.29-16.42.13:145][402]LogWindows: Error: 
[2017.11.29-16.42.13:145][402]LogWindows: Error: 
[2017.11.29-16.42.13:145][402]LogWindows: Error: 
[2017.11.29-16.42.13:169][402]LogExit: Executing StaticShutdownAfterError
[2017.11.29-16.42.13:173][402]LogWindows: FPlatformMisc::RequestExit(1)
[2017.11.29-16.42.13:174][402]Log file closed, 11/29/17 11:42:13
